[2023-04-10 12:45:07,543] {processor.py:163} INFO - Started process (PID=501) to work on /opt/airflow/dags/models.py
[2023-04-10 12:45:07,545] {processor.py:642} INFO - Processing file /opt/airflow/dags/models.py for tasks to queue
[2023-04-10 12:45:07,546] {logging_mixin.py:109} INFO - [2023-04-10 12:45:07,546] {dagbag.py:500} INFO - Filling up the DagBag from /opt/airflow/dags/models.py
[2023-04-10 12:45:07,586] {processor.py:652} INFO - DAG(s) dict_keys(['dbt_models']) retrieved from /opt/airflow/dags/models.py
[2023-04-10 12:45:08,711] {logging_mixin.py:109} INFO - [2023-04-10 12:45:08,711] {providers_manager.py:702} WARNING - The field in_cluster from class KubernetesHook does not start with 'extra__'. Ignoring it.
[2023-04-10 12:45:08,714] {logging_mixin.py:109} INFO - [2023-04-10 12:45:08,714] {providers_manager.py:702} WARNING - The field kube_config_path from class KubernetesHook does not start with 'extra__'. Ignoring it.
[2023-04-10 12:45:08,715] {logging_mixin.py:109} INFO - [2023-04-10 12:45:08,715] {providers_manager.py:702} WARNING - The field kube_config from class KubernetesHook does not start with 'extra__'. Ignoring it.
[2023-04-10 12:45:08,715] {logging_mixin.py:109} INFO - [2023-04-10 12:45:08,715] {providers_manager.py:702} WARNING - The field namespace from class KubernetesHook does not start with 'extra__'. Ignoring it.
[2023-04-10 12:45:08,716] {logging_mixin.py:109} INFO - [2023-04-10 12:45:08,716] {providers_manager.py:702} WARNING - The field cluster_context from class KubernetesHook does not start with 'extra__'. Ignoring it.
[2023-04-10 12:45:08,716] {logging_mixin.py:109} INFO - [2023-04-10 12:45:08,716] {providers_manager.py:702} WARNING - The field disable_verify_ssl from class KubernetesHook does not start with 'extra__'. Ignoring it.
[2023-04-10 12:45:08,717] {logging_mixin.py:109} INFO - [2023-04-10 12:45:08,717] {providers_manager.py:702} WARNING - The field disable_tcp_keepalive from class KubernetesHook does not start with 'extra__'. Ignoring it.
[2023-04-10 12:45:08,717] {logging_mixin.py:109} INFO - [2023-04-10 12:45:08,717] {providers_manager.py:702} WARNING - The field xcom_sidecar_container_image from class KubernetesHook does not start with 'extra__'. Ignoring it.
[2023-04-10 12:45:08,770] {logging_mixin.py:109} INFO - [2023-04-10 12:45:08,770] {providers_manager.py:702} WARNING - The field reauth from class DockerHook does not start with 'extra__'. Ignoring it.
[2023-04-10 12:45:08,770] {logging_mixin.py:109} INFO - [2023-04-10 12:45:08,770] {providers_manager.py:702} WARNING - The field email from class DockerHook does not start with 'extra__'. Ignoring it.
[2023-04-10 12:45:09,199] {logging_mixin.py:109} INFO - [2023-04-10 12:45:09,199] {providers_manager.py:702} WARNING - The field project from class GoogleBaseHook does not start with 'extra__'. Ignoring it.
[2023-04-10 12:45:09,200] {logging_mixin.py:109} INFO - [2023-04-10 12:45:09,200] {providers_manager.py:702} WARNING - The field key_path from class GoogleBaseHook does not start with 'extra__'. Ignoring it.
[2023-04-10 12:45:09,200] {logging_mixin.py:109} INFO - [2023-04-10 12:45:09,200] {providers_manager.py:702} WARNING - The field keyfile_dict from class GoogleBaseHook does not start with 'extra__'. Ignoring it.
[2023-04-10 12:45:09,201] {logging_mixin.py:109} INFO - [2023-04-10 12:45:09,201] {providers_manager.py:702} WARNING - The field scope from class GoogleBaseHook does not start with 'extra__'. Ignoring it.
[2023-04-10 12:45:09,201] {logging_mixin.py:109} INFO - [2023-04-10 12:45:09,201] {providers_manager.py:702} WARNING - The field key_secret_name from class GoogleBaseHook does not start with 'extra__'. Ignoring it.
[2023-04-10 12:45:09,202] {logging_mixin.py:109} INFO - [2023-04-10 12:45:09,202] {providers_manager.py:702} WARNING - The field key_secret_project_id from class GoogleBaseHook does not start with 'extra__'. Ignoring it.
[2023-04-10 12:45:09,202] {logging_mixin.py:109} INFO - [2023-04-10 12:45:09,202] {providers_manager.py:702} WARNING - The field num_retries from class GoogleBaseHook does not start with 'extra__'. Ignoring it.
[2023-04-10 12:45:09,965] {logging_mixin.py:109} INFO - [2023-04-10 12:45:09,965] {providers_manager.py:702} WARNING - The field auth_type from class GrpcHook does not start with 'extra__'. Ignoring it.
[2023-04-10 12:45:09,966] {logging_mixin.py:109} INFO - [2023-04-10 12:45:09,966] {providers_manager.py:702} WARNING - The field credential_pem_file from class GrpcHook does not start with 'extra__'. Ignoring it.
[2023-04-10 12:45:09,966] {logging_mixin.py:109} INFO - [2023-04-10 12:45:09,966] {providers_manager.py:702} WARNING - The field scopes from class GrpcHook does not start with 'extra__'. Ignoring it.
[2023-04-10 12:45:10,032] {logging_mixin.py:109} INFO - [2023-04-10 12:45:10,032] {providers_manager.py:702} WARNING - The field tenant from class AzureDataExplorerHook does not start with 'extra__'. Ignoring it.
[2023-04-10 12:45:10,033] {logging_mixin.py:109} INFO - [2023-04-10 12:45:10,032] {providers_manager.py:702} WARNING - The field auth_method from class AzureDataExplorerHook does not start with 'extra__'. Ignoring it.
[2023-04-10 12:45:10,033] {logging_mixin.py:109} INFO - [2023-04-10 12:45:10,033] {providers_manager.py:702} WARNING - The field certificate from class AzureDataExplorerHook does not start with 'extra__'. Ignoring it.
[2023-04-10 12:45:10,033] {logging_mixin.py:109} INFO - [2023-04-10 12:45:10,033] {providers_manager.py:702} WARNING - The field thumbprint from class AzureDataExplorerHook does not start with 'extra__'. Ignoring it.
[2023-04-10 12:45:10,051] {logging_mixin.py:109} INFO - [2023-04-10 12:45:10,051] {providers_manager.py:702} WARNING - The field account_url from class AzureBatchHook does not start with 'extra__'. Ignoring it.
[2023-04-10 12:45:10,064] {logging_mixin.py:109} INFO - [2023-04-10 12:45:10,064] {providers_manager.py:702} WARNING - The field database_name from class AzureCosmosDBHook does not start with 'extra__'. Ignoring it.
[2023-04-10 12:45:10,065] {logging_mixin.py:109} INFO - [2023-04-10 12:45:10,065] {providers_manager.py:702} WARNING - The field collection_name from class AzureCosmosDBHook does not start with 'extra__'. Ignoring it.
[2023-04-10 12:45:10,097] {logging_mixin.py:109} INFO - [2023-04-10 12:45:10,097] {providers_manager.py:702} WARNING - The field sas_token from class AzureFileShareHook does not start with 'extra__'. Ignoring it.
[2023-04-10 12:45:10,097] {logging_mixin.py:109} INFO - [2023-04-10 12:45:10,097] {providers_manager.py:702} WARNING - The field connection_string from class AzureFileShareHook does not start with 'extra__'. Ignoring it.
[2023-04-10 12:45:10,098] {logging_mixin.py:109} INFO - [2023-04-10 12:45:10,098] {providers_manager.py:702} WARNING - The field protocol from class AzureFileShareHook does not start with 'extra__'. Ignoring it.
[2023-04-10 12:45:10,113] {logging_mixin.py:109} INFO - [2023-04-10 12:45:10,113] {providers_manager.py:702} WARNING - The field connection_string from class AzureContainerVolumeHook does not start with 'extra__'. Ignoring it.
[2023-04-10 12:45:10,175] {logging_mixin.py:109} INFO - [2023-04-10 12:45:10,175] {providers_manager.py:702} WARNING - The field tenantId from class AzureDataFactoryHook does not start with 'extra__'. Ignoring it.
[2023-04-10 12:45:10,175] {logging_mixin.py:109} INFO - [2023-04-10 12:45:10,175] {providers_manager.py:702} WARNING - The field subscriptionId from class AzureDataFactoryHook does not start with 'extra__'. Ignoring it.
[2023-04-10 12:45:10,176] {logging_mixin.py:109} INFO - [2023-04-10 12:45:10,176] {providers_manager.py:702} WARNING - The field resource_group_name from class AzureDataFactoryHook does not start with 'extra__'. Ignoring it.
[2023-04-10 12:45:10,176] {logging_mixin.py:109} INFO - [2023-04-10 12:45:10,176] {providers_manager.py:702} WARNING - The field factory_name from class AzureDataFactoryHook does not start with 'extra__'. Ignoring it.
[2023-04-10 12:45:10,219] {logging_mixin.py:109} INFO - [2023-04-10 12:45:10,219] {providers_manager.py:702} WARNING - The field tenantId from class AzureSynapseHook does not start with 'extra__'. Ignoring it.
[2023-04-10 12:45:10,219] {logging_mixin.py:109} INFO - [2023-04-10 12:45:10,219] {providers_manager.py:702} WARNING - The field subscriptionId from class AzureSynapseHook does not start with 'extra__'. Ignoring it.
[2023-04-10 12:45:10,281] {logging_mixin.py:109} WARNING - /home/airflow/.local/lib/python3.7/site-packages/snowflake/connector/options.py:99 UserWarning: You have an incompatible version of 'pyarrow' installed (9.0.0), please install a version that adheres to: 'pyarrow<6.1.0,>=6.0.0; extra == "pandas"'
[2023-04-10 12:45:10,652] {logging_mixin.py:109} INFO - [2023-04-10 12:45:10,652] {providers_manager.py:702} WARNING - The field in_cluster from class KubernetesHook does not start with 'extra__'. Ignoring it.
[2023-04-10 12:45:10,652] {logging_mixin.py:109} INFO - [2023-04-10 12:45:10,652] {providers_manager.py:702} WARNING - The field kube_config_path from class KubernetesHook does not start with 'extra__'. Ignoring it.
[2023-04-10 12:45:10,653] {logging_mixin.py:109} INFO - [2023-04-10 12:45:10,653] {providers_manager.py:702} WARNING - The field kube_config from class KubernetesHook does not start with 'extra__'. Ignoring it.
[2023-04-10 12:45:10,653] {logging_mixin.py:109} INFO - [2023-04-10 12:45:10,653] {providers_manager.py:702} WARNING - The field namespace from class KubernetesHook does not start with 'extra__'. Ignoring it.
[2023-04-10 12:45:10,653] {logging_mixin.py:109} INFO - [2023-04-10 12:45:10,653] {providers_manager.py:702} WARNING - The field cluster_context from class KubernetesHook does not start with 'extra__'. Ignoring it.
[2023-04-10 12:45:10,654] {logging_mixin.py:109} INFO - [2023-04-10 12:45:10,654] {providers_manager.py:702} WARNING - The field disable_verify_ssl from class KubernetesHook does not start with 'extra__'. Ignoring it.
[2023-04-10 12:45:10,654] {logging_mixin.py:109} INFO - [2023-04-10 12:45:10,654] {providers_manager.py:702} WARNING - The field disable_tcp_keepalive from class KubernetesHook does not start with 'extra__'. Ignoring it.
[2023-04-10 12:45:10,654] {logging_mixin.py:109} INFO - [2023-04-10 12:45:10,654] {providers_manager.py:702} WARNING - The field xcom_sidecar_container_image from class KubernetesHook does not start with 'extra__'. Ignoring it.
[2023-04-10 12:45:10,655] {logging_mixin.py:109} INFO - [2023-04-10 12:45:10,655] {providers_manager.py:702} WARNING - The field reauth from class DockerHook does not start with 'extra__'. Ignoring it.
[2023-04-10 12:45:10,655] {logging_mixin.py:109} INFO - [2023-04-10 12:45:10,655] {providers_manager.py:702} WARNING - The field email from class DockerHook does not start with 'extra__'. Ignoring it.
[2023-04-10 12:45:10,656] {logging_mixin.py:109} INFO - [2023-04-10 12:45:10,656] {providers_manager.py:702} WARNING - The field project from class GoogleBaseHook does not start with 'extra__'. Ignoring it.
[2023-04-10 12:45:10,656] {logging_mixin.py:109} INFO - [2023-04-10 12:45:10,656] {providers_manager.py:702} WARNING - The field key_path from class GoogleBaseHook does not start with 'extra__'. Ignoring it.
[2023-04-10 12:45:10,657] {logging_mixin.py:109} INFO - [2023-04-10 12:45:10,656] {providers_manager.py:702} WARNING - The field keyfile_dict from class GoogleBaseHook does not start with 'extra__'. Ignoring it.
[2023-04-10 12:45:10,657] {logging_mixin.py:109} INFO - [2023-04-10 12:45:10,657] {providers_manager.py:702} WARNING - The field scope from class GoogleBaseHook does not start with 'extra__'. Ignoring it.
[2023-04-10 12:45:10,657] {logging_mixin.py:109} INFO - [2023-04-10 12:45:10,657] {providers_manager.py:702} WARNING - The field key_secret_name from class GoogleBaseHook does not start with 'extra__'. Ignoring it.
[2023-04-10 12:45:10,657] {logging_mixin.py:109} INFO - [2023-04-10 12:45:10,657] {providers_manager.py:702} WARNING - The field key_secret_project_id from class GoogleBaseHook does not start with 'extra__'. Ignoring it.
[2023-04-10 12:45:10,658] {logging_mixin.py:109} INFO - [2023-04-10 12:45:10,658] {providers_manager.py:702} WARNING - The field num_retries from class GoogleBaseHook does not start with 'extra__'. Ignoring it.
[2023-04-10 12:45:10,660] {logging_mixin.py:109} INFO - [2023-04-10 12:45:10,660] {providers_manager.py:702} WARNING - The field auth_type from class GrpcHook does not start with 'extra__'. Ignoring it.
[2023-04-10 12:45:10,660] {logging_mixin.py:109} INFO - [2023-04-10 12:45:10,660] {providers_manager.py:702} WARNING - The field credential_pem_file from class GrpcHook does not start with 'extra__'. Ignoring it.
[2023-04-10 12:45:10,660] {logging_mixin.py:109} INFO - [2023-04-10 12:45:10,660] {providers_manager.py:702} WARNING - The field scopes from class GrpcHook does not start with 'extra__'. Ignoring it.
[2023-04-10 12:45:10,661] {logging_mixin.py:109} INFO - [2023-04-10 12:45:10,661] {providers_manager.py:702} WARNING - The field tenant from class AzureDataExplorerHook does not start with 'extra__'. Ignoring it.
[2023-04-10 12:45:10,662] {logging_mixin.py:109} INFO - [2023-04-10 12:45:10,661] {providers_manager.py:702} WARNING - The field auth_method from class AzureDataExplorerHook does not start with 'extra__'. Ignoring it.
[2023-04-10 12:45:10,662] {logging_mixin.py:109} INFO - [2023-04-10 12:45:10,662] {providers_manager.py:702} WARNING - The field certificate from class AzureDataExplorerHook does not start with 'extra__'. Ignoring it.
[2023-04-10 12:45:10,662] {logging_mixin.py:109} INFO - [2023-04-10 12:45:10,662] {providers_manager.py:702} WARNING - The field thumbprint from class AzureDataExplorerHook does not start with 'extra__'. Ignoring it.
[2023-04-10 12:45:10,663] {logging_mixin.py:109} INFO - [2023-04-10 12:45:10,663] {providers_manager.py:702} WARNING - The field account_url from class AzureBatchHook does not start with 'extra__'. Ignoring it.
[2023-04-10 12:45:10,663] {logging_mixin.py:109} INFO - [2023-04-10 12:45:10,663] {providers_manager.py:702} WARNING - The field database_name from class AzureCosmosDBHook does not start with 'extra__'. Ignoring it.
[2023-04-10 12:45:10,664] {logging_mixin.py:109} INFO - [2023-04-10 12:45:10,664] {providers_manager.py:702} WARNING - The field collection_name from class AzureCosmosDBHook does not start with 'extra__'. Ignoring it.
[2023-04-10 12:45:10,666] {logging_mixin.py:109} INFO - [2023-04-10 12:45:10,666] {providers_manager.py:702} WARNING - The field sas_token from class AzureFileShareHook does not start with 'extra__'. Ignoring it.
[2023-04-10 12:45:10,667] {logging_mixin.py:109} INFO - [2023-04-10 12:45:10,667] {providers_manager.py:702} WARNING - The field connection_string from class AzureFileShareHook does not start with 'extra__'. Ignoring it.
[2023-04-10 12:45:10,667] {logging_mixin.py:109} INFO - [2023-04-10 12:45:10,667] {providers_manager.py:702} WARNING - The field protocol from class AzureFileShareHook does not start with 'extra__'. Ignoring it.
[2023-04-10 12:45:10,668] {logging_mixin.py:109} INFO - [2023-04-10 12:45:10,668] {providers_manager.py:702} WARNING - The field connection_string from class AzureContainerVolumeHook does not start with 'extra__'. Ignoring it.
[2023-04-10 12:45:10,670] {logging_mixin.py:109} INFO - [2023-04-10 12:45:10,669] {providers_manager.py:702} WARNING - The field tenantId from class AzureDataFactoryHook does not start with 'extra__'. Ignoring it.
[2023-04-10 12:45:10,670] {logging_mixin.py:109} INFO - [2023-04-10 12:45:10,670] {providers_manager.py:702} WARNING - The field subscriptionId from class AzureDataFactoryHook does not start with 'extra__'. Ignoring it.
[2023-04-10 12:45:10,670] {logging_mixin.py:109} INFO - [2023-04-10 12:45:10,670] {providers_manager.py:702} WARNING - The field resource_group_name from class AzureDataFactoryHook does not start with 'extra__'. Ignoring it.
[2023-04-10 12:45:10,671] {logging_mixin.py:109} INFO - [2023-04-10 12:45:10,671] {providers_manager.py:702} WARNING - The field factory_name from class AzureDataFactoryHook does not start with 'extra__'. Ignoring it.
[2023-04-10 12:45:10,672] {logging_mixin.py:109} INFO - [2023-04-10 12:45:10,672] {providers_manager.py:702} WARNING - The field tenantId from class AzureSynapseHook does not start with 'extra__'. Ignoring it.
[2023-04-10 12:45:10,672] {logging_mixin.py:109} INFO - [2023-04-10 12:45:10,672] {providers_manager.py:702} WARNING - The field subscriptionId from class AzureSynapseHook does not start with 'extra__'. Ignoring it.
[2023-04-10 12:45:10,702] {logging_mixin.py:109} INFO - [2023-04-10 12:45:10,702] {manager.py:496} INFO - Created Permission View: can edit on DAG:dbt_models
[2023-04-10 12:45:10,714] {logging_mixin.py:109} INFO - [2023-04-10 12:45:10,714] {manager.py:496} INFO - Created Permission View: can read on DAG:dbt_models
[2023-04-10 12:45:10,715] {logging_mixin.py:109} INFO - [2023-04-10 12:45:10,715] {dag.py:2398} INFO - Sync 1 DAGs
[2023-04-10 12:45:10,722] {logging_mixin.py:109} INFO - [2023-04-10 12:45:10,722] {dag.py:2417} INFO - Creating ORM DAG for dbt_models
[2023-04-10 12:45:10,730] {logging_mixin.py:109} INFO - [2023-04-10 12:45:10,730] {dag.py:2937} INFO - Setting next_dagrun for dbt_models to 2020-08-01T00:00:00+00:00
[2023-04-10 12:45:10,745] {processor.py:171} INFO - Processing /opt/airflow/dags/models.py took 3.204 seconds
[2023-04-10 12:45:40,812] {processor.py:163} INFO - Started process (PID=588) to work on /opt/airflow/dags/models.py
[2023-04-10 12:45:40,814] {processor.py:642} INFO - Processing file /opt/airflow/dags/models.py for tasks to queue
[2023-04-10 12:45:40,815] {logging_mixin.py:109} INFO - [2023-04-10 12:45:40,815] {dagbag.py:500} INFO - Filling up the DagBag from /opt/airflow/dags/models.py
[2023-04-10 12:45:40,842] {processor.py:652} INFO - DAG(s) dict_keys(['dbt_models']) retrieved from /opt/airflow/dags/models.py
[2023-04-10 12:45:40,866] {logging_mixin.py:109} INFO - [2023-04-10 12:45:40,866] {dag.py:2398} INFO - Sync 1 DAGs
[2023-04-10 12:45:40,883] {logging_mixin.py:109} INFO - [2023-04-10 12:45:40,882] {dag.py:2937} INFO - Setting next_dagrun for dbt_models to 2020-08-01T00:00:00+00:00
[2023-04-10 12:45:40,895] {processor.py:171} INFO - Processing /opt/airflow/dags/models.py took 0.086 seconds
[2023-04-10 12:46:11,011] {processor.py:163} INFO - Started process (PID=640) to work on /opt/airflow/dags/models.py
[2023-04-10 12:46:11,012] {processor.py:642} INFO - Processing file /opt/airflow/dags/models.py for tasks to queue
[2023-04-10 12:46:11,013] {logging_mixin.py:109} INFO - [2023-04-10 12:46:11,013] {dagbag.py:500} INFO - Filling up the DagBag from /opt/airflow/dags/models.py
[2023-04-10 12:46:11,044] {processor.py:652} INFO - DAG(s) dict_keys(['dbt_models']) retrieved from /opt/airflow/dags/models.py
[2023-04-10 12:46:11,064] {logging_mixin.py:109} INFO - [2023-04-10 12:46:11,064] {dag.py:2398} INFO - Sync 1 DAGs
[2023-04-10 12:46:11,079] {logging_mixin.py:109} INFO - [2023-04-10 12:46:11,079] {dag.py:2937} INFO - Setting next_dagrun for dbt_models to 2020-08-01T00:00:00+00:00
[2023-04-10 12:46:11,089] {processor.py:171} INFO - Processing /opt/airflow/dags/models.py took 0.081 seconds
[2023-04-10 12:46:41,576] {processor.py:163} INFO - Started process (PID=703) to work on /opt/airflow/dags/models.py
[2023-04-10 12:46:41,578] {processor.py:642} INFO - Processing file /opt/airflow/dags/models.py for tasks to queue
[2023-04-10 12:46:41,579] {logging_mixin.py:109} INFO - [2023-04-10 12:46:41,578] {dagbag.py:500} INFO - Filling up the DagBag from /opt/airflow/dags/models.py
[2023-04-10 12:46:41,607] {processor.py:652} INFO - DAG(s) dict_keys(['dbt_models']) retrieved from /opt/airflow/dags/models.py
[2023-04-10 12:46:41,625] {logging_mixin.py:109} INFO - [2023-04-10 12:46:41,625] {dag.py:2398} INFO - Sync 1 DAGs
[2023-04-10 12:46:41,639] {logging_mixin.py:109} INFO - [2023-04-10 12:46:41,639] {dag.py:2937} INFO - Setting next_dagrun for dbt_models to 2020-08-01T00:00:00+00:00
[2023-04-10 12:46:41,652] {processor.py:171} INFO - Processing /opt/airflow/dags/models.py took 0.079 seconds
[2023-04-10 12:47:11,898] {processor.py:163} INFO - Started process (PID=756) to work on /opt/airflow/dags/models.py
[2023-04-10 12:47:11,899] {processor.py:642} INFO - Processing file /opt/airflow/dags/models.py for tasks to queue
[2023-04-10 12:47:11,900] {logging_mixin.py:109} INFO - [2023-04-10 12:47:11,900] {dagbag.py:500} INFO - Filling up the DagBag from /opt/airflow/dags/models.py
[2023-04-10 12:47:11,939] {processor.py:652} INFO - DAG(s) dict_keys(['dbt_models']) retrieved from /opt/airflow/dags/models.py
[2023-04-10 12:47:11,959] {logging_mixin.py:109} INFO - [2023-04-10 12:47:11,959] {dag.py:2398} INFO - Sync 1 DAGs
[2023-04-10 12:47:11,977] {logging_mixin.py:109} INFO - [2023-04-10 12:47:11,977] {dag.py:2937} INFO - Setting next_dagrun for dbt_models to 2020-08-01T00:00:00+00:00
[2023-04-10 12:47:11,992] {processor.py:171} INFO - Processing /opt/airflow/dags/models.py took 0.097 seconds
[2023-04-10 12:47:42,486] {processor.py:163} INFO - Started process (PID=817) to work on /opt/airflow/dags/models.py
[2023-04-10 12:47:42,487] {processor.py:642} INFO - Processing file /opt/airflow/dags/models.py for tasks to queue
[2023-04-10 12:47:42,488] {logging_mixin.py:109} INFO - [2023-04-10 12:47:42,488] {dagbag.py:500} INFO - Filling up the DagBag from /opt/airflow/dags/models.py
[2023-04-10 12:47:42,529] {processor.py:652} INFO - DAG(s) dict_keys(['dbt_models']) retrieved from /opt/airflow/dags/models.py
[2023-04-10 12:47:42,567] {logging_mixin.py:109} INFO - [2023-04-10 12:47:42,567] {dag.py:2398} INFO - Sync 1 DAGs
[2023-04-10 12:47:42,606] {logging_mixin.py:109} INFO - [2023-04-10 12:47:42,605] {dag.py:2937} INFO - Setting next_dagrun for dbt_models to 2020-08-01T00:00:00+00:00
[2023-04-10 12:47:42,623] {processor.py:171} INFO - Processing /opt/airflow/dags/models.py took 0.143 seconds
[2023-04-10 12:48:12,861] {processor.py:163} INFO - Started process (PID=870) to work on /opt/airflow/dags/models.py
[2023-04-10 12:48:12,863] {processor.py:642} INFO - Processing file /opt/airflow/dags/models.py for tasks to queue
[2023-04-10 12:48:12,864] {logging_mixin.py:109} INFO - [2023-04-10 12:48:12,864] {dagbag.py:500} INFO - Filling up the DagBag from /opt/airflow/dags/models.py
[2023-04-10 12:48:12,892] {processor.py:652} INFO - DAG(s) dict_keys(['dbt_models']) retrieved from /opt/airflow/dags/models.py
[2023-04-10 12:48:12,910] {logging_mixin.py:109} INFO - [2023-04-10 12:48:12,910] {dag.py:2398} INFO - Sync 1 DAGs
[2023-04-10 12:48:12,927] {logging_mixin.py:109} INFO - [2023-04-10 12:48:12,927] {dag.py:2937} INFO - Setting next_dagrun for dbt_models to 2020-08-01T00:00:00+00:00
[2023-04-10 12:48:12,939] {processor.py:171} INFO - Processing /opt/airflow/dags/models.py took 0.080 seconds
[2023-04-10 12:48:42,971] {processor.py:163} INFO - Started process (PID=922) to work on /opt/airflow/dags/models.py
[2023-04-10 12:48:42,973] {processor.py:642} INFO - Processing file /opt/airflow/dags/models.py for tasks to queue
[2023-04-10 12:48:42,974] {logging_mixin.py:109} INFO - [2023-04-10 12:48:42,973] {dagbag.py:500} INFO - Filling up the DagBag from /opt/airflow/dags/models.py
[2023-04-10 12:48:43,011] {processor.py:652} INFO - DAG(s) dict_keys(['dbt_models']) retrieved from /opt/airflow/dags/models.py
[2023-04-10 12:48:43,031] {logging_mixin.py:109} INFO - [2023-04-10 12:48:43,031] {dag.py:2398} INFO - Sync 1 DAGs
[2023-04-10 12:48:43,046] {logging_mixin.py:109} INFO - [2023-04-10 12:48:43,045] {dag.py:2937} INFO - Setting next_dagrun for dbt_models to 2020-08-01T00:00:00+00:00
[2023-04-10 12:48:43,056] {processor.py:171} INFO - Processing /opt/airflow/dags/models.py took 0.089 seconds
[2023-04-10 12:49:13,494] {processor.py:163} INFO - Started process (PID=983) to work on /opt/airflow/dags/models.py
[2023-04-10 12:49:13,496] {processor.py:642} INFO - Processing file /opt/airflow/dags/models.py for tasks to queue
[2023-04-10 12:49:13,497] {logging_mixin.py:109} INFO - [2023-04-10 12:49:13,497] {dagbag.py:500} INFO - Filling up the DagBag from /opt/airflow/dags/models.py
[2023-04-10 12:49:13,527] {processor.py:652} INFO - DAG(s) dict_keys(['dbt_models']) retrieved from /opt/airflow/dags/models.py
[2023-04-10 12:49:13,549] {logging_mixin.py:109} INFO - [2023-04-10 12:49:13,549] {dag.py:2398} INFO - Sync 1 DAGs
[2023-04-10 12:49:13,567] {logging_mixin.py:109} INFO - [2023-04-10 12:49:13,567] {dag.py:2937} INFO - Setting next_dagrun for dbt_models to 2020-08-01T00:00:00+00:00
[2023-04-10 12:49:13,581] {processor.py:171} INFO - Processing /opt/airflow/dags/models.py took 0.091 seconds
[2023-04-10 12:49:43,765] {processor.py:163} INFO - Started process (PID=1035) to work on /opt/airflow/dags/models.py
[2023-04-10 12:49:43,766] {processor.py:642} INFO - Processing file /opt/airflow/dags/models.py for tasks to queue
[2023-04-10 12:49:43,766] {logging_mixin.py:109} INFO - [2023-04-10 12:49:43,766] {dagbag.py:500} INFO - Filling up the DagBag from /opt/airflow/dags/models.py
[2023-04-10 12:49:43,792] {processor.py:652} INFO - DAG(s) dict_keys(['dbt_models']) retrieved from /opt/airflow/dags/models.py
[2023-04-10 12:49:43,813] {logging_mixin.py:109} INFO - [2023-04-10 12:49:43,813] {dag.py:2398} INFO - Sync 1 DAGs
[2023-04-10 12:49:43,833] {logging_mixin.py:109} INFO - [2023-04-10 12:49:43,833] {dag.py:2937} INFO - Setting next_dagrun for dbt_models to 2020-08-01T00:00:00+00:00
[2023-04-10 12:49:43,847] {processor.py:171} INFO - Processing /opt/airflow/dags/models.py took 0.085 seconds
[2023-04-10 12:50:14,049] {processor.py:163} INFO - Started process (PID=1096) to work on /opt/airflow/dags/models.py
[2023-04-10 12:50:14,051] {processor.py:642} INFO - Processing file /opt/airflow/dags/models.py for tasks to queue
[2023-04-10 12:50:14,052] {logging_mixin.py:109} INFO - [2023-04-10 12:50:14,052] {dagbag.py:500} INFO - Filling up the DagBag from /opt/airflow/dags/models.py
[2023-04-10 12:50:14,088] {processor.py:652} INFO - DAG(s) dict_keys(['dbt_models']) retrieved from /opt/airflow/dags/models.py
[2023-04-10 12:50:14,111] {logging_mixin.py:109} INFO - [2023-04-10 12:50:14,111] {dag.py:2398} INFO - Sync 1 DAGs
[2023-04-10 12:50:14,207] {logging_mixin.py:109} INFO - [2023-04-10 12:50:14,207] {dag.py:2937} INFO - Setting next_dagrun for dbt_models to 2020-08-01T00:00:00+00:00
[2023-04-10 12:50:14,218] {processor.py:171} INFO - Processing /opt/airflow/dags/models.py took 0.173 seconds
[2023-04-10 12:50:44,998] {processor.py:163} INFO - Started process (PID=1148) to work on /opt/airflow/dags/models.py
[2023-04-10 12:50:45,000] {processor.py:642} INFO - Processing file /opt/airflow/dags/models.py for tasks to queue
[2023-04-10 12:50:45,002] {logging_mixin.py:109} INFO - [2023-04-10 12:50:45,001] {dagbag.py:500} INFO - Filling up the DagBag from /opt/airflow/dags/models.py
[2023-04-10 12:50:45,038] {processor.py:652} INFO - DAG(s) dict_keys(['dbt_models']) retrieved from /opt/airflow/dags/models.py
[2023-04-10 12:50:45,104] {logging_mixin.py:109} INFO - [2023-04-10 12:50:45,104] {dag.py:2398} INFO - Sync 1 DAGs
[2023-04-10 12:50:45,227] {logging_mixin.py:109} INFO - [2023-04-10 12:50:45,227] {dag.py:2937} INFO - Setting next_dagrun for dbt_models to 2020-08-01T00:00:00+00:00
[2023-04-10 12:50:45,236] {processor.py:171} INFO - Processing /opt/airflow/dags/models.py took 0.243 seconds
[2023-04-10 12:51:15,634] {processor.py:163} INFO - Started process (PID=1209) to work on /opt/airflow/dags/models.py
[2023-04-10 12:51:15,635] {processor.py:642} INFO - Processing file /opt/airflow/dags/models.py for tasks to queue
[2023-04-10 12:51:15,635] {logging_mixin.py:109} INFO - [2023-04-10 12:51:15,635] {dagbag.py:500} INFO - Filling up the DagBag from /opt/airflow/dags/models.py
[2023-04-10 12:51:15,672] {processor.py:652} INFO - DAG(s) dict_keys(['dbt_models']) retrieved from /opt/airflow/dags/models.py
[2023-04-10 12:51:15,697] {logging_mixin.py:109} INFO - [2023-04-10 12:51:15,697] {dag.py:2398} INFO - Sync 1 DAGs
[2023-04-10 12:51:15,804] {logging_mixin.py:109} INFO - [2023-04-10 12:51:15,804] {dag.py:2937} INFO - Setting next_dagrun for dbt_models to 2020-08-01T00:00:00+00:00
[2023-04-10 12:51:15,817] {processor.py:171} INFO - Processing /opt/airflow/dags/models.py took 0.186 seconds
