[2023-04-10 12:45:07,686] {processor.py:163} INFO - Started process (PID=502) to work on /opt/airflow/dags/seed_data.py
[2023-04-10 12:45:07,687] {processor.py:642} INFO - Processing file /opt/airflow/dags/seed_data.py for tasks to queue
[2023-04-10 12:45:07,688] {logging_mixin.py:109} INFO - [2023-04-10 12:45:07,688] {dagbag.py:500} INFO - Filling up the DagBag from /opt/airflow/dags/seed_data.py
[2023-04-10 12:45:07,727] {processor.py:652} INFO - DAG(s) dict_keys(['dbt_seed_data']) retrieved from /opt/airflow/dags/seed_data.py
[2023-04-10 12:45:08,791] {logging_mixin.py:109} INFO - [2023-04-10 12:45:08,791] {providers_manager.py:702} WARNING - The field in_cluster from class KubernetesHook does not start with 'extra__'. Ignoring it.
[2023-04-10 12:45:08,793] {logging_mixin.py:109} INFO - [2023-04-10 12:45:08,793] {providers_manager.py:702} WARNING - The field kube_config_path from class KubernetesHook does not start with 'extra__'. Ignoring it.
[2023-04-10 12:45:08,793] {logging_mixin.py:109} INFO - [2023-04-10 12:45:08,793] {providers_manager.py:702} WARNING - The field kube_config from class KubernetesHook does not start with 'extra__'. Ignoring it.
[2023-04-10 12:45:08,793] {logging_mixin.py:109} INFO - [2023-04-10 12:45:08,793] {providers_manager.py:702} WARNING - The field namespace from class KubernetesHook does not start with 'extra__'. Ignoring it.
[2023-04-10 12:45:08,794] {logging_mixin.py:109} INFO - [2023-04-10 12:45:08,794] {providers_manager.py:702} WARNING - The field cluster_context from class KubernetesHook does not start with 'extra__'. Ignoring it.
[2023-04-10 12:45:08,794] {logging_mixin.py:109} INFO - [2023-04-10 12:45:08,794] {providers_manager.py:702} WARNING - The field disable_verify_ssl from class KubernetesHook does not start with 'extra__'. Ignoring it.
[2023-04-10 12:45:08,795] {logging_mixin.py:109} INFO - [2023-04-10 12:45:08,795] {providers_manager.py:702} WARNING - The field disable_tcp_keepalive from class KubernetesHook does not start with 'extra__'. Ignoring it.
[2023-04-10 12:45:08,795] {logging_mixin.py:109} INFO - [2023-04-10 12:45:08,795] {providers_manager.py:702} WARNING - The field xcom_sidecar_container_image from class KubernetesHook does not start with 'extra__'. Ignoring it.
[2023-04-10 12:45:08,847] {logging_mixin.py:109} INFO - [2023-04-10 12:45:08,846] {providers_manager.py:702} WARNING - The field reauth from class DockerHook does not start with 'extra__'. Ignoring it.
[2023-04-10 12:45:08,847] {logging_mixin.py:109} INFO - [2023-04-10 12:45:08,847] {providers_manager.py:702} WARNING - The field email from class DockerHook does not start with 'extra__'. Ignoring it.
[2023-04-10 12:45:09,278] {logging_mixin.py:109} INFO - [2023-04-10 12:45:09,278] {providers_manager.py:702} WARNING - The field project from class GoogleBaseHook does not start with 'extra__'. Ignoring it.
[2023-04-10 12:45:09,279] {logging_mixin.py:109} INFO - [2023-04-10 12:45:09,279] {providers_manager.py:702} WARNING - The field key_path from class GoogleBaseHook does not start with 'extra__'. Ignoring it.
[2023-04-10 12:45:09,279] {logging_mixin.py:109} INFO - [2023-04-10 12:45:09,279] {providers_manager.py:702} WARNING - The field keyfile_dict from class GoogleBaseHook does not start with 'extra__'. Ignoring it.
[2023-04-10 12:45:09,279] {logging_mixin.py:109} INFO - [2023-04-10 12:45:09,279] {providers_manager.py:702} WARNING - The field scope from class GoogleBaseHook does not start with 'extra__'. Ignoring it.
[2023-04-10 12:45:09,280] {logging_mixin.py:109} INFO - [2023-04-10 12:45:09,280] {providers_manager.py:702} WARNING - The field key_secret_name from class GoogleBaseHook does not start with 'extra__'. Ignoring it.
[2023-04-10 12:45:09,280] {logging_mixin.py:109} INFO - [2023-04-10 12:45:09,280] {providers_manager.py:702} WARNING - The field key_secret_project_id from class GoogleBaseHook does not start with 'extra__'. Ignoring it.
[2023-04-10 12:45:09,281] {logging_mixin.py:109} INFO - [2023-04-10 12:45:09,280] {providers_manager.py:702} WARNING - The field num_retries from class GoogleBaseHook does not start with 'extra__'. Ignoring it.
[2023-04-10 12:45:10,019] {logging_mixin.py:109} INFO - [2023-04-10 12:45:10,018] {providers_manager.py:702} WARNING - The field auth_type from class GrpcHook does not start with 'extra__'. Ignoring it.
[2023-04-10 12:45:10,019] {logging_mixin.py:109} INFO - [2023-04-10 12:45:10,019] {providers_manager.py:702} WARNING - The field credential_pem_file from class GrpcHook does not start with 'extra__'. Ignoring it.
[2023-04-10 12:45:10,019] {logging_mixin.py:109} INFO - [2023-04-10 12:45:10,019] {providers_manager.py:702} WARNING - The field scopes from class GrpcHook does not start with 'extra__'. Ignoring it.
[2023-04-10 12:45:10,085] {logging_mixin.py:109} INFO - [2023-04-10 12:45:10,084] {providers_manager.py:702} WARNING - The field tenant from class AzureDataExplorerHook does not start with 'extra__'. Ignoring it.
[2023-04-10 12:45:10,085] {logging_mixin.py:109} INFO - [2023-04-10 12:45:10,085] {providers_manager.py:702} WARNING - The field auth_method from class AzureDataExplorerHook does not start with 'extra__'. Ignoring it.
[2023-04-10 12:45:10,085] {logging_mixin.py:109} INFO - [2023-04-10 12:45:10,085] {providers_manager.py:702} WARNING - The field certificate from class AzureDataExplorerHook does not start with 'extra__'. Ignoring it.
[2023-04-10 12:45:10,086] {logging_mixin.py:109} INFO - [2023-04-10 12:45:10,086] {providers_manager.py:702} WARNING - The field thumbprint from class AzureDataExplorerHook does not start with 'extra__'. Ignoring it.
[2023-04-10 12:45:10,103] {logging_mixin.py:109} INFO - [2023-04-10 12:45:10,103] {providers_manager.py:702} WARNING - The field account_url from class AzureBatchHook does not start with 'extra__'. Ignoring it.
[2023-04-10 12:45:10,116] {logging_mixin.py:109} INFO - [2023-04-10 12:45:10,116] {providers_manager.py:702} WARNING - The field database_name from class AzureCosmosDBHook does not start with 'extra__'. Ignoring it.
[2023-04-10 12:45:10,116] {logging_mixin.py:109} INFO - [2023-04-10 12:45:10,116] {providers_manager.py:702} WARNING - The field collection_name from class AzureCosmosDBHook does not start with 'extra__'. Ignoring it.
[2023-04-10 12:45:10,149] {logging_mixin.py:109} INFO - [2023-04-10 12:45:10,149] {providers_manager.py:702} WARNING - The field sas_token from class AzureFileShareHook does not start with 'extra__'. Ignoring it.
[2023-04-10 12:45:10,150] {logging_mixin.py:109} INFO - [2023-04-10 12:45:10,150] {providers_manager.py:702} WARNING - The field connection_string from class AzureFileShareHook does not start with 'extra__'. Ignoring it.
[2023-04-10 12:45:10,150] {logging_mixin.py:109} INFO - [2023-04-10 12:45:10,150] {providers_manager.py:702} WARNING - The field protocol from class AzureFileShareHook does not start with 'extra__'. Ignoring it.
[2023-04-10 12:45:10,164] {logging_mixin.py:109} INFO - [2023-04-10 12:45:10,164] {providers_manager.py:702} WARNING - The field connection_string from class AzureContainerVolumeHook does not start with 'extra__'. Ignoring it.
[2023-04-10 12:45:10,229] {logging_mixin.py:109} INFO - [2023-04-10 12:45:10,229] {providers_manager.py:702} WARNING - The field tenantId from class AzureDataFactoryHook does not start with 'extra__'. Ignoring it.
[2023-04-10 12:45:10,229] {logging_mixin.py:109} INFO - [2023-04-10 12:45:10,229] {providers_manager.py:702} WARNING - The field subscriptionId from class AzureDataFactoryHook does not start with 'extra__'. Ignoring it.
[2023-04-10 12:45:10,230] {logging_mixin.py:109} INFO - [2023-04-10 12:45:10,230] {providers_manager.py:702} WARNING - The field resource_group_name from class AzureDataFactoryHook does not start with 'extra__'. Ignoring it.
[2023-04-10 12:45:10,230] {logging_mixin.py:109} INFO - [2023-04-10 12:45:10,230] {providers_manager.py:702} WARNING - The field factory_name from class AzureDataFactoryHook does not start with 'extra__'. Ignoring it.
[2023-04-10 12:45:10,267] {logging_mixin.py:109} INFO - [2023-04-10 12:45:10,267] {providers_manager.py:702} WARNING - The field tenantId from class AzureSynapseHook does not start with 'extra__'. Ignoring it.
[2023-04-10 12:45:10,267] {logging_mixin.py:109} INFO - [2023-04-10 12:45:10,267] {providers_manager.py:702} WARNING - The field subscriptionId from class AzureSynapseHook does not start with 'extra__'. Ignoring it.
[2023-04-10 12:45:10,329] {logging_mixin.py:109} WARNING - /home/airflow/.local/lib/python3.7/site-packages/snowflake/connector/options.py:99 UserWarning: You have an incompatible version of 'pyarrow' installed (9.0.0), please install a version that adheres to: 'pyarrow<6.1.0,>=6.0.0; extra == "pandas"'
[2023-04-10 12:45:10,585] {logging_mixin.py:109} INFO - [2023-04-10 12:45:10,585] {providers_manager.py:702} WARNING - The field in_cluster from class KubernetesHook does not start with 'extra__'. Ignoring it.
[2023-04-10 12:45:10,586] {logging_mixin.py:109} INFO - [2023-04-10 12:45:10,586] {providers_manager.py:702} WARNING - The field kube_config_path from class KubernetesHook does not start with 'extra__'. Ignoring it.
[2023-04-10 12:45:10,586] {logging_mixin.py:109} INFO - [2023-04-10 12:45:10,586] {providers_manager.py:702} WARNING - The field kube_config from class KubernetesHook does not start with 'extra__'. Ignoring it.
[2023-04-10 12:45:10,587] {logging_mixin.py:109} INFO - [2023-04-10 12:45:10,587] {providers_manager.py:702} WARNING - The field namespace from class KubernetesHook does not start with 'extra__'. Ignoring it.
[2023-04-10 12:45:10,587] {logging_mixin.py:109} INFO - [2023-04-10 12:45:10,587] {providers_manager.py:702} WARNING - The field cluster_context from class KubernetesHook does not start with 'extra__'. Ignoring it.
[2023-04-10 12:45:10,587] {logging_mixin.py:109} INFO - [2023-04-10 12:45:10,587] {providers_manager.py:702} WARNING - The field disable_verify_ssl from class KubernetesHook does not start with 'extra__'. Ignoring it.
[2023-04-10 12:45:10,588] {logging_mixin.py:109} INFO - [2023-04-10 12:45:10,588] {providers_manager.py:702} WARNING - The field disable_tcp_keepalive from class KubernetesHook does not start with 'extra__'. Ignoring it.
[2023-04-10 12:45:10,588] {logging_mixin.py:109} INFO - [2023-04-10 12:45:10,588] {providers_manager.py:702} WARNING - The field xcom_sidecar_container_image from class KubernetesHook does not start with 'extra__'. Ignoring it.
[2023-04-10 12:45:10,589] {logging_mixin.py:109} INFO - [2023-04-10 12:45:10,589] {providers_manager.py:702} WARNING - The field reauth from class DockerHook does not start with 'extra__'. Ignoring it.
[2023-04-10 12:45:10,589] {logging_mixin.py:109} INFO - [2023-04-10 12:45:10,589] {providers_manager.py:702} WARNING - The field email from class DockerHook does not start with 'extra__'. Ignoring it.
[2023-04-10 12:45:10,590] {logging_mixin.py:109} INFO - [2023-04-10 12:45:10,590] {providers_manager.py:702} WARNING - The field project from class GoogleBaseHook does not start with 'extra__'. Ignoring it.
[2023-04-10 12:45:10,590] {logging_mixin.py:109} INFO - [2023-04-10 12:45:10,590] {providers_manager.py:702} WARNING - The field key_path from class GoogleBaseHook does not start with 'extra__'. Ignoring it.
[2023-04-10 12:45:10,591] {logging_mixin.py:109} INFO - [2023-04-10 12:45:10,591] {providers_manager.py:702} WARNING - The field keyfile_dict from class GoogleBaseHook does not start with 'extra__'. Ignoring it.
[2023-04-10 12:45:10,591] {logging_mixin.py:109} INFO - [2023-04-10 12:45:10,591] {providers_manager.py:702} WARNING - The field scope from class GoogleBaseHook does not start with 'extra__'. Ignoring it.
[2023-04-10 12:45:10,591] {logging_mixin.py:109} INFO - [2023-04-10 12:45:10,591] {providers_manager.py:702} WARNING - The field key_secret_name from class GoogleBaseHook does not start with 'extra__'. Ignoring it.
[2023-04-10 12:45:10,592] {logging_mixin.py:109} INFO - [2023-04-10 12:45:10,592] {providers_manager.py:702} WARNING - The field key_secret_project_id from class GoogleBaseHook does not start with 'extra__'. Ignoring it.
[2023-04-10 12:45:10,592] {logging_mixin.py:109} INFO - [2023-04-10 12:45:10,592] {providers_manager.py:702} WARNING - The field num_retries from class GoogleBaseHook does not start with 'extra__'. Ignoring it.
[2023-04-10 12:45:10,595] {logging_mixin.py:109} INFO - [2023-04-10 12:45:10,595] {providers_manager.py:702} WARNING - The field auth_type from class GrpcHook does not start with 'extra__'. Ignoring it.
[2023-04-10 12:45:10,595] {logging_mixin.py:109} INFO - [2023-04-10 12:45:10,595] {providers_manager.py:702} WARNING - The field credential_pem_file from class GrpcHook does not start with 'extra__'. Ignoring it.
[2023-04-10 12:45:10,596] {logging_mixin.py:109} INFO - [2023-04-10 12:45:10,596] {providers_manager.py:702} WARNING - The field scopes from class GrpcHook does not start with 'extra__'. Ignoring it.
[2023-04-10 12:45:10,597] {logging_mixin.py:109} INFO - [2023-04-10 12:45:10,597] {providers_manager.py:702} WARNING - The field tenant from class AzureDataExplorerHook does not start with 'extra__'. Ignoring it.
[2023-04-10 12:45:10,598] {logging_mixin.py:109} INFO - [2023-04-10 12:45:10,598] {providers_manager.py:702} WARNING - The field auth_method from class AzureDataExplorerHook does not start with 'extra__'. Ignoring it.
[2023-04-10 12:45:10,598] {logging_mixin.py:109} INFO - [2023-04-10 12:45:10,598] {providers_manager.py:702} WARNING - The field certificate from class AzureDataExplorerHook does not start with 'extra__'. Ignoring it.
[2023-04-10 12:45:10,599] {logging_mixin.py:109} INFO - [2023-04-10 12:45:10,598] {providers_manager.py:702} WARNING - The field thumbprint from class AzureDataExplorerHook does not start with 'extra__'. Ignoring it.
[2023-04-10 12:45:10,600] {logging_mixin.py:109} INFO - [2023-04-10 12:45:10,599] {providers_manager.py:702} WARNING - The field account_url from class AzureBatchHook does not start with 'extra__'. Ignoring it.
[2023-04-10 12:45:10,600] {logging_mixin.py:109} INFO - [2023-04-10 12:45:10,600] {providers_manager.py:702} WARNING - The field database_name from class AzureCosmosDBHook does not start with 'extra__'. Ignoring it.
[2023-04-10 12:45:10,601] {logging_mixin.py:109} INFO - [2023-04-10 12:45:10,601] {providers_manager.py:702} WARNING - The field collection_name from class AzureCosmosDBHook does not start with 'extra__'. Ignoring it.
[2023-04-10 12:45:10,604] {logging_mixin.py:109} INFO - [2023-04-10 12:45:10,604] {providers_manager.py:702} WARNING - The field sas_token from class AzureFileShareHook does not start with 'extra__'. Ignoring it.
[2023-04-10 12:45:10,605] {logging_mixin.py:109} INFO - [2023-04-10 12:45:10,605] {providers_manager.py:702} WARNING - The field connection_string from class AzureFileShareHook does not start with 'extra__'. Ignoring it.
[2023-04-10 12:45:10,605] {logging_mixin.py:109} INFO - [2023-04-10 12:45:10,605] {providers_manager.py:702} WARNING - The field protocol from class AzureFileShareHook does not start with 'extra__'. Ignoring it.
[2023-04-10 12:45:10,606] {logging_mixin.py:109} INFO - [2023-04-10 12:45:10,606] {providers_manager.py:702} WARNING - The field connection_string from class AzureContainerVolumeHook does not start with 'extra__'. Ignoring it.
[2023-04-10 12:45:10,608] {logging_mixin.py:109} INFO - [2023-04-10 12:45:10,608] {providers_manager.py:702} WARNING - The field tenantId from class AzureDataFactoryHook does not start with 'extra__'. Ignoring it.
[2023-04-10 12:45:10,609] {logging_mixin.py:109} INFO - [2023-04-10 12:45:10,608] {providers_manager.py:702} WARNING - The field subscriptionId from class AzureDataFactoryHook does not start with 'extra__'. Ignoring it.
[2023-04-10 12:45:10,609] {logging_mixin.py:109} INFO - [2023-04-10 12:45:10,609] {providers_manager.py:702} WARNING - The field resource_group_name from class AzureDataFactoryHook does not start with 'extra__'. Ignoring it.
[2023-04-10 12:45:10,609] {logging_mixin.py:109} INFO - [2023-04-10 12:45:10,609] {providers_manager.py:702} WARNING - The field factory_name from class AzureDataFactoryHook does not start with 'extra__'. Ignoring it.
[2023-04-10 12:45:10,611] {logging_mixin.py:109} INFO - [2023-04-10 12:45:10,611] {providers_manager.py:702} WARNING - The field tenantId from class AzureSynapseHook does not start with 'extra__'. Ignoring it.
[2023-04-10 12:45:10,611] {logging_mixin.py:109} INFO - [2023-04-10 12:45:10,611] {providers_manager.py:702} WARNING - The field subscriptionId from class AzureSynapseHook does not start with 'extra__'. Ignoring it.
[2023-04-10 12:45:10,638] {logging_mixin.py:109} INFO - [2023-04-10 12:45:10,638] {manager.py:496} INFO - Created Permission View: can edit on DAG:dbt_seed_data
[2023-04-10 12:45:10,646] {logging_mixin.py:109} INFO - [2023-04-10 12:45:10,646] {manager.py:496} INFO - Created Permission View: can read on DAG:dbt_seed_data
[2023-04-10 12:45:10,647] {logging_mixin.py:109} INFO - [2023-04-10 12:45:10,647] {dag.py:2398} INFO - Sync 1 DAGs
[2023-04-10 12:45:10,778] {logging_mixin.py:109} INFO - [2023-04-10 12:45:10,778] {dag.py:2417} INFO - Creating ORM DAG for dbt_seed_data
[2023-04-10 12:45:10,785] {logging_mixin.py:109} INFO - [2023-04-10 12:45:10,784] {dag.py:2937} INFO - Setting next_dagrun for dbt_seed_data to 2020-08-01T00:00:00+00:00
[2023-04-10 12:45:10,798] {processor.py:171} INFO - Processing /opt/airflow/dags/seed_data.py took 3.115 seconds
[2023-04-10 12:45:40,921] {processor.py:163} INFO - Started process (PID=590) to work on /opt/airflow/dags/seed_data.py
[2023-04-10 12:45:40,922] {processor.py:642} INFO - Processing file /opt/airflow/dags/seed_data.py for tasks to queue
[2023-04-10 12:45:40,923] {logging_mixin.py:109} INFO - [2023-04-10 12:45:40,923] {dagbag.py:500} INFO - Filling up the DagBag from /opt/airflow/dags/seed_data.py
[2023-04-10 12:45:40,945] {processor.py:652} INFO - DAG(s) dict_keys(['dbt_seed_data']) retrieved from /opt/airflow/dags/seed_data.py
[2023-04-10 12:45:40,968] {logging_mixin.py:109} INFO - [2023-04-10 12:45:40,968] {dag.py:2398} INFO - Sync 1 DAGs
[2023-04-10 12:45:40,984] {logging_mixin.py:109} INFO - [2023-04-10 12:45:40,984] {dag.py:2937} INFO - Setting next_dagrun for dbt_seed_data to 2020-08-01T00:00:00+00:00
[2023-04-10 12:45:40,997] {processor.py:171} INFO - Processing /opt/airflow/dags/seed_data.py took 0.078 seconds
[2023-04-10 12:46:11,115] {processor.py:163} INFO - Started process (PID=642) to work on /opt/airflow/dags/seed_data.py
[2023-04-10 12:46:11,116] {processor.py:642} INFO - Processing file /opt/airflow/dags/seed_data.py for tasks to queue
[2023-04-10 12:46:11,117] {logging_mixin.py:109} INFO - [2023-04-10 12:46:11,117] {dagbag.py:500} INFO - Filling up the DagBag from /opt/airflow/dags/seed_data.py
[2023-04-10 12:46:11,141] {processor.py:652} INFO - DAG(s) dict_keys(['dbt_seed_data']) retrieved from /opt/airflow/dags/seed_data.py
[2023-04-10 12:46:11,160] {logging_mixin.py:109} INFO - [2023-04-10 12:46:11,160] {dag.py:2398} INFO - Sync 1 DAGs
[2023-04-10 12:46:11,175] {logging_mixin.py:109} INFO - [2023-04-10 12:46:11,175] {dag.py:2937} INFO - Setting next_dagrun for dbt_seed_data to 2020-08-01T00:00:00+00:00
[2023-04-10 12:46:11,188] {processor.py:171} INFO - Processing /opt/airflow/dags/seed_data.py took 0.077 seconds
[2023-04-10 12:46:41,660] {processor.py:163} INFO - Started process (PID=704) to work on /opt/airflow/dags/seed_data.py
[2023-04-10 12:46:41,662] {processor.py:642} INFO - Processing file /opt/airflow/dags/seed_data.py for tasks to queue
[2023-04-10 12:46:41,663] {logging_mixin.py:109} INFO - [2023-04-10 12:46:41,663] {dagbag.py:500} INFO - Filling up the DagBag from /opt/airflow/dags/seed_data.py
[2023-04-10 12:46:41,690] {processor.py:652} INFO - DAG(s) dict_keys(['dbt_seed_data']) retrieved from /opt/airflow/dags/seed_data.py
[2023-04-10 12:46:41,708] {logging_mixin.py:109} INFO - [2023-04-10 12:46:41,707] {dag.py:2398} INFO - Sync 1 DAGs
[2023-04-10 12:46:41,727] {logging_mixin.py:109} INFO - [2023-04-10 12:46:41,727] {dag.py:2937} INFO - Setting next_dagrun for dbt_seed_data to 2020-08-01T00:00:00+00:00
[2023-04-10 12:46:41,737] {processor.py:171} INFO - Processing /opt/airflow/dags/seed_data.py took 0.081 seconds
[2023-04-10 12:47:11,995] {processor.py:163} INFO - Started process (PID=757) to work on /opt/airflow/dags/seed_data.py
[2023-04-10 12:47:11,997] {processor.py:642} INFO - Processing file /opt/airflow/dags/seed_data.py for tasks to queue
[2023-04-10 12:47:11,998] {logging_mixin.py:109} INFO - [2023-04-10 12:47:11,998] {dagbag.py:500} INFO - Filling up the DagBag from /opt/airflow/dags/seed_data.py
[2023-04-10 12:47:12,028] {processor.py:652} INFO - DAG(s) dict_keys(['dbt_seed_data']) retrieved from /opt/airflow/dags/seed_data.py
[2023-04-10 12:47:12,047] {logging_mixin.py:109} INFO - [2023-04-10 12:47:12,046] {dag.py:2398} INFO - Sync 1 DAGs
[2023-04-10 12:47:12,062] {logging_mixin.py:109} INFO - [2023-04-10 12:47:12,062] {dag.py:2937} INFO - Setting next_dagrun for dbt_seed_data to 2020-08-01T00:00:00+00:00
[2023-04-10 12:47:12,073] {processor.py:171} INFO - Processing /opt/airflow/dags/seed_data.py took 0.082 seconds
[2023-04-10 12:47:42,638] {processor.py:163} INFO - Started process (PID=818) to work on /opt/airflow/dags/seed_data.py
[2023-04-10 12:47:42,639] {processor.py:642} INFO - Processing file /opt/airflow/dags/seed_data.py for tasks to queue
[2023-04-10 12:47:42,640] {logging_mixin.py:109} INFO - [2023-04-10 12:47:42,640] {dagbag.py:500} INFO - Filling up the DagBag from /opt/airflow/dags/seed_data.py
[2023-04-10 12:47:42,673] {processor.py:652} INFO - DAG(s) dict_keys(['dbt_seed_data']) retrieved from /opt/airflow/dags/seed_data.py
[2023-04-10 12:47:42,696] {logging_mixin.py:109} INFO - [2023-04-10 12:47:42,696] {dag.py:2398} INFO - Sync 1 DAGs
[2023-04-10 12:47:42,722] {logging_mixin.py:109} INFO - [2023-04-10 12:47:42,722] {dag.py:2937} INFO - Setting next_dagrun for dbt_seed_data to 2020-08-01T00:00:00+00:00
[2023-04-10 12:47:42,736] {processor.py:171} INFO - Processing /opt/airflow/dags/seed_data.py took 0.103 seconds
[2023-04-10 12:48:12,953] {processor.py:163} INFO - Started process (PID=871) to work on /opt/airflow/dags/seed_data.py
[2023-04-10 12:48:12,954] {processor.py:642} INFO - Processing file /opt/airflow/dags/seed_data.py for tasks to queue
[2023-04-10 12:48:12,954] {logging_mixin.py:109} INFO - [2023-04-10 12:48:12,954] {dagbag.py:500} INFO - Filling up the DagBag from /opt/airflow/dags/seed_data.py
[2023-04-10 12:48:12,980] {processor.py:652} INFO - DAG(s) dict_keys(['dbt_seed_data']) retrieved from /opt/airflow/dags/seed_data.py
[2023-04-10 12:48:12,996] {logging_mixin.py:109} INFO - [2023-04-10 12:48:12,996] {dag.py:2398} INFO - Sync 1 DAGs
[2023-04-10 12:48:13,012] {logging_mixin.py:109} INFO - [2023-04-10 12:48:13,012] {dag.py:2937} INFO - Setting next_dagrun for dbt_seed_data to 2020-08-01T00:00:00+00:00
[2023-04-10 12:48:13,022] {processor.py:171} INFO - Processing /opt/airflow/dags/seed_data.py took 0.072 seconds
[2023-04-10 12:48:43,078] {processor.py:163} INFO - Started process (PID=923) to work on /opt/airflow/dags/seed_data.py
[2023-04-10 12:48:43,079] {processor.py:642} INFO - Processing file /opt/airflow/dags/seed_data.py for tasks to queue
[2023-04-10 12:48:43,079] {logging_mixin.py:109} INFO - [2023-04-10 12:48:43,079] {dagbag.py:500} INFO - Filling up the DagBag from /opt/airflow/dags/seed_data.py
[2023-04-10 12:48:43,109] {processor.py:652} INFO - DAG(s) dict_keys(['dbt_seed_data']) retrieved from /opt/airflow/dags/seed_data.py
[2023-04-10 12:48:43,125] {logging_mixin.py:109} INFO - [2023-04-10 12:48:43,125] {dag.py:2398} INFO - Sync 1 DAGs
[2023-04-10 12:48:43,138] {logging_mixin.py:109} INFO - [2023-04-10 12:48:43,138] {dag.py:2937} INFO - Setting next_dagrun for dbt_seed_data to 2020-08-01T00:00:00+00:00
[2023-04-10 12:48:43,149] {processor.py:171} INFO - Processing /opt/airflow/dags/seed_data.py took 0.073 seconds
[2023-04-10 12:49:13,584] {processor.py:163} INFO - Started process (PID=984) to work on /opt/airflow/dags/seed_data.py
[2023-04-10 12:49:13,585] {processor.py:642} INFO - Processing file /opt/airflow/dags/seed_data.py for tasks to queue
[2023-04-10 12:49:13,587] {logging_mixin.py:109} INFO - [2023-04-10 12:49:13,586] {dagbag.py:500} INFO - Filling up the DagBag from /opt/airflow/dags/seed_data.py
[2023-04-10 12:49:13,614] {processor.py:652} INFO - DAG(s) dict_keys(['dbt_seed_data']) retrieved from /opt/airflow/dags/seed_data.py
[2023-04-10 12:49:13,631] {logging_mixin.py:109} INFO - [2023-04-10 12:49:13,631] {dag.py:2398} INFO - Sync 1 DAGs
[2023-04-10 12:49:13,648] {logging_mixin.py:109} INFO - [2023-04-10 12:49:13,648] {dag.py:2937} INFO - Setting next_dagrun for dbt_seed_data to 2020-08-01T00:00:00+00:00
[2023-04-10 12:49:13,658] {processor.py:171} INFO - Processing /opt/airflow/dags/seed_data.py took 0.078 seconds
[2023-04-10 12:49:43,857] {processor.py:163} INFO - Started process (PID=1036) to work on /opt/airflow/dags/seed_data.py
[2023-04-10 12:49:43,858] {processor.py:642} INFO - Processing file /opt/airflow/dags/seed_data.py for tasks to queue
[2023-04-10 12:49:43,858] {logging_mixin.py:109} INFO - [2023-04-10 12:49:43,858] {dagbag.py:500} INFO - Filling up the DagBag from /opt/airflow/dags/seed_data.py
[2023-04-10 12:49:43,879] {processor.py:652} INFO - DAG(s) dict_keys(['dbt_seed_data']) retrieved from /opt/airflow/dags/seed_data.py
[2023-04-10 12:49:43,895] {logging_mixin.py:109} INFO - [2023-04-10 12:49:43,895] {dag.py:2398} INFO - Sync 1 DAGs
[2023-04-10 12:49:43,910] {logging_mixin.py:109} INFO - [2023-04-10 12:49:43,910] {dag.py:2937} INFO - Setting next_dagrun for dbt_seed_data to 2020-08-01T00:00:00+00:00
[2023-04-10 12:49:43,920] {processor.py:171} INFO - Processing /opt/airflow/dags/seed_data.py took 0.068 seconds
[2023-04-10 12:50:14,222] {processor.py:163} INFO - Started process (PID=1097) to work on /opt/airflow/dags/seed_data.py
[2023-04-10 12:50:14,224] {processor.py:642} INFO - Processing file /opt/airflow/dags/seed_data.py for tasks to queue
[2023-04-10 12:50:14,225] {logging_mixin.py:109} INFO - [2023-04-10 12:50:14,225] {dagbag.py:500} INFO - Filling up the DagBag from /opt/airflow/dags/seed_data.py
[2023-04-10 12:50:14,255] {processor.py:652} INFO - DAG(s) dict_keys(['dbt_seed_data']) retrieved from /opt/airflow/dags/seed_data.py
[2023-04-10 12:50:14,279] {logging_mixin.py:109} INFO - [2023-04-10 12:50:14,279] {dag.py:2398} INFO - Sync 1 DAGs
[2023-04-10 12:50:14,299] {logging_mixin.py:109} INFO - [2023-04-10 12:50:14,299] {dag.py:2937} INFO - Setting next_dagrun for dbt_seed_data to 2020-08-01T00:00:00+00:00
[2023-04-10 12:50:14,394] {processor.py:171} INFO - Processing /opt/airflow/dags/seed_data.py took 0.175 seconds
[2023-04-10 12:50:45,259] {processor.py:163} INFO - Started process (PID=1149) to work on /opt/airflow/dags/seed_data.py
[2023-04-10 12:50:45,260] {processor.py:642} INFO - Processing file /opt/airflow/dags/seed_data.py for tasks to queue
[2023-04-10 12:50:45,260] {logging_mixin.py:109} INFO - [2023-04-10 12:50:45,260] {dagbag.py:500} INFO - Filling up the DagBag from /opt/airflow/dags/seed_data.py
[2023-04-10 12:50:45,287] {processor.py:652} INFO - DAG(s) dict_keys(['dbt_seed_data']) retrieved from /opt/airflow/dags/seed_data.py
[2023-04-10 12:50:45,303] {logging_mixin.py:109} INFO - [2023-04-10 12:50:45,303] {dag.py:2398} INFO - Sync 1 DAGs
[2023-04-10 12:50:45,383] {logging_mixin.py:109} INFO - [2023-04-10 12:50:45,383] {dag.py:2937} INFO - Setting next_dagrun for dbt_seed_data to 2020-08-01T00:00:00+00:00
[2023-04-10 12:50:45,391] {processor.py:171} INFO - Processing /opt/airflow/dags/seed_data.py took 0.135 seconds
[2023-04-10 12:51:15,814] {processor.py:163} INFO - Started process (PID=1210) to work on /opt/airflow/dags/seed_data.py
[2023-04-10 12:51:15,815] {processor.py:642} INFO - Processing file /opt/airflow/dags/seed_data.py for tasks to queue
[2023-04-10 12:51:15,815] {logging_mixin.py:109} INFO - [2023-04-10 12:51:15,815] {dagbag.py:500} INFO - Filling up the DagBag from /opt/airflow/dags/seed_data.py
[2023-04-10 12:51:15,852] {processor.py:652} INFO - DAG(s) dict_keys(['dbt_seed_data']) retrieved from /opt/airflow/dags/seed_data.py
[2023-04-10 12:51:15,961] {logging_mixin.py:109} INFO - [2023-04-10 12:51:15,961] {dag.py:2398} INFO - Sync 1 DAGs
[2023-04-10 12:51:16,108] {logging_mixin.py:109} INFO - [2023-04-10 12:51:16,108] {dag.py:2937} INFO - Setting next_dagrun for dbt_seed_data to 2020-08-01T00:00:00+00:00
[2023-04-10 12:51:16,127] {processor.py:171} INFO - Processing /opt/airflow/dags/seed_data.py took 0.317 seconds
