[2023-04-10 12:44:37,392] {processor.py:163} INFO - Started process (PID=231) to work on /home/airflow/.local/lib/python3.7/site-packages/airflow/example_dags/example_task_group.py
[2023-04-10 12:44:37,394] {processor.py:642} INFO - Processing file /home/airflow/.local/lib/python3.7/site-packages/airflow/example_dags/example_task_group.py for tasks to queue
[2023-04-10 12:44:37,395] {logging_mixin.py:109} INFO - [2023-04-10 12:44:37,395] {dagbag.py:500} INFO - Filling up the DagBag from /home/airflow/.local/lib/python3.7/site-packages/airflow/example_dags/example_task_group.py
[2023-04-10 12:44:37,410] {processor.py:652} INFO - DAG(s) dict_keys(['example_task_group']) retrieved from /home/airflow/.local/lib/python3.7/site-packages/airflow/example_dags/example_task_group.py
[2023-04-10 12:44:38,534] {logging_mixin.py:109} INFO - [2023-04-10 12:44:38,534] {providers_manager.py:702} WARNING - The field in_cluster from class KubernetesHook does not start with 'extra__'. Ignoring it.
[2023-04-10 12:44:38,535] {logging_mixin.py:109} INFO - [2023-04-10 12:44:38,535] {providers_manager.py:702} WARNING - The field kube_config_path from class KubernetesHook does not start with 'extra__'. Ignoring it.
[2023-04-10 12:44:38,535] {logging_mixin.py:109} INFO - [2023-04-10 12:44:38,535] {providers_manager.py:702} WARNING - The field kube_config from class KubernetesHook does not start with 'extra__'. Ignoring it.
[2023-04-10 12:44:38,535] {logging_mixin.py:109} INFO - [2023-04-10 12:44:38,535] {providers_manager.py:702} WARNING - The field namespace from class KubernetesHook does not start with 'extra__'. Ignoring it.
[2023-04-10 12:44:38,536] {logging_mixin.py:109} INFO - [2023-04-10 12:44:38,536] {providers_manager.py:702} WARNING - The field cluster_context from class KubernetesHook does not start with 'extra__'. Ignoring it.
[2023-04-10 12:44:38,536] {logging_mixin.py:109} INFO - [2023-04-10 12:44:38,536] {providers_manager.py:702} WARNING - The field disable_verify_ssl from class KubernetesHook does not start with 'extra__'. Ignoring it.
[2023-04-10 12:44:38,536] {logging_mixin.py:109} INFO - [2023-04-10 12:44:38,536] {providers_manager.py:702} WARNING - The field disable_tcp_keepalive from class KubernetesHook does not start with 'extra__'. Ignoring it.
[2023-04-10 12:44:38,537] {logging_mixin.py:109} INFO - [2023-04-10 12:44:38,537] {providers_manager.py:702} WARNING - The field xcom_sidecar_container_image from class KubernetesHook does not start with 'extra__'. Ignoring it.
[2023-04-10 12:44:38,590] {logging_mixin.py:109} INFO - [2023-04-10 12:44:38,590] {providers_manager.py:702} WARNING - The field reauth from class DockerHook does not start with 'extra__'. Ignoring it.
[2023-04-10 12:44:38,591] {logging_mixin.py:109} INFO - [2023-04-10 12:44:38,591] {providers_manager.py:702} WARNING - The field email from class DockerHook does not start with 'extra__'. Ignoring it.
[2023-04-10 12:44:39,067] {logging_mixin.py:109} INFO - [2023-04-10 12:44:39,067] {providers_manager.py:702} WARNING - The field project from class GoogleBaseHook does not start with 'extra__'. Ignoring it.
[2023-04-10 12:44:39,068] {logging_mixin.py:109} INFO - [2023-04-10 12:44:39,068] {providers_manager.py:702} WARNING - The field key_path from class GoogleBaseHook does not start with 'extra__'. Ignoring it.
[2023-04-10 12:44:39,068] {logging_mixin.py:109} INFO - [2023-04-10 12:44:39,068] {providers_manager.py:702} WARNING - The field keyfile_dict from class GoogleBaseHook does not start with 'extra__'. Ignoring it.
[2023-04-10 12:44:39,069] {logging_mixin.py:109} INFO - [2023-04-10 12:44:39,068] {providers_manager.py:702} WARNING - The field scope from class GoogleBaseHook does not start with 'extra__'. Ignoring it.
[2023-04-10 12:44:39,069] {logging_mixin.py:109} INFO - [2023-04-10 12:44:39,069] {providers_manager.py:702} WARNING - The field key_secret_name from class GoogleBaseHook does not start with 'extra__'. Ignoring it.
[2023-04-10 12:44:39,069] {logging_mixin.py:109} INFO - [2023-04-10 12:44:39,069] {providers_manager.py:702} WARNING - The field key_secret_project_id from class GoogleBaseHook does not start with 'extra__'. Ignoring it.
[2023-04-10 12:44:39,070] {logging_mixin.py:109} INFO - [2023-04-10 12:44:39,069] {providers_manager.py:702} WARNING - The field num_retries from class GoogleBaseHook does not start with 'extra__'. Ignoring it.
[2023-04-10 12:44:39,845] {logging_mixin.py:109} INFO - [2023-04-10 12:44:39,845] {providers_manager.py:702} WARNING - The field auth_type from class GrpcHook does not start with 'extra__'. Ignoring it.
[2023-04-10 12:44:39,846] {logging_mixin.py:109} INFO - [2023-04-10 12:44:39,845] {providers_manager.py:702} WARNING - The field credential_pem_file from class GrpcHook does not start with 'extra__'. Ignoring it.
[2023-04-10 12:44:39,846] {logging_mixin.py:109} INFO - [2023-04-10 12:44:39,846] {providers_manager.py:702} WARNING - The field scopes from class GrpcHook does not start with 'extra__'. Ignoring it.
[2023-04-10 12:44:39,913] {logging_mixin.py:109} INFO - [2023-04-10 12:44:39,913] {providers_manager.py:702} WARNING - The field tenant from class AzureDataExplorerHook does not start with 'extra__'. Ignoring it.
[2023-04-10 12:44:39,914] {logging_mixin.py:109} INFO - [2023-04-10 12:44:39,914] {providers_manager.py:702} WARNING - The field auth_method from class AzureDataExplorerHook does not start with 'extra__'. Ignoring it.
[2023-04-10 12:44:39,914] {logging_mixin.py:109} INFO - [2023-04-10 12:44:39,914] {providers_manager.py:702} WARNING - The field certificate from class AzureDataExplorerHook does not start with 'extra__'. Ignoring it.
[2023-04-10 12:44:39,915] {logging_mixin.py:109} INFO - [2023-04-10 12:44:39,915] {providers_manager.py:702} WARNING - The field thumbprint from class AzureDataExplorerHook does not start with 'extra__'. Ignoring it.
[2023-04-10 12:44:39,935] {logging_mixin.py:109} INFO - [2023-04-10 12:44:39,935] {providers_manager.py:702} WARNING - The field account_url from class AzureBatchHook does not start with 'extra__'. Ignoring it.
[2023-04-10 12:44:39,948] {logging_mixin.py:109} INFO - [2023-04-10 12:44:39,948] {providers_manager.py:702} WARNING - The field database_name from class AzureCosmosDBHook does not start with 'extra__'. Ignoring it.
[2023-04-10 12:44:39,949] {logging_mixin.py:109} INFO - [2023-04-10 12:44:39,949] {providers_manager.py:702} WARNING - The field collection_name from class AzureCosmosDBHook does not start with 'extra__'. Ignoring it.
[2023-04-10 12:44:39,990] {logging_mixin.py:109} INFO - [2023-04-10 12:44:39,990] {providers_manager.py:702} WARNING - The field sas_token from class AzureFileShareHook does not start with 'extra__'. Ignoring it.
[2023-04-10 12:44:39,990] {logging_mixin.py:109} INFO - [2023-04-10 12:44:39,990] {providers_manager.py:702} WARNING - The field connection_string from class AzureFileShareHook does not start with 'extra__'. Ignoring it.
[2023-04-10 12:44:39,991] {logging_mixin.py:109} INFO - [2023-04-10 12:44:39,991] {providers_manager.py:702} WARNING - The field protocol from class AzureFileShareHook does not start with 'extra__'. Ignoring it.
[2023-04-10 12:44:40,007] {logging_mixin.py:109} INFO - [2023-04-10 12:44:40,007] {providers_manager.py:702} WARNING - The field connection_string from class AzureContainerVolumeHook does not start with 'extra__'. Ignoring it.
[2023-04-10 12:44:40,084] {logging_mixin.py:109} INFO - [2023-04-10 12:44:40,084] {providers_manager.py:702} WARNING - The field tenantId from class AzureDataFactoryHook does not start with 'extra__'. Ignoring it.
[2023-04-10 12:44:40,085] {logging_mixin.py:109} INFO - [2023-04-10 12:44:40,085] {providers_manager.py:702} WARNING - The field subscriptionId from class AzureDataFactoryHook does not start with 'extra__'. Ignoring it.
[2023-04-10 12:44:40,085] {logging_mixin.py:109} INFO - [2023-04-10 12:44:40,085] {providers_manager.py:702} WARNING - The field resource_group_name from class AzureDataFactoryHook does not start with 'extra__'. Ignoring it.
[2023-04-10 12:44:40,086] {logging_mixin.py:109} INFO - [2023-04-10 12:44:40,086] {providers_manager.py:702} WARNING - The field factory_name from class AzureDataFactoryHook does not start with 'extra__'. Ignoring it.
[2023-04-10 12:44:40,127] {logging_mixin.py:109} INFO - [2023-04-10 12:44:40,127] {providers_manager.py:702} WARNING - The field tenantId from class AzureSynapseHook does not start with 'extra__'. Ignoring it.
[2023-04-10 12:44:40,127] {logging_mixin.py:109} INFO - [2023-04-10 12:44:40,127] {providers_manager.py:702} WARNING - The field subscriptionId from class AzureSynapseHook does not start with 'extra__'. Ignoring it.
[2023-04-10 12:44:40,197] {logging_mixin.py:109} WARNING - /home/airflow/.local/lib/python3.7/site-packages/snowflake/connector/options.py:99 UserWarning: You have an incompatible version of 'pyarrow' installed (9.0.0), please install a version that adheres to: 'pyarrow<6.1.0,>=6.0.0; extra == "pandas"'
[2023-04-10 12:44:40,486] {logging_mixin.py:109} INFO - [2023-04-10 12:44:40,486] {providers_manager.py:702} WARNING - The field in_cluster from class KubernetesHook does not start with 'extra__'. Ignoring it.
[2023-04-10 12:44:40,486] {logging_mixin.py:109} INFO - [2023-04-10 12:44:40,486] {providers_manager.py:702} WARNING - The field kube_config_path from class KubernetesHook does not start with 'extra__'. Ignoring it.
[2023-04-10 12:44:40,487] {logging_mixin.py:109} INFO - [2023-04-10 12:44:40,487] {providers_manager.py:702} WARNING - The field kube_config from class KubernetesHook does not start with 'extra__'. Ignoring it.
[2023-04-10 12:44:40,487] {logging_mixin.py:109} INFO - [2023-04-10 12:44:40,487] {providers_manager.py:702} WARNING - The field namespace from class KubernetesHook does not start with 'extra__'. Ignoring it.
[2023-04-10 12:44:40,488] {logging_mixin.py:109} INFO - [2023-04-10 12:44:40,488] {providers_manager.py:702} WARNING - The field cluster_context from class KubernetesHook does not start with 'extra__'. Ignoring it.
[2023-04-10 12:44:40,488] {logging_mixin.py:109} INFO - [2023-04-10 12:44:40,488] {providers_manager.py:702} WARNING - The field disable_verify_ssl from class KubernetesHook does not start with 'extra__'. Ignoring it.
[2023-04-10 12:44:40,489] {logging_mixin.py:109} INFO - [2023-04-10 12:44:40,489] {providers_manager.py:702} WARNING - The field disable_tcp_keepalive from class KubernetesHook does not start with 'extra__'. Ignoring it.
[2023-04-10 12:44:40,489] {logging_mixin.py:109} INFO - [2023-04-10 12:44:40,489] {providers_manager.py:702} WARNING - The field xcom_sidecar_container_image from class KubernetesHook does not start with 'extra__'. Ignoring it.
[2023-04-10 12:44:40,490] {logging_mixin.py:109} INFO - [2023-04-10 12:44:40,490] {providers_manager.py:702} WARNING - The field reauth from class DockerHook does not start with 'extra__'. Ignoring it.
[2023-04-10 12:44:40,491] {logging_mixin.py:109} INFO - [2023-04-10 12:44:40,491] {providers_manager.py:702} WARNING - The field email from class DockerHook does not start with 'extra__'. Ignoring it.
[2023-04-10 12:44:40,493] {logging_mixin.py:109} INFO - [2023-04-10 12:44:40,493] {providers_manager.py:702} WARNING - The field project from class GoogleBaseHook does not start with 'extra__'. Ignoring it.
[2023-04-10 12:44:40,493] {logging_mixin.py:109} INFO - [2023-04-10 12:44:40,493] {providers_manager.py:702} WARNING - The field key_path from class GoogleBaseHook does not start with 'extra__'. Ignoring it.
[2023-04-10 12:44:40,494] {logging_mixin.py:109} INFO - [2023-04-10 12:44:40,494] {providers_manager.py:702} WARNING - The field keyfile_dict from class GoogleBaseHook does not start with 'extra__'. Ignoring it.
[2023-04-10 12:44:40,494] {logging_mixin.py:109} INFO - [2023-04-10 12:44:40,494] {providers_manager.py:702} WARNING - The field scope from class GoogleBaseHook does not start with 'extra__'. Ignoring it.
[2023-04-10 12:44:40,494] {logging_mixin.py:109} INFO - [2023-04-10 12:44:40,494] {providers_manager.py:702} WARNING - The field key_secret_name from class GoogleBaseHook does not start with 'extra__'. Ignoring it.
[2023-04-10 12:44:40,495] {logging_mixin.py:109} INFO - [2023-04-10 12:44:40,495] {providers_manager.py:702} WARNING - The field key_secret_project_id from class GoogleBaseHook does not start with 'extra__'. Ignoring it.
[2023-04-10 12:44:40,495] {logging_mixin.py:109} INFO - [2023-04-10 12:44:40,495] {providers_manager.py:702} WARNING - The field num_retries from class GoogleBaseHook does not start with 'extra__'. Ignoring it.
[2023-04-10 12:44:40,498] {logging_mixin.py:109} INFO - [2023-04-10 12:44:40,498] {providers_manager.py:702} WARNING - The field auth_type from class GrpcHook does not start with 'extra__'. Ignoring it.
[2023-04-10 12:44:40,498] {logging_mixin.py:109} INFO - [2023-04-10 12:44:40,498] {providers_manager.py:702} WARNING - The field credential_pem_file from class GrpcHook does not start with 'extra__'. Ignoring it.
[2023-04-10 12:44:40,499] {logging_mixin.py:109} INFO - [2023-04-10 12:44:40,499] {providers_manager.py:702} WARNING - The field scopes from class GrpcHook does not start with 'extra__'. Ignoring it.
[2023-04-10 12:44:40,500] {logging_mixin.py:109} INFO - [2023-04-10 12:44:40,500] {providers_manager.py:702} WARNING - The field tenant from class AzureDataExplorerHook does not start with 'extra__'. Ignoring it.
[2023-04-10 12:44:40,501] {logging_mixin.py:109} INFO - [2023-04-10 12:44:40,501] {providers_manager.py:702} WARNING - The field auth_method from class AzureDataExplorerHook does not start with 'extra__'. Ignoring it.
[2023-04-10 12:44:40,501] {logging_mixin.py:109} INFO - [2023-04-10 12:44:40,501] {providers_manager.py:702} WARNING - The field certificate from class AzureDataExplorerHook does not start with 'extra__'. Ignoring it.
[2023-04-10 12:44:40,502] {logging_mixin.py:109} INFO - [2023-04-10 12:44:40,502] {providers_manager.py:702} WARNING - The field thumbprint from class AzureDataExplorerHook does not start with 'extra__'. Ignoring it.
[2023-04-10 12:44:40,503] {logging_mixin.py:109} INFO - [2023-04-10 12:44:40,502] {providers_manager.py:702} WARNING - The field account_url from class AzureBatchHook does not start with 'extra__'. Ignoring it.
[2023-04-10 12:44:40,504] {logging_mixin.py:109} INFO - [2023-04-10 12:44:40,504] {providers_manager.py:702} WARNING - The field database_name from class AzureCosmosDBHook does not start with 'extra__'. Ignoring it.
[2023-04-10 12:44:40,505] {logging_mixin.py:109} INFO - [2023-04-10 12:44:40,504] {providers_manager.py:702} WARNING - The field collection_name from class AzureCosmosDBHook does not start with 'extra__'. Ignoring it.
[2023-04-10 12:44:40,510] {logging_mixin.py:109} INFO - [2023-04-10 12:44:40,510] {providers_manager.py:702} WARNING - The field sas_token from class AzureFileShareHook does not start with 'extra__'. Ignoring it.
[2023-04-10 12:44:40,511] {logging_mixin.py:109} INFO - [2023-04-10 12:44:40,511] {providers_manager.py:702} WARNING - The field connection_string from class AzureFileShareHook does not start with 'extra__'. Ignoring it.
[2023-04-10 12:44:40,511] {logging_mixin.py:109} INFO - [2023-04-10 12:44:40,511] {providers_manager.py:702} WARNING - The field protocol from class AzureFileShareHook does not start with 'extra__'. Ignoring it.
[2023-04-10 12:44:40,513] {logging_mixin.py:109} INFO - [2023-04-10 12:44:40,513] {providers_manager.py:702} WARNING - The field connection_string from class AzureContainerVolumeHook does not start with 'extra__'. Ignoring it.
[2023-04-10 12:44:40,515] {logging_mixin.py:109} INFO - [2023-04-10 12:44:40,515] {providers_manager.py:702} WARNING - The field tenantId from class AzureDataFactoryHook does not start with 'extra__'. Ignoring it.
[2023-04-10 12:44:40,515] {logging_mixin.py:109} INFO - [2023-04-10 12:44:40,515] {providers_manager.py:702} WARNING - The field subscriptionId from class AzureDataFactoryHook does not start with 'extra__'. Ignoring it.
[2023-04-10 12:44:40,516] {logging_mixin.py:109} INFO - [2023-04-10 12:44:40,516] {providers_manager.py:702} WARNING - The field resource_group_name from class AzureDataFactoryHook does not start with 'extra__'. Ignoring it.
[2023-04-10 12:44:40,516] {logging_mixin.py:109} INFO - [2023-04-10 12:44:40,516] {providers_manager.py:702} WARNING - The field factory_name from class AzureDataFactoryHook does not start with 'extra__'. Ignoring it.
[2023-04-10 12:44:40,517] {logging_mixin.py:109} INFO - [2023-04-10 12:44:40,517] {providers_manager.py:702} WARNING - The field tenantId from class AzureSynapseHook does not start with 'extra__'. Ignoring it.
[2023-04-10 12:44:40,518] {logging_mixin.py:109} INFO - [2023-04-10 12:44:40,518] {providers_manager.py:702} WARNING - The field subscriptionId from class AzureSynapseHook does not start with 'extra__'. Ignoring it.
[2023-04-10 12:44:40,545] {logging_mixin.py:109} INFO - [2023-04-10 12:44:40,545] {manager.py:496} INFO - Created Permission View: can edit on DAG:example_task_group
[2023-04-10 12:44:40,556] {logging_mixin.py:109} INFO - [2023-04-10 12:44:40,556] {manager.py:496} INFO - Created Permission View: can read on DAG:example_task_group
[2023-04-10 12:44:40,557] {logging_mixin.py:109} INFO - [2023-04-10 12:44:40,557] {dag.py:2398} INFO - Sync 1 DAGs
[2023-04-10 12:44:40,687] {logging_mixin.py:109} INFO - [2023-04-10 12:44:40,687] {dag.py:2417} INFO - Creating ORM DAG for example_task_group
[2023-04-10 12:44:40,696] {logging_mixin.py:109} INFO - [2023-04-10 12:44:40,696] {dag.py:2937} INFO - Setting next_dagrun for example_task_group to 2023-04-09T12:44:40.696588+00:00
[2023-04-10 12:44:40,709] {processor.py:171} INFO - Processing /home/airflow/.local/lib/python3.7/site-packages/airflow/example_dags/example_task_group.py took 3.320 seconds
[2023-04-10 12:45:12,504] {processor.py:163} INFO - Started process (PID=543) to work on /home/airflow/.local/lib/python3.7/site-packages/airflow/example_dags/example_task_group.py
[2023-04-10 12:45:12,505] {processor.py:642} INFO - Processing file /home/airflow/.local/lib/python3.7/site-packages/airflow/example_dags/example_task_group.py for tasks to queue
[2023-04-10 12:45:12,506] {logging_mixin.py:109} INFO - [2023-04-10 12:45:12,506] {dagbag.py:500} INFO - Filling up the DagBag from /home/airflow/.local/lib/python3.7/site-packages/airflow/example_dags/example_task_group.py
[2023-04-10 12:45:12,520] {processor.py:652} INFO - DAG(s) dict_keys(['example_task_group']) retrieved from /home/airflow/.local/lib/python3.7/site-packages/airflow/example_dags/example_task_group.py
[2023-04-10 12:45:12,541] {logging_mixin.py:109} INFO - [2023-04-10 12:45:12,540] {dag.py:2398} INFO - Sync 1 DAGs
[2023-04-10 12:45:12,556] {logging_mixin.py:109} INFO - [2023-04-10 12:45:12,556] {dag.py:2937} INFO - Setting next_dagrun for example_task_group to 2023-04-09T12:45:12.556250+00:00
[2023-04-10 12:45:12,568] {processor.py:171} INFO - Processing /home/airflow/.local/lib/python3.7/site-packages/airflow/example_dags/example_task_group.py took 0.066 seconds
[2023-04-10 12:45:43,342] {processor.py:163} INFO - Started process (PID=604) to work on /home/airflow/.local/lib/python3.7/site-packages/airflow/example_dags/example_task_group.py
[2023-04-10 12:45:43,343] {processor.py:642} INFO - Processing file /home/airflow/.local/lib/python3.7/site-packages/airflow/example_dags/example_task_group.py for tasks to queue
[2023-04-10 12:45:43,344] {logging_mixin.py:109} INFO - [2023-04-10 12:45:43,344] {dagbag.py:500} INFO - Filling up the DagBag from /home/airflow/.local/lib/python3.7/site-packages/airflow/example_dags/example_task_group.py
[2023-04-10 12:45:43,358] {processor.py:652} INFO - DAG(s) dict_keys(['example_task_group']) retrieved from /home/airflow/.local/lib/python3.7/site-packages/airflow/example_dags/example_task_group.py
[2023-04-10 12:45:43,377] {logging_mixin.py:109} INFO - [2023-04-10 12:45:43,377] {dag.py:2398} INFO - Sync 1 DAGs
[2023-04-10 12:45:43,393] {logging_mixin.py:109} INFO - [2023-04-10 12:45:43,392] {dag.py:2937} INFO - Setting next_dagrun for example_task_group to 2023-04-09T12:45:43.392747+00:00
[2023-04-10 12:45:43,405] {processor.py:171} INFO - Processing /home/airflow/.local/lib/python3.7/site-packages/airflow/example_dags/example_task_group.py took 0.067 seconds
[2023-04-10 12:46:14,612] {processor.py:163} INFO - Started process (PID=656) to work on /home/airflow/.local/lib/python3.7/site-packages/airflow/example_dags/example_task_group.py
[2023-04-10 12:46:14,614] {processor.py:642} INFO - Processing file /home/airflow/.local/lib/python3.7/site-packages/airflow/example_dags/example_task_group.py for tasks to queue
[2023-04-10 12:46:14,615] {logging_mixin.py:109} INFO - [2023-04-10 12:46:14,615] {dagbag.py:500} INFO - Filling up the DagBag from /home/airflow/.local/lib/python3.7/site-packages/airflow/example_dags/example_task_group.py
[2023-04-10 12:46:14,634] {processor.py:652} INFO - DAG(s) dict_keys(['example_task_group']) retrieved from /home/airflow/.local/lib/python3.7/site-packages/airflow/example_dags/example_task_group.py
[2023-04-10 12:46:14,661] {logging_mixin.py:109} INFO - [2023-04-10 12:46:14,661] {dag.py:2398} INFO - Sync 1 DAGs
[2023-04-10 12:46:14,679] {logging_mixin.py:109} INFO - [2023-04-10 12:46:14,678] {dag.py:2937} INFO - Setting next_dagrun for example_task_group to 2023-04-09T12:46:14.678628+00:00
[2023-04-10 12:46:14,689] {processor.py:171} INFO - Processing /home/airflow/.local/lib/python3.7/site-packages/airflow/example_dags/example_task_group.py took 0.081 seconds
[2023-04-10 12:46:45,082] {processor.py:163} INFO - Started process (PID=717) to work on /home/airflow/.local/lib/python3.7/site-packages/airflow/example_dags/example_task_group.py
[2023-04-10 12:46:45,083] {processor.py:642} INFO - Processing file /home/airflow/.local/lib/python3.7/site-packages/airflow/example_dags/example_task_group.py for tasks to queue
[2023-04-10 12:46:45,084] {logging_mixin.py:109} INFO - [2023-04-10 12:46:45,083] {dagbag.py:500} INFO - Filling up the DagBag from /home/airflow/.local/lib/python3.7/site-packages/airflow/example_dags/example_task_group.py
[2023-04-10 12:46:45,099] {processor.py:652} INFO - DAG(s) dict_keys(['example_task_group']) retrieved from /home/airflow/.local/lib/python3.7/site-packages/airflow/example_dags/example_task_group.py
[2023-04-10 12:46:45,120] {logging_mixin.py:109} INFO - [2023-04-10 12:46:45,120] {dag.py:2398} INFO - Sync 1 DAGs
[2023-04-10 12:46:45,136] {logging_mixin.py:109} INFO - [2023-04-10 12:46:45,136] {dag.py:2937} INFO - Setting next_dagrun for example_task_group to 2023-04-09T12:46:45.136193+00:00
[2023-04-10 12:46:45,147] {processor.py:171} INFO - Processing /home/airflow/.local/lib/python3.7/site-packages/airflow/example_dags/example_task_group.py took 0.069 seconds
[2023-04-10 12:47:16,683] {processor.py:163} INFO - Started process (PID=771) to work on /home/airflow/.local/lib/python3.7/site-packages/airflow/example_dags/example_task_group.py
[2023-04-10 12:47:16,684] {processor.py:642} INFO - Processing file /home/airflow/.local/lib/python3.7/site-packages/airflow/example_dags/example_task_group.py for tasks to queue
[2023-04-10 12:47:16,685] {logging_mixin.py:109} INFO - [2023-04-10 12:47:16,685] {dagbag.py:500} INFO - Filling up the DagBag from /home/airflow/.local/lib/python3.7/site-packages/airflow/example_dags/example_task_group.py
[2023-04-10 12:47:16,702] {processor.py:652} INFO - DAG(s) dict_keys(['example_task_group']) retrieved from /home/airflow/.local/lib/python3.7/site-packages/airflow/example_dags/example_task_group.py
[2023-04-10 12:47:16,724] {logging_mixin.py:109} INFO - [2023-04-10 12:47:16,724] {dag.py:2398} INFO - Sync 1 DAGs
[2023-04-10 12:47:16,740] {logging_mixin.py:109} INFO - [2023-04-10 12:47:16,740] {dag.py:2937} INFO - Setting next_dagrun for example_task_group to 2023-04-09T12:47:16.740093+00:00
[2023-04-10 12:47:16,750] {processor.py:171} INFO - Processing /home/airflow/.local/lib/python3.7/site-packages/airflow/example_dags/example_task_group.py took 0.070 seconds
[2023-04-10 12:47:47,302] {processor.py:163} INFO - Started process (PID=832) to work on /home/airflow/.local/lib/python3.7/site-packages/airflow/example_dags/example_task_group.py
[2023-04-10 12:47:47,303] {processor.py:642} INFO - Processing file /home/airflow/.local/lib/python3.7/site-packages/airflow/example_dags/example_task_group.py for tasks to queue
[2023-04-10 12:47:47,303] {logging_mixin.py:109} INFO - [2023-04-10 12:47:47,303] {dagbag.py:500} INFO - Filling up the DagBag from /home/airflow/.local/lib/python3.7/site-packages/airflow/example_dags/example_task_group.py
[2023-04-10 12:47:47,325] {processor.py:652} INFO - DAG(s) dict_keys(['example_task_group']) retrieved from /home/airflow/.local/lib/python3.7/site-packages/airflow/example_dags/example_task_group.py
[2023-04-10 12:47:47,352] {logging_mixin.py:109} INFO - [2023-04-10 12:47:47,352] {dag.py:2398} INFO - Sync 1 DAGs
[2023-04-10 12:47:47,371] {logging_mixin.py:109} INFO - [2023-04-10 12:47:47,371] {dag.py:2937} INFO - Setting next_dagrun for example_task_group to 2023-04-09T12:47:47.370871+00:00
[2023-04-10 12:47:47,387] {processor.py:171} INFO - Processing /home/airflow/.local/lib/python3.7/site-packages/airflow/example_dags/example_task_group.py took 0.088 seconds
[2023-04-10 12:48:18,389] {processor.py:163} INFO - Started process (PID=885) to work on /home/airflow/.local/lib/python3.7/site-packages/airflow/example_dags/example_task_group.py
[2023-04-10 12:48:18,390] {processor.py:642} INFO - Processing file /home/airflow/.local/lib/python3.7/site-packages/airflow/example_dags/example_task_group.py for tasks to queue
[2023-04-10 12:48:18,391] {logging_mixin.py:109} INFO - [2023-04-10 12:48:18,391] {dagbag.py:500} INFO - Filling up the DagBag from /home/airflow/.local/lib/python3.7/site-packages/airflow/example_dags/example_task_group.py
[2023-04-10 12:48:18,407] {processor.py:652} INFO - DAG(s) dict_keys(['example_task_group']) retrieved from /home/airflow/.local/lib/python3.7/site-packages/airflow/example_dags/example_task_group.py
[2023-04-10 12:48:18,433] {logging_mixin.py:109} INFO - [2023-04-10 12:48:18,432] {dag.py:2398} INFO - Sync 1 DAGs
[2023-04-10 12:48:18,457] {logging_mixin.py:109} INFO - [2023-04-10 12:48:18,457] {dag.py:2937} INFO - Setting next_dagrun for example_task_group to 2023-04-09T12:48:18.456590+00:00
[2023-04-10 12:48:18,478] {processor.py:171} INFO - Processing /home/airflow/.local/lib/python3.7/site-packages/airflow/example_dags/example_task_group.py took 0.091 seconds
[2023-04-10 12:48:49,326] {processor.py:163} INFO - Started process (PID=946) to work on /home/airflow/.local/lib/python3.7/site-packages/airflow/example_dags/example_task_group.py
[2023-04-10 12:48:49,327] {processor.py:642} INFO - Processing file /home/airflow/.local/lib/python3.7/site-packages/airflow/example_dags/example_task_group.py for tasks to queue
[2023-04-10 12:48:49,329] {logging_mixin.py:109} INFO - [2023-04-10 12:48:49,328] {dagbag.py:500} INFO - Filling up the DagBag from /home/airflow/.local/lib/python3.7/site-packages/airflow/example_dags/example_task_group.py
[2023-04-10 12:48:49,347] {processor.py:652} INFO - DAG(s) dict_keys(['example_task_group']) retrieved from /home/airflow/.local/lib/python3.7/site-packages/airflow/example_dags/example_task_group.py
[2023-04-10 12:48:49,371] {logging_mixin.py:109} INFO - [2023-04-10 12:48:49,371] {dag.py:2398} INFO - Sync 1 DAGs
[2023-04-10 12:48:49,388] {logging_mixin.py:109} INFO - [2023-04-10 12:48:49,388] {dag.py:2937} INFO - Setting next_dagrun for example_task_group to 2023-04-09T12:48:49.387962+00:00
[2023-04-10 12:48:49,398] {processor.py:171} INFO - Processing /home/airflow/.local/lib/python3.7/site-packages/airflow/example_dags/example_task_group.py took 0.076 seconds
[2023-04-10 12:49:20,004] {processor.py:163} INFO - Started process (PID=997) to work on /home/airflow/.local/lib/python3.7/site-packages/airflow/example_dags/example_task_group.py
[2023-04-10 12:49:20,005] {processor.py:642} INFO - Processing file /home/airflow/.local/lib/python3.7/site-packages/airflow/example_dags/example_task_group.py for tasks to queue
[2023-04-10 12:49:20,006] {logging_mixin.py:109} INFO - [2023-04-10 12:49:20,006] {dagbag.py:500} INFO - Filling up the DagBag from /home/airflow/.local/lib/python3.7/site-packages/airflow/example_dags/example_task_group.py
[2023-04-10 12:49:20,024] {processor.py:652} INFO - DAG(s) dict_keys(['example_task_group']) retrieved from /home/airflow/.local/lib/python3.7/site-packages/airflow/example_dags/example_task_group.py
[2023-04-10 12:49:20,047] {logging_mixin.py:109} INFO - [2023-04-10 12:49:20,047] {dag.py:2398} INFO - Sync 1 DAGs
[2023-04-10 12:49:20,066] {logging_mixin.py:109} INFO - [2023-04-10 12:49:20,066] {dag.py:2937} INFO - Setting next_dagrun for example_task_group to 2023-04-09T12:49:20.066111+00:00
[2023-04-10 12:49:20,169] {processor.py:171} INFO - Processing /home/airflow/.local/lib/python3.7/site-packages/airflow/example_dags/example_task_group.py took 0.168 seconds
[2023-04-10 12:49:51,179] {processor.py:163} INFO - Started process (PID=1059) to work on /home/airflow/.local/lib/python3.7/site-packages/airflow/example_dags/example_task_group.py
[2023-04-10 12:49:51,180] {processor.py:642} INFO - Processing file /home/airflow/.local/lib/python3.7/site-packages/airflow/example_dags/example_task_group.py for tasks to queue
[2023-04-10 12:49:51,181] {logging_mixin.py:109} INFO - [2023-04-10 12:49:51,181] {dagbag.py:500} INFO - Filling up the DagBag from /home/airflow/.local/lib/python3.7/site-packages/airflow/example_dags/example_task_group.py
[2023-04-10 12:49:51,196] {processor.py:652} INFO - DAG(s) dict_keys(['example_task_group']) retrieved from /home/airflow/.local/lib/python3.7/site-packages/airflow/example_dags/example_task_group.py
[2023-04-10 12:49:51,215] {logging_mixin.py:109} INFO - [2023-04-10 12:49:51,214] {dag.py:2398} INFO - Sync 1 DAGs
[2023-04-10 12:49:51,229] {logging_mixin.py:109} INFO - [2023-04-10 12:49:51,229] {dag.py:2937} INFO - Setting next_dagrun for example_task_group to 2023-04-09T12:49:51.229202+00:00
[2023-04-10 12:49:51,315] {processor.py:171} INFO - Processing /home/airflow/.local/lib/python3.7/site-packages/airflow/example_dags/example_task_group.py took 0.138 seconds
[2023-04-10 12:50:22,177] {processor.py:163} INFO - Started process (PID=1120) to work on /home/airflow/.local/lib/python3.7/site-packages/airflow/example_dags/example_task_group.py
[2023-04-10 12:50:22,179] {processor.py:642} INFO - Processing file /home/airflow/.local/lib/python3.7/site-packages/airflow/example_dags/example_task_group.py for tasks to queue
[2023-04-10 12:50:22,180] {logging_mixin.py:109} INFO - [2023-04-10 12:50:22,180] {dagbag.py:500} INFO - Filling up the DagBag from /home/airflow/.local/lib/python3.7/site-packages/airflow/example_dags/example_task_group.py
[2023-04-10 12:50:22,195] {processor.py:652} INFO - DAG(s) dict_keys(['example_task_group']) retrieved from /home/airflow/.local/lib/python3.7/site-packages/airflow/example_dags/example_task_group.py
[2023-04-10 12:50:22,214] {logging_mixin.py:109} INFO - [2023-04-10 12:50:22,214] {dag.py:2398} INFO - Sync 1 DAGs
[2023-04-10 12:50:22,308] {logging_mixin.py:109} INFO - [2023-04-10 12:50:22,308] {dag.py:2937} INFO - Setting next_dagrun for example_task_group to 2023-04-09T12:50:22.308356+00:00
[2023-04-10 12:50:22,318] {processor.py:171} INFO - Processing /home/airflow/.local/lib/python3.7/site-packages/airflow/example_dags/example_task_group.py took 0.144 seconds
[2023-04-10 12:50:52,645] {processor.py:163} INFO - Started process (PID=1171) to work on /home/airflow/.local/lib/python3.7/site-packages/airflow/example_dags/example_task_group.py
[2023-04-10 12:50:52,646] {processor.py:642} INFO - Processing file /home/airflow/.local/lib/python3.7/site-packages/airflow/example_dags/example_task_group.py for tasks to queue
[2023-04-10 12:50:52,647] {logging_mixin.py:109} INFO - [2023-04-10 12:50:52,647] {dagbag.py:500} INFO - Filling up the DagBag from /home/airflow/.local/lib/python3.7/site-packages/airflow/example_dags/example_task_group.py
[2023-04-10 12:50:52,659] {processor.py:652} INFO - DAG(s) dict_keys(['example_task_group']) retrieved from /home/airflow/.local/lib/python3.7/site-packages/airflow/example_dags/example_task_group.py
[2023-04-10 12:50:52,680] {logging_mixin.py:109} INFO - [2023-04-10 12:50:52,680] {dag.py:2398} INFO - Sync 1 DAGs
[2023-04-10 12:50:52,785] {logging_mixin.py:109} INFO - [2023-04-10 12:50:52,785] {dag.py:2937} INFO - Setting next_dagrun for example_task_group to 2023-04-09T12:50:52.784979+00:00
[2023-04-10 12:50:52,795] {processor.py:171} INFO - Processing /home/airflow/.local/lib/python3.7/site-packages/airflow/example_dags/example_task_group.py took 0.152 seconds
