[2023-04-10 12:45:04,513] {processor.py:163} INFO - Started process (PID=474) to work on /home/airflow/.local/lib/python3.7/site-packages/airflow/example_dags/example_external_task_marker_dag.py
[2023-04-10 12:45:04,515] {processor.py:642} INFO - Processing file /home/airflow/.local/lib/python3.7/site-packages/airflow/example_dags/example_external_task_marker_dag.py for tasks to queue
[2023-04-10 12:45:04,516] {logging_mixin.py:109} INFO - [2023-04-10 12:45:04,515] {dagbag.py:500} INFO - Filling up the DagBag from /home/airflow/.local/lib/python3.7/site-packages/airflow/example_dags/example_external_task_marker_dag.py
[2023-04-10 12:45:04,530] {processor.py:652} INFO - DAG(s) dict_keys(['example_external_task_marker_parent', 'example_external_task_marker_child']) retrieved from /home/airflow/.local/lib/python3.7/site-packages/airflow/example_dags/example_external_task_marker_dag.py
[2023-04-10 12:45:05,536] {logging_mixin.py:109} INFO - [2023-04-10 12:45:05,536] {providers_manager.py:702} WARNING - The field in_cluster from class KubernetesHook does not start with 'extra__'. Ignoring it.
[2023-04-10 12:45:05,537] {logging_mixin.py:109} INFO - [2023-04-10 12:45:05,537] {providers_manager.py:702} WARNING - The field kube_config_path from class KubernetesHook does not start with 'extra__'. Ignoring it.
[2023-04-10 12:45:05,537] {logging_mixin.py:109} INFO - [2023-04-10 12:45:05,537] {providers_manager.py:702} WARNING - The field kube_config from class KubernetesHook does not start with 'extra__'. Ignoring it.
[2023-04-10 12:45:05,538] {logging_mixin.py:109} INFO - [2023-04-10 12:45:05,538] {providers_manager.py:702} WARNING - The field namespace from class KubernetesHook does not start with 'extra__'. Ignoring it.
[2023-04-10 12:45:05,538] {logging_mixin.py:109} INFO - [2023-04-10 12:45:05,538] {providers_manager.py:702} WARNING - The field cluster_context from class KubernetesHook does not start with 'extra__'. Ignoring it.
[2023-04-10 12:45:05,538] {logging_mixin.py:109} INFO - [2023-04-10 12:45:05,538] {providers_manager.py:702} WARNING - The field disable_verify_ssl from class KubernetesHook does not start with 'extra__'. Ignoring it.
[2023-04-10 12:45:05,539] {logging_mixin.py:109} INFO - [2023-04-10 12:45:05,539] {providers_manager.py:702} WARNING - The field disable_tcp_keepalive from class KubernetesHook does not start with 'extra__'. Ignoring it.
[2023-04-10 12:45:05,539] {logging_mixin.py:109} INFO - [2023-04-10 12:45:05,539] {providers_manager.py:702} WARNING - The field xcom_sidecar_container_image from class KubernetesHook does not start with 'extra__'. Ignoring it.
[2023-04-10 12:45:05,591] {logging_mixin.py:109} INFO - [2023-04-10 12:45:05,591] {providers_manager.py:702} WARNING - The field reauth from class DockerHook does not start with 'extra__'. Ignoring it.
[2023-04-10 12:45:05,591] {logging_mixin.py:109} INFO - [2023-04-10 12:45:05,591] {providers_manager.py:702} WARNING - The field email from class DockerHook does not start with 'extra__'. Ignoring it.
[2023-04-10 12:45:06,031] {logging_mixin.py:109} INFO - [2023-04-10 12:45:06,030] {providers_manager.py:702} WARNING - The field project from class GoogleBaseHook does not start with 'extra__'. Ignoring it.
[2023-04-10 12:45:06,031] {logging_mixin.py:109} INFO - [2023-04-10 12:45:06,031] {providers_manager.py:702} WARNING - The field key_path from class GoogleBaseHook does not start with 'extra__'. Ignoring it.
[2023-04-10 12:45:06,031] {logging_mixin.py:109} INFO - [2023-04-10 12:45:06,031] {providers_manager.py:702} WARNING - The field keyfile_dict from class GoogleBaseHook does not start with 'extra__'. Ignoring it.
[2023-04-10 12:45:06,032] {logging_mixin.py:109} INFO - [2023-04-10 12:45:06,032] {providers_manager.py:702} WARNING - The field scope from class GoogleBaseHook does not start with 'extra__'. Ignoring it.
[2023-04-10 12:45:06,032] {logging_mixin.py:109} INFO - [2023-04-10 12:45:06,032] {providers_manager.py:702} WARNING - The field key_secret_name from class GoogleBaseHook does not start with 'extra__'. Ignoring it.
[2023-04-10 12:45:06,033] {logging_mixin.py:109} INFO - [2023-04-10 12:45:06,033] {providers_manager.py:702} WARNING - The field key_secret_project_id from class GoogleBaseHook does not start with 'extra__'. Ignoring it.
[2023-04-10 12:45:06,033] {logging_mixin.py:109} INFO - [2023-04-10 12:45:06,033] {providers_manager.py:702} WARNING - The field num_retries from class GoogleBaseHook does not start with 'extra__'. Ignoring it.
[2023-04-10 12:45:06,818] {logging_mixin.py:109} INFO - [2023-04-10 12:45:06,818] {providers_manager.py:702} WARNING - The field auth_type from class GrpcHook does not start with 'extra__'. Ignoring it.
[2023-04-10 12:45:06,818] {logging_mixin.py:109} INFO - [2023-04-10 12:45:06,818] {providers_manager.py:702} WARNING - The field credential_pem_file from class GrpcHook does not start with 'extra__'. Ignoring it.
[2023-04-10 12:45:06,819] {logging_mixin.py:109} INFO - [2023-04-10 12:45:06,819] {providers_manager.py:702} WARNING - The field scopes from class GrpcHook does not start with 'extra__'. Ignoring it.
[2023-04-10 12:45:06,884] {logging_mixin.py:109} INFO - [2023-04-10 12:45:06,884] {providers_manager.py:702} WARNING - The field tenant from class AzureDataExplorerHook does not start with 'extra__'. Ignoring it.
[2023-04-10 12:45:06,885] {logging_mixin.py:109} INFO - [2023-04-10 12:45:06,884] {providers_manager.py:702} WARNING - The field auth_method from class AzureDataExplorerHook does not start with 'extra__'. Ignoring it.
[2023-04-10 12:45:06,885] {logging_mixin.py:109} INFO - [2023-04-10 12:45:06,885] {providers_manager.py:702} WARNING - The field certificate from class AzureDataExplorerHook does not start with 'extra__'. Ignoring it.
[2023-04-10 12:45:06,885] {logging_mixin.py:109} INFO - [2023-04-10 12:45:06,885] {providers_manager.py:702} WARNING - The field thumbprint from class AzureDataExplorerHook does not start with 'extra__'. Ignoring it.
[2023-04-10 12:45:06,902] {logging_mixin.py:109} INFO - [2023-04-10 12:45:06,902] {providers_manager.py:702} WARNING - The field account_url from class AzureBatchHook does not start with 'extra__'. Ignoring it.
[2023-04-10 12:45:06,916] {logging_mixin.py:109} INFO - [2023-04-10 12:45:06,916] {providers_manager.py:702} WARNING - The field database_name from class AzureCosmosDBHook does not start with 'extra__'. Ignoring it.
[2023-04-10 12:45:06,916] {logging_mixin.py:109} INFO - [2023-04-10 12:45:06,916] {providers_manager.py:702} WARNING - The field collection_name from class AzureCosmosDBHook does not start with 'extra__'. Ignoring it.
[2023-04-10 12:45:06,964] {logging_mixin.py:109} INFO - [2023-04-10 12:45:06,963] {providers_manager.py:702} WARNING - The field sas_token from class AzureFileShareHook does not start with 'extra__'. Ignoring it.
[2023-04-10 12:45:06,964] {logging_mixin.py:109} INFO - [2023-04-10 12:45:06,964] {providers_manager.py:702} WARNING - The field connection_string from class AzureFileShareHook does not start with 'extra__'. Ignoring it.
[2023-04-10 12:45:06,964] {logging_mixin.py:109} INFO - [2023-04-10 12:45:06,964] {providers_manager.py:702} WARNING - The field protocol from class AzureFileShareHook does not start with 'extra__'. Ignoring it.
[2023-04-10 12:45:06,978] {logging_mixin.py:109} INFO - [2023-04-10 12:45:06,978] {providers_manager.py:702} WARNING - The field connection_string from class AzureContainerVolumeHook does not start with 'extra__'. Ignoring it.
[2023-04-10 12:45:07,055] {logging_mixin.py:109} INFO - [2023-04-10 12:45:07,055] {providers_manager.py:702} WARNING - The field tenantId from class AzureDataFactoryHook does not start with 'extra__'. Ignoring it.
[2023-04-10 12:45:07,055] {logging_mixin.py:109} INFO - [2023-04-10 12:45:07,055] {providers_manager.py:702} WARNING - The field subscriptionId from class AzureDataFactoryHook does not start with 'extra__'. Ignoring it.
[2023-04-10 12:45:07,056] {logging_mixin.py:109} INFO - [2023-04-10 12:45:07,056] {providers_manager.py:702} WARNING - The field resource_group_name from class AzureDataFactoryHook does not start with 'extra__'. Ignoring it.
[2023-04-10 12:45:07,056] {logging_mixin.py:109} INFO - [2023-04-10 12:45:07,056] {providers_manager.py:702} WARNING - The field factory_name from class AzureDataFactoryHook does not start with 'extra__'. Ignoring it.
[2023-04-10 12:45:07,099] {logging_mixin.py:109} INFO - [2023-04-10 12:45:07,099] {providers_manager.py:702} WARNING - The field tenantId from class AzureSynapseHook does not start with 'extra__'. Ignoring it.
[2023-04-10 12:45:07,100] {logging_mixin.py:109} INFO - [2023-04-10 12:45:07,100] {providers_manager.py:702} WARNING - The field subscriptionId from class AzureSynapseHook does not start with 'extra__'. Ignoring it.
[2023-04-10 12:45:07,161] {logging_mixin.py:109} WARNING - /home/airflow/.local/lib/python3.7/site-packages/snowflake/connector/options.py:99 UserWarning: You have an incompatible version of 'pyarrow' installed (9.0.0), please install a version that adheres to: 'pyarrow<6.1.0,>=6.0.0; extra == "pandas"'
[2023-04-10 12:45:07,401] {logging_mixin.py:109} INFO - [2023-04-10 12:45:07,401] {providers_manager.py:702} WARNING - The field in_cluster from class KubernetesHook does not start with 'extra__'. Ignoring it.
[2023-04-10 12:45:07,402] {logging_mixin.py:109} INFO - [2023-04-10 12:45:07,402] {providers_manager.py:702} WARNING - The field kube_config_path from class KubernetesHook does not start with 'extra__'. Ignoring it.
[2023-04-10 12:45:07,402] {logging_mixin.py:109} INFO - [2023-04-10 12:45:07,402] {providers_manager.py:702} WARNING - The field kube_config from class KubernetesHook does not start with 'extra__'. Ignoring it.
[2023-04-10 12:45:07,402] {logging_mixin.py:109} INFO - [2023-04-10 12:45:07,402] {providers_manager.py:702} WARNING - The field namespace from class KubernetesHook does not start with 'extra__'. Ignoring it.
[2023-04-10 12:45:07,403] {logging_mixin.py:109} INFO - [2023-04-10 12:45:07,403] {providers_manager.py:702} WARNING - The field cluster_context from class KubernetesHook does not start with 'extra__'. Ignoring it.
[2023-04-10 12:45:07,403] {logging_mixin.py:109} INFO - [2023-04-10 12:45:07,403] {providers_manager.py:702} WARNING - The field disable_verify_ssl from class KubernetesHook does not start with 'extra__'. Ignoring it.
[2023-04-10 12:45:07,403] {logging_mixin.py:109} INFO - [2023-04-10 12:45:07,403] {providers_manager.py:702} WARNING - The field disable_tcp_keepalive from class KubernetesHook does not start with 'extra__'. Ignoring it.
[2023-04-10 12:45:07,404] {logging_mixin.py:109} INFO - [2023-04-10 12:45:07,404] {providers_manager.py:702} WARNING - The field xcom_sidecar_container_image from class KubernetesHook does not start with 'extra__'. Ignoring it.
[2023-04-10 12:45:07,404] {logging_mixin.py:109} INFO - [2023-04-10 12:45:07,404] {providers_manager.py:702} WARNING - The field reauth from class DockerHook does not start with 'extra__'. Ignoring it.
[2023-04-10 12:45:07,405] {logging_mixin.py:109} INFO - [2023-04-10 12:45:07,405] {providers_manager.py:702} WARNING - The field email from class DockerHook does not start with 'extra__'. Ignoring it.
[2023-04-10 12:45:07,405] {logging_mixin.py:109} INFO - [2023-04-10 12:45:07,405] {providers_manager.py:702} WARNING - The field project from class GoogleBaseHook does not start with 'extra__'. Ignoring it.
[2023-04-10 12:45:07,406] {logging_mixin.py:109} INFO - [2023-04-10 12:45:07,406] {providers_manager.py:702} WARNING - The field key_path from class GoogleBaseHook does not start with 'extra__'. Ignoring it.
[2023-04-10 12:45:07,406] {logging_mixin.py:109} INFO - [2023-04-10 12:45:07,406] {providers_manager.py:702} WARNING - The field keyfile_dict from class GoogleBaseHook does not start with 'extra__'. Ignoring it.
[2023-04-10 12:45:07,407] {logging_mixin.py:109} INFO - [2023-04-10 12:45:07,407] {providers_manager.py:702} WARNING - The field scope from class GoogleBaseHook does not start with 'extra__'. Ignoring it.
[2023-04-10 12:45:07,407] {logging_mixin.py:109} INFO - [2023-04-10 12:45:07,407] {providers_manager.py:702} WARNING - The field key_secret_name from class GoogleBaseHook does not start with 'extra__'. Ignoring it.
[2023-04-10 12:45:07,407] {logging_mixin.py:109} INFO - [2023-04-10 12:45:07,407] {providers_manager.py:702} WARNING - The field key_secret_project_id from class GoogleBaseHook does not start with 'extra__'. Ignoring it.
[2023-04-10 12:45:07,408] {logging_mixin.py:109} INFO - [2023-04-10 12:45:07,408] {providers_manager.py:702} WARNING - The field num_retries from class GoogleBaseHook does not start with 'extra__'. Ignoring it.
[2023-04-10 12:45:07,409] {logging_mixin.py:109} INFO - [2023-04-10 12:45:07,409] {providers_manager.py:702} WARNING - The field auth_type from class GrpcHook does not start with 'extra__'. Ignoring it.
[2023-04-10 12:45:07,410] {logging_mixin.py:109} INFO - [2023-04-10 12:45:07,410] {providers_manager.py:702} WARNING - The field credential_pem_file from class GrpcHook does not start with 'extra__'. Ignoring it.
[2023-04-10 12:45:07,410] {logging_mixin.py:109} INFO - [2023-04-10 12:45:07,410] {providers_manager.py:702} WARNING - The field scopes from class GrpcHook does not start with 'extra__'. Ignoring it.
[2023-04-10 12:45:07,411] {logging_mixin.py:109} INFO - [2023-04-10 12:45:07,411] {providers_manager.py:702} WARNING - The field tenant from class AzureDataExplorerHook does not start with 'extra__'. Ignoring it.
[2023-04-10 12:45:07,411] {logging_mixin.py:109} INFO - [2023-04-10 12:45:07,411] {providers_manager.py:702} WARNING - The field auth_method from class AzureDataExplorerHook does not start with 'extra__'. Ignoring it.
[2023-04-10 12:45:07,412] {logging_mixin.py:109} INFO - [2023-04-10 12:45:07,412] {providers_manager.py:702} WARNING - The field certificate from class AzureDataExplorerHook does not start with 'extra__'. Ignoring it.
[2023-04-10 12:45:07,412] {logging_mixin.py:109} INFO - [2023-04-10 12:45:07,412] {providers_manager.py:702} WARNING - The field thumbprint from class AzureDataExplorerHook does not start with 'extra__'. Ignoring it.
[2023-04-10 12:45:07,413] {logging_mixin.py:109} INFO - [2023-04-10 12:45:07,413] {providers_manager.py:702} WARNING - The field account_url from class AzureBatchHook does not start with 'extra__'. Ignoring it.
[2023-04-10 12:45:07,413] {logging_mixin.py:109} INFO - [2023-04-10 12:45:07,413] {providers_manager.py:702} WARNING - The field database_name from class AzureCosmosDBHook does not start with 'extra__'. Ignoring it.
[2023-04-10 12:45:07,413] {logging_mixin.py:109} INFO - [2023-04-10 12:45:07,413] {providers_manager.py:702} WARNING - The field collection_name from class AzureCosmosDBHook does not start with 'extra__'. Ignoring it.
[2023-04-10 12:45:07,416] {logging_mixin.py:109} INFO - [2023-04-10 12:45:07,416] {providers_manager.py:702} WARNING - The field sas_token from class AzureFileShareHook does not start with 'extra__'. Ignoring it.
[2023-04-10 12:45:07,416] {logging_mixin.py:109} INFO - [2023-04-10 12:45:07,416] {providers_manager.py:702} WARNING - The field connection_string from class AzureFileShareHook does not start with 'extra__'. Ignoring it.
[2023-04-10 12:45:07,417] {logging_mixin.py:109} INFO - [2023-04-10 12:45:07,417] {providers_manager.py:702} WARNING - The field protocol from class AzureFileShareHook does not start with 'extra__'. Ignoring it.
[2023-04-10 12:45:07,417] {logging_mixin.py:109} INFO - [2023-04-10 12:45:07,417] {providers_manager.py:702} WARNING - The field connection_string from class AzureContainerVolumeHook does not start with 'extra__'. Ignoring it.
[2023-04-10 12:45:07,419] {logging_mixin.py:109} INFO - [2023-04-10 12:45:07,419] {providers_manager.py:702} WARNING - The field tenantId from class AzureDataFactoryHook does not start with 'extra__'. Ignoring it.
[2023-04-10 12:45:07,419] {logging_mixin.py:109} INFO - [2023-04-10 12:45:07,419] {providers_manager.py:702} WARNING - The field subscriptionId from class AzureDataFactoryHook does not start with 'extra__'. Ignoring it.
[2023-04-10 12:45:07,420] {logging_mixin.py:109} INFO - [2023-04-10 12:45:07,420] {providers_manager.py:702} WARNING - The field resource_group_name from class AzureDataFactoryHook does not start with 'extra__'. Ignoring it.
[2023-04-10 12:45:07,420] {logging_mixin.py:109} INFO - [2023-04-10 12:45:07,420] {providers_manager.py:702} WARNING - The field factory_name from class AzureDataFactoryHook does not start with 'extra__'. Ignoring it.
[2023-04-10 12:45:07,421] {logging_mixin.py:109} INFO - [2023-04-10 12:45:07,421] {providers_manager.py:702} WARNING - The field tenantId from class AzureSynapseHook does not start with 'extra__'. Ignoring it.
[2023-04-10 12:45:07,421] {logging_mixin.py:109} INFO - [2023-04-10 12:45:07,421] {providers_manager.py:702} WARNING - The field subscriptionId from class AzureSynapseHook does not start with 'extra__'. Ignoring it.
[2023-04-10 12:45:07,452] {logging_mixin.py:109} INFO - [2023-04-10 12:45:07,452] {manager.py:496} INFO - Created Permission View: can edit on DAG:example_external_task_marker_parent
[2023-04-10 12:45:07,463] {logging_mixin.py:109} INFO - [2023-04-10 12:45:07,463] {manager.py:496} INFO - Created Permission View: can read on DAG:example_external_task_marker_parent
[2023-04-10 12:45:07,607] {logging_mixin.py:109} INFO - [2023-04-10 12:45:07,606] {manager.py:496} INFO - Created Permission View: can edit on DAG:example_external_task_marker_child
[2023-04-10 12:45:07,616] {logging_mixin.py:109} INFO - [2023-04-10 12:45:07,616] {manager.py:496} INFO - Created Permission View: can read on DAG:example_external_task_marker_child
[2023-04-10 12:45:07,617] {logging_mixin.py:109} INFO - [2023-04-10 12:45:07,616] {dag.py:2398} INFO - Sync 2 DAGs
[2023-04-10 12:45:07,623] {logging_mixin.py:109} INFO - [2023-04-10 12:45:07,623] {dag.py:2417} INFO - Creating ORM DAG for example_external_task_marker_parent
[2023-04-10 12:45:07,624] {logging_mixin.py:109} INFO - [2023-04-10 12:45:07,624] {dag.py:2417} INFO - Creating ORM DAG for example_external_task_marker_child
[2023-04-10 12:45:07,632] {logging_mixin.py:109} INFO - [2023-04-10 12:45:07,632] {dag.py:2937} INFO - Setting next_dagrun for example_external_task_marker_child to None
[2023-04-10 12:45:07,632] {logging_mixin.py:109} INFO - [2023-04-10 12:45:07,632] {dag.py:2937} INFO - Setting next_dagrun for example_external_task_marker_parent to None
[2023-04-10 12:45:07,647] {processor.py:171} INFO - Processing /home/airflow/.local/lib/python3.7/site-packages/airflow/example_dags/example_external_task_marker_dag.py took 3.136 seconds
[2023-04-10 12:45:37,691] {processor.py:163} INFO - Started process (PID=578) to work on /home/airflow/.local/lib/python3.7/site-packages/airflow/example_dags/example_external_task_marker_dag.py
[2023-04-10 12:45:37,693] {processor.py:642} INFO - Processing file /home/airflow/.local/lib/python3.7/site-packages/airflow/example_dags/example_external_task_marker_dag.py for tasks to queue
[2023-04-10 12:45:37,694] {logging_mixin.py:109} INFO - [2023-04-10 12:45:37,694] {dagbag.py:500} INFO - Filling up the DagBag from /home/airflow/.local/lib/python3.7/site-packages/airflow/example_dags/example_external_task_marker_dag.py
[2023-04-10 12:45:37,711] {processor.py:652} INFO - DAG(s) dict_keys(['example_external_task_marker_parent', 'example_external_task_marker_child']) retrieved from /home/airflow/.local/lib/python3.7/site-packages/airflow/example_dags/example_external_task_marker_dag.py
[2023-04-10 12:45:37,743] {logging_mixin.py:109} INFO - [2023-04-10 12:45:37,743] {dag.py:2398} INFO - Sync 2 DAGs
[2023-04-10 12:45:37,759] {logging_mixin.py:109} INFO - [2023-04-10 12:45:37,759] {dag.py:2937} INFO - Setting next_dagrun for example_external_task_marker_child to None
[2023-04-10 12:45:37,760] {logging_mixin.py:109} INFO - [2023-04-10 12:45:37,759] {dag.py:2937} INFO - Setting next_dagrun for example_external_task_marker_parent to None
[2023-04-10 12:45:37,771] {processor.py:171} INFO - Processing /home/airflow/.local/lib/python3.7/site-packages/airflow/example_dags/example_external_task_marker_dag.py took 0.084 seconds
[2023-04-10 12:46:07,806] {processor.py:163} INFO - Started process (PID=638) to work on /home/airflow/.local/lib/python3.7/site-packages/airflow/example_dags/example_external_task_marker_dag.py
[2023-04-10 12:46:07,808] {processor.py:642} INFO - Processing file /home/airflow/.local/lib/python3.7/site-packages/airflow/example_dags/example_external_task_marker_dag.py for tasks to queue
[2023-04-10 12:46:07,809] {logging_mixin.py:109} INFO - [2023-04-10 12:46:07,809] {dagbag.py:500} INFO - Filling up the DagBag from /home/airflow/.local/lib/python3.7/site-packages/airflow/example_dags/example_external_task_marker_dag.py
[2023-04-10 12:46:07,822] {processor.py:652} INFO - DAG(s) dict_keys(['example_external_task_marker_parent', 'example_external_task_marker_child']) retrieved from /home/airflow/.local/lib/python3.7/site-packages/airflow/example_dags/example_external_task_marker_dag.py
[2023-04-10 12:46:07,844] {logging_mixin.py:109} INFO - [2023-04-10 12:46:07,844] {dag.py:2398} INFO - Sync 2 DAGs
[2023-04-10 12:46:07,858] {logging_mixin.py:109} INFO - [2023-04-10 12:46:07,858] {dag.py:2937} INFO - Setting next_dagrun for example_external_task_marker_child to None
[2023-04-10 12:46:07,859] {logging_mixin.py:109} INFO - [2023-04-10 12:46:07,859] {dag.py:2937} INFO - Setting next_dagrun for example_external_task_marker_parent to None
[2023-04-10 12:46:07,870] {processor.py:171} INFO - Processing /home/airflow/.local/lib/python3.7/site-packages/airflow/example_dags/example_external_task_marker_dag.py took 0.066 seconds
[2023-04-10 12:46:38,479] {processor.py:163} INFO - Started process (PID=692) to work on /home/airflow/.local/lib/python3.7/site-packages/airflow/example_dags/example_external_task_marker_dag.py
[2023-04-10 12:46:38,480] {processor.py:642} INFO - Processing file /home/airflow/.local/lib/python3.7/site-packages/airflow/example_dags/example_external_task_marker_dag.py for tasks to queue
[2023-04-10 12:46:38,481] {logging_mixin.py:109} INFO - [2023-04-10 12:46:38,481] {dagbag.py:500} INFO - Filling up the DagBag from /home/airflow/.local/lib/python3.7/site-packages/airflow/example_dags/example_external_task_marker_dag.py
[2023-04-10 12:46:38,493] {processor.py:652} INFO - DAG(s) dict_keys(['example_external_task_marker_parent', 'example_external_task_marker_child']) retrieved from /home/airflow/.local/lib/python3.7/site-packages/airflow/example_dags/example_external_task_marker_dag.py
[2023-04-10 12:46:38,517] {logging_mixin.py:109} INFO - [2023-04-10 12:46:38,517] {dag.py:2398} INFO - Sync 2 DAGs
[2023-04-10 12:46:38,531] {logging_mixin.py:109} INFO - [2023-04-10 12:46:38,531] {dag.py:2937} INFO - Setting next_dagrun for example_external_task_marker_child to None
[2023-04-10 12:46:38,531] {logging_mixin.py:109} INFO - [2023-04-10 12:46:38,531] {dag.py:2937} INFO - Setting next_dagrun for example_external_task_marker_parent to None
[2023-04-10 12:46:38,541] {processor.py:171} INFO - Processing /home/airflow/.local/lib/python3.7/site-packages/airflow/example_dags/example_external_task_marker_dag.py took 0.065 seconds
[2023-04-10 12:47:08,771] {processor.py:163} INFO - Started process (PID=754) to work on /home/airflow/.local/lib/python3.7/site-packages/airflow/example_dags/example_external_task_marker_dag.py
[2023-04-10 12:47:08,772] {processor.py:642} INFO - Processing file /home/airflow/.local/lib/python3.7/site-packages/airflow/example_dags/example_external_task_marker_dag.py for tasks to queue
[2023-04-10 12:47:08,774] {logging_mixin.py:109} INFO - [2023-04-10 12:47:08,773] {dagbag.py:500} INFO - Filling up the DagBag from /home/airflow/.local/lib/python3.7/site-packages/airflow/example_dags/example_external_task_marker_dag.py
[2023-04-10 12:47:08,786] {processor.py:652} INFO - DAG(s) dict_keys(['example_external_task_marker_parent', 'example_external_task_marker_child']) retrieved from /home/airflow/.local/lib/python3.7/site-packages/airflow/example_dags/example_external_task_marker_dag.py
[2023-04-10 12:47:08,811] {logging_mixin.py:109} INFO - [2023-04-10 12:47:08,811] {dag.py:2398} INFO - Sync 2 DAGs
[2023-04-10 12:47:08,830] {logging_mixin.py:109} INFO - [2023-04-10 12:47:08,830] {dag.py:2937} INFO - Setting next_dagrun for example_external_task_marker_child to None
[2023-04-10 12:47:08,830] {logging_mixin.py:109} INFO - [2023-04-10 12:47:08,830] {dag.py:2937} INFO - Setting next_dagrun for example_external_task_marker_parent to None
[2023-04-10 12:47:08,843] {processor.py:171} INFO - Processing /home/airflow/.local/lib/python3.7/site-packages/airflow/example_dags/example_external_task_marker_dag.py took 0.074 seconds
[2023-04-10 12:47:39,331] {processor.py:163} INFO - Started process (PID=806) to work on /home/airflow/.local/lib/python3.7/site-packages/airflow/example_dags/example_external_task_marker_dag.py
[2023-04-10 12:47:39,332] {processor.py:642} INFO - Processing file /home/airflow/.local/lib/python3.7/site-packages/airflow/example_dags/example_external_task_marker_dag.py for tasks to queue
[2023-04-10 12:47:39,333] {logging_mixin.py:109} INFO - [2023-04-10 12:47:39,333] {dagbag.py:500} INFO - Filling up the DagBag from /home/airflow/.local/lib/python3.7/site-packages/airflow/example_dags/example_external_task_marker_dag.py
[2023-04-10 12:47:39,348] {processor.py:652} INFO - DAG(s) dict_keys(['example_external_task_marker_parent', 'example_external_task_marker_child']) retrieved from /home/airflow/.local/lib/python3.7/site-packages/airflow/example_dags/example_external_task_marker_dag.py
[2023-04-10 12:47:39,377] {logging_mixin.py:109} INFO - [2023-04-10 12:47:39,377] {dag.py:2398} INFO - Sync 2 DAGs
[2023-04-10 12:47:39,398] {logging_mixin.py:109} INFO - [2023-04-10 12:47:39,398] {dag.py:2937} INFO - Setting next_dagrun for example_external_task_marker_child to None
[2023-04-10 12:47:39,398] {logging_mixin.py:109} INFO - [2023-04-10 12:47:39,398] {dag.py:2937} INFO - Setting next_dagrun for example_external_task_marker_parent to None
[2023-04-10 12:47:39,413] {processor.py:171} INFO - Processing /home/airflow/.local/lib/python3.7/site-packages/airflow/example_dags/example_external_task_marker_dag.py took 0.087 seconds
[2023-04-10 12:48:09,721] {processor.py:163} INFO - Started process (PID=868) to work on /home/airflow/.local/lib/python3.7/site-packages/airflow/example_dags/example_external_task_marker_dag.py
[2023-04-10 12:48:09,722] {processor.py:642} INFO - Processing file /home/airflow/.local/lib/python3.7/site-packages/airflow/example_dags/example_external_task_marker_dag.py for tasks to queue
[2023-04-10 12:48:09,723] {logging_mixin.py:109} INFO - [2023-04-10 12:48:09,723] {dagbag.py:500} INFO - Filling up the DagBag from /home/airflow/.local/lib/python3.7/site-packages/airflow/example_dags/example_external_task_marker_dag.py
[2023-04-10 12:48:09,739] {processor.py:652} INFO - DAG(s) dict_keys(['example_external_task_marker_parent', 'example_external_task_marker_child']) retrieved from /home/airflow/.local/lib/python3.7/site-packages/airflow/example_dags/example_external_task_marker_dag.py
[2023-04-10 12:48:09,771] {logging_mixin.py:109} INFO - [2023-04-10 12:48:09,771] {dag.py:2398} INFO - Sync 2 DAGs
[2023-04-10 12:48:09,789] {logging_mixin.py:109} INFO - [2023-04-10 12:48:09,789] {dag.py:2937} INFO - Setting next_dagrun for example_external_task_marker_child to None
[2023-04-10 12:48:09,790] {logging_mixin.py:109} INFO - [2023-04-10 12:48:09,790] {dag.py:2937} INFO - Setting next_dagrun for example_external_task_marker_parent to None
[2023-04-10 12:48:09,806] {processor.py:171} INFO - Processing /home/airflow/.local/lib/python3.7/site-packages/airflow/example_dags/example_external_task_marker_dag.py took 0.088 seconds
[2023-04-10 12:48:39,843] {processor.py:163} INFO - Started process (PID=919) to work on /home/airflow/.local/lib/python3.7/site-packages/airflow/example_dags/example_external_task_marker_dag.py
[2023-04-10 12:48:39,845] {processor.py:642} INFO - Processing file /home/airflow/.local/lib/python3.7/site-packages/airflow/example_dags/example_external_task_marker_dag.py for tasks to queue
[2023-04-10 12:48:39,847] {logging_mixin.py:109} INFO - [2023-04-10 12:48:39,846] {dagbag.py:500} INFO - Filling up the DagBag from /home/airflow/.local/lib/python3.7/site-packages/airflow/example_dags/example_external_task_marker_dag.py
[2023-04-10 12:48:39,867] {processor.py:652} INFO - DAG(s) dict_keys(['example_external_task_marker_parent', 'example_external_task_marker_child']) retrieved from /home/airflow/.local/lib/python3.7/site-packages/airflow/example_dags/example_external_task_marker_dag.py
[2023-04-10 12:48:39,888] {logging_mixin.py:109} INFO - [2023-04-10 12:48:39,888] {dag.py:2398} INFO - Sync 2 DAGs
[2023-04-10 12:48:39,904] {logging_mixin.py:109} INFO - [2023-04-10 12:48:39,903] {dag.py:2937} INFO - Setting next_dagrun for example_external_task_marker_child to None
[2023-04-10 12:48:39,904] {logging_mixin.py:109} INFO - [2023-04-10 12:48:39,904] {dag.py:2937} INFO - Setting next_dagrun for example_external_task_marker_parent to None
[2023-04-10 12:48:39,915] {processor.py:171} INFO - Processing /home/airflow/.local/lib/python3.7/site-packages/airflow/example_dags/example_external_task_marker_dag.py took 0.076 seconds
[2023-04-10 12:49:10,313] {processor.py:163} INFO - Started process (PID=981) to work on /home/airflow/.local/lib/python3.7/site-packages/airflow/example_dags/example_external_task_marker_dag.py
[2023-04-10 12:49:10,316] {processor.py:642} INFO - Processing file /home/airflow/.local/lib/python3.7/site-packages/airflow/example_dags/example_external_task_marker_dag.py for tasks to queue
[2023-04-10 12:49:10,319] {logging_mixin.py:109} INFO - [2023-04-10 12:49:10,318] {dagbag.py:500} INFO - Filling up the DagBag from /home/airflow/.local/lib/python3.7/site-packages/airflow/example_dags/example_external_task_marker_dag.py
[2023-04-10 12:49:10,341] {processor.py:652} INFO - DAG(s) dict_keys(['example_external_task_marker_parent', 'example_external_task_marker_child']) retrieved from /home/airflow/.local/lib/python3.7/site-packages/airflow/example_dags/example_external_task_marker_dag.py
[2023-04-10 12:49:10,364] {logging_mixin.py:109} INFO - [2023-04-10 12:49:10,364] {dag.py:2398} INFO - Sync 2 DAGs
[2023-04-10 12:49:10,381] {logging_mixin.py:109} INFO - [2023-04-10 12:49:10,381] {dag.py:2937} INFO - Setting next_dagrun for example_external_task_marker_child to None
[2023-04-10 12:49:10,381] {logging_mixin.py:109} INFO - [2023-04-10 12:49:10,381] {dag.py:2937} INFO - Setting next_dagrun for example_external_task_marker_parent to None
[2023-04-10 12:49:10,393] {processor.py:171} INFO - Processing /home/airflow/.local/lib/python3.7/site-packages/airflow/example_dags/example_external_task_marker_dag.py took 0.087 seconds
[2023-04-10 12:49:40,504] {processor.py:163} INFO - Started process (PID=1032) to work on /home/airflow/.local/lib/python3.7/site-packages/airflow/example_dags/example_external_task_marker_dag.py
[2023-04-10 12:49:40,505] {processor.py:642} INFO - Processing file /home/airflow/.local/lib/python3.7/site-packages/airflow/example_dags/example_external_task_marker_dag.py for tasks to queue
[2023-04-10 12:49:40,507] {logging_mixin.py:109} INFO - [2023-04-10 12:49:40,506] {dagbag.py:500} INFO - Filling up the DagBag from /home/airflow/.local/lib/python3.7/site-packages/airflow/example_dags/example_external_task_marker_dag.py
[2023-04-10 12:49:40,518] {processor.py:652} INFO - DAG(s) dict_keys(['example_external_task_marker_parent', 'example_external_task_marker_child']) retrieved from /home/airflow/.local/lib/python3.7/site-packages/airflow/example_dags/example_external_task_marker_dag.py
[2023-04-10 12:49:40,541] {logging_mixin.py:109} INFO - [2023-04-10 12:49:40,541] {dag.py:2398} INFO - Sync 2 DAGs
[2023-04-10 12:49:40,557] {logging_mixin.py:109} INFO - [2023-04-10 12:49:40,557] {dag.py:2937} INFO - Setting next_dagrun for example_external_task_marker_child to None
[2023-04-10 12:49:40,558] {logging_mixin.py:109} INFO - [2023-04-10 12:49:40,558] {dag.py:2937} INFO - Setting next_dagrun for example_external_task_marker_parent to None
[2023-04-10 12:49:40,654] {processor.py:171} INFO - Processing /home/airflow/.local/lib/python3.7/site-packages/airflow/example_dags/example_external_task_marker_dag.py took 0.153 seconds
[2023-04-10 12:50:10,756] {processor.py:163} INFO - Started process (PID=1093) to work on /home/airflow/.local/lib/python3.7/site-packages/airflow/example_dags/example_external_task_marker_dag.py
[2023-04-10 12:50:10,757] {processor.py:642} INFO - Processing file /home/airflow/.local/lib/python3.7/site-packages/airflow/example_dags/example_external_task_marker_dag.py for tasks to queue
[2023-04-10 12:50:10,758] {logging_mixin.py:109} INFO - [2023-04-10 12:50:10,758] {dagbag.py:500} INFO - Filling up the DagBag from /home/airflow/.local/lib/python3.7/site-packages/airflow/example_dags/example_external_task_marker_dag.py
[2023-04-10 12:50:10,771] {processor.py:652} INFO - DAG(s) dict_keys(['example_external_task_marker_parent', 'example_external_task_marker_child']) retrieved from /home/airflow/.local/lib/python3.7/site-packages/airflow/example_dags/example_external_task_marker_dag.py
[2023-04-10 12:50:10,795] {logging_mixin.py:109} INFO - [2023-04-10 12:50:10,795] {dag.py:2398} INFO - Sync 2 DAGs
[2023-04-10 12:50:10,892] {logging_mixin.py:109} INFO - [2023-04-10 12:50:10,892] {dag.py:2937} INFO - Setting next_dagrun for example_external_task_marker_child to None
[2023-04-10 12:50:10,892] {logging_mixin.py:109} INFO - [2023-04-10 12:50:10,892] {dag.py:2937} INFO - Setting next_dagrun for example_external_task_marker_parent to None
[2023-04-10 12:50:10,902] {processor.py:171} INFO - Processing /home/airflow/.local/lib/python3.7/site-packages/airflow/example_dags/example_external_task_marker_dag.py took 0.149 seconds
[2023-04-10 12:50:41,808] {processor.py:163} INFO - Started process (PID=1146) to work on /home/airflow/.local/lib/python3.7/site-packages/airflow/example_dags/example_external_task_marker_dag.py
[2023-04-10 12:50:41,809] {processor.py:642} INFO - Processing file /home/airflow/.local/lib/python3.7/site-packages/airflow/example_dags/example_external_task_marker_dag.py for tasks to queue
[2023-04-10 12:50:41,810] {logging_mixin.py:109} INFO - [2023-04-10 12:50:41,810] {dagbag.py:500} INFO - Filling up the DagBag from /home/airflow/.local/lib/python3.7/site-packages/airflow/example_dags/example_external_task_marker_dag.py
[2023-04-10 12:50:41,825] {processor.py:652} INFO - DAG(s) dict_keys(['example_external_task_marker_parent', 'example_external_task_marker_child']) retrieved from /home/airflow/.local/lib/python3.7/site-packages/airflow/example_dags/example_external_task_marker_dag.py
[2023-04-10 12:50:41,845] {logging_mixin.py:109} INFO - [2023-04-10 12:50:41,845] {dag.py:2398} INFO - Sync 2 DAGs
[2023-04-10 12:50:41,941] {logging_mixin.py:109} INFO - [2023-04-10 12:50:41,941] {dag.py:2937} INFO - Setting next_dagrun for example_external_task_marker_child to None
[2023-04-10 12:50:41,942] {logging_mixin.py:109} INFO - [2023-04-10 12:50:41,942] {dag.py:2937} INFO - Setting next_dagrun for example_external_task_marker_parent to None
[2023-04-10 12:50:41,952] {processor.py:171} INFO - Processing /home/airflow/.local/lib/python3.7/site-packages/airflow/example_dags/example_external_task_marker_dag.py took 0.147 seconds
[2023-04-10 12:51:12,023] {processor.py:163} INFO - Started process (PID=1206) to work on /home/airflow/.local/lib/python3.7/site-packages/airflow/example_dags/example_external_task_marker_dag.py
[2023-04-10 12:51:12,024] {processor.py:642} INFO - Processing file /home/airflow/.local/lib/python3.7/site-packages/airflow/example_dags/example_external_task_marker_dag.py for tasks to queue
[2023-04-10 12:51:12,026] {logging_mixin.py:109} INFO - [2023-04-10 12:51:12,025] {dagbag.py:500} INFO - Filling up the DagBag from /home/airflow/.local/lib/python3.7/site-packages/airflow/example_dags/example_external_task_marker_dag.py
[2023-04-10 12:51:12,043] {processor.py:652} INFO - DAG(s) dict_keys(['example_external_task_marker_parent', 'example_external_task_marker_child']) retrieved from /home/airflow/.local/lib/python3.7/site-packages/airflow/example_dags/example_external_task_marker_dag.py
[2023-04-10 12:51:12,066] {logging_mixin.py:109} INFO - [2023-04-10 12:51:12,066] {dag.py:2398} INFO - Sync 2 DAGs
[2023-04-10 12:51:12,156] {logging_mixin.py:109} INFO - [2023-04-10 12:51:12,156] {dag.py:2937} INFO - Setting next_dagrun for example_external_task_marker_child to None
[2023-04-10 12:51:12,156] {logging_mixin.py:109} INFO - [2023-04-10 12:51:12,156] {dag.py:2937} INFO - Setting next_dagrun for example_external_task_marker_parent to None
[2023-04-10 12:51:12,166] {processor.py:171} INFO - Processing /home/airflow/.local/lib/python3.7/site-packages/airflow/example_dags/example_external_task_marker_dag.py took 0.147 seconds
