[2023-04-10 12:44:54,502] {processor.py:163} INFO - Started process (PID=381) to work on /home/airflow/.local/lib/python3.7/site-packages/airflow/example_dags/example_branch_datetime_operator.py
[2023-04-10 12:44:54,503] {processor.py:642} INFO - Processing file /home/airflow/.local/lib/python3.7/site-packages/airflow/example_dags/example_branch_datetime_operator.py for tasks to queue
[2023-04-10 12:44:54,504] {logging_mixin.py:109} INFO - [2023-04-10 12:44:54,504] {dagbag.py:500} INFO - Filling up the DagBag from /home/airflow/.local/lib/python3.7/site-packages/airflow/example_dags/example_branch_datetime_operator.py
[2023-04-10 12:44:54,518] {processor.py:652} INFO - DAG(s) dict_keys(['example_branch_datetime_operator_2']) retrieved from /home/airflow/.local/lib/python3.7/site-packages/airflow/example_dags/example_branch_datetime_operator.py
[2023-04-10 12:44:55,582] {logging_mixin.py:109} INFO - [2023-04-10 12:44:55,582] {providers_manager.py:702} WARNING - The field in_cluster from class KubernetesHook does not start with 'extra__'. Ignoring it.
[2023-04-10 12:44:55,583] {logging_mixin.py:109} INFO - [2023-04-10 12:44:55,583] {providers_manager.py:702} WARNING - The field kube_config_path from class KubernetesHook does not start with 'extra__'. Ignoring it.
[2023-04-10 12:44:55,584] {logging_mixin.py:109} INFO - [2023-04-10 12:44:55,583] {providers_manager.py:702} WARNING - The field kube_config from class KubernetesHook does not start with 'extra__'. Ignoring it.
[2023-04-10 12:44:55,584] {logging_mixin.py:109} INFO - [2023-04-10 12:44:55,584] {providers_manager.py:702} WARNING - The field namespace from class KubernetesHook does not start with 'extra__'. Ignoring it.
[2023-04-10 12:44:55,584] {logging_mixin.py:109} INFO - [2023-04-10 12:44:55,584] {providers_manager.py:702} WARNING - The field cluster_context from class KubernetesHook does not start with 'extra__'. Ignoring it.
[2023-04-10 12:44:55,585] {logging_mixin.py:109} INFO - [2023-04-10 12:44:55,585] {providers_manager.py:702} WARNING - The field disable_verify_ssl from class KubernetesHook does not start with 'extra__'. Ignoring it.
[2023-04-10 12:44:55,585] {logging_mixin.py:109} INFO - [2023-04-10 12:44:55,585] {providers_manager.py:702} WARNING - The field disable_tcp_keepalive from class KubernetesHook does not start with 'extra__'. Ignoring it.
[2023-04-10 12:44:55,586] {logging_mixin.py:109} INFO - [2023-04-10 12:44:55,586] {providers_manager.py:702} WARNING - The field xcom_sidecar_container_image from class KubernetesHook does not start with 'extra__'. Ignoring it.
[2023-04-10 12:44:55,632] {logging_mixin.py:109} INFO - [2023-04-10 12:44:55,632] {providers_manager.py:702} WARNING - The field reauth from class DockerHook does not start with 'extra__'. Ignoring it.
[2023-04-10 12:44:55,632] {logging_mixin.py:109} INFO - [2023-04-10 12:44:55,632] {providers_manager.py:702} WARNING - The field email from class DockerHook does not start with 'extra__'. Ignoring it.
[2023-04-10 12:44:56,056] {logging_mixin.py:109} INFO - [2023-04-10 12:44:56,056] {providers_manager.py:702} WARNING - The field project from class GoogleBaseHook does not start with 'extra__'. Ignoring it.
[2023-04-10 12:44:56,056] {logging_mixin.py:109} INFO - [2023-04-10 12:44:56,056] {providers_manager.py:702} WARNING - The field key_path from class GoogleBaseHook does not start with 'extra__'. Ignoring it.
[2023-04-10 12:44:56,057] {logging_mixin.py:109} INFO - [2023-04-10 12:44:56,057] {providers_manager.py:702} WARNING - The field keyfile_dict from class GoogleBaseHook does not start with 'extra__'. Ignoring it.
[2023-04-10 12:44:56,057] {logging_mixin.py:109} INFO - [2023-04-10 12:44:56,057] {providers_manager.py:702} WARNING - The field scope from class GoogleBaseHook does not start with 'extra__'. Ignoring it.
[2023-04-10 12:44:56,058] {logging_mixin.py:109} INFO - [2023-04-10 12:44:56,058] {providers_manager.py:702} WARNING - The field key_secret_name from class GoogleBaseHook does not start with 'extra__'. Ignoring it.
[2023-04-10 12:44:56,058] {logging_mixin.py:109} INFO - [2023-04-10 12:44:56,058] {providers_manager.py:702} WARNING - The field key_secret_project_id from class GoogleBaseHook does not start with 'extra__'. Ignoring it.
[2023-04-10 12:44:56,058] {logging_mixin.py:109} INFO - [2023-04-10 12:44:56,058] {providers_manager.py:702} WARNING - The field num_retries from class GoogleBaseHook does not start with 'extra__'. Ignoring it.
[2023-04-10 12:44:56,917] {logging_mixin.py:109} INFO - [2023-04-10 12:44:56,917] {providers_manager.py:702} WARNING - The field auth_type from class GrpcHook does not start with 'extra__'. Ignoring it.
[2023-04-10 12:44:56,918] {logging_mixin.py:109} INFO - [2023-04-10 12:44:56,918] {providers_manager.py:702} WARNING - The field credential_pem_file from class GrpcHook does not start with 'extra__'. Ignoring it.
[2023-04-10 12:44:56,918] {logging_mixin.py:109} INFO - [2023-04-10 12:44:56,918] {providers_manager.py:702} WARNING - The field scopes from class GrpcHook does not start with 'extra__'. Ignoring it.
[2023-04-10 12:44:56,995] {logging_mixin.py:109} INFO - [2023-04-10 12:44:56,995] {providers_manager.py:702} WARNING - The field tenant from class AzureDataExplorerHook does not start with 'extra__'. Ignoring it.
[2023-04-10 12:44:56,996] {logging_mixin.py:109} INFO - [2023-04-10 12:44:56,996] {providers_manager.py:702} WARNING - The field auth_method from class AzureDataExplorerHook does not start with 'extra__'. Ignoring it.
[2023-04-10 12:44:56,996] {logging_mixin.py:109} INFO - [2023-04-10 12:44:56,996] {providers_manager.py:702} WARNING - The field certificate from class AzureDataExplorerHook does not start with 'extra__'. Ignoring it.
[2023-04-10 12:44:56,997] {logging_mixin.py:109} INFO - [2023-04-10 12:44:56,997] {providers_manager.py:702} WARNING - The field thumbprint from class AzureDataExplorerHook does not start with 'extra__'. Ignoring it.
[2023-04-10 12:44:57,014] {logging_mixin.py:109} INFO - [2023-04-10 12:44:57,014] {providers_manager.py:702} WARNING - The field account_url from class AzureBatchHook does not start with 'extra__'. Ignoring it.
[2023-04-10 12:44:57,028] {logging_mixin.py:109} INFO - [2023-04-10 12:44:57,028] {providers_manager.py:702} WARNING - The field database_name from class AzureCosmosDBHook does not start with 'extra__'. Ignoring it.
[2023-04-10 12:44:57,029] {logging_mixin.py:109} INFO - [2023-04-10 12:44:57,029] {providers_manager.py:702} WARNING - The field collection_name from class AzureCosmosDBHook does not start with 'extra__'. Ignoring it.
[2023-04-10 12:44:57,062] {logging_mixin.py:109} INFO - [2023-04-10 12:44:57,062] {providers_manager.py:702} WARNING - The field sas_token from class AzureFileShareHook does not start with 'extra__'. Ignoring it.
[2023-04-10 12:44:57,063] {logging_mixin.py:109} INFO - [2023-04-10 12:44:57,063] {providers_manager.py:702} WARNING - The field connection_string from class AzureFileShareHook does not start with 'extra__'. Ignoring it.
[2023-04-10 12:44:57,063] {logging_mixin.py:109} INFO - [2023-04-10 12:44:57,063] {providers_manager.py:702} WARNING - The field protocol from class AzureFileShareHook does not start with 'extra__'. Ignoring it.
[2023-04-10 12:44:57,078] {logging_mixin.py:109} INFO - [2023-04-10 12:44:57,077] {providers_manager.py:702} WARNING - The field connection_string from class AzureContainerVolumeHook does not start with 'extra__'. Ignoring it.
[2023-04-10 12:44:57,142] {logging_mixin.py:109} INFO - [2023-04-10 12:44:57,142] {providers_manager.py:702} WARNING - The field tenantId from class AzureDataFactoryHook does not start with 'extra__'. Ignoring it.
[2023-04-10 12:44:57,142] {logging_mixin.py:109} INFO - [2023-04-10 12:44:57,142] {providers_manager.py:702} WARNING - The field subscriptionId from class AzureDataFactoryHook does not start with 'extra__'. Ignoring it.
[2023-04-10 12:44:57,143] {logging_mixin.py:109} INFO - [2023-04-10 12:44:57,143] {providers_manager.py:702} WARNING - The field resource_group_name from class AzureDataFactoryHook does not start with 'extra__'. Ignoring it.
[2023-04-10 12:44:57,143] {logging_mixin.py:109} INFO - [2023-04-10 12:44:57,143] {providers_manager.py:702} WARNING - The field factory_name from class AzureDataFactoryHook does not start with 'extra__'. Ignoring it.
[2023-04-10 12:44:57,186] {logging_mixin.py:109} INFO - [2023-04-10 12:44:57,186] {providers_manager.py:702} WARNING - The field tenantId from class AzureSynapseHook does not start with 'extra__'. Ignoring it.
[2023-04-10 12:44:57,186] {logging_mixin.py:109} INFO - [2023-04-10 12:44:57,186] {providers_manager.py:702} WARNING - The field subscriptionId from class AzureSynapseHook does not start with 'extra__'. Ignoring it.
[2023-04-10 12:44:57,252] {logging_mixin.py:109} WARNING - /home/airflow/.local/lib/python3.7/site-packages/snowflake/connector/options.py:99 UserWarning: You have an incompatible version of 'pyarrow' installed (9.0.0), please install a version that adheres to: 'pyarrow<6.1.0,>=6.0.0; extra == "pandas"'
[2023-04-10 12:44:57,532] {logging_mixin.py:109} INFO - [2023-04-10 12:44:57,532] {providers_manager.py:702} WARNING - The field in_cluster from class KubernetesHook does not start with 'extra__'. Ignoring it.
[2023-04-10 12:44:57,533] {logging_mixin.py:109} INFO - [2023-04-10 12:44:57,533] {providers_manager.py:702} WARNING - The field kube_config_path from class KubernetesHook does not start with 'extra__'. Ignoring it.
[2023-04-10 12:44:57,533] {logging_mixin.py:109} INFO - [2023-04-10 12:44:57,533] {providers_manager.py:702} WARNING - The field kube_config from class KubernetesHook does not start with 'extra__'. Ignoring it.
[2023-04-10 12:44:57,534] {logging_mixin.py:109} INFO - [2023-04-10 12:44:57,534] {providers_manager.py:702} WARNING - The field namespace from class KubernetesHook does not start with 'extra__'. Ignoring it.
[2023-04-10 12:44:57,534] {logging_mixin.py:109} INFO - [2023-04-10 12:44:57,534] {providers_manager.py:702} WARNING - The field cluster_context from class KubernetesHook does not start with 'extra__'. Ignoring it.
[2023-04-10 12:44:57,535] {logging_mixin.py:109} INFO - [2023-04-10 12:44:57,535] {providers_manager.py:702} WARNING - The field disable_verify_ssl from class KubernetesHook does not start with 'extra__'. Ignoring it.
[2023-04-10 12:44:57,535] {logging_mixin.py:109} INFO - [2023-04-10 12:44:57,535] {providers_manager.py:702} WARNING - The field disable_tcp_keepalive from class KubernetesHook does not start with 'extra__'. Ignoring it.
[2023-04-10 12:44:57,535] {logging_mixin.py:109} INFO - [2023-04-10 12:44:57,535] {providers_manager.py:702} WARNING - The field xcom_sidecar_container_image from class KubernetesHook does not start with 'extra__'. Ignoring it.
[2023-04-10 12:44:57,536] {logging_mixin.py:109} INFO - [2023-04-10 12:44:57,536] {providers_manager.py:702} WARNING - The field reauth from class DockerHook does not start with 'extra__'. Ignoring it.
[2023-04-10 12:44:57,537] {logging_mixin.py:109} INFO - [2023-04-10 12:44:57,537] {providers_manager.py:702} WARNING - The field email from class DockerHook does not start with 'extra__'. Ignoring it.
[2023-04-10 12:44:57,538] {logging_mixin.py:109} INFO - [2023-04-10 12:44:57,538] {providers_manager.py:702} WARNING - The field project from class GoogleBaseHook does not start with 'extra__'. Ignoring it.
[2023-04-10 12:44:57,539] {logging_mixin.py:109} INFO - [2023-04-10 12:44:57,539] {providers_manager.py:702} WARNING - The field key_path from class GoogleBaseHook does not start with 'extra__'. Ignoring it.
[2023-04-10 12:44:57,539] {logging_mixin.py:109} INFO - [2023-04-10 12:44:57,539] {providers_manager.py:702} WARNING - The field keyfile_dict from class GoogleBaseHook does not start with 'extra__'. Ignoring it.
[2023-04-10 12:44:57,540] {logging_mixin.py:109} INFO - [2023-04-10 12:44:57,539] {providers_manager.py:702} WARNING - The field scope from class GoogleBaseHook does not start with 'extra__'. Ignoring it.
[2023-04-10 12:44:57,540] {logging_mixin.py:109} INFO - [2023-04-10 12:44:57,540] {providers_manager.py:702} WARNING - The field key_secret_name from class GoogleBaseHook does not start with 'extra__'. Ignoring it.
[2023-04-10 12:44:57,540] {logging_mixin.py:109} INFO - [2023-04-10 12:44:57,540] {providers_manager.py:702} WARNING - The field key_secret_project_id from class GoogleBaseHook does not start with 'extra__'. Ignoring it.
[2023-04-10 12:44:57,541] {logging_mixin.py:109} INFO - [2023-04-10 12:44:57,541] {providers_manager.py:702} WARNING - The field num_retries from class GoogleBaseHook does not start with 'extra__'. Ignoring it.
[2023-04-10 12:44:57,543] {logging_mixin.py:109} INFO - [2023-04-10 12:44:57,543] {providers_manager.py:702} WARNING - The field auth_type from class GrpcHook does not start with 'extra__'. Ignoring it.
[2023-04-10 12:44:57,544] {logging_mixin.py:109} INFO - [2023-04-10 12:44:57,543] {providers_manager.py:702} WARNING - The field credential_pem_file from class GrpcHook does not start with 'extra__'. Ignoring it.
[2023-04-10 12:44:57,544] {logging_mixin.py:109} INFO - [2023-04-10 12:44:57,544] {providers_manager.py:702} WARNING - The field scopes from class GrpcHook does not start with 'extra__'. Ignoring it.
[2023-04-10 12:44:57,545] {logging_mixin.py:109} INFO - [2023-04-10 12:44:57,545] {providers_manager.py:702} WARNING - The field tenant from class AzureDataExplorerHook does not start with 'extra__'. Ignoring it.
[2023-04-10 12:44:57,546] {logging_mixin.py:109} INFO - [2023-04-10 12:44:57,546] {providers_manager.py:702} WARNING - The field auth_method from class AzureDataExplorerHook does not start with 'extra__'. Ignoring it.
[2023-04-10 12:44:57,546] {logging_mixin.py:109} INFO - [2023-04-10 12:44:57,546] {providers_manager.py:702} WARNING - The field certificate from class AzureDataExplorerHook does not start with 'extra__'. Ignoring it.
[2023-04-10 12:44:57,547] {logging_mixin.py:109} INFO - [2023-04-10 12:44:57,547] {providers_manager.py:702} WARNING - The field thumbprint from class AzureDataExplorerHook does not start with 'extra__'. Ignoring it.
[2023-04-10 12:44:57,547] {logging_mixin.py:109} INFO - [2023-04-10 12:44:57,547] {providers_manager.py:702} WARNING - The field account_url from class AzureBatchHook does not start with 'extra__'. Ignoring it.
[2023-04-10 12:44:57,548] {logging_mixin.py:109} INFO - [2023-04-10 12:44:57,548] {providers_manager.py:702} WARNING - The field database_name from class AzureCosmosDBHook does not start with 'extra__'. Ignoring it.
[2023-04-10 12:44:57,549] {logging_mixin.py:109} INFO - [2023-04-10 12:44:57,549] {providers_manager.py:702} WARNING - The field collection_name from class AzureCosmosDBHook does not start with 'extra__'. Ignoring it.
[2023-04-10 12:44:57,551] {logging_mixin.py:109} INFO - [2023-04-10 12:44:57,551] {providers_manager.py:702} WARNING - The field sas_token from class AzureFileShareHook does not start with 'extra__'. Ignoring it.
[2023-04-10 12:44:57,552] {logging_mixin.py:109} INFO - [2023-04-10 12:44:57,552] {providers_manager.py:702} WARNING - The field connection_string from class AzureFileShareHook does not start with 'extra__'. Ignoring it.
[2023-04-10 12:44:57,552] {logging_mixin.py:109} INFO - [2023-04-10 12:44:57,552] {providers_manager.py:702} WARNING - The field protocol from class AzureFileShareHook does not start with 'extra__'. Ignoring it.
[2023-04-10 12:44:57,553] {logging_mixin.py:109} INFO - [2023-04-10 12:44:57,553] {providers_manager.py:702} WARNING - The field connection_string from class AzureContainerVolumeHook does not start with 'extra__'. Ignoring it.
[2023-04-10 12:44:57,555] {logging_mixin.py:109} INFO - [2023-04-10 12:44:57,555] {providers_manager.py:702} WARNING - The field tenantId from class AzureDataFactoryHook does not start with 'extra__'. Ignoring it.
[2023-04-10 12:44:57,556] {logging_mixin.py:109} INFO - [2023-04-10 12:44:57,556] {providers_manager.py:702} WARNING - The field subscriptionId from class AzureDataFactoryHook does not start with 'extra__'. Ignoring it.
[2023-04-10 12:44:57,556] {logging_mixin.py:109} INFO - [2023-04-10 12:44:57,556] {providers_manager.py:702} WARNING - The field resource_group_name from class AzureDataFactoryHook does not start with 'extra__'. Ignoring it.
[2023-04-10 12:44:57,557] {logging_mixin.py:109} INFO - [2023-04-10 12:44:57,557] {providers_manager.py:702} WARNING - The field factory_name from class AzureDataFactoryHook does not start with 'extra__'. Ignoring it.
[2023-04-10 12:44:57,558] {logging_mixin.py:109} INFO - [2023-04-10 12:44:57,558] {providers_manager.py:702} WARNING - The field tenantId from class AzureSynapseHook does not start with 'extra__'. Ignoring it.
[2023-04-10 12:44:57,558] {logging_mixin.py:109} INFO - [2023-04-10 12:44:57,558] {providers_manager.py:702} WARNING - The field subscriptionId from class AzureSynapseHook does not start with 'extra__'. Ignoring it.
[2023-04-10 12:44:57,583] {logging_mixin.py:109} INFO - [2023-04-10 12:44:57,583] {manager.py:496} INFO - Created Permission View: can edit on DAG:example_branch_datetime_operator_2
[2023-04-10 12:44:57,592] {logging_mixin.py:109} INFO - [2023-04-10 12:44:57,592] {manager.py:496} INFO - Created Permission View: can read on DAG:example_branch_datetime_operator_2
[2023-04-10 12:44:57,593] {logging_mixin.py:109} INFO - [2023-04-10 12:44:57,593] {dag.py:2398} INFO - Sync 1 DAGs
[2023-04-10 12:44:57,721] {logging_mixin.py:109} INFO - [2023-04-10 12:44:57,720] {dag.py:2417} INFO - Creating ORM DAG for example_branch_datetime_operator_2
[2023-04-10 12:44:57,729] {logging_mixin.py:109} INFO - [2023-04-10 12:44:57,729] {dag.py:2937} INFO - Setting next_dagrun for example_branch_datetime_operator_2 to 2023-04-09 00:00:00+00:00
[2023-04-10 12:44:57,741] {processor.py:171} INFO - Processing /home/airflow/.local/lib/python3.7/site-packages/airflow/example_dags/example_branch_datetime_operator.py took 3.243 seconds
[2023-04-10 12:45:28,123] {processor.py:163} INFO - Started process (PID=572) to work on /home/airflow/.local/lib/python3.7/site-packages/airflow/example_dags/example_branch_datetime_operator.py
[2023-04-10 12:45:28,125] {processor.py:642} INFO - Processing file /home/airflow/.local/lib/python3.7/site-packages/airflow/example_dags/example_branch_datetime_operator.py for tasks to queue
[2023-04-10 12:45:28,126] {logging_mixin.py:109} INFO - [2023-04-10 12:45:28,126] {dagbag.py:500} INFO - Filling up the DagBag from /home/airflow/.local/lib/python3.7/site-packages/airflow/example_dags/example_branch_datetime_operator.py
[2023-04-10 12:45:28,139] {processor.py:652} INFO - DAG(s) dict_keys(['example_branch_datetime_operator_2']) retrieved from /home/airflow/.local/lib/python3.7/site-packages/airflow/example_dags/example_branch_datetime_operator.py
[2023-04-10 12:45:28,161] {logging_mixin.py:109} INFO - [2023-04-10 12:45:28,160] {dag.py:2398} INFO - Sync 1 DAGs
[2023-04-10 12:45:28,181] {logging_mixin.py:109} INFO - [2023-04-10 12:45:28,181] {dag.py:2937} INFO - Setting next_dagrun for example_branch_datetime_operator_2 to 2023-04-09 00:00:00+00:00
[2023-04-10 12:45:28,196] {processor.py:171} INFO - Processing /home/airflow/.local/lib/python3.7/site-packages/airflow/example_dags/example_branch_datetime_operator.py took 0.075 seconds
[2023-04-10 12:45:59,016] {processor.py:163} INFO - Started process (PID=624) to work on /home/airflow/.local/lib/python3.7/site-packages/airflow/example_dags/example_branch_datetime_operator.py
[2023-04-10 12:45:59,017] {processor.py:642} INFO - Processing file /home/airflow/.local/lib/python3.7/site-packages/airflow/example_dags/example_branch_datetime_operator.py for tasks to queue
[2023-04-10 12:45:59,018] {logging_mixin.py:109} INFO - [2023-04-10 12:45:59,018] {dagbag.py:500} INFO - Filling up the DagBag from /home/airflow/.local/lib/python3.7/site-packages/airflow/example_dags/example_branch_datetime_operator.py
[2023-04-10 12:45:59,034] {processor.py:652} INFO - DAG(s) dict_keys(['example_branch_datetime_operator_2']) retrieved from /home/airflow/.local/lib/python3.7/site-packages/airflow/example_dags/example_branch_datetime_operator.py
[2023-04-10 12:45:59,059] {logging_mixin.py:109} INFO - [2023-04-10 12:45:59,059] {dag.py:2398} INFO - Sync 1 DAGs
[2023-04-10 12:45:59,078] {logging_mixin.py:109} INFO - [2023-04-10 12:45:59,078] {dag.py:2937} INFO - Setting next_dagrun for example_branch_datetime_operator_2 to 2023-04-09 00:00:00+00:00
[2023-04-10 12:45:59,091] {processor.py:171} INFO - Processing /home/airflow/.local/lib/python3.7/site-packages/airflow/example_dags/example_branch_datetime_operator.py took 0.079 seconds
[2023-04-10 12:46:29,209] {processor.py:163} INFO - Started process (PID=686) to work on /home/airflow/.local/lib/python3.7/site-packages/airflow/example_dags/example_branch_datetime_operator.py
[2023-04-10 12:46:29,210] {processor.py:642} INFO - Processing file /home/airflow/.local/lib/python3.7/site-packages/airflow/example_dags/example_branch_datetime_operator.py for tasks to queue
[2023-04-10 12:46:29,211] {logging_mixin.py:109} INFO - [2023-04-10 12:46:29,210] {dagbag.py:500} INFO - Filling up the DagBag from /home/airflow/.local/lib/python3.7/site-packages/airflow/example_dags/example_branch_datetime_operator.py
[2023-04-10 12:46:29,227] {processor.py:652} INFO - DAG(s) dict_keys(['example_branch_datetime_operator_2']) retrieved from /home/airflow/.local/lib/python3.7/site-packages/airflow/example_dags/example_branch_datetime_operator.py
[2023-04-10 12:46:29,250] {logging_mixin.py:109} INFO - [2023-04-10 12:46:29,250] {dag.py:2398} INFO - Sync 1 DAGs
[2023-04-10 12:46:29,277] {logging_mixin.py:109} INFO - [2023-04-10 12:46:29,277] {dag.py:2937} INFO - Setting next_dagrun for example_branch_datetime_operator_2 to 2023-04-09 00:00:00+00:00
[2023-04-10 12:46:29,289] {processor.py:171} INFO - Processing /home/airflow/.local/lib/python3.7/site-packages/airflow/example_dags/example_branch_datetime_operator.py took 0.083 seconds
[2023-04-10 12:46:59,610] {processor.py:163} INFO - Started process (PID=739) to work on /home/airflow/.local/lib/python3.7/site-packages/airflow/example_dags/example_branch_datetime_operator.py
[2023-04-10 12:46:59,612] {processor.py:642} INFO - Processing file /home/airflow/.local/lib/python3.7/site-packages/airflow/example_dags/example_branch_datetime_operator.py for tasks to queue
[2023-04-10 12:46:59,613] {logging_mixin.py:109} INFO - [2023-04-10 12:46:59,613] {dagbag.py:500} INFO - Filling up the DagBag from /home/airflow/.local/lib/python3.7/site-packages/airflow/example_dags/example_branch_datetime_operator.py
[2023-04-10 12:46:59,629] {processor.py:652} INFO - DAG(s) dict_keys(['example_branch_datetime_operator_2']) retrieved from /home/airflow/.local/lib/python3.7/site-packages/airflow/example_dags/example_branch_datetime_operator.py
[2023-04-10 12:46:59,648] {logging_mixin.py:109} INFO - [2023-04-10 12:46:59,648] {dag.py:2398} INFO - Sync 1 DAGs
[2023-04-10 12:46:59,670] {logging_mixin.py:109} INFO - [2023-04-10 12:46:59,670] {dag.py:2937} INFO - Setting next_dagrun for example_branch_datetime_operator_2 to 2023-04-09 00:00:00+00:00
[2023-04-10 12:46:59,682] {processor.py:171} INFO - Processing /home/airflow/.local/lib/python3.7/site-packages/airflow/example_dags/example_branch_datetime_operator.py took 0.075 seconds
[2023-04-10 12:47:30,077] {processor.py:163} INFO - Started process (PID=800) to work on /home/airflow/.local/lib/python3.7/site-packages/airflow/example_dags/example_branch_datetime_operator.py
[2023-04-10 12:47:30,078] {processor.py:642} INFO - Processing file /home/airflow/.local/lib/python3.7/site-packages/airflow/example_dags/example_branch_datetime_operator.py for tasks to queue
[2023-04-10 12:47:30,079] {logging_mixin.py:109} INFO - [2023-04-10 12:47:30,078] {dagbag.py:500} INFO - Filling up the DagBag from /home/airflow/.local/lib/python3.7/site-packages/airflow/example_dags/example_branch_datetime_operator.py
[2023-04-10 12:47:30,090] {processor.py:652} INFO - DAG(s) dict_keys(['example_branch_datetime_operator_2']) retrieved from /home/airflow/.local/lib/python3.7/site-packages/airflow/example_dags/example_branch_datetime_operator.py
[2023-04-10 12:47:30,110] {logging_mixin.py:109} INFO - [2023-04-10 12:47:30,110] {dag.py:2398} INFO - Sync 1 DAGs
[2023-04-10 12:47:30,132] {logging_mixin.py:109} INFO - [2023-04-10 12:47:30,132] {dag.py:2937} INFO - Setting next_dagrun for example_branch_datetime_operator_2 to 2023-04-09 00:00:00+00:00
[2023-04-10 12:47:30,146] {processor.py:171} INFO - Processing /home/airflow/.local/lib/python3.7/site-packages/airflow/example_dags/example_branch_datetime_operator.py took 0.072 seconds
[2023-04-10 12:48:01,088] {processor.py:163} INFO - Started process (PID=853) to work on /home/airflow/.local/lib/python3.7/site-packages/airflow/example_dags/example_branch_datetime_operator.py
[2023-04-10 12:48:01,089] {processor.py:642} INFO - Processing file /home/airflow/.local/lib/python3.7/site-packages/airflow/example_dags/example_branch_datetime_operator.py for tasks to queue
[2023-04-10 12:48:01,090] {logging_mixin.py:109} INFO - [2023-04-10 12:48:01,090] {dagbag.py:500} INFO - Filling up the DagBag from /home/airflow/.local/lib/python3.7/site-packages/airflow/example_dags/example_branch_datetime_operator.py
[2023-04-10 12:48:01,116] {processor.py:652} INFO - DAG(s) dict_keys(['example_branch_datetime_operator_2']) retrieved from /home/airflow/.local/lib/python3.7/site-packages/airflow/example_dags/example_branch_datetime_operator.py
[2023-04-10 12:48:01,148] {logging_mixin.py:109} INFO - [2023-04-10 12:48:01,147] {dag.py:2398} INFO - Sync 1 DAGs
[2023-04-10 12:48:01,170] {logging_mixin.py:109} INFO - [2023-04-10 12:48:01,170] {dag.py:2937} INFO - Setting next_dagrun for example_branch_datetime_operator_2 to 2023-04-09 00:00:00+00:00
[2023-04-10 12:48:01,188] {processor.py:171} INFO - Processing /home/airflow/.local/lib/python3.7/site-packages/airflow/example_dags/example_branch_datetime_operator.py took 0.104 seconds
[2023-04-10 12:48:32,194] {processor.py:163} INFO - Started process (PID=914) to work on /home/airflow/.local/lib/python3.7/site-packages/airflow/example_dags/example_branch_datetime_operator.py
[2023-04-10 12:48:32,195] {processor.py:642} INFO - Processing file /home/airflow/.local/lib/python3.7/site-packages/airflow/example_dags/example_branch_datetime_operator.py for tasks to queue
[2023-04-10 12:48:32,196] {logging_mixin.py:109} INFO - [2023-04-10 12:48:32,196] {dagbag.py:500} INFO - Filling up the DagBag from /home/airflow/.local/lib/python3.7/site-packages/airflow/example_dags/example_branch_datetime_operator.py
[2023-04-10 12:48:32,210] {processor.py:652} INFO - DAG(s) dict_keys(['example_branch_datetime_operator_2']) retrieved from /home/airflow/.local/lib/python3.7/site-packages/airflow/example_dags/example_branch_datetime_operator.py
[2023-04-10 12:48:32,230] {logging_mixin.py:109} INFO - [2023-04-10 12:48:32,230] {dag.py:2398} INFO - Sync 1 DAGs
[2023-04-10 12:48:32,250] {logging_mixin.py:109} INFO - [2023-04-10 12:48:32,250] {dag.py:2937} INFO - Setting next_dagrun for example_branch_datetime_operator_2 to 2023-04-09 00:00:00+00:00
[2023-04-10 12:48:32,262] {processor.py:171} INFO - Processing /home/airflow/.local/lib/python3.7/site-packages/airflow/example_dags/example_branch_datetime_operator.py took 0.071 seconds
[2023-04-10 12:49:02,938] {processor.py:163} INFO - Started process (PID=966) to work on /home/airflow/.local/lib/python3.7/site-packages/airflow/example_dags/example_branch_datetime_operator.py
[2023-04-10 12:49:02,940] {processor.py:642} INFO - Processing file /home/airflow/.local/lib/python3.7/site-packages/airflow/example_dags/example_branch_datetime_operator.py for tasks to queue
[2023-04-10 12:49:02,941] {logging_mixin.py:109} INFO - [2023-04-10 12:49:02,940] {dagbag.py:500} INFO - Filling up the DagBag from /home/airflow/.local/lib/python3.7/site-packages/airflow/example_dags/example_branch_datetime_operator.py
[2023-04-10 12:49:02,952] {processor.py:652} INFO - DAG(s) dict_keys(['example_branch_datetime_operator_2']) retrieved from /home/airflow/.local/lib/python3.7/site-packages/airflow/example_dags/example_branch_datetime_operator.py
[2023-04-10 12:49:02,972] {logging_mixin.py:109} INFO - [2023-04-10 12:49:02,972] {dag.py:2398} INFO - Sync 1 DAGs
[2023-04-10 12:49:02,988] {logging_mixin.py:109} INFO - [2023-04-10 12:49:02,988] {dag.py:2937} INFO - Setting next_dagrun for example_branch_datetime_operator_2 to 2023-04-09 00:00:00+00:00
[2023-04-10 12:49:03,001] {processor.py:171} INFO - Processing /home/airflow/.local/lib/python3.7/site-packages/airflow/example_dags/example_branch_datetime_operator.py took 0.066 seconds
[2023-04-10 12:49:33,079] {processor.py:163} INFO - Started process (PID=1027) to work on /home/airflow/.local/lib/python3.7/site-packages/airflow/example_dags/example_branch_datetime_operator.py
[2023-04-10 12:49:33,081] {processor.py:642} INFO - Processing file /home/airflow/.local/lib/python3.7/site-packages/airflow/example_dags/example_branch_datetime_operator.py for tasks to queue
[2023-04-10 12:49:33,082] {logging_mixin.py:109} INFO - [2023-04-10 12:49:33,082] {dagbag.py:500} INFO - Filling up the DagBag from /home/airflow/.local/lib/python3.7/site-packages/airflow/example_dags/example_branch_datetime_operator.py
[2023-04-10 12:49:33,098] {processor.py:652} INFO - DAG(s) dict_keys(['example_branch_datetime_operator_2']) retrieved from /home/airflow/.local/lib/python3.7/site-packages/airflow/example_dags/example_branch_datetime_operator.py
[2023-04-10 12:49:33,119] {logging_mixin.py:109} INFO - [2023-04-10 12:49:33,119] {dag.py:2398} INFO - Sync 1 DAGs
[2023-04-10 12:49:33,138] {logging_mixin.py:109} INFO - [2023-04-10 12:49:33,138] {dag.py:2937} INFO - Setting next_dagrun for example_branch_datetime_operator_2 to 2023-04-09 00:00:00+00:00
[2023-04-10 12:49:33,233] {processor.py:171} INFO - Processing /home/airflow/.local/lib/python3.7/site-packages/airflow/example_dags/example_branch_datetime_operator.py took 0.157 seconds
[2023-04-10 12:50:03,394] {processor.py:163} INFO - Started process (PID=1079) to work on /home/airflow/.local/lib/python3.7/site-packages/airflow/example_dags/example_branch_datetime_operator.py
[2023-04-10 12:50:03,395] {processor.py:642} INFO - Processing file /home/airflow/.local/lib/python3.7/site-packages/airflow/example_dags/example_branch_datetime_operator.py for tasks to queue
[2023-04-10 12:50:03,396] {logging_mixin.py:109} INFO - [2023-04-10 12:50:03,396] {dagbag.py:500} INFO - Filling up the DagBag from /home/airflow/.local/lib/python3.7/site-packages/airflow/example_dags/example_branch_datetime_operator.py
[2023-04-10 12:50:03,409] {processor.py:652} INFO - DAG(s) dict_keys(['example_branch_datetime_operator_2']) retrieved from /home/airflow/.local/lib/python3.7/site-packages/airflow/example_dags/example_branch_datetime_operator.py
[2023-04-10 12:50:03,427] {logging_mixin.py:109} INFO - [2023-04-10 12:50:03,427] {dag.py:2398} INFO - Sync 1 DAGs
[2023-04-10 12:50:03,445] {logging_mixin.py:109} INFO - [2023-04-10 12:50:03,445] {dag.py:2937} INFO - Setting next_dagrun for example_branch_datetime_operator_2 to 2023-04-09 00:00:00+00:00
[2023-04-10 12:50:03,540] {processor.py:171} INFO - Processing /home/airflow/.local/lib/python3.7/site-packages/airflow/example_dags/example_branch_datetime_operator.py took 0.149 seconds
[2023-04-10 12:50:34,144] {processor.py:163} INFO - Started process (PID=1138) to work on /home/airflow/.local/lib/python3.7/site-packages/airflow/example_dags/example_branch_datetime_operator.py
[2023-04-10 12:50:34,145] {processor.py:642} INFO - Processing file /home/airflow/.local/lib/python3.7/site-packages/airflow/example_dags/example_branch_datetime_operator.py for tasks to queue
[2023-04-10 12:50:34,146] {logging_mixin.py:109} INFO - [2023-04-10 12:50:34,146] {dagbag.py:500} INFO - Filling up the DagBag from /home/airflow/.local/lib/python3.7/site-packages/airflow/example_dags/example_branch_datetime_operator.py
[2023-04-10 12:50:34,161] {processor.py:652} INFO - DAG(s) dict_keys(['example_branch_datetime_operator_2']) retrieved from /home/airflow/.local/lib/python3.7/site-packages/airflow/example_dags/example_branch_datetime_operator.py
[2023-04-10 12:50:34,185] {logging_mixin.py:109} INFO - [2023-04-10 12:50:34,185] {dag.py:2398} INFO - Sync 1 DAGs
[2023-04-10 12:50:34,331] {logging_mixin.py:109} INFO - [2023-04-10 12:50:34,331] {dag.py:2937} INFO - Setting next_dagrun for example_branch_datetime_operator_2 to 2023-04-09 00:00:00+00:00
[2023-04-10 12:50:34,344] {processor.py:171} INFO - Processing /home/airflow/.local/lib/python3.7/site-packages/airflow/example_dags/example_branch_datetime_operator.py took 0.205 seconds
[2023-04-10 12:51:04,662] {processor.py:163} INFO - Started process (PID=1192) to work on /home/airflow/.local/lib/python3.7/site-packages/airflow/example_dags/example_branch_datetime_operator.py
[2023-04-10 12:51:04,663] {processor.py:642} INFO - Processing file /home/airflow/.local/lib/python3.7/site-packages/airflow/example_dags/example_branch_datetime_operator.py for tasks to queue
[2023-04-10 12:51:04,664] {logging_mixin.py:109} INFO - [2023-04-10 12:51:04,664] {dagbag.py:500} INFO - Filling up the DagBag from /home/airflow/.local/lib/python3.7/site-packages/airflow/example_dags/example_branch_datetime_operator.py
[2023-04-10 12:51:04,678] {processor.py:652} INFO - DAG(s) dict_keys(['example_branch_datetime_operator_2']) retrieved from /home/airflow/.local/lib/python3.7/site-packages/airflow/example_dags/example_branch_datetime_operator.py
[2023-04-10 12:51:04,698] {logging_mixin.py:109} INFO - [2023-04-10 12:51:04,698] {dag.py:2398} INFO - Sync 1 DAGs
[2023-04-10 12:51:04,795] {logging_mixin.py:109} INFO - [2023-04-10 12:51:04,795] {dag.py:2937} INFO - Setting next_dagrun for example_branch_datetime_operator_2 to 2023-04-09 00:00:00+00:00
[2023-04-10 12:51:04,804] {processor.py:171} INFO - Processing /home/airflow/.local/lib/python3.7/site-packages/airflow/example_dags/example_branch_datetime_operator.py took 0.144 seconds
