[2023-04-10 12:44:47,596] {processor.py:163} INFO - Started process (PID=315) to work on /home/airflow/.local/lib/python3.7/site-packages/airflow/example_dags/example_sla_dag.py
[2023-04-10 12:44:47,598] {processor.py:642} INFO - Processing file /home/airflow/.local/lib/python3.7/site-packages/airflow/example_dags/example_sla_dag.py for tasks to queue
[2023-04-10 12:44:47,599] {logging_mixin.py:109} INFO - [2023-04-10 12:44:47,599] {dagbag.py:500} INFO - Filling up the DagBag from /home/airflow/.local/lib/python3.7/site-packages/airflow/example_dags/example_sla_dag.py
[2023-04-10 12:44:47,621] {processor.py:652} INFO - DAG(s) dict_keys(['example_sla_dag']) retrieved from /home/airflow/.local/lib/python3.7/site-packages/airflow/example_dags/example_sla_dag.py
[2023-04-10 12:44:48,783] {logging_mixin.py:109} INFO - [2023-04-10 12:44:48,782] {providers_manager.py:702} WARNING - The field in_cluster from class KubernetesHook does not start with 'extra__'. Ignoring it.
[2023-04-10 12:44:48,783] {logging_mixin.py:109} INFO - [2023-04-10 12:44:48,783] {providers_manager.py:702} WARNING - The field kube_config_path from class KubernetesHook does not start with 'extra__'. Ignoring it.
[2023-04-10 12:44:48,783] {logging_mixin.py:109} INFO - [2023-04-10 12:44:48,783] {providers_manager.py:702} WARNING - The field kube_config from class KubernetesHook does not start with 'extra__'. Ignoring it.
[2023-04-10 12:44:48,784] {logging_mixin.py:109} INFO - [2023-04-10 12:44:48,784] {providers_manager.py:702} WARNING - The field namespace from class KubernetesHook does not start with 'extra__'. Ignoring it.
[2023-04-10 12:44:48,784] {logging_mixin.py:109} INFO - [2023-04-10 12:44:48,784] {providers_manager.py:702} WARNING - The field cluster_context from class KubernetesHook does not start with 'extra__'. Ignoring it.
[2023-04-10 12:44:48,784] {logging_mixin.py:109} INFO - [2023-04-10 12:44:48,784] {providers_manager.py:702} WARNING - The field disable_verify_ssl from class KubernetesHook does not start with 'extra__'. Ignoring it.
[2023-04-10 12:44:48,785] {logging_mixin.py:109} INFO - [2023-04-10 12:44:48,785] {providers_manager.py:702} WARNING - The field disable_tcp_keepalive from class KubernetesHook does not start with 'extra__'. Ignoring it.
[2023-04-10 12:44:48,785] {logging_mixin.py:109} INFO - [2023-04-10 12:44:48,785] {providers_manager.py:702} WARNING - The field xcom_sidecar_container_image from class KubernetesHook does not start with 'extra__'. Ignoring it.
[2023-04-10 12:44:48,838] {logging_mixin.py:109} INFO - [2023-04-10 12:44:48,838] {providers_manager.py:702} WARNING - The field reauth from class DockerHook does not start with 'extra__'. Ignoring it.
[2023-04-10 12:44:48,838] {logging_mixin.py:109} INFO - [2023-04-10 12:44:48,838] {providers_manager.py:702} WARNING - The field email from class DockerHook does not start with 'extra__'. Ignoring it.
[2023-04-10 12:44:49,322] {logging_mixin.py:109} INFO - [2023-04-10 12:44:49,322] {providers_manager.py:702} WARNING - The field project from class GoogleBaseHook does not start with 'extra__'. Ignoring it.
[2023-04-10 12:44:49,322] {logging_mixin.py:109} INFO - [2023-04-10 12:44:49,322] {providers_manager.py:702} WARNING - The field key_path from class GoogleBaseHook does not start with 'extra__'. Ignoring it.
[2023-04-10 12:44:49,322] {logging_mixin.py:109} INFO - [2023-04-10 12:44:49,322] {providers_manager.py:702} WARNING - The field keyfile_dict from class GoogleBaseHook does not start with 'extra__'. Ignoring it.
[2023-04-10 12:44:49,323] {logging_mixin.py:109} INFO - [2023-04-10 12:44:49,323] {providers_manager.py:702} WARNING - The field scope from class GoogleBaseHook does not start with 'extra__'. Ignoring it.
[2023-04-10 12:44:49,323] {logging_mixin.py:109} INFO - [2023-04-10 12:44:49,323] {providers_manager.py:702} WARNING - The field key_secret_name from class GoogleBaseHook does not start with 'extra__'. Ignoring it.
[2023-04-10 12:44:49,323] {logging_mixin.py:109} INFO - [2023-04-10 12:44:49,323] {providers_manager.py:702} WARNING - The field key_secret_project_id from class GoogleBaseHook does not start with 'extra__'. Ignoring it.
[2023-04-10 12:44:49,324] {logging_mixin.py:109} INFO - [2023-04-10 12:44:49,324] {providers_manager.py:702} WARNING - The field num_retries from class GoogleBaseHook does not start with 'extra__'. Ignoring it.
[2023-04-10 12:44:50,121] {logging_mixin.py:109} INFO - [2023-04-10 12:44:50,121] {providers_manager.py:702} WARNING - The field auth_type from class GrpcHook does not start with 'extra__'. Ignoring it.
[2023-04-10 12:44:50,121] {logging_mixin.py:109} INFO - [2023-04-10 12:44:50,121] {providers_manager.py:702} WARNING - The field credential_pem_file from class GrpcHook does not start with 'extra__'. Ignoring it.
[2023-04-10 12:44:50,122] {logging_mixin.py:109} INFO - [2023-04-10 12:44:50,122] {providers_manager.py:702} WARNING - The field scopes from class GrpcHook does not start with 'extra__'. Ignoring it.
[2023-04-10 12:44:50,190] {logging_mixin.py:109} INFO - [2023-04-10 12:44:50,190] {providers_manager.py:702} WARNING - The field tenant from class AzureDataExplorerHook does not start with 'extra__'. Ignoring it.
[2023-04-10 12:44:50,190] {logging_mixin.py:109} INFO - [2023-04-10 12:44:50,190] {providers_manager.py:702} WARNING - The field auth_method from class AzureDataExplorerHook does not start with 'extra__'. Ignoring it.
[2023-04-10 12:44:50,191] {logging_mixin.py:109} INFO - [2023-04-10 12:44:50,191] {providers_manager.py:702} WARNING - The field certificate from class AzureDataExplorerHook does not start with 'extra__'. Ignoring it.
[2023-04-10 12:44:50,191] {logging_mixin.py:109} INFO - [2023-04-10 12:44:50,191] {providers_manager.py:702} WARNING - The field thumbprint from class AzureDataExplorerHook does not start with 'extra__'. Ignoring it.
[2023-04-10 12:44:50,210] {logging_mixin.py:109} INFO - [2023-04-10 12:44:50,210] {providers_manager.py:702} WARNING - The field account_url from class AzureBatchHook does not start with 'extra__'. Ignoring it.
[2023-04-10 12:44:50,223] {logging_mixin.py:109} INFO - [2023-04-10 12:44:50,223] {providers_manager.py:702} WARNING - The field database_name from class AzureCosmosDBHook does not start with 'extra__'. Ignoring it.
[2023-04-10 12:44:50,224] {logging_mixin.py:109} INFO - [2023-04-10 12:44:50,224] {providers_manager.py:702} WARNING - The field collection_name from class AzureCosmosDBHook does not start with 'extra__'. Ignoring it.
[2023-04-10 12:44:50,257] {logging_mixin.py:109} INFO - [2023-04-10 12:44:50,257] {providers_manager.py:702} WARNING - The field sas_token from class AzureFileShareHook does not start with 'extra__'. Ignoring it.
[2023-04-10 12:44:50,258] {logging_mixin.py:109} INFO - [2023-04-10 12:44:50,258] {providers_manager.py:702} WARNING - The field connection_string from class AzureFileShareHook does not start with 'extra__'. Ignoring it.
[2023-04-10 12:44:50,258] {logging_mixin.py:109} INFO - [2023-04-10 12:44:50,258] {providers_manager.py:702} WARNING - The field protocol from class AzureFileShareHook does not start with 'extra__'. Ignoring it.
[2023-04-10 12:44:50,274] {logging_mixin.py:109} INFO - [2023-04-10 12:44:50,274] {providers_manager.py:702} WARNING - The field connection_string from class AzureContainerVolumeHook does not start with 'extra__'. Ignoring it.
[2023-04-10 12:44:50,345] {logging_mixin.py:109} INFO - [2023-04-10 12:44:50,345] {providers_manager.py:702} WARNING - The field tenantId from class AzureDataFactoryHook does not start with 'extra__'. Ignoring it.
[2023-04-10 12:44:50,346] {logging_mixin.py:109} INFO - [2023-04-10 12:44:50,346] {providers_manager.py:702} WARNING - The field subscriptionId from class AzureDataFactoryHook does not start with 'extra__'. Ignoring it.
[2023-04-10 12:44:50,346] {logging_mixin.py:109} INFO - [2023-04-10 12:44:50,346] {providers_manager.py:702} WARNING - The field resource_group_name from class AzureDataFactoryHook does not start with 'extra__'. Ignoring it.
[2023-04-10 12:44:50,346] {logging_mixin.py:109} INFO - [2023-04-10 12:44:50,346] {providers_manager.py:702} WARNING - The field factory_name from class AzureDataFactoryHook does not start with 'extra__'. Ignoring it.
[2023-04-10 12:44:50,392] {logging_mixin.py:109} INFO - [2023-04-10 12:44:50,392] {providers_manager.py:702} WARNING - The field tenantId from class AzureSynapseHook does not start with 'extra__'. Ignoring it.
[2023-04-10 12:44:50,393] {logging_mixin.py:109} INFO - [2023-04-10 12:44:50,393] {providers_manager.py:702} WARNING - The field subscriptionId from class AzureSynapseHook does not start with 'extra__'. Ignoring it.
[2023-04-10 12:44:50,503] {logging_mixin.py:109} WARNING - /home/airflow/.local/lib/python3.7/site-packages/snowflake/connector/options.py:99 UserWarning: You have an incompatible version of 'pyarrow' installed (9.0.0), please install a version that adheres to: 'pyarrow<6.1.0,>=6.0.0; extra == "pandas"'
[2023-04-10 12:44:51,005] {logging_mixin.py:109} INFO - [2023-04-10 12:44:51,005] {providers_manager.py:702} WARNING - The field in_cluster from class KubernetesHook does not start with 'extra__'. Ignoring it.
[2023-04-10 12:44:51,005] {logging_mixin.py:109} INFO - [2023-04-10 12:44:51,005] {providers_manager.py:702} WARNING - The field kube_config_path from class KubernetesHook does not start with 'extra__'. Ignoring it.
[2023-04-10 12:44:51,006] {logging_mixin.py:109} INFO - [2023-04-10 12:44:51,006] {providers_manager.py:702} WARNING - The field kube_config from class KubernetesHook does not start with 'extra__'. Ignoring it.
[2023-04-10 12:44:51,006] {logging_mixin.py:109} INFO - [2023-04-10 12:44:51,006] {providers_manager.py:702} WARNING - The field namespace from class KubernetesHook does not start with 'extra__'. Ignoring it.
[2023-04-10 12:44:51,006] {logging_mixin.py:109} INFO - [2023-04-10 12:44:51,006] {providers_manager.py:702} WARNING - The field cluster_context from class KubernetesHook does not start with 'extra__'. Ignoring it.
[2023-04-10 12:44:51,007] {logging_mixin.py:109} INFO - [2023-04-10 12:44:51,007] {providers_manager.py:702} WARNING - The field disable_verify_ssl from class KubernetesHook does not start with 'extra__'. Ignoring it.
[2023-04-10 12:44:51,007] {logging_mixin.py:109} INFO - [2023-04-10 12:44:51,007] {providers_manager.py:702} WARNING - The field disable_tcp_keepalive from class KubernetesHook does not start with 'extra__'. Ignoring it.
[2023-04-10 12:44:51,007] {logging_mixin.py:109} INFO - [2023-04-10 12:44:51,007] {providers_manager.py:702} WARNING - The field xcom_sidecar_container_image from class KubernetesHook does not start with 'extra__'. Ignoring it.
[2023-04-10 12:44:51,008] {logging_mixin.py:109} INFO - [2023-04-10 12:44:51,008] {providers_manager.py:702} WARNING - The field reauth from class DockerHook does not start with 'extra__'. Ignoring it.
[2023-04-10 12:44:51,008] {logging_mixin.py:109} INFO - [2023-04-10 12:44:51,008] {providers_manager.py:702} WARNING - The field email from class DockerHook does not start with 'extra__'. Ignoring it.
[2023-04-10 12:44:51,009] {logging_mixin.py:109} INFO - [2023-04-10 12:44:51,009] {providers_manager.py:702} WARNING - The field project from class GoogleBaseHook does not start with 'extra__'. Ignoring it.
[2023-04-10 12:44:51,010] {logging_mixin.py:109} INFO - [2023-04-10 12:44:51,010] {providers_manager.py:702} WARNING - The field key_path from class GoogleBaseHook does not start with 'extra__'. Ignoring it.
[2023-04-10 12:44:51,010] {logging_mixin.py:109} INFO - [2023-04-10 12:44:51,010] {providers_manager.py:702} WARNING - The field keyfile_dict from class GoogleBaseHook does not start with 'extra__'. Ignoring it.
[2023-04-10 12:44:51,011] {logging_mixin.py:109} INFO - [2023-04-10 12:44:51,011] {providers_manager.py:702} WARNING - The field scope from class GoogleBaseHook does not start with 'extra__'. Ignoring it.
[2023-04-10 12:44:51,011] {logging_mixin.py:109} INFO - [2023-04-10 12:44:51,011] {providers_manager.py:702} WARNING - The field key_secret_name from class GoogleBaseHook does not start with 'extra__'. Ignoring it.
[2023-04-10 12:44:51,011] {logging_mixin.py:109} INFO - [2023-04-10 12:44:51,011] {providers_manager.py:702} WARNING - The field key_secret_project_id from class GoogleBaseHook does not start with 'extra__'. Ignoring it.
[2023-04-10 12:44:51,012] {logging_mixin.py:109} INFO - [2023-04-10 12:44:51,012] {providers_manager.py:702} WARNING - The field num_retries from class GoogleBaseHook does not start with 'extra__'. Ignoring it.
[2023-04-10 12:44:51,014] {logging_mixin.py:109} INFO - [2023-04-10 12:44:51,014] {providers_manager.py:702} WARNING - The field auth_type from class GrpcHook does not start with 'extra__'. Ignoring it.
[2023-04-10 12:44:51,015] {logging_mixin.py:109} INFO - [2023-04-10 12:44:51,015] {providers_manager.py:702} WARNING - The field credential_pem_file from class GrpcHook does not start with 'extra__'. Ignoring it.
[2023-04-10 12:44:51,015] {logging_mixin.py:109} INFO - [2023-04-10 12:44:51,015] {providers_manager.py:702} WARNING - The field scopes from class GrpcHook does not start with 'extra__'. Ignoring it.
[2023-04-10 12:44:51,016] {logging_mixin.py:109} INFO - [2023-04-10 12:44:51,016] {providers_manager.py:702} WARNING - The field tenant from class AzureDataExplorerHook does not start with 'extra__'. Ignoring it.
[2023-04-10 12:44:51,016] {logging_mixin.py:109} INFO - [2023-04-10 12:44:51,016] {providers_manager.py:702} WARNING - The field auth_method from class AzureDataExplorerHook does not start with 'extra__'. Ignoring it.
[2023-04-10 12:44:51,017] {logging_mixin.py:109} INFO - [2023-04-10 12:44:51,017] {providers_manager.py:702} WARNING - The field certificate from class AzureDataExplorerHook does not start with 'extra__'. Ignoring it.
[2023-04-10 12:44:51,017] {logging_mixin.py:109} INFO - [2023-04-10 12:44:51,017] {providers_manager.py:702} WARNING - The field thumbprint from class AzureDataExplorerHook does not start with 'extra__'. Ignoring it.
[2023-04-10 12:44:51,018] {logging_mixin.py:109} INFO - [2023-04-10 12:44:51,018] {providers_manager.py:702} WARNING - The field account_url from class AzureBatchHook does not start with 'extra__'. Ignoring it.
[2023-04-10 12:44:51,018] {logging_mixin.py:109} INFO - [2023-04-10 12:44:51,018] {providers_manager.py:702} WARNING - The field database_name from class AzureCosmosDBHook does not start with 'extra__'. Ignoring it.
[2023-04-10 12:44:51,019] {logging_mixin.py:109} INFO - [2023-04-10 12:44:51,019] {providers_manager.py:702} WARNING - The field collection_name from class AzureCosmosDBHook does not start with 'extra__'. Ignoring it.
[2023-04-10 12:44:51,022] {logging_mixin.py:109} INFO - [2023-04-10 12:44:51,022] {providers_manager.py:702} WARNING - The field sas_token from class AzureFileShareHook does not start with 'extra__'. Ignoring it.
[2023-04-10 12:44:51,022] {logging_mixin.py:109} INFO - [2023-04-10 12:44:51,022] {providers_manager.py:702} WARNING - The field connection_string from class AzureFileShareHook does not start with 'extra__'. Ignoring it.
[2023-04-10 12:44:51,023] {logging_mixin.py:109} INFO - [2023-04-10 12:44:51,023] {providers_manager.py:702} WARNING - The field protocol from class AzureFileShareHook does not start with 'extra__'. Ignoring it.
[2023-04-10 12:44:51,023] {logging_mixin.py:109} INFO - [2023-04-10 12:44:51,023] {providers_manager.py:702} WARNING - The field connection_string from class AzureContainerVolumeHook does not start with 'extra__'. Ignoring it.
[2023-04-10 12:44:51,025] {logging_mixin.py:109} INFO - [2023-04-10 12:44:51,025] {providers_manager.py:702} WARNING - The field tenantId from class AzureDataFactoryHook does not start with 'extra__'. Ignoring it.
[2023-04-10 12:44:51,026] {logging_mixin.py:109} INFO - [2023-04-10 12:44:51,026] {providers_manager.py:702} WARNING - The field subscriptionId from class AzureDataFactoryHook does not start with 'extra__'. Ignoring it.
[2023-04-10 12:44:51,026] {logging_mixin.py:109} INFO - [2023-04-10 12:44:51,026] {providers_manager.py:702} WARNING - The field resource_group_name from class AzureDataFactoryHook does not start with 'extra__'. Ignoring it.
[2023-04-10 12:44:51,027] {logging_mixin.py:109} INFO - [2023-04-10 12:44:51,027] {providers_manager.py:702} WARNING - The field factory_name from class AzureDataFactoryHook does not start with 'extra__'. Ignoring it.
[2023-04-10 12:44:51,028] {logging_mixin.py:109} INFO - [2023-04-10 12:44:51,028] {providers_manager.py:702} WARNING - The field tenantId from class AzureSynapseHook does not start with 'extra__'. Ignoring it.
[2023-04-10 12:44:51,028] {logging_mixin.py:109} INFO - [2023-04-10 12:44:51,028] {providers_manager.py:702} WARNING - The field subscriptionId from class AzureSynapseHook does not start with 'extra__'. Ignoring it.
[2023-04-10 12:44:51,056] {logging_mixin.py:109} INFO - [2023-04-10 12:44:51,056] {manager.py:496} INFO - Created Permission View: can edit on DAG:example_sla_dag
[2023-04-10 12:44:51,067] {logging_mixin.py:109} INFO - [2023-04-10 12:44:51,067] {manager.py:496} INFO - Created Permission View: can read on DAG:example_sla_dag
[2023-04-10 12:44:51,068] {logging_mixin.py:109} INFO - [2023-04-10 12:44:51,067] {dag.py:2398} INFO - Sync 1 DAGs
[2023-04-10 12:44:51,075] {logging_mixin.py:109} INFO - [2023-04-10 12:44:51,074] {dag.py:2417} INFO - Creating ORM DAG for example_sla_dag
[2023-04-10 12:44:51,088] {logging_mixin.py:109} INFO - [2023-04-10 12:44:51,088] {dag.py:2937} INFO - Setting next_dagrun for example_sla_dag to 2023-04-10T12:42:00+00:00
[2023-04-10 12:44:51,099] {processor.py:171} INFO - Processing /home/airflow/.local/lib/python3.7/site-packages/airflow/example_dags/example_sla_dag.py took 3.507 seconds
[2023-04-10 12:45:21,952] {processor.py:163} INFO - Started process (PID=558) to work on /home/airflow/.local/lib/python3.7/site-packages/airflow/example_dags/example_sla_dag.py
[2023-04-10 12:45:21,955] {processor.py:642} INFO - Processing file /home/airflow/.local/lib/python3.7/site-packages/airflow/example_dags/example_sla_dag.py for tasks to queue
[2023-04-10 12:45:21,956] {logging_mixin.py:109} INFO - [2023-04-10 12:45:21,956] {dagbag.py:500} INFO - Filling up the DagBag from /home/airflow/.local/lib/python3.7/site-packages/airflow/example_dags/example_sla_dag.py
[2023-04-10 12:45:21,977] {processor.py:652} INFO - DAG(s) dict_keys(['example_sla_dag']) retrieved from /home/airflow/.local/lib/python3.7/site-packages/airflow/example_dags/example_sla_dag.py
[2023-04-10 12:45:22,034] {logging_mixin.py:109} INFO - [2023-04-10 12:45:22,034] {dag.py:2398} INFO - Sync 1 DAGs
[2023-04-10 12:45:22,067] {logging_mixin.py:109} INFO - [2023-04-10 12:45:22,067] {dag.py:2937} INFO - Setting next_dagrun for example_sla_dag to 2023-04-10T12:42:00+00:00
[2023-04-10 12:45:22,081] {processor.py:171} INFO - Processing /home/airflow/.local/lib/python3.7/site-packages/airflow/example_dags/example_sla_dag.py took 0.132 seconds
[2023-04-10 12:45:52,750] {processor.py:163} INFO - Started process (PID=619) to work on /home/airflow/.local/lib/python3.7/site-packages/airflow/example_dags/example_sla_dag.py
[2023-04-10 12:45:52,751] {processor.py:642} INFO - Processing file /home/airflow/.local/lib/python3.7/site-packages/airflow/example_dags/example_sla_dag.py for tasks to queue
[2023-04-10 12:45:52,752] {logging_mixin.py:109} INFO - [2023-04-10 12:45:52,752] {dagbag.py:500} INFO - Filling up the DagBag from /home/airflow/.local/lib/python3.7/site-packages/airflow/example_dags/example_sla_dag.py
[2023-04-10 12:45:52,787] {processor.py:652} INFO - DAG(s) dict_keys(['example_sla_dag']) retrieved from /home/airflow/.local/lib/python3.7/site-packages/airflow/example_dags/example_sla_dag.py
[2023-04-10 12:45:52,816] {logging_mixin.py:109} INFO - [2023-04-10 12:45:52,815] {dag.py:2398} INFO - Sync 1 DAGs
[2023-04-10 12:45:52,841] {logging_mixin.py:109} INFO - [2023-04-10 12:45:52,841] {dag.py:2937} INFO - Setting next_dagrun for example_sla_dag to 2023-04-10T12:42:00+00:00
[2023-04-10 12:45:52,858] {processor.py:171} INFO - Processing /home/airflow/.local/lib/python3.7/site-packages/airflow/example_dags/example_sla_dag.py took 0.110 seconds
[2023-04-10 12:46:23,072] {processor.py:163} INFO - Started process (PID=672) to work on /home/airflow/.local/lib/python3.7/site-packages/airflow/example_dags/example_sla_dag.py
[2023-04-10 12:46:23,074] {processor.py:642} INFO - Processing file /home/airflow/.local/lib/python3.7/site-packages/airflow/example_dags/example_sla_dag.py for tasks to queue
[2023-04-10 12:46:23,074] {logging_mixin.py:109} INFO - [2023-04-10 12:46:23,074] {dagbag.py:500} INFO - Filling up the DagBag from /home/airflow/.local/lib/python3.7/site-packages/airflow/example_dags/example_sla_dag.py
[2023-04-10 12:46:23,093] {processor.py:652} INFO - DAG(s) dict_keys(['example_sla_dag']) retrieved from /home/airflow/.local/lib/python3.7/site-packages/airflow/example_dags/example_sla_dag.py
[2023-04-10 12:46:23,115] {logging_mixin.py:109} INFO - [2023-04-10 12:46:23,115] {dag.py:2398} INFO - Sync 1 DAGs
[2023-04-10 12:46:23,135] {logging_mixin.py:109} INFO - [2023-04-10 12:46:23,135] {dag.py:2937} INFO - Setting next_dagrun for example_sla_dag to 2023-04-10T12:44:00+00:00
[2023-04-10 12:46:23,145] {processor.py:171} INFO - Processing /home/airflow/.local/lib/python3.7/site-packages/airflow/example_dags/example_sla_dag.py took 0.076 seconds
[2023-04-10 12:46:53,465] {processor.py:163} INFO - Started process (PID=734) to work on /home/airflow/.local/lib/python3.7/site-packages/airflow/example_dags/example_sla_dag.py
[2023-04-10 12:46:53,467] {processor.py:642} INFO - Processing file /home/airflow/.local/lib/python3.7/site-packages/airflow/example_dags/example_sla_dag.py for tasks to queue
[2023-04-10 12:46:53,468] {logging_mixin.py:109} INFO - [2023-04-10 12:46:53,468] {dagbag.py:500} INFO - Filling up the DagBag from /home/airflow/.local/lib/python3.7/site-packages/airflow/example_dags/example_sla_dag.py
[2023-04-10 12:46:53,488] {processor.py:652} INFO - DAG(s) dict_keys(['example_sla_dag']) retrieved from /home/airflow/.local/lib/python3.7/site-packages/airflow/example_dags/example_sla_dag.py
[2023-04-10 12:46:53,513] {logging_mixin.py:109} INFO - [2023-04-10 12:46:53,513] {dag.py:2398} INFO - Sync 1 DAGs
[2023-04-10 12:46:53,538] {logging_mixin.py:109} INFO - [2023-04-10 12:46:53,538] {dag.py:2937} INFO - Setting next_dagrun for example_sla_dag to 2023-04-10T12:44:00+00:00
[2023-04-10 12:46:53,548] {processor.py:171} INFO - Processing /home/airflow/.local/lib/python3.7/site-packages/airflow/example_dags/example_sla_dag.py took 0.087 seconds
[2023-04-10 12:47:23,931] {processor.py:163} INFO - Started process (PID=786) to work on /home/airflow/.local/lib/python3.7/site-packages/airflow/example_dags/example_sla_dag.py
[2023-04-10 12:47:23,933] {processor.py:642} INFO - Processing file /home/airflow/.local/lib/python3.7/site-packages/airflow/example_dags/example_sla_dag.py for tasks to queue
[2023-04-10 12:47:23,935] {logging_mixin.py:109} INFO - [2023-04-10 12:47:23,934] {dagbag.py:500} INFO - Filling up the DagBag from /home/airflow/.local/lib/python3.7/site-packages/airflow/example_dags/example_sla_dag.py
[2023-04-10 12:47:23,952] {processor.py:652} INFO - DAG(s) dict_keys(['example_sla_dag']) retrieved from /home/airflow/.local/lib/python3.7/site-packages/airflow/example_dags/example_sla_dag.py
[2023-04-10 12:47:23,971] {logging_mixin.py:109} INFO - [2023-04-10 12:47:23,971] {dag.py:2398} INFO - Sync 1 DAGs
[2023-04-10 12:47:23,991] {logging_mixin.py:109} INFO - [2023-04-10 12:47:23,991] {dag.py:2937} INFO - Setting next_dagrun for example_sla_dag to 2023-04-10T12:44:00+00:00
[2023-04-10 12:47:24,002] {processor.py:171} INFO - Processing /home/airflow/.local/lib/python3.7/site-packages/airflow/example_dags/example_sla_dag.py took 0.075 seconds
[2023-04-10 12:47:54,938] {processor.py:163} INFO - Started process (PID=848) to work on /home/airflow/.local/lib/python3.7/site-packages/airflow/example_dags/example_sla_dag.py
[2023-04-10 12:47:54,940] {processor.py:642} INFO - Processing file /home/airflow/.local/lib/python3.7/site-packages/airflow/example_dags/example_sla_dag.py for tasks to queue
[2023-04-10 12:47:54,941] {logging_mixin.py:109} INFO - [2023-04-10 12:47:54,941] {dagbag.py:500} INFO - Filling up the DagBag from /home/airflow/.local/lib/python3.7/site-packages/airflow/example_dags/example_sla_dag.py
[2023-04-10 12:47:54,968] {processor.py:652} INFO - DAG(s) dict_keys(['example_sla_dag']) retrieved from /home/airflow/.local/lib/python3.7/site-packages/airflow/example_dags/example_sla_dag.py
[2023-04-10 12:47:54,995] {logging_mixin.py:109} INFO - [2023-04-10 12:47:54,995] {dag.py:2398} INFO - Sync 1 DAGs
[2023-04-10 12:47:55,029] {logging_mixin.py:109} INFO - [2023-04-10 12:47:55,029] {dag.py:2937} INFO - Setting next_dagrun for example_sla_dag to 2023-04-10T12:44:00+00:00
[2023-04-10 12:47:55,044] {processor.py:171} INFO - Processing /home/airflow/.local/lib/python3.7/site-packages/airflow/example_dags/example_sla_dag.py took 0.112 seconds
[2023-04-10 12:48:25,962] {processor.py:163} INFO - Started process (PID=900) to work on /home/airflow/.local/lib/python3.7/site-packages/airflow/example_dags/example_sla_dag.py
[2023-04-10 12:48:25,963] {processor.py:642} INFO - Processing file /home/airflow/.local/lib/python3.7/site-packages/airflow/example_dags/example_sla_dag.py for tasks to queue
[2023-04-10 12:48:25,964] {logging_mixin.py:109} INFO - [2023-04-10 12:48:25,964] {dagbag.py:500} INFO - Filling up the DagBag from /home/airflow/.local/lib/python3.7/site-packages/airflow/example_dags/example_sla_dag.py
[2023-04-10 12:48:25,980] {processor.py:652} INFO - DAG(s) dict_keys(['example_sla_dag']) retrieved from /home/airflow/.local/lib/python3.7/site-packages/airflow/example_dags/example_sla_dag.py
[2023-04-10 12:48:26,002] {logging_mixin.py:109} INFO - [2023-04-10 12:48:26,001] {dag.py:2398} INFO - Sync 1 DAGs
[2023-04-10 12:48:26,030] {logging_mixin.py:109} INFO - [2023-04-10 12:48:26,030] {dag.py:2937} INFO - Setting next_dagrun for example_sla_dag to 2023-04-10T12:46:00+00:00
[2023-04-10 12:48:26,041] {processor.py:171} INFO - Processing /home/airflow/.local/lib/python3.7/site-packages/airflow/example_dags/example_sla_dag.py took 0.082 seconds
[2023-04-10 12:48:56,818] {processor.py:163} INFO - Started process (PID=961) to work on /home/airflow/.local/lib/python3.7/site-packages/airflow/example_dags/example_sla_dag.py
[2023-04-10 12:48:56,819] {processor.py:642} INFO - Processing file /home/airflow/.local/lib/python3.7/site-packages/airflow/example_dags/example_sla_dag.py for tasks to queue
[2023-04-10 12:48:56,820] {logging_mixin.py:109} INFO - [2023-04-10 12:48:56,819] {dagbag.py:500} INFO - Filling up the DagBag from /home/airflow/.local/lib/python3.7/site-packages/airflow/example_dags/example_sla_dag.py
[2023-04-10 12:48:56,838] {processor.py:652} INFO - DAG(s) dict_keys(['example_sla_dag']) retrieved from /home/airflow/.local/lib/python3.7/site-packages/airflow/example_dags/example_sla_dag.py
[2023-04-10 12:48:56,857] {logging_mixin.py:109} INFO - [2023-04-10 12:48:56,857] {dag.py:2398} INFO - Sync 1 DAGs
[2023-04-10 12:48:56,876] {logging_mixin.py:109} INFO - [2023-04-10 12:48:56,876] {dag.py:2937} INFO - Setting next_dagrun for example_sla_dag to 2023-04-10T12:46:00+00:00
[2023-04-10 12:48:56,887] {processor.py:171} INFO - Processing /home/airflow/.local/lib/python3.7/site-packages/airflow/example_dags/example_sla_dag.py took 0.072 seconds
[2023-04-10 12:49:27,787] {processor.py:163} INFO - Started process (PID=1013) to work on /home/airflow/.local/lib/python3.7/site-packages/airflow/example_dags/example_sla_dag.py
[2023-04-10 12:49:27,788] {processor.py:642} INFO - Processing file /home/airflow/.local/lib/python3.7/site-packages/airflow/example_dags/example_sla_dag.py for tasks to queue
[2023-04-10 12:49:27,790] {logging_mixin.py:109} INFO - [2023-04-10 12:49:27,789] {dagbag.py:500} INFO - Filling up the DagBag from /home/airflow/.local/lib/python3.7/site-packages/airflow/example_dags/example_sla_dag.py
[2023-04-10 12:49:27,807] {processor.py:652} INFO - DAG(s) dict_keys(['example_sla_dag']) retrieved from /home/airflow/.local/lib/python3.7/site-packages/airflow/example_dags/example_sla_dag.py
[2023-04-10 12:49:27,826] {logging_mixin.py:109} INFO - [2023-04-10 12:49:27,826] {dag.py:2398} INFO - Sync 1 DAGs
[2023-04-10 12:49:27,919] {logging_mixin.py:109} INFO - [2023-04-10 12:49:27,919] {dag.py:2937} INFO - Setting next_dagrun for example_sla_dag to 2023-04-10T12:46:00+00:00
[2023-04-10 12:49:27,930] {processor.py:171} INFO - Processing /home/airflow/.local/lib/python3.7/site-packages/airflow/example_dags/example_sla_dag.py took 0.147 seconds
[2023-04-10 12:49:58,094] {processor.py:163} INFO - Started process (PID=1074) to work on /home/airflow/.local/lib/python3.7/site-packages/airflow/example_dags/example_sla_dag.py
[2023-04-10 12:49:58,096] {processor.py:642} INFO - Processing file /home/airflow/.local/lib/python3.7/site-packages/airflow/example_dags/example_sla_dag.py for tasks to queue
[2023-04-10 12:49:58,097] {logging_mixin.py:109} INFO - [2023-04-10 12:49:58,097] {dagbag.py:500} INFO - Filling up the DagBag from /home/airflow/.local/lib/python3.7/site-packages/airflow/example_dags/example_sla_dag.py
[2023-04-10 12:49:58,116] {processor.py:652} INFO - DAG(s) dict_keys(['example_sla_dag']) retrieved from /home/airflow/.local/lib/python3.7/site-packages/airflow/example_dags/example_sla_dag.py
[2023-04-10 12:49:58,140] {logging_mixin.py:109} INFO - [2023-04-10 12:49:58,140] {dag.py:2398} INFO - Sync 1 DAGs
[2023-04-10 12:49:58,279] {logging_mixin.py:109} INFO - [2023-04-10 12:49:58,278] {dag.py:2937} INFO - Setting next_dagrun for example_sla_dag to 2023-04-10T12:46:00+00:00
[2023-04-10 12:49:58,289] {processor.py:171} INFO - Processing /home/airflow/.local/lib/python3.7/site-packages/airflow/example_dags/example_sla_dag.py took 0.199 seconds
[2023-04-10 12:50:28,796] {processor.py:163} INFO - Started process (PID=1126) to work on /home/airflow/.local/lib/python3.7/site-packages/airflow/example_dags/example_sla_dag.py
[2023-04-10 12:50:28,797] {processor.py:642} INFO - Processing file /home/airflow/.local/lib/python3.7/site-packages/airflow/example_dags/example_sla_dag.py for tasks to queue
[2023-04-10 12:50:28,798] {logging_mixin.py:109} INFO - [2023-04-10 12:50:28,798] {dagbag.py:500} INFO - Filling up the DagBag from /home/airflow/.local/lib/python3.7/site-packages/airflow/example_dags/example_sla_dag.py
[2023-04-10 12:50:28,815] {processor.py:652} INFO - DAG(s) dict_keys(['example_sla_dag']) retrieved from /home/airflow/.local/lib/python3.7/site-packages/airflow/example_dags/example_sla_dag.py
[2023-04-10 12:50:28,834] {logging_mixin.py:109} INFO - [2023-04-10 12:50:28,833] {dag.py:2398} INFO - Sync 1 DAGs
[2023-04-10 12:50:28,933] {logging_mixin.py:109} INFO - [2023-04-10 12:50:28,933] {dag.py:2937} INFO - Setting next_dagrun for example_sla_dag to 2023-04-10T12:48:00+00:00
[2023-04-10 12:50:28,943] {processor.py:171} INFO - Processing /home/airflow/.local/lib/python3.7/site-packages/airflow/example_dags/example_sla_dag.py took 0.150 seconds
[2023-04-10 12:50:59,455] {processor.py:163} INFO - Started process (PID=1187) to work on /home/airflow/.local/lib/python3.7/site-packages/airflow/example_dags/example_sla_dag.py
[2023-04-10 12:50:59,457] {processor.py:642} INFO - Processing file /home/airflow/.local/lib/python3.7/site-packages/airflow/example_dags/example_sla_dag.py for tasks to queue
[2023-04-10 12:50:59,458] {logging_mixin.py:109} INFO - [2023-04-10 12:50:59,457] {dagbag.py:500} INFO - Filling up the DagBag from /home/airflow/.local/lib/python3.7/site-packages/airflow/example_dags/example_sla_dag.py
[2023-04-10 12:50:59,479] {processor.py:652} INFO - DAG(s) dict_keys(['example_sla_dag']) retrieved from /home/airflow/.local/lib/python3.7/site-packages/airflow/example_dags/example_sla_dag.py
[2023-04-10 12:50:59,501] {logging_mixin.py:109} INFO - [2023-04-10 12:50:59,500] {dag.py:2398} INFO - Sync 1 DAGs
[2023-04-10 12:50:59,602] {logging_mixin.py:109} INFO - [2023-04-10 12:50:59,602] {dag.py:2937} INFO - Setting next_dagrun for example_sla_dag to 2023-04-10T12:48:00+00:00
[2023-04-10 12:50:59,611] {processor.py:171} INFO - Processing /home/airflow/.local/lib/python3.7/site-packages/airflow/example_dags/example_sla_dag.py took 0.160 seconds
