[2023-04-10 12:44:26,561] {processor.py:163} INFO - Started process (PID=135) to work on /home/airflow/.local/lib/python3.7/site-packages/airflow/example_dags/example_xcomargs.py
[2023-04-10 12:44:26,563] {processor.py:642} INFO - Processing file /home/airflow/.local/lib/python3.7/site-packages/airflow/example_dags/example_xcomargs.py for tasks to queue
[2023-04-10 12:44:26,564] {logging_mixin.py:109} INFO - [2023-04-10 12:44:26,564] {dagbag.py:500} INFO - Filling up the DagBag from /home/airflow/.local/lib/python3.7/site-packages/airflow/example_dags/example_xcomargs.py
[2023-04-10 12:44:26,586] {processor.py:652} INFO - DAG(s) dict_keys(['example_xcom_args', 'example_xcom_args_with_operators']) retrieved from /home/airflow/.local/lib/python3.7/site-packages/airflow/example_dags/example_xcomargs.py
[2023-04-10 12:44:27,715] {logging_mixin.py:109} INFO - [2023-04-10 12:44:27,715] {providers_manager.py:702} WARNING - The field in_cluster from class KubernetesHook does not start with 'extra__'. Ignoring it.
[2023-04-10 12:44:27,716] {logging_mixin.py:109} INFO - [2023-04-10 12:44:27,716] {providers_manager.py:702} WARNING - The field kube_config_path from class KubernetesHook does not start with 'extra__'. Ignoring it.
[2023-04-10 12:44:27,717] {logging_mixin.py:109} INFO - [2023-04-10 12:44:27,716] {providers_manager.py:702} WARNING - The field kube_config from class KubernetesHook does not start with 'extra__'. Ignoring it.
[2023-04-10 12:44:27,717] {logging_mixin.py:109} INFO - [2023-04-10 12:44:27,717] {providers_manager.py:702} WARNING - The field namespace from class KubernetesHook does not start with 'extra__'. Ignoring it.
[2023-04-10 12:44:27,717] {logging_mixin.py:109} INFO - [2023-04-10 12:44:27,717] {providers_manager.py:702} WARNING - The field cluster_context from class KubernetesHook does not start with 'extra__'. Ignoring it.
[2023-04-10 12:44:27,718] {logging_mixin.py:109} INFO - [2023-04-10 12:44:27,718] {providers_manager.py:702} WARNING - The field disable_verify_ssl from class KubernetesHook does not start with 'extra__'. Ignoring it.
[2023-04-10 12:44:27,718] {logging_mixin.py:109} INFO - [2023-04-10 12:44:27,718] {providers_manager.py:702} WARNING - The field disable_tcp_keepalive from class KubernetesHook does not start with 'extra__'. Ignoring it.
[2023-04-10 12:44:27,719] {logging_mixin.py:109} INFO - [2023-04-10 12:44:27,719] {providers_manager.py:702} WARNING - The field xcom_sidecar_container_image from class KubernetesHook does not start with 'extra__'. Ignoring it.
[2023-04-10 12:44:27,786] {logging_mixin.py:109} INFO - [2023-04-10 12:44:27,786] {providers_manager.py:702} WARNING - The field reauth from class DockerHook does not start with 'extra__'. Ignoring it.
[2023-04-10 12:44:27,787] {logging_mixin.py:109} INFO - [2023-04-10 12:44:27,787] {providers_manager.py:702} WARNING - The field email from class DockerHook does not start with 'extra__'. Ignoring it.
[2023-04-10 12:44:28,299] {logging_mixin.py:109} INFO - [2023-04-10 12:44:28,299] {providers_manager.py:702} WARNING - The field project from class GoogleBaseHook does not start with 'extra__'. Ignoring it.
[2023-04-10 12:44:28,300] {logging_mixin.py:109} INFO - [2023-04-10 12:44:28,300] {providers_manager.py:702} WARNING - The field key_path from class GoogleBaseHook does not start with 'extra__'. Ignoring it.
[2023-04-10 12:44:28,300] {logging_mixin.py:109} INFO - [2023-04-10 12:44:28,300] {providers_manager.py:702} WARNING - The field keyfile_dict from class GoogleBaseHook does not start with 'extra__'. Ignoring it.
[2023-04-10 12:44:28,301] {logging_mixin.py:109} INFO - [2023-04-10 12:44:28,301] {providers_manager.py:702} WARNING - The field scope from class GoogleBaseHook does not start with 'extra__'. Ignoring it.
[2023-04-10 12:44:28,301] {logging_mixin.py:109} INFO - [2023-04-10 12:44:28,301] {providers_manager.py:702} WARNING - The field key_secret_name from class GoogleBaseHook does not start with 'extra__'. Ignoring it.
[2023-04-10 12:44:28,302] {logging_mixin.py:109} INFO - [2023-04-10 12:44:28,302] {providers_manager.py:702} WARNING - The field key_secret_project_id from class GoogleBaseHook does not start with 'extra__'. Ignoring it.
[2023-04-10 12:44:28,302] {logging_mixin.py:109} INFO - [2023-04-10 12:44:28,302] {providers_manager.py:702} WARNING - The field num_retries from class GoogleBaseHook does not start with 'extra__'. Ignoring it.
[2023-04-10 12:44:29,139] {logging_mixin.py:109} INFO - [2023-04-10 12:44:29,139] {providers_manager.py:702} WARNING - The field auth_type from class GrpcHook does not start with 'extra__'. Ignoring it.
[2023-04-10 12:44:29,139] {logging_mixin.py:109} INFO - [2023-04-10 12:44:29,139] {providers_manager.py:702} WARNING - The field credential_pem_file from class GrpcHook does not start with 'extra__'. Ignoring it.
[2023-04-10 12:44:29,140] {logging_mixin.py:109} INFO - [2023-04-10 12:44:29,140] {providers_manager.py:702} WARNING - The field scopes from class GrpcHook does not start with 'extra__'. Ignoring it.
[2023-04-10 12:44:29,215] {logging_mixin.py:109} INFO - [2023-04-10 12:44:29,215] {providers_manager.py:702} WARNING - The field tenant from class AzureDataExplorerHook does not start with 'extra__'. Ignoring it.
[2023-04-10 12:44:29,216] {logging_mixin.py:109} INFO - [2023-04-10 12:44:29,215] {providers_manager.py:702} WARNING - The field auth_method from class AzureDataExplorerHook does not start with 'extra__'. Ignoring it.
[2023-04-10 12:44:29,216] {logging_mixin.py:109} INFO - [2023-04-10 12:44:29,216] {providers_manager.py:702} WARNING - The field certificate from class AzureDataExplorerHook does not start with 'extra__'. Ignoring it.
[2023-04-10 12:44:29,217] {logging_mixin.py:109} INFO - [2023-04-10 12:44:29,217] {providers_manager.py:702} WARNING - The field thumbprint from class AzureDataExplorerHook does not start with 'extra__'. Ignoring it.
[2023-04-10 12:44:29,237] {logging_mixin.py:109} INFO - [2023-04-10 12:44:29,237] {providers_manager.py:702} WARNING - The field account_url from class AzureBatchHook does not start with 'extra__'. Ignoring it.
[2023-04-10 12:44:29,256] {logging_mixin.py:109} INFO - [2023-04-10 12:44:29,256] {providers_manager.py:702} WARNING - The field database_name from class AzureCosmosDBHook does not start with 'extra__'. Ignoring it.
[2023-04-10 12:44:29,256] {logging_mixin.py:109} INFO - [2023-04-10 12:44:29,256] {providers_manager.py:702} WARNING - The field collection_name from class AzureCosmosDBHook does not start with 'extra__'. Ignoring it.
[2023-04-10 12:44:29,303] {logging_mixin.py:109} INFO - [2023-04-10 12:44:29,302] {providers_manager.py:702} WARNING - The field sas_token from class AzureFileShareHook does not start with 'extra__'. Ignoring it.
[2023-04-10 12:44:29,303] {logging_mixin.py:109} INFO - [2023-04-10 12:44:29,303] {providers_manager.py:702} WARNING - The field connection_string from class AzureFileShareHook does not start with 'extra__'. Ignoring it.
[2023-04-10 12:44:29,303] {logging_mixin.py:109} INFO - [2023-04-10 12:44:29,303] {providers_manager.py:702} WARNING - The field protocol from class AzureFileShareHook does not start with 'extra__'. Ignoring it.
[2023-04-10 12:44:29,324] {logging_mixin.py:109} INFO - [2023-04-10 12:44:29,324] {providers_manager.py:702} WARNING - The field connection_string from class AzureContainerVolumeHook does not start with 'extra__'. Ignoring it.
[2023-04-10 12:44:29,397] {logging_mixin.py:109} INFO - [2023-04-10 12:44:29,397] {providers_manager.py:702} WARNING - The field tenantId from class AzureDataFactoryHook does not start with 'extra__'. Ignoring it.
[2023-04-10 12:44:29,399] {logging_mixin.py:109} INFO - [2023-04-10 12:44:29,398] {providers_manager.py:702} WARNING - The field subscriptionId from class AzureDataFactoryHook does not start with 'extra__'. Ignoring it.
[2023-04-10 12:44:29,400] {logging_mixin.py:109} INFO - [2023-04-10 12:44:29,399] {providers_manager.py:702} WARNING - The field resource_group_name from class AzureDataFactoryHook does not start with 'extra__'. Ignoring it.
[2023-04-10 12:44:29,400] {logging_mixin.py:109} INFO - [2023-04-10 12:44:29,400] {providers_manager.py:702} WARNING - The field factory_name from class AzureDataFactoryHook does not start with 'extra__'. Ignoring it.
[2023-04-10 12:44:29,448] {logging_mixin.py:109} INFO - [2023-04-10 12:44:29,447] {providers_manager.py:702} WARNING - The field tenantId from class AzureSynapseHook does not start with 'extra__'. Ignoring it.
[2023-04-10 12:44:29,448] {logging_mixin.py:109} INFO - [2023-04-10 12:44:29,448] {providers_manager.py:702} WARNING - The field subscriptionId from class AzureSynapseHook does not start with 'extra__'. Ignoring it.
[2023-04-10 12:44:29,527] {logging_mixin.py:109} WARNING - /home/airflow/.local/lib/python3.7/site-packages/snowflake/connector/options.py:99 UserWarning: You have an incompatible version of 'pyarrow' installed (9.0.0), please install a version that adheres to: 'pyarrow<6.1.0,>=6.0.0; extra == "pandas"'
[2023-04-10 12:44:29,963] {logging_mixin.py:109} INFO - [2023-04-10 12:44:29,963] {providers_manager.py:702} WARNING - The field in_cluster from class KubernetesHook does not start with 'extra__'. Ignoring it.
[2023-04-10 12:44:29,963] {logging_mixin.py:109} INFO - [2023-04-10 12:44:29,963] {providers_manager.py:702} WARNING - The field kube_config_path from class KubernetesHook does not start with 'extra__'. Ignoring it.
[2023-04-10 12:44:29,964] {logging_mixin.py:109} INFO - [2023-04-10 12:44:29,964] {providers_manager.py:702} WARNING - The field kube_config from class KubernetesHook does not start with 'extra__'. Ignoring it.
[2023-04-10 12:44:29,964] {logging_mixin.py:109} INFO - [2023-04-10 12:44:29,964] {providers_manager.py:702} WARNING - The field namespace from class KubernetesHook does not start with 'extra__'. Ignoring it.
[2023-04-10 12:44:29,964] {logging_mixin.py:109} INFO - [2023-04-10 12:44:29,964] {providers_manager.py:702} WARNING - The field cluster_context from class KubernetesHook does not start with 'extra__'. Ignoring it.
[2023-04-10 12:44:29,965] {logging_mixin.py:109} INFO - [2023-04-10 12:44:29,965] {providers_manager.py:702} WARNING - The field disable_verify_ssl from class KubernetesHook does not start with 'extra__'. Ignoring it.
[2023-04-10 12:44:29,965] {logging_mixin.py:109} INFO - [2023-04-10 12:44:29,965] {providers_manager.py:702} WARNING - The field disable_tcp_keepalive from class KubernetesHook does not start with 'extra__'. Ignoring it.
[2023-04-10 12:44:29,965] {logging_mixin.py:109} INFO - [2023-04-10 12:44:29,965] {providers_manager.py:702} WARNING - The field xcom_sidecar_container_image from class KubernetesHook does not start with 'extra__'. Ignoring it.
[2023-04-10 12:44:29,966] {logging_mixin.py:109} INFO - [2023-04-10 12:44:29,966] {providers_manager.py:702} WARNING - The field reauth from class DockerHook does not start with 'extra__'. Ignoring it.
[2023-04-10 12:44:29,966] {logging_mixin.py:109} INFO - [2023-04-10 12:44:29,966] {providers_manager.py:702} WARNING - The field email from class DockerHook does not start with 'extra__'. Ignoring it.
[2023-04-10 12:44:29,967] {logging_mixin.py:109} INFO - [2023-04-10 12:44:29,967] {providers_manager.py:702} WARNING - The field project from class GoogleBaseHook does not start with 'extra__'. Ignoring it.
[2023-04-10 12:44:29,967] {logging_mixin.py:109} INFO - [2023-04-10 12:44:29,967] {providers_manager.py:702} WARNING - The field key_path from class GoogleBaseHook does not start with 'extra__'. Ignoring it.
[2023-04-10 12:44:29,968] {logging_mixin.py:109} INFO - [2023-04-10 12:44:29,968] {providers_manager.py:702} WARNING - The field keyfile_dict from class GoogleBaseHook does not start with 'extra__'. Ignoring it.
[2023-04-10 12:44:29,968] {logging_mixin.py:109} INFO - [2023-04-10 12:44:29,968] {providers_manager.py:702} WARNING - The field scope from class GoogleBaseHook does not start with 'extra__'. Ignoring it.
[2023-04-10 12:44:29,968] {logging_mixin.py:109} INFO - [2023-04-10 12:44:29,968] {providers_manager.py:702} WARNING - The field key_secret_name from class GoogleBaseHook does not start with 'extra__'. Ignoring it.
[2023-04-10 12:44:29,969] {logging_mixin.py:109} INFO - [2023-04-10 12:44:29,969] {providers_manager.py:702} WARNING - The field key_secret_project_id from class GoogleBaseHook does not start with 'extra__'. Ignoring it.
[2023-04-10 12:44:29,969] {logging_mixin.py:109} INFO - [2023-04-10 12:44:29,969] {providers_manager.py:702} WARNING - The field num_retries from class GoogleBaseHook does not start with 'extra__'. Ignoring it.
[2023-04-10 12:44:29,971] {logging_mixin.py:109} INFO - [2023-04-10 12:44:29,970] {providers_manager.py:702} WARNING - The field auth_type from class GrpcHook does not start with 'extra__'. Ignoring it.
[2023-04-10 12:44:29,971] {logging_mixin.py:109} INFO - [2023-04-10 12:44:29,971] {providers_manager.py:702} WARNING - The field credential_pem_file from class GrpcHook does not start with 'extra__'. Ignoring it.
[2023-04-10 12:44:29,971] {logging_mixin.py:109} INFO - [2023-04-10 12:44:29,971] {providers_manager.py:702} WARNING - The field scopes from class GrpcHook does not start with 'extra__'. Ignoring it.
[2023-04-10 12:44:29,972] {logging_mixin.py:109} INFO - [2023-04-10 12:44:29,972] {providers_manager.py:702} WARNING - The field tenant from class AzureDataExplorerHook does not start with 'extra__'. Ignoring it.
[2023-04-10 12:44:29,972] {logging_mixin.py:109} INFO - [2023-04-10 12:44:29,972] {providers_manager.py:702} WARNING - The field auth_method from class AzureDataExplorerHook does not start with 'extra__'. Ignoring it.
[2023-04-10 12:44:29,973] {logging_mixin.py:109} INFO - [2023-04-10 12:44:29,973] {providers_manager.py:702} WARNING - The field certificate from class AzureDataExplorerHook does not start with 'extra__'. Ignoring it.
[2023-04-10 12:44:29,973] {logging_mixin.py:109} INFO - [2023-04-10 12:44:29,973] {providers_manager.py:702} WARNING - The field thumbprint from class AzureDataExplorerHook does not start with 'extra__'. Ignoring it.
[2023-04-10 12:44:29,974] {logging_mixin.py:109} INFO - [2023-04-10 12:44:29,974] {providers_manager.py:702} WARNING - The field account_url from class AzureBatchHook does not start with 'extra__'. Ignoring it.
[2023-04-10 12:44:29,974] {logging_mixin.py:109} INFO - [2023-04-10 12:44:29,974] {providers_manager.py:702} WARNING - The field database_name from class AzureCosmosDBHook does not start with 'extra__'. Ignoring it.
[2023-04-10 12:44:29,975] {logging_mixin.py:109} INFO - [2023-04-10 12:44:29,975] {providers_manager.py:702} WARNING - The field collection_name from class AzureCosmosDBHook does not start with 'extra__'. Ignoring it.
[2023-04-10 12:44:29,977] {logging_mixin.py:109} INFO - [2023-04-10 12:44:29,977] {providers_manager.py:702} WARNING - The field sas_token from class AzureFileShareHook does not start with 'extra__'. Ignoring it.
[2023-04-10 12:44:29,978] {logging_mixin.py:109} INFO - [2023-04-10 12:44:29,978] {providers_manager.py:702} WARNING - The field connection_string from class AzureFileShareHook does not start with 'extra__'. Ignoring it.
[2023-04-10 12:44:29,978] {logging_mixin.py:109} INFO - [2023-04-10 12:44:29,978] {providers_manager.py:702} WARNING - The field protocol from class AzureFileShareHook does not start with 'extra__'. Ignoring it.
[2023-04-10 12:44:29,979] {logging_mixin.py:109} INFO - [2023-04-10 12:44:29,979] {providers_manager.py:702} WARNING - The field connection_string from class AzureContainerVolumeHook does not start with 'extra__'. Ignoring it.
[2023-04-10 12:44:29,980] {logging_mixin.py:109} INFO - [2023-04-10 12:44:29,980] {providers_manager.py:702} WARNING - The field tenantId from class AzureDataFactoryHook does not start with 'extra__'. Ignoring it.
[2023-04-10 12:44:29,981] {logging_mixin.py:109} INFO - [2023-04-10 12:44:29,981] {providers_manager.py:702} WARNING - The field subscriptionId from class AzureDataFactoryHook does not start with 'extra__'. Ignoring it.
[2023-04-10 12:44:29,981] {logging_mixin.py:109} INFO - [2023-04-10 12:44:29,981] {providers_manager.py:702} WARNING - The field resource_group_name from class AzureDataFactoryHook does not start with 'extra__'. Ignoring it.
[2023-04-10 12:44:29,982] {logging_mixin.py:109} INFO - [2023-04-10 12:44:29,982] {providers_manager.py:702} WARNING - The field factory_name from class AzureDataFactoryHook does not start with 'extra__'. Ignoring it.
[2023-04-10 12:44:29,983] {logging_mixin.py:109} INFO - [2023-04-10 12:44:29,983] {providers_manager.py:702} WARNING - The field tenantId from class AzureSynapseHook does not start with 'extra__'. Ignoring it.
[2023-04-10 12:44:29,983] {logging_mixin.py:109} INFO - [2023-04-10 12:44:29,983] {providers_manager.py:702} WARNING - The field subscriptionId from class AzureSynapseHook does not start with 'extra__'. Ignoring it.
[2023-04-10 12:44:30,009] {logging_mixin.py:109} INFO - [2023-04-10 12:44:30,009] {manager.py:496} INFO - Created Permission View: can edit on DAG:example_xcom_args
[2023-04-10 12:44:30,020] {logging_mixin.py:109} INFO - [2023-04-10 12:44:30,020] {manager.py:496} INFO - Created Permission View: can read on DAG:example_xcom_args
[2023-04-10 12:44:30,041] {logging_mixin.py:109} INFO - [2023-04-10 12:44:30,041] {manager.py:496} INFO - Created Permission View: can edit on DAG:example_xcom_args_with_operators
[2023-04-10 12:44:30,051] {logging_mixin.py:109} INFO - [2023-04-10 12:44:30,051] {manager.py:496} INFO - Created Permission View: can read on DAG:example_xcom_args_with_operators
[2023-04-10 12:44:30,052] {logging_mixin.py:109} INFO - [2023-04-10 12:44:30,052] {dag.py:2398} INFO - Sync 2 DAGs
[2023-04-10 12:44:30,059] {logging_mixin.py:109} INFO - [2023-04-10 12:44:30,059] {dag.py:2417} INFO - Creating ORM DAG for example_xcom_args
[2023-04-10 12:44:30,060] {logging_mixin.py:109} INFO - [2023-04-10 12:44:30,060] {dag.py:2417} INFO - Creating ORM DAG for example_xcom_args_with_operators
[2023-04-10 12:44:30,067] {logging_mixin.py:109} INFO - [2023-04-10 12:44:30,067] {dag.py:2937} INFO - Setting next_dagrun for example_xcom_args to None
[2023-04-10 12:44:30,068] {logging_mixin.py:109} INFO - [2023-04-10 12:44:30,068] {dag.py:2937} INFO - Setting next_dagrun for example_xcom_args_with_operators to None
[2023-04-10 12:44:30,083] {processor.py:171} INFO - Processing /home/airflow/.local/lib/python3.7/site-packages/airflow/example_dags/example_xcomargs.py took 3.524 seconds
[2023-04-10 12:45:11,413] {processor.py:163} INFO - Started process (PID=535) to work on /home/airflow/.local/lib/python3.7/site-packages/airflow/example_dags/example_xcomargs.py
[2023-04-10 12:45:11,415] {processor.py:642} INFO - Processing file /home/airflow/.local/lib/python3.7/site-packages/airflow/example_dags/example_xcomargs.py for tasks to queue
[2023-04-10 12:45:11,416] {logging_mixin.py:109} INFO - [2023-04-10 12:45:11,415] {dagbag.py:500} INFO - Filling up the DagBag from /home/airflow/.local/lib/python3.7/site-packages/airflow/example_dags/example_xcomargs.py
[2023-04-10 12:45:11,439] {processor.py:652} INFO - DAG(s) dict_keys(['example_xcom_args', 'example_xcom_args_with_operators']) retrieved from /home/airflow/.local/lib/python3.7/site-packages/airflow/example_dags/example_xcomargs.py
[2023-04-10 12:45:11,844] {logging_mixin.py:109} INFO - [2023-04-10 12:45:11,844] {dag.py:2398} INFO - Sync 2 DAGs
[2023-04-10 12:45:11,868] {logging_mixin.py:109} INFO - [2023-04-10 12:45:11,868] {dag.py:2937} INFO - Setting next_dagrun for example_xcom_args to None
[2023-04-10 12:45:11,869] {logging_mixin.py:109} INFO - [2023-04-10 12:45:11,869] {dag.py:2937} INFO - Setting next_dagrun for example_xcom_args_with_operators to None
[2023-04-10 12:45:11,883] {processor.py:171} INFO - Processing /home/airflow/.local/lib/python3.7/site-packages/airflow/example_dags/example_xcomargs.py took 0.473 seconds
[2023-04-10 12:45:42,705] {processor.py:163} INFO - Started process (PID=596) to work on /home/airflow/.local/lib/python3.7/site-packages/airflow/example_dags/example_xcomargs.py
[2023-04-10 12:45:42,707] {processor.py:642} INFO - Processing file /home/airflow/.local/lib/python3.7/site-packages/airflow/example_dags/example_xcomargs.py for tasks to queue
[2023-04-10 12:45:42,708] {logging_mixin.py:109} INFO - [2023-04-10 12:45:42,708] {dagbag.py:500} INFO - Filling up the DagBag from /home/airflow/.local/lib/python3.7/site-packages/airflow/example_dags/example_xcomargs.py
[2023-04-10 12:45:42,726] {processor.py:652} INFO - DAG(s) dict_keys(['example_xcom_args', 'example_xcom_args_with_operators']) retrieved from /home/airflow/.local/lib/python3.7/site-packages/airflow/example_dags/example_xcomargs.py
[2023-04-10 12:45:43,111] {logging_mixin.py:109} INFO - [2023-04-10 12:45:43,111] {dag.py:2398} INFO - Sync 2 DAGs
[2023-04-10 12:45:43,124] {logging_mixin.py:109} INFO - [2023-04-10 12:45:43,124] {dag.py:2937} INFO - Setting next_dagrun for example_xcom_args to None
[2023-04-10 12:45:43,125] {logging_mixin.py:109} INFO - [2023-04-10 12:45:43,125] {dag.py:2937} INFO - Setting next_dagrun for example_xcom_args_with_operators to None
[2023-04-10 12:45:43,138] {processor.py:171} INFO - Processing /home/airflow/.local/lib/python3.7/site-packages/airflow/example_dags/example_xcomargs.py took 0.436 seconds
[2023-04-10 12:46:13,946] {processor.py:163} INFO - Started process (PID=649) to work on /home/airflow/.local/lib/python3.7/site-packages/airflow/example_dags/example_xcomargs.py
[2023-04-10 12:46:13,947] {processor.py:642} INFO - Processing file /home/airflow/.local/lib/python3.7/site-packages/airflow/example_dags/example_xcomargs.py for tasks to queue
[2023-04-10 12:46:13,948] {logging_mixin.py:109} INFO - [2023-04-10 12:46:13,948] {dagbag.py:500} INFO - Filling up the DagBag from /home/airflow/.local/lib/python3.7/site-packages/airflow/example_dags/example_xcomargs.py
[2023-04-10 12:46:13,966] {processor.py:652} INFO - DAG(s) dict_keys(['example_xcom_args', 'example_xcom_args_with_operators']) retrieved from /home/airflow/.local/lib/python3.7/site-packages/airflow/example_dags/example_xcomargs.py
[2023-04-10 12:46:14,366] {logging_mixin.py:109} INFO - [2023-04-10 12:46:14,365] {dag.py:2398} INFO - Sync 2 DAGs
[2023-04-10 12:46:14,386] {logging_mixin.py:109} INFO - [2023-04-10 12:46:14,386] {dag.py:2937} INFO - Setting next_dagrun for example_xcom_args to None
[2023-04-10 12:46:14,387] {logging_mixin.py:109} INFO - [2023-04-10 12:46:14,387] {dag.py:2937} INFO - Setting next_dagrun for example_xcom_args_with_operators to None
[2023-04-10 12:46:14,405] {processor.py:171} INFO - Processing /home/airflow/.local/lib/python3.7/site-packages/airflow/example_dags/example_xcomargs.py took 0.463 seconds
[2023-04-10 12:46:44,539] {processor.py:163} INFO - Started process (PID=712) to work on /home/airflow/.local/lib/python3.7/site-packages/airflow/example_dags/example_xcomargs.py
[2023-04-10 12:46:44,540] {processor.py:642} INFO - Processing file /home/airflow/.local/lib/python3.7/site-packages/airflow/example_dags/example_xcomargs.py for tasks to queue
[2023-04-10 12:46:44,541] {logging_mixin.py:109} INFO - [2023-04-10 12:46:44,541] {dagbag.py:500} INFO - Filling up the DagBag from /home/airflow/.local/lib/python3.7/site-packages/airflow/example_dags/example_xcomargs.py
[2023-04-10 12:46:44,558] {processor.py:652} INFO - DAG(s) dict_keys(['example_xcom_args', 'example_xcom_args_with_operators']) retrieved from /home/airflow/.local/lib/python3.7/site-packages/airflow/example_dags/example_xcomargs.py
[2023-04-10 12:46:44,953] {logging_mixin.py:109} INFO - [2023-04-10 12:46:44,953] {dag.py:2398} INFO - Sync 2 DAGs
[2023-04-10 12:46:44,978] {logging_mixin.py:109} INFO - [2023-04-10 12:46:44,978] {dag.py:2937} INFO - Setting next_dagrun for example_xcom_args to None
[2023-04-10 12:46:44,979] {logging_mixin.py:109} INFO - [2023-04-10 12:46:44,979] {dag.py:2937} INFO - Setting next_dagrun for example_xcom_args_with_operators to None
[2023-04-10 12:46:44,991] {processor.py:171} INFO - Processing /home/airflow/.local/lib/python3.7/site-packages/airflow/example_dags/example_xcomargs.py took 0.454 seconds
[2023-04-10 12:47:15,646] {processor.py:163} INFO - Started process (PID=763) to work on /home/airflow/.local/lib/python3.7/site-packages/airflow/example_dags/example_xcomargs.py
[2023-04-10 12:47:15,647] {processor.py:642} INFO - Processing file /home/airflow/.local/lib/python3.7/site-packages/airflow/example_dags/example_xcomargs.py for tasks to queue
[2023-04-10 12:47:15,648] {logging_mixin.py:109} INFO - [2023-04-10 12:47:15,648] {dagbag.py:500} INFO - Filling up the DagBag from /home/airflow/.local/lib/python3.7/site-packages/airflow/example_dags/example_xcomargs.py
[2023-04-10 12:47:15,671] {processor.py:652} INFO - DAG(s) dict_keys(['example_xcom_args', 'example_xcom_args_with_operators']) retrieved from /home/airflow/.local/lib/python3.7/site-packages/airflow/example_dags/example_xcomargs.py
[2023-04-10 12:47:16,042] {logging_mixin.py:109} INFO - [2023-04-10 12:47:16,041] {dag.py:2398} INFO - Sync 2 DAGs
[2023-04-10 12:47:16,058] {logging_mixin.py:109} INFO - [2023-04-10 12:47:16,057] {dag.py:2937} INFO - Setting next_dagrun for example_xcom_args to None
[2023-04-10 12:47:16,058] {logging_mixin.py:109} INFO - [2023-04-10 12:47:16,058] {dag.py:2937} INFO - Setting next_dagrun for example_xcom_args_with_operators to None
[2023-04-10 12:47:16,071] {processor.py:171} INFO - Processing /home/airflow/.local/lib/python3.7/site-packages/airflow/example_dags/example_xcomargs.py took 0.428 seconds
[2023-04-10 12:47:46,370] {processor.py:163} INFO - Started process (PID=824) to work on /home/airflow/.local/lib/python3.7/site-packages/airflow/example_dags/example_xcomargs.py
[2023-04-10 12:47:46,372] {processor.py:642} INFO - Processing file /home/airflow/.local/lib/python3.7/site-packages/airflow/example_dags/example_xcomargs.py for tasks to queue
[2023-04-10 12:47:46,373] {logging_mixin.py:109} INFO - [2023-04-10 12:47:46,373] {dagbag.py:500} INFO - Filling up the DagBag from /home/airflow/.local/lib/python3.7/site-packages/airflow/example_dags/example_xcomargs.py
[2023-04-10 12:47:46,402] {processor.py:652} INFO - DAG(s) dict_keys(['example_xcom_args', 'example_xcom_args_with_operators']) retrieved from /home/airflow/.local/lib/python3.7/site-packages/airflow/example_dags/example_xcomargs.py
[2023-04-10 12:47:46,884] {logging_mixin.py:109} INFO - [2023-04-10 12:47:46,884] {dag.py:2398} INFO - Sync 2 DAGs
[2023-04-10 12:47:46,903] {logging_mixin.py:109} INFO - [2023-04-10 12:47:46,903] {dag.py:2937} INFO - Setting next_dagrun for example_xcom_args to None
[2023-04-10 12:47:46,904] {logging_mixin.py:109} INFO - [2023-04-10 12:47:46,904] {dag.py:2937} INFO - Setting next_dagrun for example_xcom_args_with_operators to None
[2023-04-10 12:47:46,922] {processor.py:171} INFO - Processing /home/airflow/.local/lib/python3.7/site-packages/airflow/example_dags/example_xcomargs.py took 0.556 seconds
[2023-04-10 12:48:17,605] {processor.py:163} INFO - Started process (PID=877) to work on /home/airflow/.local/lib/python3.7/site-packages/airflow/example_dags/example_xcomargs.py
[2023-04-10 12:48:17,606] {processor.py:642} INFO - Processing file /home/airflow/.local/lib/python3.7/site-packages/airflow/example_dags/example_xcomargs.py for tasks to queue
[2023-04-10 12:48:17,607] {logging_mixin.py:109} INFO - [2023-04-10 12:48:17,607] {dagbag.py:500} INFO - Filling up the DagBag from /home/airflow/.local/lib/python3.7/site-packages/airflow/example_dags/example_xcomargs.py
[2023-04-10 12:48:17,632] {processor.py:652} INFO - DAG(s) dict_keys(['example_xcom_args', 'example_xcom_args_with_operators']) retrieved from /home/airflow/.local/lib/python3.7/site-packages/airflow/example_dags/example_xcomargs.py
[2023-04-10 12:48:18,032] {logging_mixin.py:109} INFO - [2023-04-10 12:48:18,032] {dag.py:2398} INFO - Sync 2 DAGs
[2023-04-10 12:48:18,049] {logging_mixin.py:109} INFO - [2023-04-10 12:48:18,049] {dag.py:2937} INFO - Setting next_dagrun for example_xcom_args to None
[2023-04-10 12:48:18,050] {logging_mixin.py:109} INFO - [2023-04-10 12:48:18,050] {dag.py:2937} INFO - Setting next_dagrun for example_xcom_args_with_operators to None
[2023-04-10 12:48:18,063] {processor.py:171} INFO - Processing /home/airflow/.local/lib/python3.7/site-packages/airflow/example_dags/example_xcomargs.py took 0.461 seconds
[2023-04-10 12:48:48,664] {processor.py:163} INFO - Started process (PID=938) to work on /home/airflow/.local/lib/python3.7/site-packages/airflow/example_dags/example_xcomargs.py
[2023-04-10 12:48:48,665] {processor.py:642} INFO - Processing file /home/airflow/.local/lib/python3.7/site-packages/airflow/example_dags/example_xcomargs.py for tasks to queue
[2023-04-10 12:48:48,666] {logging_mixin.py:109} INFO - [2023-04-10 12:48:48,666] {dagbag.py:500} INFO - Filling up the DagBag from /home/airflow/.local/lib/python3.7/site-packages/airflow/example_dags/example_xcomargs.py
[2023-04-10 12:48:48,682] {processor.py:652} INFO - DAG(s) dict_keys(['example_xcom_args', 'example_xcom_args_with_operators']) retrieved from /home/airflow/.local/lib/python3.7/site-packages/airflow/example_dags/example_xcomargs.py
[2023-04-10 12:48:49,006] {logging_mixin.py:109} INFO - [2023-04-10 12:48:49,006] {dag.py:2398} INFO - Sync 2 DAGs
[2023-04-10 12:48:49,018] {logging_mixin.py:109} INFO - [2023-04-10 12:48:49,018] {dag.py:2937} INFO - Setting next_dagrun for example_xcom_args to None
[2023-04-10 12:48:49,018] {logging_mixin.py:109} INFO - [2023-04-10 12:48:49,018] {dag.py:2937} INFO - Setting next_dagrun for example_xcom_args_with_operators to None
[2023-04-10 12:48:49,031] {processor.py:171} INFO - Processing /home/airflow/.local/lib/python3.7/site-packages/airflow/example_dags/example_xcomargs.py took 0.369 seconds
[2023-04-10 12:49:19,319] {processor.py:163} INFO - Started process (PID=990) to work on /home/airflow/.local/lib/python3.7/site-packages/airflow/example_dags/example_xcomargs.py
[2023-04-10 12:49:19,320] {processor.py:642} INFO - Processing file /home/airflow/.local/lib/python3.7/site-packages/airflow/example_dags/example_xcomargs.py for tasks to queue
[2023-04-10 12:49:19,321] {logging_mixin.py:109} INFO - [2023-04-10 12:49:19,320] {dagbag.py:500} INFO - Filling up the DagBag from /home/airflow/.local/lib/python3.7/site-packages/airflow/example_dags/example_xcomargs.py
[2023-04-10 12:49:19,336] {processor.py:652} INFO - DAG(s) dict_keys(['example_xcom_args', 'example_xcom_args_with_operators']) retrieved from /home/airflow/.local/lib/python3.7/site-packages/airflow/example_dags/example_xcomargs.py
[2023-04-10 12:49:19,725] {logging_mixin.py:109} INFO - [2023-04-10 12:49:19,725] {dag.py:2398} INFO - Sync 2 DAGs
[2023-04-10 12:49:19,736] {logging_mixin.py:109} INFO - [2023-04-10 12:49:19,736] {dag.py:2937} INFO - Setting next_dagrun for example_xcom_args to None
[2023-04-10 12:49:19,736] {logging_mixin.py:109} INFO - [2023-04-10 12:49:19,736] {dag.py:2937} INFO - Setting next_dagrun for example_xcom_args_with_operators to None
[2023-04-10 12:49:19,747] {processor.py:171} INFO - Processing /home/airflow/.local/lib/python3.7/site-packages/airflow/example_dags/example_xcomargs.py took 0.431 seconds
[2023-04-10 12:49:50,604] {processor.py:163} INFO - Started process (PID=1051) to work on /home/airflow/.local/lib/python3.7/site-packages/airflow/example_dags/example_xcomargs.py
[2023-04-10 12:49:50,606] {processor.py:642} INFO - Processing file /home/airflow/.local/lib/python3.7/site-packages/airflow/example_dags/example_xcomargs.py for tasks to queue
[2023-04-10 12:49:50,606] {logging_mixin.py:109} INFO - [2023-04-10 12:49:50,606] {dagbag.py:500} INFO - Filling up the DagBag from /home/airflow/.local/lib/python3.7/site-packages/airflow/example_dags/example_xcomargs.py
[2023-04-10 12:49:50,624] {processor.py:652} INFO - DAG(s) dict_keys(['example_xcom_args', 'example_xcom_args_with_operators']) retrieved from /home/airflow/.local/lib/python3.7/site-packages/airflow/example_dags/example_xcomargs.py
[2023-04-10 12:49:50,648] {logging_mixin.py:109} INFO - [2023-04-10 12:49:50,648] {dag.py:2398} INFO - Sync 2 DAGs
[2023-04-10 12:49:50,745] {logging_mixin.py:109} INFO - [2023-04-10 12:49:50,745] {dag.py:2937} INFO - Setting next_dagrun for example_xcom_args to None
[2023-04-10 12:49:50,746] {logging_mixin.py:109} INFO - [2023-04-10 12:49:50,746] {dag.py:2937} INFO - Setting next_dagrun for example_xcom_args_with_operators to None
[2023-04-10 12:49:50,758] {processor.py:171} INFO - Processing /home/airflow/.local/lib/python3.7/site-packages/airflow/example_dags/example_xcomargs.py took 0.157 seconds
[2023-04-10 12:50:21,182] {processor.py:163} INFO - Started process (PID=1103) to work on /home/airflow/.local/lib/python3.7/site-packages/airflow/example_dags/example_xcomargs.py
[2023-04-10 12:50:21,184] {processor.py:642} INFO - Processing file /home/airflow/.local/lib/python3.7/site-packages/airflow/example_dags/example_xcomargs.py for tasks to queue
[2023-04-10 12:50:21,185] {logging_mixin.py:109} INFO - [2023-04-10 12:50:21,185] {dagbag.py:500} INFO - Filling up the DagBag from /home/airflow/.local/lib/python3.7/site-packages/airflow/example_dags/example_xcomargs.py
[2023-04-10 12:50:21,236] {processor.py:652} INFO - DAG(s) dict_keys(['example_xcom_args', 'example_xcom_args_with_operators']) retrieved from /home/airflow/.local/lib/python3.7/site-packages/airflow/example_dags/example_xcomargs.py
[2023-04-10 12:50:21,773] {logging_mixin.py:109} INFO - [2023-04-10 12:50:21,773] {dag.py:2398} INFO - Sync 2 DAGs
[2023-04-10 12:50:21,790] {logging_mixin.py:109} INFO - [2023-04-10 12:50:21,790] {dag.py:2937} INFO - Setting next_dagrun for example_xcom_args to None
[2023-04-10 12:50:21,791] {logging_mixin.py:109} INFO - [2023-04-10 12:50:21,791] {dag.py:2937} INFO - Setting next_dagrun for example_xcom_args_with_operators to None
[2023-04-10 12:50:21,803] {processor.py:171} INFO - Processing /home/airflow/.local/lib/python3.7/site-packages/airflow/example_dags/example_xcomargs.py took 0.625 seconds
[2023-04-10 12:50:52,060] {processor.py:163} INFO - Started process (PID=1164) to work on /home/airflow/.local/lib/python3.7/site-packages/airflow/example_dags/example_xcomargs.py
[2023-04-10 12:50:52,062] {processor.py:642} INFO - Processing file /home/airflow/.local/lib/python3.7/site-packages/airflow/example_dags/example_xcomargs.py for tasks to queue
[2023-04-10 12:50:52,063] {logging_mixin.py:109} INFO - [2023-04-10 12:50:52,063] {dagbag.py:500} INFO - Filling up the DagBag from /home/airflow/.local/lib/python3.7/site-packages/airflow/example_dags/example_xcomargs.py
[2023-04-10 12:50:52,084] {processor.py:652} INFO - DAG(s) dict_keys(['example_xcom_args', 'example_xcom_args_with_operators']) retrieved from /home/airflow/.local/lib/python3.7/site-packages/airflow/example_dags/example_xcomargs.py
[2023-04-10 12:50:52,105] {logging_mixin.py:109} INFO - [2023-04-10 12:50:52,105] {dag.py:2398} INFO - Sync 2 DAGs
[2023-04-10 12:50:52,190] {logging_mixin.py:109} INFO - [2023-04-10 12:50:52,190] {dag.py:2937} INFO - Setting next_dagrun for example_xcom_args to None
[2023-04-10 12:50:52,191] {logging_mixin.py:109} INFO - [2023-04-10 12:50:52,191] {dag.py:2937} INFO - Setting next_dagrun for example_xcom_args_with_operators to None
[2023-04-10 12:50:52,200] {processor.py:171} INFO - Processing /home/airflow/.local/lib/python3.7/site-packages/airflow/example_dags/example_xcomargs.py took 0.143 seconds
