[2023-04-10 12:45:01,023] {processor.py:163} INFO - Started process (PID=445) to work on /home/airflow/.local/lib/python3.7/site-packages/airflow/example_dags/example_trigger_controller_dag.py
[2023-04-10 12:45:01,025] {processor.py:642} INFO - Processing file /home/airflow/.local/lib/python3.7/site-packages/airflow/example_dags/example_trigger_controller_dag.py for tasks to queue
[2023-04-10 12:45:01,026] {logging_mixin.py:109} INFO - [2023-04-10 12:45:01,026] {dagbag.py:500} INFO - Filling up the DagBag from /home/airflow/.local/lib/python3.7/site-packages/airflow/example_dags/example_trigger_controller_dag.py
[2023-04-10 12:45:01,040] {processor.py:652} INFO - DAG(s) dict_keys(['example_trigger_controller_dag']) retrieved from /home/airflow/.local/lib/python3.7/site-packages/airflow/example_dags/example_trigger_controller_dag.py
[2023-04-10 12:45:02,257] {logging_mixin.py:109} INFO - [2023-04-10 12:45:02,257] {providers_manager.py:702} WARNING - The field in_cluster from class KubernetesHook does not start with 'extra__'. Ignoring it.
[2023-04-10 12:45:02,257] {logging_mixin.py:109} INFO - [2023-04-10 12:45:02,257] {providers_manager.py:702} WARNING - The field kube_config_path from class KubernetesHook does not start with 'extra__'. Ignoring it.
[2023-04-10 12:45:02,258] {logging_mixin.py:109} INFO - [2023-04-10 12:45:02,258] {providers_manager.py:702} WARNING - The field kube_config from class KubernetesHook does not start with 'extra__'. Ignoring it.
[2023-04-10 12:45:02,258] {logging_mixin.py:109} INFO - [2023-04-10 12:45:02,258] {providers_manager.py:702} WARNING - The field namespace from class KubernetesHook does not start with 'extra__'. Ignoring it.
[2023-04-10 12:45:02,258] {logging_mixin.py:109} INFO - [2023-04-10 12:45:02,258] {providers_manager.py:702} WARNING - The field cluster_context from class KubernetesHook does not start with 'extra__'. Ignoring it.
[2023-04-10 12:45:02,259] {logging_mixin.py:109} INFO - [2023-04-10 12:45:02,259] {providers_manager.py:702} WARNING - The field disable_verify_ssl from class KubernetesHook does not start with 'extra__'. Ignoring it.
[2023-04-10 12:45:02,259] {logging_mixin.py:109} INFO - [2023-04-10 12:45:02,259] {providers_manager.py:702} WARNING - The field disable_tcp_keepalive from class KubernetesHook does not start with 'extra__'. Ignoring it.
[2023-04-10 12:45:02,259] {logging_mixin.py:109} INFO - [2023-04-10 12:45:02,259] {providers_manager.py:702} WARNING - The field xcom_sidecar_container_image from class KubernetesHook does not start with 'extra__'. Ignoring it.
[2023-04-10 12:45:02,314] {logging_mixin.py:109} INFO - [2023-04-10 12:45:02,314] {providers_manager.py:702} WARNING - The field reauth from class DockerHook does not start with 'extra__'. Ignoring it.
[2023-04-10 12:45:02,314] {logging_mixin.py:109} INFO - [2023-04-10 12:45:02,314] {providers_manager.py:702} WARNING - The field email from class DockerHook does not start with 'extra__'. Ignoring it.
[2023-04-10 12:45:02,794] {logging_mixin.py:109} INFO - [2023-04-10 12:45:02,794] {providers_manager.py:702} WARNING - The field project from class GoogleBaseHook does not start with 'extra__'. Ignoring it.
[2023-04-10 12:45:02,795] {logging_mixin.py:109} INFO - [2023-04-10 12:45:02,794] {providers_manager.py:702} WARNING - The field key_path from class GoogleBaseHook does not start with 'extra__'. Ignoring it.
[2023-04-10 12:45:02,795] {logging_mixin.py:109} INFO - [2023-04-10 12:45:02,795] {providers_manager.py:702} WARNING - The field keyfile_dict from class GoogleBaseHook does not start with 'extra__'. Ignoring it.
[2023-04-10 12:45:02,795] {logging_mixin.py:109} INFO - [2023-04-10 12:45:02,795] {providers_manager.py:702} WARNING - The field scope from class GoogleBaseHook does not start with 'extra__'. Ignoring it.
[2023-04-10 12:45:02,796] {logging_mixin.py:109} INFO - [2023-04-10 12:45:02,796] {providers_manager.py:702} WARNING - The field key_secret_name from class GoogleBaseHook does not start with 'extra__'. Ignoring it.
[2023-04-10 12:45:02,796] {logging_mixin.py:109} INFO - [2023-04-10 12:45:02,796] {providers_manager.py:702} WARNING - The field key_secret_project_id from class GoogleBaseHook does not start with 'extra__'. Ignoring it.
[2023-04-10 12:45:02,796] {logging_mixin.py:109} INFO - [2023-04-10 12:45:02,796] {providers_manager.py:702} WARNING - The field num_retries from class GoogleBaseHook does not start with 'extra__'. Ignoring it.
[2023-04-10 12:45:03,543] {logging_mixin.py:109} INFO - [2023-04-10 12:45:03,543] {providers_manager.py:702} WARNING - The field auth_type from class GrpcHook does not start with 'extra__'. Ignoring it.
[2023-04-10 12:45:03,544] {logging_mixin.py:109} INFO - [2023-04-10 12:45:03,543] {providers_manager.py:702} WARNING - The field credential_pem_file from class GrpcHook does not start with 'extra__'. Ignoring it.
[2023-04-10 12:45:03,544] {logging_mixin.py:109} INFO - [2023-04-10 12:45:03,544] {providers_manager.py:702} WARNING - The field scopes from class GrpcHook does not start with 'extra__'. Ignoring it.
[2023-04-10 12:45:03,609] {logging_mixin.py:109} INFO - [2023-04-10 12:45:03,609] {providers_manager.py:702} WARNING - The field tenant from class AzureDataExplorerHook does not start with 'extra__'. Ignoring it.
[2023-04-10 12:45:03,609] {logging_mixin.py:109} INFO - [2023-04-10 12:45:03,609] {providers_manager.py:702} WARNING - The field auth_method from class AzureDataExplorerHook does not start with 'extra__'. Ignoring it.
[2023-04-10 12:45:03,610] {logging_mixin.py:109} INFO - [2023-04-10 12:45:03,610] {providers_manager.py:702} WARNING - The field certificate from class AzureDataExplorerHook does not start with 'extra__'. Ignoring it.
[2023-04-10 12:45:03,610] {logging_mixin.py:109} INFO - [2023-04-10 12:45:03,610] {providers_manager.py:702} WARNING - The field thumbprint from class AzureDataExplorerHook does not start with 'extra__'. Ignoring it.
[2023-04-10 12:45:03,628] {logging_mixin.py:109} INFO - [2023-04-10 12:45:03,628] {providers_manager.py:702} WARNING - The field account_url from class AzureBatchHook does not start with 'extra__'. Ignoring it.
[2023-04-10 12:45:03,641] {logging_mixin.py:109} INFO - [2023-04-10 12:45:03,641] {providers_manager.py:702} WARNING - The field database_name from class AzureCosmosDBHook does not start with 'extra__'. Ignoring it.
[2023-04-10 12:45:03,642] {logging_mixin.py:109} INFO - [2023-04-10 12:45:03,642] {providers_manager.py:702} WARNING - The field collection_name from class AzureCosmosDBHook does not start with 'extra__'. Ignoring it.
[2023-04-10 12:45:03,682] {logging_mixin.py:109} INFO - [2023-04-10 12:45:03,682] {providers_manager.py:702} WARNING - The field sas_token from class AzureFileShareHook does not start with 'extra__'. Ignoring it.
[2023-04-10 12:45:03,683] {logging_mixin.py:109} INFO - [2023-04-10 12:45:03,683] {providers_manager.py:702} WARNING - The field connection_string from class AzureFileShareHook does not start with 'extra__'. Ignoring it.
[2023-04-10 12:45:03,683] {logging_mixin.py:109} INFO - [2023-04-10 12:45:03,683] {providers_manager.py:702} WARNING - The field protocol from class AzureFileShareHook does not start with 'extra__'. Ignoring it.
[2023-04-10 12:45:03,698] {logging_mixin.py:109} INFO - [2023-04-10 12:45:03,698] {providers_manager.py:702} WARNING - The field connection_string from class AzureContainerVolumeHook does not start with 'extra__'. Ignoring it.
[2023-04-10 12:45:03,765] {logging_mixin.py:109} INFO - [2023-04-10 12:45:03,765] {providers_manager.py:702} WARNING - The field tenantId from class AzureDataFactoryHook does not start with 'extra__'. Ignoring it.
[2023-04-10 12:45:03,765] {logging_mixin.py:109} INFO - [2023-04-10 12:45:03,765] {providers_manager.py:702} WARNING - The field subscriptionId from class AzureDataFactoryHook does not start with 'extra__'. Ignoring it.
[2023-04-10 12:45:03,765] {logging_mixin.py:109} INFO - [2023-04-10 12:45:03,765] {providers_manager.py:702} WARNING - The field resource_group_name from class AzureDataFactoryHook does not start with 'extra__'. Ignoring it.
[2023-04-10 12:45:03,766] {logging_mixin.py:109} INFO - [2023-04-10 12:45:03,766] {providers_manager.py:702} WARNING - The field factory_name from class AzureDataFactoryHook does not start with 'extra__'. Ignoring it.
[2023-04-10 12:45:03,810] {logging_mixin.py:109} INFO - [2023-04-10 12:45:03,810] {providers_manager.py:702} WARNING - The field tenantId from class AzureSynapseHook does not start with 'extra__'. Ignoring it.
[2023-04-10 12:45:03,810] {logging_mixin.py:109} INFO - [2023-04-10 12:45:03,810] {providers_manager.py:702} WARNING - The field subscriptionId from class AzureSynapseHook does not start with 'extra__'. Ignoring it.
[2023-04-10 12:45:03,880] {logging_mixin.py:109} WARNING - /home/airflow/.local/lib/python3.7/site-packages/snowflake/connector/options.py:99 UserWarning: You have an incompatible version of 'pyarrow' installed (9.0.0), please install a version that adheres to: 'pyarrow<6.1.0,>=6.0.0; extra == "pandas"'
[2023-04-10 12:45:04,128] {logging_mixin.py:109} INFO - [2023-04-10 12:45:04,128] {providers_manager.py:702} WARNING - The field in_cluster from class KubernetesHook does not start with 'extra__'. Ignoring it.
[2023-04-10 12:45:04,129] {logging_mixin.py:109} INFO - [2023-04-10 12:45:04,129] {providers_manager.py:702} WARNING - The field kube_config_path from class KubernetesHook does not start with 'extra__'. Ignoring it.
[2023-04-10 12:45:04,129] {logging_mixin.py:109} INFO - [2023-04-10 12:45:04,129] {providers_manager.py:702} WARNING - The field kube_config from class KubernetesHook does not start with 'extra__'. Ignoring it.
[2023-04-10 12:45:04,130] {logging_mixin.py:109} INFO - [2023-04-10 12:45:04,130] {providers_manager.py:702} WARNING - The field namespace from class KubernetesHook does not start with 'extra__'. Ignoring it.
[2023-04-10 12:45:04,130] {logging_mixin.py:109} INFO - [2023-04-10 12:45:04,130] {providers_manager.py:702} WARNING - The field cluster_context from class KubernetesHook does not start with 'extra__'. Ignoring it.
[2023-04-10 12:45:04,130] {logging_mixin.py:109} INFO - [2023-04-10 12:45:04,130] {providers_manager.py:702} WARNING - The field disable_verify_ssl from class KubernetesHook does not start with 'extra__'. Ignoring it.
[2023-04-10 12:45:04,131] {logging_mixin.py:109} INFO - [2023-04-10 12:45:04,131] {providers_manager.py:702} WARNING - The field disable_tcp_keepalive from class KubernetesHook does not start with 'extra__'. Ignoring it.
[2023-04-10 12:45:04,131] {logging_mixin.py:109} INFO - [2023-04-10 12:45:04,131] {providers_manager.py:702} WARNING - The field xcom_sidecar_container_image from class KubernetesHook does not start with 'extra__'. Ignoring it.
[2023-04-10 12:45:04,132] {logging_mixin.py:109} INFO - [2023-04-10 12:45:04,132] {providers_manager.py:702} WARNING - The field reauth from class DockerHook does not start with 'extra__'. Ignoring it.
[2023-04-10 12:45:04,132] {logging_mixin.py:109} INFO - [2023-04-10 12:45:04,132] {providers_manager.py:702} WARNING - The field email from class DockerHook does not start with 'extra__'. Ignoring it.
[2023-04-10 12:45:04,133] {logging_mixin.py:109} INFO - [2023-04-10 12:45:04,133] {providers_manager.py:702} WARNING - The field project from class GoogleBaseHook does not start with 'extra__'. Ignoring it.
[2023-04-10 12:45:04,134] {logging_mixin.py:109} INFO - [2023-04-10 12:45:04,133] {providers_manager.py:702} WARNING - The field key_path from class GoogleBaseHook does not start with 'extra__'. Ignoring it.
[2023-04-10 12:45:04,134] {logging_mixin.py:109} INFO - [2023-04-10 12:45:04,134] {providers_manager.py:702} WARNING - The field keyfile_dict from class GoogleBaseHook does not start with 'extra__'. Ignoring it.
[2023-04-10 12:45:04,134] {logging_mixin.py:109} INFO - [2023-04-10 12:45:04,134] {providers_manager.py:702} WARNING - The field scope from class GoogleBaseHook does not start with 'extra__'. Ignoring it.
[2023-04-10 12:45:04,135] {logging_mixin.py:109} INFO - [2023-04-10 12:45:04,135] {providers_manager.py:702} WARNING - The field key_secret_name from class GoogleBaseHook does not start with 'extra__'. Ignoring it.
[2023-04-10 12:45:04,135] {logging_mixin.py:109} INFO - [2023-04-10 12:45:04,135] {providers_manager.py:702} WARNING - The field key_secret_project_id from class GoogleBaseHook does not start with 'extra__'. Ignoring it.
[2023-04-10 12:45:04,135] {logging_mixin.py:109} INFO - [2023-04-10 12:45:04,135] {providers_manager.py:702} WARNING - The field num_retries from class GoogleBaseHook does not start with 'extra__'. Ignoring it.
[2023-04-10 12:45:04,137] {logging_mixin.py:109} INFO - [2023-04-10 12:45:04,137] {providers_manager.py:702} WARNING - The field auth_type from class GrpcHook does not start with 'extra__'. Ignoring it.
[2023-04-10 12:45:04,137] {logging_mixin.py:109} INFO - [2023-04-10 12:45:04,137] {providers_manager.py:702} WARNING - The field credential_pem_file from class GrpcHook does not start with 'extra__'. Ignoring it.
[2023-04-10 12:45:04,138] {logging_mixin.py:109} INFO - [2023-04-10 12:45:04,138] {providers_manager.py:702} WARNING - The field scopes from class GrpcHook does not start with 'extra__'. Ignoring it.
[2023-04-10 12:45:04,139] {logging_mixin.py:109} INFO - [2023-04-10 12:45:04,138] {providers_manager.py:702} WARNING - The field tenant from class AzureDataExplorerHook does not start with 'extra__'. Ignoring it.
[2023-04-10 12:45:04,139] {logging_mixin.py:109} INFO - [2023-04-10 12:45:04,139] {providers_manager.py:702} WARNING - The field auth_method from class AzureDataExplorerHook does not start with 'extra__'. Ignoring it.
[2023-04-10 12:45:04,139] {logging_mixin.py:109} INFO - [2023-04-10 12:45:04,139] {providers_manager.py:702} WARNING - The field certificate from class AzureDataExplorerHook does not start with 'extra__'. Ignoring it.
[2023-04-10 12:45:04,140] {logging_mixin.py:109} INFO - [2023-04-10 12:45:04,140] {providers_manager.py:702} WARNING - The field thumbprint from class AzureDataExplorerHook does not start with 'extra__'. Ignoring it.
[2023-04-10 12:45:04,140] {logging_mixin.py:109} INFO - [2023-04-10 12:45:04,140] {providers_manager.py:702} WARNING - The field account_url from class AzureBatchHook does not start with 'extra__'. Ignoring it.
[2023-04-10 12:45:04,141] {logging_mixin.py:109} INFO - [2023-04-10 12:45:04,141] {providers_manager.py:702} WARNING - The field database_name from class AzureCosmosDBHook does not start with 'extra__'. Ignoring it.
[2023-04-10 12:45:04,141] {logging_mixin.py:109} INFO - [2023-04-10 12:45:04,141] {providers_manager.py:702} WARNING - The field collection_name from class AzureCosmosDBHook does not start with 'extra__'. Ignoring it.
[2023-04-10 12:45:04,144] {logging_mixin.py:109} INFO - [2023-04-10 12:45:04,144] {providers_manager.py:702} WARNING - The field sas_token from class AzureFileShareHook does not start with 'extra__'. Ignoring it.
[2023-04-10 12:45:04,144] {logging_mixin.py:109} INFO - [2023-04-10 12:45:04,144] {providers_manager.py:702} WARNING - The field connection_string from class AzureFileShareHook does not start with 'extra__'. Ignoring it.
[2023-04-10 12:45:04,145] {logging_mixin.py:109} INFO - [2023-04-10 12:45:04,144] {providers_manager.py:702} WARNING - The field protocol from class AzureFileShareHook does not start with 'extra__'. Ignoring it.
[2023-04-10 12:45:04,145] {logging_mixin.py:109} INFO - [2023-04-10 12:45:04,145] {providers_manager.py:702} WARNING - The field connection_string from class AzureContainerVolumeHook does not start with 'extra__'. Ignoring it.
[2023-04-10 12:45:04,147] {logging_mixin.py:109} INFO - [2023-04-10 12:45:04,147] {providers_manager.py:702} WARNING - The field tenantId from class AzureDataFactoryHook does not start with 'extra__'. Ignoring it.
[2023-04-10 12:45:04,147] {logging_mixin.py:109} INFO - [2023-04-10 12:45:04,147] {providers_manager.py:702} WARNING - The field subscriptionId from class AzureDataFactoryHook does not start with 'extra__'. Ignoring it.
[2023-04-10 12:45:04,148] {logging_mixin.py:109} INFO - [2023-04-10 12:45:04,148] {providers_manager.py:702} WARNING - The field resource_group_name from class AzureDataFactoryHook does not start with 'extra__'. Ignoring it.
[2023-04-10 12:45:04,148] {logging_mixin.py:109} INFO - [2023-04-10 12:45:04,148] {providers_manager.py:702} WARNING - The field factory_name from class AzureDataFactoryHook does not start with 'extra__'. Ignoring it.
[2023-04-10 12:45:04,149] {logging_mixin.py:109} INFO - [2023-04-10 12:45:04,149] {providers_manager.py:702} WARNING - The field tenantId from class AzureSynapseHook does not start with 'extra__'. Ignoring it.
[2023-04-10 12:45:04,149] {logging_mixin.py:109} INFO - [2023-04-10 12:45:04,149] {providers_manager.py:702} WARNING - The field subscriptionId from class AzureSynapseHook does not start with 'extra__'. Ignoring it.
[2023-04-10 12:45:04,173] {logging_mixin.py:109} INFO - [2023-04-10 12:45:04,173] {manager.py:496} INFO - Created Permission View: can edit on DAG:example_trigger_controller_dag
[2023-04-10 12:45:04,181] {logging_mixin.py:109} INFO - [2023-04-10 12:45:04,181] {manager.py:496} INFO - Created Permission View: can read on DAG:example_trigger_controller_dag
[2023-04-10 12:45:04,182] {logging_mixin.py:109} INFO - [2023-04-10 12:45:04,181] {dag.py:2398} INFO - Sync 1 DAGs
[2023-04-10 12:45:04,303] {logging_mixin.py:109} INFO - [2023-04-10 12:45:04,302] {dag.py:2417} INFO - Creating ORM DAG for example_trigger_controller_dag
[2023-04-10 12:45:04,310] {logging_mixin.py:109} INFO - [2023-04-10 12:45:04,310] {dag.py:2937} INFO - Setting next_dagrun for example_trigger_controller_dag to 2021-01-01T00:00:00+00:00
[2023-04-10 12:45:04,321] {processor.py:171} INFO - Processing /home/airflow/.local/lib/python3.7/site-packages/airflow/example_dags/example_trigger_controller_dag.py took 3.303 seconds
[2023-04-10 12:45:34,665] {processor.py:163} INFO - Started process (PID=575) to work on /home/airflow/.local/lib/python3.7/site-packages/airflow/example_dags/example_trigger_controller_dag.py
[2023-04-10 12:45:34,666] {processor.py:642} INFO - Processing file /home/airflow/.local/lib/python3.7/site-packages/airflow/example_dags/example_trigger_controller_dag.py for tasks to queue
[2023-04-10 12:45:34,667] {logging_mixin.py:109} INFO - [2023-04-10 12:45:34,667] {dagbag.py:500} INFO - Filling up the DagBag from /home/airflow/.local/lib/python3.7/site-packages/airflow/example_dags/example_trigger_controller_dag.py
[2023-04-10 12:45:34,677] {processor.py:652} INFO - DAG(s) dict_keys(['example_trigger_controller_dag']) retrieved from /home/airflow/.local/lib/python3.7/site-packages/airflow/example_dags/example_trigger_controller_dag.py
[2023-04-10 12:45:34,698] {logging_mixin.py:109} INFO - [2023-04-10 12:45:34,698] {dag.py:2398} INFO - Sync 1 DAGs
[2023-04-10 12:45:34,711] {logging_mixin.py:109} INFO - [2023-04-10 12:45:34,711] {dag.py:2937} INFO - Setting next_dagrun for example_trigger_controller_dag to 2021-01-01T00:00:00+00:00
[2023-04-10 12:45:34,725] {processor.py:171} INFO - Processing /home/airflow/.local/lib/python3.7/site-packages/airflow/example_dags/example_trigger_controller_dag.py took 0.063 seconds
[2023-04-10 12:46:04,772] {processor.py:163} INFO - Started process (PID=636) to work on /home/airflow/.local/lib/python3.7/site-packages/airflow/example_dags/example_trigger_controller_dag.py
[2023-04-10 12:46:04,774] {processor.py:642} INFO - Processing file /home/airflow/.local/lib/python3.7/site-packages/airflow/example_dags/example_trigger_controller_dag.py for tasks to queue
[2023-04-10 12:46:04,775] {logging_mixin.py:109} INFO - [2023-04-10 12:46:04,775] {dagbag.py:500} INFO - Filling up the DagBag from /home/airflow/.local/lib/python3.7/site-packages/airflow/example_dags/example_trigger_controller_dag.py
[2023-04-10 12:46:04,791] {processor.py:652} INFO - DAG(s) dict_keys(['example_trigger_controller_dag']) retrieved from /home/airflow/.local/lib/python3.7/site-packages/airflow/example_dags/example_trigger_controller_dag.py
[2023-04-10 12:46:04,815] {logging_mixin.py:109} INFO - [2023-04-10 12:46:04,815] {dag.py:2398} INFO - Sync 1 DAGs
[2023-04-10 12:46:04,838] {logging_mixin.py:109} INFO - [2023-04-10 12:46:04,838] {dag.py:2937} INFO - Setting next_dagrun for example_trigger_controller_dag to 2021-01-01T00:00:00+00:00
[2023-04-10 12:46:04,855] {processor.py:171} INFO - Processing /home/airflow/.local/lib/python3.7/site-packages/airflow/example_dags/example_trigger_controller_dag.py took 0.087 seconds
[2023-04-10 12:46:35,448] {processor.py:163} INFO - Started process (PID=689) to work on /home/airflow/.local/lib/python3.7/site-packages/airflow/example_dags/example_trigger_controller_dag.py
[2023-04-10 12:46:35,450] {processor.py:642} INFO - Processing file /home/airflow/.local/lib/python3.7/site-packages/airflow/example_dags/example_trigger_controller_dag.py for tasks to queue
[2023-04-10 12:46:35,451] {logging_mixin.py:109} INFO - [2023-04-10 12:46:35,451] {dagbag.py:500} INFO - Filling up the DagBag from /home/airflow/.local/lib/python3.7/site-packages/airflow/example_dags/example_trigger_controller_dag.py
[2023-04-10 12:46:35,465] {processor.py:652} INFO - DAG(s) dict_keys(['example_trigger_controller_dag']) retrieved from /home/airflow/.local/lib/python3.7/site-packages/airflow/example_dags/example_trigger_controller_dag.py
[2023-04-10 12:46:35,490] {logging_mixin.py:109} INFO - [2023-04-10 12:46:35,490] {dag.py:2398} INFO - Sync 1 DAGs
[2023-04-10 12:46:35,512] {logging_mixin.py:109} INFO - [2023-04-10 12:46:35,512] {dag.py:2937} INFO - Setting next_dagrun for example_trigger_controller_dag to 2021-01-01T00:00:00+00:00
[2023-04-10 12:46:35,526] {processor.py:171} INFO - Processing /home/airflow/.local/lib/python3.7/site-packages/airflow/example_dags/example_trigger_controller_dag.py took 0.082 seconds
[2023-04-10 12:47:05,747] {processor.py:163} INFO - Started process (PID=751) to work on /home/airflow/.local/lib/python3.7/site-packages/airflow/example_dags/example_trigger_controller_dag.py
[2023-04-10 12:47:05,748] {processor.py:642} INFO - Processing file /home/airflow/.local/lib/python3.7/site-packages/airflow/example_dags/example_trigger_controller_dag.py for tasks to queue
[2023-04-10 12:47:05,749] {logging_mixin.py:109} INFO - [2023-04-10 12:47:05,749] {dagbag.py:500} INFO - Filling up the DagBag from /home/airflow/.local/lib/python3.7/site-packages/airflow/example_dags/example_trigger_controller_dag.py
[2023-04-10 12:47:05,761] {processor.py:652} INFO - DAG(s) dict_keys(['example_trigger_controller_dag']) retrieved from /home/airflow/.local/lib/python3.7/site-packages/airflow/example_dags/example_trigger_controller_dag.py
[2023-04-10 12:47:05,781] {logging_mixin.py:109} INFO - [2023-04-10 12:47:05,781] {dag.py:2398} INFO - Sync 1 DAGs
[2023-04-10 12:47:05,795] {logging_mixin.py:109} INFO - [2023-04-10 12:47:05,795] {dag.py:2937} INFO - Setting next_dagrun for example_trigger_controller_dag to 2021-01-01T00:00:00+00:00
[2023-04-10 12:47:05,806] {processor.py:171} INFO - Processing /home/airflow/.local/lib/python3.7/site-packages/airflow/example_dags/example_trigger_controller_dag.py took 0.061 seconds
[2023-04-10 12:47:36,309] {processor.py:163} INFO - Started process (PID=803) to work on /home/airflow/.local/lib/python3.7/site-packages/airflow/example_dags/example_trigger_controller_dag.py
[2023-04-10 12:47:36,311] {processor.py:642} INFO - Processing file /home/airflow/.local/lib/python3.7/site-packages/airflow/example_dags/example_trigger_controller_dag.py for tasks to queue
[2023-04-10 12:47:36,311] {logging_mixin.py:109} INFO - [2023-04-10 12:47:36,311] {dagbag.py:500} INFO - Filling up the DagBag from /home/airflow/.local/lib/python3.7/site-packages/airflow/example_dags/example_trigger_controller_dag.py
[2023-04-10 12:47:36,326] {processor.py:652} INFO - DAG(s) dict_keys(['example_trigger_controller_dag']) retrieved from /home/airflow/.local/lib/python3.7/site-packages/airflow/example_dags/example_trigger_controller_dag.py
[2023-04-10 12:47:36,350] {logging_mixin.py:109} INFO - [2023-04-10 12:47:36,349] {dag.py:2398} INFO - Sync 1 DAGs
[2023-04-10 12:47:36,366] {logging_mixin.py:109} INFO - [2023-04-10 12:47:36,366] {dag.py:2937} INFO - Setting next_dagrun for example_trigger_controller_dag to 2021-01-01T00:00:00+00:00
[2023-04-10 12:47:36,376] {processor.py:171} INFO - Processing /home/airflow/.local/lib/python3.7/site-packages/airflow/example_dags/example_trigger_controller_dag.py took 0.069 seconds
[2023-04-10 12:48:06,701] {processor.py:163} INFO - Started process (PID=856) to work on /home/airflow/.local/lib/python3.7/site-packages/airflow/example_dags/example_trigger_controller_dag.py
[2023-04-10 12:48:06,703] {processor.py:642} INFO - Processing file /home/airflow/.local/lib/python3.7/site-packages/airflow/example_dags/example_trigger_controller_dag.py for tasks to queue
[2023-04-10 12:48:06,704] {logging_mixin.py:109} INFO - [2023-04-10 12:48:06,704] {dagbag.py:500} INFO - Filling up the DagBag from /home/airflow/.local/lib/python3.7/site-packages/airflow/example_dags/example_trigger_controller_dag.py
[2023-04-10 12:48:06,720] {processor.py:652} INFO - DAG(s) dict_keys(['example_trigger_controller_dag']) retrieved from /home/airflow/.local/lib/python3.7/site-packages/airflow/example_dags/example_trigger_controller_dag.py
[2023-04-10 12:48:06,743] {logging_mixin.py:109} INFO - [2023-04-10 12:48:06,743] {dag.py:2398} INFO - Sync 1 DAGs
[2023-04-10 12:48:06,762] {logging_mixin.py:109} INFO - [2023-04-10 12:48:06,762] {dag.py:2937} INFO - Setting next_dagrun for example_trigger_controller_dag to 2021-01-01T00:00:00+00:00
[2023-04-10 12:48:06,777] {processor.py:171} INFO - Processing /home/airflow/.local/lib/python3.7/site-packages/airflow/example_dags/example_trigger_controller_dag.py took 0.079 seconds
[2023-04-10 12:48:37,324] {processor.py:163} INFO - Started process (PID=917) to work on /home/airflow/.local/lib/python3.7/site-packages/airflow/example_dags/example_trigger_controller_dag.py
[2023-04-10 12:48:37,326] {processor.py:642} INFO - Processing file /home/airflow/.local/lib/python3.7/site-packages/airflow/example_dags/example_trigger_controller_dag.py for tasks to queue
[2023-04-10 12:48:37,327] {logging_mixin.py:109} INFO - [2023-04-10 12:48:37,327] {dagbag.py:500} INFO - Filling up the DagBag from /home/airflow/.local/lib/python3.7/site-packages/airflow/example_dags/example_trigger_controller_dag.py
[2023-04-10 12:48:37,347] {processor.py:652} INFO - DAG(s) dict_keys(['example_trigger_controller_dag']) retrieved from /home/airflow/.local/lib/python3.7/site-packages/airflow/example_dags/example_trigger_controller_dag.py
[2023-04-10 12:48:37,379] {logging_mixin.py:109} INFO - [2023-04-10 12:48:37,379] {dag.py:2398} INFO - Sync 1 DAGs
[2023-04-10 12:48:37,409] {logging_mixin.py:109} INFO - [2023-04-10 12:48:37,409] {dag.py:2937} INFO - Setting next_dagrun for example_trigger_controller_dag to 2021-01-01T00:00:00+00:00
[2023-04-10 12:48:37,426] {processor.py:171} INFO - Processing /home/airflow/.local/lib/python3.7/site-packages/airflow/example_dags/example_trigger_controller_dag.py took 0.107 seconds
[2023-04-10 12:49:08,066] {processor.py:163} INFO - Started process (PID=976) to work on /home/airflow/.local/lib/python3.7/site-packages/airflow/example_dags/example_trigger_controller_dag.py
[2023-04-10 12:49:08,069] {processor.py:642} INFO - Processing file /home/airflow/.local/lib/python3.7/site-packages/airflow/example_dags/example_trigger_controller_dag.py for tasks to queue
[2023-04-10 12:49:08,070] {logging_mixin.py:109} INFO - [2023-04-10 12:49:08,070] {dagbag.py:500} INFO - Filling up the DagBag from /home/airflow/.local/lib/python3.7/site-packages/airflow/example_dags/example_trigger_controller_dag.py
[2023-04-10 12:49:08,085] {processor.py:652} INFO - DAG(s) dict_keys(['example_trigger_controller_dag']) retrieved from /home/airflow/.local/lib/python3.7/site-packages/airflow/example_dags/example_trigger_controller_dag.py
[2023-04-10 12:49:08,113] {logging_mixin.py:109} INFO - [2023-04-10 12:49:08,112] {dag.py:2398} INFO - Sync 1 DAGs
[2023-04-10 12:49:08,140] {logging_mixin.py:109} INFO - [2023-04-10 12:49:08,140] {dag.py:2937} INFO - Setting next_dagrun for example_trigger_controller_dag to 2021-01-01T00:00:00+00:00
[2023-04-10 12:49:08,155] {processor.py:171} INFO - Processing /home/airflow/.local/lib/python3.7/site-packages/airflow/example_dags/example_trigger_controller_dag.py took 0.094 seconds
[2023-04-10 12:49:38,299] {processor.py:163} INFO - Started process (PID=1029) to work on /home/airflow/.local/lib/python3.7/site-packages/airflow/example_dags/example_trigger_controller_dag.py
[2023-04-10 12:49:38,300] {processor.py:642} INFO - Processing file /home/airflow/.local/lib/python3.7/site-packages/airflow/example_dags/example_trigger_controller_dag.py for tasks to queue
[2023-04-10 12:49:38,301] {logging_mixin.py:109} INFO - [2023-04-10 12:49:38,301] {dagbag.py:500} INFO - Filling up the DagBag from /home/airflow/.local/lib/python3.7/site-packages/airflow/example_dags/example_trigger_controller_dag.py
[2023-04-10 12:49:38,312] {processor.py:652} INFO - DAG(s) dict_keys(['example_trigger_controller_dag']) retrieved from /home/airflow/.local/lib/python3.7/site-packages/airflow/example_dags/example_trigger_controller_dag.py
[2023-04-10 12:49:38,334] {logging_mixin.py:109} INFO - [2023-04-10 12:49:38,334] {dag.py:2398} INFO - Sync 1 DAGs
[2023-04-10 12:49:38,350] {logging_mixin.py:109} INFO - [2023-04-10 12:49:38,350] {dag.py:2937} INFO - Setting next_dagrun for example_trigger_controller_dag to 2021-01-01T00:00:00+00:00
[2023-04-10 12:49:38,360] {processor.py:171} INFO - Processing /home/airflow/.local/lib/python3.7/site-packages/airflow/example_dags/example_trigger_controller_dag.py took 0.064 seconds
[2023-04-10 12:50:08,599] {processor.py:163} INFO - Started process (PID=1081) to work on /home/airflow/.local/lib/python3.7/site-packages/airflow/example_dags/example_trigger_controller_dag.py
[2023-04-10 12:50:08,600] {processor.py:642} INFO - Processing file /home/airflow/.local/lib/python3.7/site-packages/airflow/example_dags/example_trigger_controller_dag.py for tasks to queue
[2023-04-10 12:50:08,601] {logging_mixin.py:109} INFO - [2023-04-10 12:50:08,601] {dagbag.py:500} INFO - Filling up the DagBag from /home/airflow/.local/lib/python3.7/site-packages/airflow/example_dags/example_trigger_controller_dag.py
[2023-04-10 12:50:08,610] {processor.py:652} INFO - DAG(s) dict_keys(['example_trigger_controller_dag']) retrieved from /home/airflow/.local/lib/python3.7/site-packages/airflow/example_dags/example_trigger_controller_dag.py
[2023-04-10 12:50:08,628] {logging_mixin.py:109} INFO - [2023-04-10 12:50:08,628] {dag.py:2398} INFO - Sync 1 DAGs
[2023-04-10 12:50:08,643] {logging_mixin.py:109} INFO - [2023-04-10 12:50:08,643] {dag.py:2937} INFO - Setting next_dagrun for example_trigger_controller_dag to 2021-01-01T00:00:00+00:00
[2023-04-10 12:50:08,723] {processor.py:171} INFO - Processing /home/airflow/.local/lib/python3.7/site-packages/airflow/example_dags/example_trigger_controller_dag.py took 0.127 seconds
[2023-04-10 12:50:39,419] {processor.py:163} INFO - Started process (PID=1142) to work on /home/airflow/.local/lib/python3.7/site-packages/airflow/example_dags/example_trigger_controller_dag.py
[2023-04-10 12:50:39,420] {processor.py:642} INFO - Processing file /home/airflow/.local/lib/python3.7/site-packages/airflow/example_dags/example_trigger_controller_dag.py for tasks to queue
[2023-04-10 12:50:39,422] {logging_mixin.py:109} INFO - [2023-04-10 12:50:39,421] {dagbag.py:500} INFO - Filling up the DagBag from /home/airflow/.local/lib/python3.7/site-packages/airflow/example_dags/example_trigger_controller_dag.py
[2023-04-10 12:50:39,434] {processor.py:652} INFO - DAG(s) dict_keys(['example_trigger_controller_dag']) retrieved from /home/airflow/.local/lib/python3.7/site-packages/airflow/example_dags/example_trigger_controller_dag.py
[2023-04-10 12:50:39,460] {logging_mixin.py:109} INFO - [2023-04-10 12:50:39,460] {dag.py:2398} INFO - Sync 1 DAGs
[2023-04-10 12:50:39,573] {logging_mixin.py:109} INFO - [2023-04-10 12:50:39,572] {dag.py:2937} INFO - Setting next_dagrun for example_trigger_controller_dag to 2021-01-01T00:00:00+00:00
[2023-04-10 12:50:39,583] {processor.py:171} INFO - Processing /home/airflow/.local/lib/python3.7/site-packages/airflow/example_dags/example_trigger_controller_dag.py took 0.168 seconds
[2023-04-10 12:51:09,871] {processor.py:163} INFO - Started process (PID=1194) to work on /home/airflow/.local/lib/python3.7/site-packages/airflow/example_dags/example_trigger_controller_dag.py
[2023-04-10 12:51:09,872] {processor.py:642} INFO - Processing file /home/airflow/.local/lib/python3.7/site-packages/airflow/example_dags/example_trigger_controller_dag.py for tasks to queue
[2023-04-10 12:51:09,873] {logging_mixin.py:109} INFO - [2023-04-10 12:51:09,873] {dagbag.py:500} INFO - Filling up the DagBag from /home/airflow/.local/lib/python3.7/site-packages/airflow/example_dags/example_trigger_controller_dag.py
[2023-04-10 12:51:09,885] {processor.py:652} INFO - DAG(s) dict_keys(['example_trigger_controller_dag']) retrieved from /home/airflow/.local/lib/python3.7/site-packages/airflow/example_dags/example_trigger_controller_dag.py
[2023-04-10 12:51:09,905] {logging_mixin.py:109} INFO - [2023-04-10 12:51:09,905] {dag.py:2398} INFO - Sync 1 DAGs
[2023-04-10 12:51:09,994] {logging_mixin.py:109} INFO - [2023-04-10 12:51:09,994] {dag.py:2937} INFO - Setting next_dagrun for example_trigger_controller_dag to 2021-01-01T00:00:00+00:00
[2023-04-10 12:51:10,005] {processor.py:171} INFO - Processing /home/airflow/.local/lib/python3.7/site-packages/airflow/example_dags/example_trigger_controller_dag.py took 0.137 seconds
