[2023-04-10 12:44:33,635] {processor.py:163} INFO - Started process (PID=193) to work on /home/airflow/.local/lib/python3.7/site-packages/airflow/example_dags/example_branch_labels.py
[2023-04-10 12:44:33,637] {processor.py:642} INFO - Processing file /home/airflow/.local/lib/python3.7/site-packages/airflow/example_dags/example_branch_labels.py for tasks to queue
[2023-04-10 12:44:33,638] {logging_mixin.py:109} INFO - [2023-04-10 12:44:33,638] {dagbag.py:500} INFO - Filling up the DagBag from /home/airflow/.local/lib/python3.7/site-packages/airflow/example_dags/example_branch_labels.py
[2023-04-10 12:44:33,657] {processor.py:652} INFO - DAG(s) dict_keys(['example_branch_labels']) retrieved from /home/airflow/.local/lib/python3.7/site-packages/airflow/example_dags/example_branch_labels.py
[2023-04-10 12:44:34,900] {logging_mixin.py:109} INFO - [2023-04-10 12:44:34,900] {providers_manager.py:702} WARNING - The field in_cluster from class KubernetesHook does not start with 'extra__'. Ignoring it.
[2023-04-10 12:44:34,901] {logging_mixin.py:109} INFO - [2023-04-10 12:44:34,901] {providers_manager.py:702} WARNING - The field kube_config_path from class KubernetesHook does not start with 'extra__'. Ignoring it.
[2023-04-10 12:44:34,901] {logging_mixin.py:109} INFO - [2023-04-10 12:44:34,901] {providers_manager.py:702} WARNING - The field kube_config from class KubernetesHook does not start with 'extra__'. Ignoring it.
[2023-04-10 12:44:34,901] {logging_mixin.py:109} INFO - [2023-04-10 12:44:34,901] {providers_manager.py:702} WARNING - The field namespace from class KubernetesHook does not start with 'extra__'. Ignoring it.
[2023-04-10 12:44:34,902] {logging_mixin.py:109} INFO - [2023-04-10 12:44:34,902] {providers_manager.py:702} WARNING - The field cluster_context from class KubernetesHook does not start with 'extra__'. Ignoring it.
[2023-04-10 12:44:34,902] {logging_mixin.py:109} INFO - [2023-04-10 12:44:34,902] {providers_manager.py:702} WARNING - The field disable_verify_ssl from class KubernetesHook does not start with 'extra__'. Ignoring it.
[2023-04-10 12:44:34,903] {logging_mixin.py:109} INFO - [2023-04-10 12:44:34,903] {providers_manager.py:702} WARNING - The field disable_tcp_keepalive from class KubernetesHook does not start with 'extra__'. Ignoring it.
[2023-04-10 12:44:34,903] {logging_mixin.py:109} INFO - [2023-04-10 12:44:34,903] {providers_manager.py:702} WARNING - The field xcom_sidecar_container_image from class KubernetesHook does not start with 'extra__'. Ignoring it.
[2023-04-10 12:44:34,966] {logging_mixin.py:109} INFO - [2023-04-10 12:44:34,966] {providers_manager.py:702} WARNING - The field reauth from class DockerHook does not start with 'extra__'. Ignoring it.
[2023-04-10 12:44:34,967] {logging_mixin.py:109} INFO - [2023-04-10 12:44:34,967] {providers_manager.py:702} WARNING - The field email from class DockerHook does not start with 'extra__'. Ignoring it.
[2023-04-10 12:44:35,518] {logging_mixin.py:109} INFO - [2023-04-10 12:44:35,518] {providers_manager.py:702} WARNING - The field project from class GoogleBaseHook does not start with 'extra__'. Ignoring it.
[2023-04-10 12:44:35,519] {logging_mixin.py:109} INFO - [2023-04-10 12:44:35,518] {providers_manager.py:702} WARNING - The field key_path from class GoogleBaseHook does not start with 'extra__'. Ignoring it.
[2023-04-10 12:44:35,519] {logging_mixin.py:109} INFO - [2023-04-10 12:44:35,519] {providers_manager.py:702} WARNING - The field keyfile_dict from class GoogleBaseHook does not start with 'extra__'. Ignoring it.
[2023-04-10 12:44:35,519] {logging_mixin.py:109} INFO - [2023-04-10 12:44:35,519] {providers_manager.py:702} WARNING - The field scope from class GoogleBaseHook does not start with 'extra__'. Ignoring it.
[2023-04-10 12:44:35,520] {logging_mixin.py:109} INFO - [2023-04-10 12:44:35,519] {providers_manager.py:702} WARNING - The field key_secret_name from class GoogleBaseHook does not start with 'extra__'. Ignoring it.
[2023-04-10 12:44:35,520] {logging_mixin.py:109} INFO - [2023-04-10 12:44:35,520] {providers_manager.py:702} WARNING - The field key_secret_project_id from class GoogleBaseHook does not start with 'extra__'. Ignoring it.
[2023-04-10 12:44:35,520] {logging_mixin.py:109} INFO - [2023-04-10 12:44:35,520] {providers_manager.py:702} WARNING - The field num_retries from class GoogleBaseHook does not start with 'extra__'. Ignoring it.
[2023-04-10 12:44:36,409] {logging_mixin.py:109} INFO - [2023-04-10 12:44:36,409] {providers_manager.py:702} WARNING - The field auth_type from class GrpcHook does not start with 'extra__'. Ignoring it.
[2023-04-10 12:44:36,410] {logging_mixin.py:109} INFO - [2023-04-10 12:44:36,410] {providers_manager.py:702} WARNING - The field credential_pem_file from class GrpcHook does not start with 'extra__'. Ignoring it.
[2023-04-10 12:44:36,410] {logging_mixin.py:109} INFO - [2023-04-10 12:44:36,410] {providers_manager.py:702} WARNING - The field scopes from class GrpcHook does not start with 'extra__'. Ignoring it.
[2023-04-10 12:44:36,491] {logging_mixin.py:109} INFO - [2023-04-10 12:44:36,491] {providers_manager.py:702} WARNING - The field tenant from class AzureDataExplorerHook does not start with 'extra__'. Ignoring it.
[2023-04-10 12:44:36,492] {logging_mixin.py:109} INFO - [2023-04-10 12:44:36,492] {providers_manager.py:702} WARNING - The field auth_method from class AzureDataExplorerHook does not start with 'extra__'. Ignoring it.
[2023-04-10 12:44:36,492] {logging_mixin.py:109} INFO - [2023-04-10 12:44:36,492] {providers_manager.py:702} WARNING - The field certificate from class AzureDataExplorerHook does not start with 'extra__'. Ignoring it.
[2023-04-10 12:44:36,493] {logging_mixin.py:109} INFO - [2023-04-10 12:44:36,493] {providers_manager.py:702} WARNING - The field thumbprint from class AzureDataExplorerHook does not start with 'extra__'. Ignoring it.
[2023-04-10 12:44:36,520] {logging_mixin.py:109} INFO - [2023-04-10 12:44:36,520] {providers_manager.py:702} WARNING - The field account_url from class AzureBatchHook does not start with 'extra__'. Ignoring it.
[2023-04-10 12:44:36,540] {logging_mixin.py:109} INFO - [2023-04-10 12:44:36,540] {providers_manager.py:702} WARNING - The field database_name from class AzureCosmosDBHook does not start with 'extra__'. Ignoring it.
[2023-04-10 12:44:36,540] {logging_mixin.py:109} INFO - [2023-04-10 12:44:36,540] {providers_manager.py:702} WARNING - The field collection_name from class AzureCosmosDBHook does not start with 'extra__'. Ignoring it.
[2023-04-10 12:44:36,588] {logging_mixin.py:109} INFO - [2023-04-10 12:44:36,588] {providers_manager.py:702} WARNING - The field sas_token from class AzureFileShareHook does not start with 'extra__'. Ignoring it.
[2023-04-10 12:44:36,589] {logging_mixin.py:109} INFO - [2023-04-10 12:44:36,589] {providers_manager.py:702} WARNING - The field connection_string from class AzureFileShareHook does not start with 'extra__'. Ignoring it.
[2023-04-10 12:44:36,589] {logging_mixin.py:109} INFO - [2023-04-10 12:44:36,589] {providers_manager.py:702} WARNING - The field protocol from class AzureFileShareHook does not start with 'extra__'. Ignoring it.
[2023-04-10 12:44:36,605] {logging_mixin.py:109} INFO - [2023-04-10 12:44:36,605] {providers_manager.py:702} WARNING - The field connection_string from class AzureContainerVolumeHook does not start with 'extra__'. Ignoring it.
[2023-04-10 12:44:36,681] {logging_mixin.py:109} INFO - [2023-04-10 12:44:36,681] {providers_manager.py:702} WARNING - The field tenantId from class AzureDataFactoryHook does not start with 'extra__'. Ignoring it.
[2023-04-10 12:44:36,681] {logging_mixin.py:109} INFO - [2023-04-10 12:44:36,681] {providers_manager.py:702} WARNING - The field subscriptionId from class AzureDataFactoryHook does not start with 'extra__'. Ignoring it.
[2023-04-10 12:44:36,682] {logging_mixin.py:109} INFO - [2023-04-10 12:44:36,682] {providers_manager.py:702} WARNING - The field resource_group_name from class AzureDataFactoryHook does not start with 'extra__'. Ignoring it.
[2023-04-10 12:44:36,682] {logging_mixin.py:109} INFO - [2023-04-10 12:44:36,682] {providers_manager.py:702} WARNING - The field factory_name from class AzureDataFactoryHook does not start with 'extra__'. Ignoring it.
[2023-04-10 12:44:36,742] {logging_mixin.py:109} INFO - [2023-04-10 12:44:36,742] {providers_manager.py:702} WARNING - The field tenantId from class AzureSynapseHook does not start with 'extra__'. Ignoring it.
[2023-04-10 12:44:36,742] {logging_mixin.py:109} INFO - [2023-04-10 12:44:36,742] {providers_manager.py:702} WARNING - The field subscriptionId from class AzureSynapseHook does not start with 'extra__'. Ignoring it.
[2023-04-10 12:44:36,854] {logging_mixin.py:109} WARNING - /home/airflow/.local/lib/python3.7/site-packages/snowflake/connector/options.py:99 UserWarning: You have an incompatible version of 'pyarrow' installed (9.0.0), please install a version that adheres to: 'pyarrow<6.1.0,>=6.0.0; extra == "pandas"'
[2023-04-10 12:44:37,153] {logging_mixin.py:109} INFO - [2023-04-10 12:44:37,153] {providers_manager.py:702} WARNING - The field in_cluster from class KubernetesHook does not start with 'extra__'. Ignoring it.
[2023-04-10 12:44:37,153] {logging_mixin.py:109} INFO - [2023-04-10 12:44:37,153] {providers_manager.py:702} WARNING - The field kube_config_path from class KubernetesHook does not start with 'extra__'. Ignoring it.
[2023-04-10 12:44:37,154] {logging_mixin.py:109} INFO - [2023-04-10 12:44:37,154] {providers_manager.py:702} WARNING - The field kube_config from class KubernetesHook does not start with 'extra__'. Ignoring it.
[2023-04-10 12:44:37,154] {logging_mixin.py:109} INFO - [2023-04-10 12:44:37,154] {providers_manager.py:702} WARNING - The field namespace from class KubernetesHook does not start with 'extra__'. Ignoring it.
[2023-04-10 12:44:37,155] {logging_mixin.py:109} INFO - [2023-04-10 12:44:37,154] {providers_manager.py:702} WARNING - The field cluster_context from class KubernetesHook does not start with 'extra__'. Ignoring it.
[2023-04-10 12:44:37,155] {logging_mixin.py:109} INFO - [2023-04-10 12:44:37,155] {providers_manager.py:702} WARNING - The field disable_verify_ssl from class KubernetesHook does not start with 'extra__'. Ignoring it.
[2023-04-10 12:44:37,155] {logging_mixin.py:109} INFO - [2023-04-10 12:44:37,155] {providers_manager.py:702} WARNING - The field disable_tcp_keepalive from class KubernetesHook does not start with 'extra__'. Ignoring it.
[2023-04-10 12:44:37,156] {logging_mixin.py:109} INFO - [2023-04-10 12:44:37,155] {providers_manager.py:702} WARNING - The field xcom_sidecar_container_image from class KubernetesHook does not start with 'extra__'. Ignoring it.
[2023-04-10 12:44:37,156] {logging_mixin.py:109} INFO - [2023-04-10 12:44:37,156] {providers_manager.py:702} WARNING - The field reauth from class DockerHook does not start with 'extra__'. Ignoring it.
[2023-04-10 12:44:37,157] {logging_mixin.py:109} INFO - [2023-04-10 12:44:37,157] {providers_manager.py:702} WARNING - The field email from class DockerHook does not start with 'extra__'. Ignoring it.
[2023-04-10 12:44:37,157] {logging_mixin.py:109} INFO - [2023-04-10 12:44:37,157] {providers_manager.py:702} WARNING - The field project from class GoogleBaseHook does not start with 'extra__'. Ignoring it.
[2023-04-10 12:44:37,158] {logging_mixin.py:109} INFO - [2023-04-10 12:44:37,158] {providers_manager.py:702} WARNING - The field key_path from class GoogleBaseHook does not start with 'extra__'. Ignoring it.
[2023-04-10 12:44:37,158] {logging_mixin.py:109} INFO - [2023-04-10 12:44:37,158] {providers_manager.py:702} WARNING - The field keyfile_dict from class GoogleBaseHook does not start with 'extra__'. Ignoring it.
[2023-04-10 12:44:37,158] {logging_mixin.py:109} INFO - [2023-04-10 12:44:37,158] {providers_manager.py:702} WARNING - The field scope from class GoogleBaseHook does not start with 'extra__'. Ignoring it.
[2023-04-10 12:44:37,159] {logging_mixin.py:109} INFO - [2023-04-10 12:44:37,159] {providers_manager.py:702} WARNING - The field key_secret_name from class GoogleBaseHook does not start with 'extra__'. Ignoring it.
[2023-04-10 12:44:37,159] {logging_mixin.py:109} INFO - [2023-04-10 12:44:37,159] {providers_manager.py:702} WARNING - The field key_secret_project_id from class GoogleBaseHook does not start with 'extra__'. Ignoring it.
[2023-04-10 12:44:37,159] {logging_mixin.py:109} INFO - [2023-04-10 12:44:37,159] {providers_manager.py:702} WARNING - The field num_retries from class GoogleBaseHook does not start with 'extra__'. Ignoring it.
[2023-04-10 12:44:37,161] {logging_mixin.py:109} INFO - [2023-04-10 12:44:37,161] {providers_manager.py:702} WARNING - The field auth_type from class GrpcHook does not start with 'extra__'. Ignoring it.
[2023-04-10 12:44:37,161] {logging_mixin.py:109} INFO - [2023-04-10 12:44:37,161] {providers_manager.py:702} WARNING - The field credential_pem_file from class GrpcHook does not start with 'extra__'. Ignoring it.
[2023-04-10 12:44:37,162] {logging_mixin.py:109} INFO - [2023-04-10 12:44:37,162] {providers_manager.py:702} WARNING - The field scopes from class GrpcHook does not start with 'extra__'. Ignoring it.
[2023-04-10 12:44:37,163] {logging_mixin.py:109} INFO - [2023-04-10 12:44:37,163] {providers_manager.py:702} WARNING - The field tenant from class AzureDataExplorerHook does not start with 'extra__'. Ignoring it.
[2023-04-10 12:44:37,163] {logging_mixin.py:109} INFO - [2023-04-10 12:44:37,163] {providers_manager.py:702} WARNING - The field auth_method from class AzureDataExplorerHook does not start with 'extra__'. Ignoring it.
[2023-04-10 12:44:37,163] {logging_mixin.py:109} INFO - [2023-04-10 12:44:37,163] {providers_manager.py:702} WARNING - The field certificate from class AzureDataExplorerHook does not start with 'extra__'. Ignoring it.
[2023-04-10 12:44:37,164] {logging_mixin.py:109} INFO - [2023-04-10 12:44:37,163] {providers_manager.py:702} WARNING - The field thumbprint from class AzureDataExplorerHook does not start with 'extra__'. Ignoring it.
[2023-04-10 12:44:37,164] {logging_mixin.py:109} INFO - [2023-04-10 12:44:37,164] {providers_manager.py:702} WARNING - The field account_url from class AzureBatchHook does not start with 'extra__'. Ignoring it.
[2023-04-10 12:44:37,165] {logging_mixin.py:109} INFO - [2023-04-10 12:44:37,165] {providers_manager.py:702} WARNING - The field database_name from class AzureCosmosDBHook does not start with 'extra__'. Ignoring it.
[2023-04-10 12:44:37,165] {logging_mixin.py:109} INFO - [2023-04-10 12:44:37,165] {providers_manager.py:702} WARNING - The field collection_name from class AzureCosmosDBHook does not start with 'extra__'. Ignoring it.
[2023-04-10 12:44:37,168] {logging_mixin.py:109} INFO - [2023-04-10 12:44:37,168] {providers_manager.py:702} WARNING - The field sas_token from class AzureFileShareHook does not start with 'extra__'. Ignoring it.
[2023-04-10 12:44:37,169] {logging_mixin.py:109} INFO - [2023-04-10 12:44:37,168] {providers_manager.py:702} WARNING - The field connection_string from class AzureFileShareHook does not start with 'extra__'. Ignoring it.
[2023-04-10 12:44:37,169] {logging_mixin.py:109} INFO - [2023-04-10 12:44:37,169] {providers_manager.py:702} WARNING - The field protocol from class AzureFileShareHook does not start with 'extra__'. Ignoring it.
[2023-04-10 12:44:37,170] {logging_mixin.py:109} INFO - [2023-04-10 12:44:37,170] {providers_manager.py:702} WARNING - The field connection_string from class AzureContainerVolumeHook does not start with 'extra__'. Ignoring it.
[2023-04-10 12:44:37,172] {logging_mixin.py:109} INFO - [2023-04-10 12:44:37,172] {providers_manager.py:702} WARNING - The field tenantId from class AzureDataFactoryHook does not start with 'extra__'. Ignoring it.
[2023-04-10 12:44:37,172] {logging_mixin.py:109} INFO - [2023-04-10 12:44:37,172] {providers_manager.py:702} WARNING - The field subscriptionId from class AzureDataFactoryHook does not start with 'extra__'. Ignoring it.
[2023-04-10 12:44:37,173] {logging_mixin.py:109} INFO - [2023-04-10 12:44:37,173] {providers_manager.py:702} WARNING - The field resource_group_name from class AzureDataFactoryHook does not start with 'extra__'. Ignoring it.
[2023-04-10 12:44:37,173] {logging_mixin.py:109} INFO - [2023-04-10 12:44:37,173] {providers_manager.py:702} WARNING - The field factory_name from class AzureDataFactoryHook does not start with 'extra__'. Ignoring it.
[2023-04-10 12:44:37,174] {logging_mixin.py:109} INFO - [2023-04-10 12:44:37,174] {providers_manager.py:702} WARNING - The field tenantId from class AzureSynapseHook does not start with 'extra__'. Ignoring it.
[2023-04-10 12:44:37,175] {logging_mixin.py:109} INFO - [2023-04-10 12:44:37,175] {providers_manager.py:702} WARNING - The field subscriptionId from class AzureSynapseHook does not start with 'extra__'. Ignoring it.
[2023-04-10 12:44:37,198] {logging_mixin.py:109} INFO - [2023-04-10 12:44:37,198] {manager.py:496} INFO - Created Permission View: can edit on DAG:example_branch_labels
[2023-04-10 12:44:37,207] {logging_mixin.py:109} INFO - [2023-04-10 12:44:37,207] {manager.py:496} INFO - Created Permission View: can read on DAG:example_branch_labels
[2023-04-10 12:44:37,208] {logging_mixin.py:109} INFO - [2023-04-10 12:44:37,207] {dag.py:2398} INFO - Sync 1 DAGs
[2023-04-10 12:44:37,342] {logging_mixin.py:109} INFO - [2023-04-10 12:44:37,341] {dag.py:2417} INFO - Creating ORM DAG for example_branch_labels
[2023-04-10 12:44:37,350] {logging_mixin.py:109} INFO - [2023-04-10 12:44:37,350] {dag.py:2937} INFO - Setting next_dagrun for example_branch_labels to 2023-04-09 00:00:00+00:00
[2023-04-10 12:44:37,361] {processor.py:171} INFO - Processing /home/airflow/.local/lib/python3.7/site-packages/airflow/example_dags/example_branch_labels.py took 3.730 seconds
[2023-04-10 12:45:11,985] {processor.py:163} INFO - Started process (PID=541) to work on /home/airflow/.local/lib/python3.7/site-packages/airflow/example_dags/example_branch_labels.py
[2023-04-10 12:45:11,986] {processor.py:642} INFO - Processing file /home/airflow/.local/lib/python3.7/site-packages/airflow/example_dags/example_branch_labels.py for tasks to queue
[2023-04-10 12:45:11,987] {logging_mixin.py:109} INFO - [2023-04-10 12:45:11,987] {dagbag.py:500} INFO - Filling up the DagBag from /home/airflow/.local/lib/python3.7/site-packages/airflow/example_dags/example_branch_labels.py
[2023-04-10 12:45:11,999] {processor.py:652} INFO - DAG(s) dict_keys(['example_branch_labels']) retrieved from /home/airflow/.local/lib/python3.7/site-packages/airflow/example_dags/example_branch_labels.py
[2023-04-10 12:45:12,016] {logging_mixin.py:109} INFO - [2023-04-10 12:45:12,016] {dag.py:2398} INFO - Sync 1 DAGs
[2023-04-10 12:45:12,032] {logging_mixin.py:109} INFO - [2023-04-10 12:45:12,032] {dag.py:2937} INFO - Setting next_dagrun for example_branch_labels to 2023-04-09 00:00:00+00:00
[2023-04-10 12:45:12,044] {processor.py:171} INFO - Processing /home/airflow/.local/lib/python3.7/site-packages/airflow/example_dags/example_branch_labels.py took 0.061 seconds
[2023-04-10 12:45:43,249] {processor.py:163} INFO - Started process (PID=602) to work on /home/airflow/.local/lib/python3.7/site-packages/airflow/example_dags/example_branch_labels.py
[2023-04-10 12:45:43,250] {processor.py:642} INFO - Processing file /home/airflow/.local/lib/python3.7/site-packages/airflow/example_dags/example_branch_labels.py for tasks to queue
[2023-04-10 12:45:43,251] {logging_mixin.py:109} INFO - [2023-04-10 12:45:43,250] {dagbag.py:500} INFO - Filling up the DagBag from /home/airflow/.local/lib/python3.7/site-packages/airflow/example_dags/example_branch_labels.py
[2023-04-10 12:45:43,262] {processor.py:652} INFO - DAG(s) dict_keys(['example_branch_labels']) retrieved from /home/airflow/.local/lib/python3.7/site-packages/airflow/example_dags/example_branch_labels.py
[2023-04-10 12:45:43,283] {logging_mixin.py:109} INFO - [2023-04-10 12:45:43,282] {dag.py:2398} INFO - Sync 1 DAGs
[2023-04-10 12:45:43,300] {logging_mixin.py:109} INFO - [2023-04-10 12:45:43,300] {dag.py:2937} INFO - Setting next_dagrun for example_branch_labels to 2023-04-09 00:00:00+00:00
[2023-04-10 12:45:43,312] {processor.py:171} INFO - Processing /home/airflow/.local/lib/python3.7/site-packages/airflow/example_dags/example_branch_labels.py took 0.067 seconds
[2023-04-10 12:46:14,503] {processor.py:163} INFO - Started process (PID=654) to work on /home/airflow/.local/lib/python3.7/site-packages/airflow/example_dags/example_branch_labels.py
[2023-04-10 12:46:14,505] {processor.py:642} INFO - Processing file /home/airflow/.local/lib/python3.7/site-packages/airflow/example_dags/example_branch_labels.py for tasks to queue
[2023-04-10 12:46:14,506] {logging_mixin.py:109} INFO - [2023-04-10 12:46:14,506] {dagbag.py:500} INFO - Filling up the DagBag from /home/airflow/.local/lib/python3.7/site-packages/airflow/example_dags/example_branch_labels.py
[2023-04-10 12:46:14,528] {processor.py:652} INFO - DAG(s) dict_keys(['example_branch_labels']) retrieved from /home/airflow/.local/lib/python3.7/site-packages/airflow/example_dags/example_branch_labels.py
[2023-04-10 12:46:14,551] {logging_mixin.py:109} INFO - [2023-04-10 12:46:14,551] {dag.py:2398} INFO - Sync 1 DAGs
[2023-04-10 12:46:14,574] {logging_mixin.py:109} INFO - [2023-04-10 12:46:14,574] {dag.py:2937} INFO - Setting next_dagrun for example_branch_labels to 2023-04-09 00:00:00+00:00
[2023-04-10 12:46:14,587] {processor.py:171} INFO - Processing /home/airflow/.local/lib/python3.7/site-packages/airflow/example_dags/example_branch_labels.py took 0.087 seconds
[2023-04-10 12:46:45,009] {processor.py:163} INFO - Started process (PID=716) to work on /home/airflow/.local/lib/python3.7/site-packages/airflow/example_dags/example_branch_labels.py
[2023-04-10 12:46:45,010] {processor.py:642} INFO - Processing file /home/airflow/.local/lib/python3.7/site-packages/airflow/example_dags/example_branch_labels.py for tasks to queue
[2023-04-10 12:46:45,011] {logging_mixin.py:109} INFO - [2023-04-10 12:46:45,011] {dagbag.py:500} INFO - Filling up the DagBag from /home/airflow/.local/lib/python3.7/site-packages/airflow/example_dags/example_branch_labels.py
[2023-04-10 12:46:45,024] {processor.py:652} INFO - DAG(s) dict_keys(['example_branch_labels']) retrieved from /home/airflow/.local/lib/python3.7/site-packages/airflow/example_dags/example_branch_labels.py
[2023-04-10 12:46:45,046] {logging_mixin.py:109} INFO - [2023-04-10 12:46:45,046] {dag.py:2398} INFO - Sync 1 DAGs
[2023-04-10 12:46:45,066] {logging_mixin.py:109} INFO - [2023-04-10 12:46:45,066] {dag.py:2937} INFO - Setting next_dagrun for example_branch_labels to 2023-04-09 00:00:00+00:00
[2023-04-10 12:46:45,076] {processor.py:171} INFO - Processing /home/airflow/.local/lib/python3.7/site-packages/airflow/example_dags/example_branch_labels.py took 0.070 seconds
[2023-04-10 12:47:16,187] {processor.py:163} INFO - Started process (PID=769) to work on /home/airflow/.local/lib/python3.7/site-packages/airflow/example_dags/example_branch_labels.py
[2023-04-10 12:47:16,188] {processor.py:642} INFO - Processing file /home/airflow/.local/lib/python3.7/site-packages/airflow/example_dags/example_branch_labels.py for tasks to queue
[2023-04-10 12:47:16,189] {logging_mixin.py:109} INFO - [2023-04-10 12:47:16,189] {dagbag.py:500} INFO - Filling up the DagBag from /home/airflow/.local/lib/python3.7/site-packages/airflow/example_dags/example_branch_labels.py
[2023-04-10 12:47:16,201] {processor.py:652} INFO - DAG(s) dict_keys(['example_branch_labels']) retrieved from /home/airflow/.local/lib/python3.7/site-packages/airflow/example_dags/example_branch_labels.py
[2023-04-10 12:47:16,220] {logging_mixin.py:109} INFO - [2023-04-10 12:47:16,220] {dag.py:2398} INFO - Sync 1 DAGs
[2023-04-10 12:47:16,239] {logging_mixin.py:109} INFO - [2023-04-10 12:47:16,239] {dag.py:2937} INFO - Setting next_dagrun for example_branch_labels to 2023-04-09 00:00:00+00:00
[2023-04-10 12:47:16,250] {processor.py:171} INFO - Processing /home/airflow/.local/lib/python3.7/site-packages/airflow/example_dags/example_branch_labels.py took 0.066 seconds
[2023-04-10 12:47:47,198] {processor.py:163} INFO - Started process (PID=830) to work on /home/airflow/.local/lib/python3.7/site-packages/airflow/example_dags/example_branch_labels.py
[2023-04-10 12:47:47,200] {processor.py:642} INFO - Processing file /home/airflow/.local/lib/python3.7/site-packages/airflow/example_dags/example_branch_labels.py for tasks to queue
[2023-04-10 12:47:47,201] {logging_mixin.py:109} INFO - [2023-04-10 12:47:47,201] {dagbag.py:500} INFO - Filling up the DagBag from /home/airflow/.local/lib/python3.7/site-packages/airflow/example_dags/example_branch_labels.py
[2023-04-10 12:47:47,216] {processor.py:652} INFO - DAG(s) dict_keys(['example_branch_labels']) retrieved from /home/airflow/.local/lib/python3.7/site-packages/airflow/example_dags/example_branch_labels.py
[2023-04-10 12:47:47,236] {logging_mixin.py:109} INFO - [2023-04-10 12:47:47,236] {dag.py:2398} INFO - Sync 1 DAGs
[2023-04-10 12:47:47,256] {logging_mixin.py:109} INFO - [2023-04-10 12:47:47,256] {dag.py:2937} INFO - Setting next_dagrun for example_branch_labels to 2023-04-09 00:00:00+00:00
[2023-04-10 12:47:47,269] {processor.py:171} INFO - Processing /home/airflow/.local/lib/python3.7/site-packages/airflow/example_dags/example_branch_labels.py took 0.074 seconds
[2023-04-10 12:48:18,222] {processor.py:163} INFO - Started process (PID=883) to work on /home/airflow/.local/lib/python3.7/site-packages/airflow/example_dags/example_branch_labels.py
[2023-04-10 12:48:18,224] {processor.py:642} INFO - Processing file /home/airflow/.local/lib/python3.7/site-packages/airflow/example_dags/example_branch_labels.py for tasks to queue
[2023-04-10 12:48:18,225] {logging_mixin.py:109} INFO - [2023-04-10 12:48:18,224] {dagbag.py:500} INFO - Filling up the DagBag from /home/airflow/.local/lib/python3.7/site-packages/airflow/example_dags/example_branch_labels.py
[2023-04-10 12:48:18,240] {processor.py:652} INFO - DAG(s) dict_keys(['example_branch_labels']) retrieved from /home/airflow/.local/lib/python3.7/site-packages/airflow/example_dags/example_branch_labels.py
[2023-04-10 12:48:18,260] {logging_mixin.py:109} INFO - [2023-04-10 12:48:18,260] {dag.py:2398} INFO - Sync 1 DAGs
[2023-04-10 12:48:18,282] {logging_mixin.py:109} INFO - [2023-04-10 12:48:18,282] {dag.py:2937} INFO - Setting next_dagrun for example_branch_labels to 2023-04-09 00:00:00+00:00
[2023-04-10 12:48:18,297] {processor.py:171} INFO - Processing /home/airflow/.local/lib/python3.7/site-packages/airflow/example_dags/example_branch_labels.py took 0.078 seconds
[2023-04-10 12:48:49,221] {processor.py:163} INFO - Started process (PID=944) to work on /home/airflow/.local/lib/python3.7/site-packages/airflow/example_dags/example_branch_labels.py
[2023-04-10 12:48:49,222] {processor.py:642} INFO - Processing file /home/airflow/.local/lib/python3.7/site-packages/airflow/example_dags/example_branch_labels.py for tasks to queue
[2023-04-10 12:48:49,223] {logging_mixin.py:109} INFO - [2023-04-10 12:48:49,223] {dagbag.py:500} INFO - Filling up the DagBag from /home/airflow/.local/lib/python3.7/site-packages/airflow/example_dags/example_branch_labels.py
[2023-04-10 12:48:49,236] {processor.py:652} INFO - DAG(s) dict_keys(['example_branch_labels']) retrieved from /home/airflow/.local/lib/python3.7/site-packages/airflow/example_dags/example_branch_labels.py
[2023-04-10 12:48:49,268] {logging_mixin.py:109} INFO - [2023-04-10 12:48:49,268] {dag.py:2398} INFO - Sync 1 DAGs
[2023-04-10 12:48:49,294] {logging_mixin.py:109} INFO - [2023-04-10 12:48:49,294] {dag.py:2937} INFO - Setting next_dagrun for example_branch_labels to 2023-04-09 00:00:00+00:00
[2023-04-10 12:48:49,305] {processor.py:171} INFO - Processing /home/airflow/.local/lib/python3.7/site-packages/airflow/example_dags/example_branch_labels.py took 0.087 seconds
[2023-04-10 12:49:19,920] {processor.py:163} INFO - Started process (PID=996) to work on /home/airflow/.local/lib/python3.7/site-packages/airflow/example_dags/example_branch_labels.py
[2023-04-10 12:49:19,921] {processor.py:642} INFO - Processing file /home/airflow/.local/lib/python3.7/site-packages/airflow/example_dags/example_branch_labels.py for tasks to queue
[2023-04-10 12:49:19,922] {logging_mixin.py:109} INFO - [2023-04-10 12:49:19,922] {dagbag.py:500} INFO - Filling up the DagBag from /home/airflow/.local/lib/python3.7/site-packages/airflow/example_dags/example_branch_labels.py
[2023-04-10 12:49:19,934] {processor.py:652} INFO - DAG(s) dict_keys(['example_branch_labels']) retrieved from /home/airflow/.local/lib/python3.7/site-packages/airflow/example_dags/example_branch_labels.py
[2023-04-10 12:49:19,953] {logging_mixin.py:109} INFO - [2023-04-10 12:49:19,953] {dag.py:2398} INFO - Sync 1 DAGs
[2023-04-10 12:49:19,972] {logging_mixin.py:109} INFO - [2023-04-10 12:49:19,971] {dag.py:2937} INFO - Setting next_dagrun for example_branch_labels to 2023-04-09 00:00:00+00:00
[2023-04-10 12:49:19,983] {processor.py:171} INFO - Processing /home/airflow/.local/lib/python3.7/site-packages/airflow/example_dags/example_branch_labels.py took 0.064 seconds
[2023-04-10 12:49:51,021] {processor.py:163} INFO - Started process (PID=1057) to work on /home/airflow/.local/lib/python3.7/site-packages/airflow/example_dags/example_branch_labels.py
[2023-04-10 12:49:51,022] {processor.py:642} INFO - Processing file /home/airflow/.local/lib/python3.7/site-packages/airflow/example_dags/example_branch_labels.py for tasks to queue
[2023-04-10 12:49:51,023] {logging_mixin.py:109} INFO - [2023-04-10 12:49:51,023] {dagbag.py:500} INFO - Filling up the DagBag from /home/airflow/.local/lib/python3.7/site-packages/airflow/example_dags/example_branch_labels.py
[2023-04-10 12:49:51,036] {processor.py:652} INFO - DAG(s) dict_keys(['example_branch_labels']) retrieved from /home/airflow/.local/lib/python3.7/site-packages/airflow/example_dags/example_branch_labels.py
[2023-04-10 12:49:51,054] {logging_mixin.py:109} INFO - [2023-04-10 12:49:51,054] {dag.py:2398} INFO - Sync 1 DAGs
[2023-04-10 12:49:51,069] {logging_mixin.py:109} INFO - [2023-04-10 12:49:51,069] {dag.py:2937} INFO - Setting next_dagrun for example_branch_labels to 2023-04-09 00:00:00+00:00
[2023-04-10 12:49:51,077] {processor.py:171} INFO - Processing /home/airflow/.local/lib/python3.7/site-packages/airflow/example_dags/example_branch_labels.py took 0.059 seconds
[2023-04-10 12:50:22,004] {processor.py:163} INFO - Started process (PID=1118) to work on /home/airflow/.local/lib/python3.7/site-packages/airflow/example_dags/example_branch_labels.py
[2023-04-10 12:50:22,006] {processor.py:642} INFO - Processing file /home/airflow/.local/lib/python3.7/site-packages/airflow/example_dags/example_branch_labels.py for tasks to queue
[2023-04-10 12:50:22,007] {logging_mixin.py:109} INFO - [2023-04-10 12:50:22,007] {dagbag.py:500} INFO - Filling up the DagBag from /home/airflow/.local/lib/python3.7/site-packages/airflow/example_dags/example_branch_labels.py
[2023-04-10 12:50:22,026] {processor.py:652} INFO - DAG(s) dict_keys(['example_branch_labels']) retrieved from /home/airflow/.local/lib/python3.7/site-packages/airflow/example_dags/example_branch_labels.py
[2023-04-10 12:50:22,048] {logging_mixin.py:109} INFO - [2023-04-10 12:50:22,048] {dag.py:2398} INFO - Sync 1 DAGs
[2023-04-10 12:50:22,147] {logging_mixin.py:109} INFO - [2023-04-10 12:50:22,147] {dag.py:2937} INFO - Setting next_dagrun for example_branch_labels to 2023-04-09 00:00:00+00:00
[2023-04-10 12:50:22,156] {processor.py:171} INFO - Processing /home/airflow/.local/lib/python3.7/site-packages/airflow/example_dags/example_branch_labels.py took 0.156 seconds
[2023-04-10 12:50:52,603] {processor.py:163} INFO - Started process (PID=1170) to work on /home/airflow/.local/lib/python3.7/site-packages/airflow/example_dags/example_branch_labels.py
[2023-04-10 12:50:52,604] {processor.py:642} INFO - Processing file /home/airflow/.local/lib/python3.7/site-packages/airflow/example_dags/example_branch_labels.py for tasks to queue
[2023-04-10 12:50:52,605] {logging_mixin.py:109} INFO - [2023-04-10 12:50:52,604] {dagbag.py:500} INFO - Filling up the DagBag from /home/airflow/.local/lib/python3.7/site-packages/airflow/example_dags/example_branch_labels.py
[2023-04-10 12:50:52,617] {processor.py:652} INFO - DAG(s) dict_keys(['example_branch_labels']) retrieved from /home/airflow/.local/lib/python3.7/site-packages/airflow/example_dags/example_branch_labels.py
[2023-04-10 12:50:52,637] {logging_mixin.py:109} INFO - [2023-04-10 12:50:52,637] {dag.py:2398} INFO - Sync 1 DAGs
[2023-04-10 12:50:52,738] {logging_mixin.py:109} INFO - [2023-04-10 12:50:52,738] {dag.py:2937} INFO - Setting next_dagrun for example_branch_labels to 2023-04-09 00:00:00+00:00
[2023-04-10 12:50:52,748] {processor.py:171} INFO - Processing /home/airflow/.local/lib/python3.7/site-packages/airflow/example_dags/example_branch_labels.py took 0.148 seconds
