[2023-04-10 12:45:01,205] {processor.py:163} INFO - Started process (PID=446) to work on /home/airflow/.local/lib/python3.7/site-packages/airflow/example_dags/example_latest_only_with_trigger.py
[2023-04-10 12:45:01,207] {processor.py:642} INFO - Processing file /home/airflow/.local/lib/python3.7/site-packages/airflow/example_dags/example_latest_only_with_trigger.py for tasks to queue
[2023-04-10 12:45:01,208] {logging_mixin.py:109} INFO - [2023-04-10 12:45:01,208] {dagbag.py:500} INFO - Filling up the DagBag from /home/airflow/.local/lib/python3.7/site-packages/airflow/example_dags/example_latest_only_with_trigger.py
[2023-04-10 12:45:01,223] {processor.py:652} INFO - DAG(s) dict_keys(['latest_only_with_trigger']) retrieved from /home/airflow/.local/lib/python3.7/site-packages/airflow/example_dags/example_latest_only_with_trigger.py
[2023-04-10 12:45:02,442] {logging_mixin.py:109} INFO - [2023-04-10 12:45:02,441] {providers_manager.py:702} WARNING - The field in_cluster from class KubernetesHook does not start with 'extra__'. Ignoring it.
[2023-04-10 12:45:02,442] {logging_mixin.py:109} INFO - [2023-04-10 12:45:02,442] {providers_manager.py:702} WARNING - The field kube_config_path from class KubernetesHook does not start with 'extra__'. Ignoring it.
[2023-04-10 12:45:02,442] {logging_mixin.py:109} INFO - [2023-04-10 12:45:02,442] {providers_manager.py:702} WARNING - The field kube_config from class KubernetesHook does not start with 'extra__'. Ignoring it.
[2023-04-10 12:45:02,442] {logging_mixin.py:109} INFO - [2023-04-10 12:45:02,442] {providers_manager.py:702} WARNING - The field namespace from class KubernetesHook does not start with 'extra__'. Ignoring it.
[2023-04-10 12:45:02,443] {logging_mixin.py:109} INFO - [2023-04-10 12:45:02,443] {providers_manager.py:702} WARNING - The field cluster_context from class KubernetesHook does not start with 'extra__'. Ignoring it.
[2023-04-10 12:45:02,443] {logging_mixin.py:109} INFO - [2023-04-10 12:45:02,443] {providers_manager.py:702} WARNING - The field disable_verify_ssl from class KubernetesHook does not start with 'extra__'. Ignoring it.
[2023-04-10 12:45:02,443] {logging_mixin.py:109} INFO - [2023-04-10 12:45:02,443] {providers_manager.py:702} WARNING - The field disable_tcp_keepalive from class KubernetesHook does not start with 'extra__'. Ignoring it.
[2023-04-10 12:45:02,444] {logging_mixin.py:109} INFO - [2023-04-10 12:45:02,444] {providers_manager.py:702} WARNING - The field xcom_sidecar_container_image from class KubernetesHook does not start with 'extra__'. Ignoring it.
[2023-04-10 12:45:02,495] {logging_mixin.py:109} INFO - [2023-04-10 12:45:02,495] {providers_manager.py:702} WARNING - The field reauth from class DockerHook does not start with 'extra__'. Ignoring it.
[2023-04-10 12:45:02,495] {logging_mixin.py:109} INFO - [2023-04-10 12:45:02,495] {providers_manager.py:702} WARNING - The field email from class DockerHook does not start with 'extra__'. Ignoring it.
[2023-04-10 12:45:02,962] {logging_mixin.py:109} INFO - [2023-04-10 12:45:02,962] {providers_manager.py:702} WARNING - The field project from class GoogleBaseHook does not start with 'extra__'. Ignoring it.
[2023-04-10 12:45:02,963] {logging_mixin.py:109} INFO - [2023-04-10 12:45:02,963] {providers_manager.py:702} WARNING - The field key_path from class GoogleBaseHook does not start with 'extra__'. Ignoring it.
[2023-04-10 12:45:02,963] {logging_mixin.py:109} INFO - [2023-04-10 12:45:02,963] {providers_manager.py:702} WARNING - The field keyfile_dict from class GoogleBaseHook does not start with 'extra__'. Ignoring it.
[2023-04-10 12:45:02,963] {logging_mixin.py:109} INFO - [2023-04-10 12:45:02,963] {providers_manager.py:702} WARNING - The field scope from class GoogleBaseHook does not start with 'extra__'. Ignoring it.
[2023-04-10 12:45:02,964] {logging_mixin.py:109} INFO - [2023-04-10 12:45:02,964] {providers_manager.py:702} WARNING - The field key_secret_name from class GoogleBaseHook does not start with 'extra__'. Ignoring it.
[2023-04-10 12:45:02,964] {logging_mixin.py:109} INFO - [2023-04-10 12:45:02,964] {providers_manager.py:702} WARNING - The field key_secret_project_id from class GoogleBaseHook does not start with 'extra__'. Ignoring it.
[2023-04-10 12:45:02,964] {logging_mixin.py:109} INFO - [2023-04-10 12:45:02,964] {providers_manager.py:702} WARNING - The field num_retries from class GoogleBaseHook does not start with 'extra__'. Ignoring it.
[2023-04-10 12:45:03,696] {logging_mixin.py:109} INFO - [2023-04-10 12:45:03,696] {providers_manager.py:702} WARNING - The field auth_type from class GrpcHook does not start with 'extra__'. Ignoring it.
[2023-04-10 12:45:03,696] {logging_mixin.py:109} INFO - [2023-04-10 12:45:03,696] {providers_manager.py:702} WARNING - The field credential_pem_file from class GrpcHook does not start with 'extra__'. Ignoring it.
[2023-04-10 12:45:03,697] {logging_mixin.py:109} INFO - [2023-04-10 12:45:03,697] {providers_manager.py:702} WARNING - The field scopes from class GrpcHook does not start with 'extra__'. Ignoring it.
[2023-04-10 12:45:03,768] {logging_mixin.py:109} INFO - [2023-04-10 12:45:03,768] {providers_manager.py:702} WARNING - The field tenant from class AzureDataExplorerHook does not start with 'extra__'. Ignoring it.
[2023-04-10 12:45:03,769] {logging_mixin.py:109} INFO - [2023-04-10 12:45:03,769] {providers_manager.py:702} WARNING - The field auth_method from class AzureDataExplorerHook does not start with 'extra__'. Ignoring it.
[2023-04-10 12:45:03,769] {logging_mixin.py:109} INFO - [2023-04-10 12:45:03,769] {providers_manager.py:702} WARNING - The field certificate from class AzureDataExplorerHook does not start with 'extra__'. Ignoring it.
[2023-04-10 12:45:03,769] {logging_mixin.py:109} INFO - [2023-04-10 12:45:03,769] {providers_manager.py:702} WARNING - The field thumbprint from class AzureDataExplorerHook does not start with 'extra__'. Ignoring it.
[2023-04-10 12:45:03,787] {logging_mixin.py:109} INFO - [2023-04-10 12:45:03,787] {providers_manager.py:702} WARNING - The field account_url from class AzureBatchHook does not start with 'extra__'. Ignoring it.
[2023-04-10 12:45:03,805] {logging_mixin.py:109} INFO - [2023-04-10 12:45:03,805] {providers_manager.py:702} WARNING - The field database_name from class AzureCosmosDBHook does not start with 'extra__'. Ignoring it.
[2023-04-10 12:45:03,806] {logging_mixin.py:109} INFO - [2023-04-10 12:45:03,806] {providers_manager.py:702} WARNING - The field collection_name from class AzureCosmosDBHook does not start with 'extra__'. Ignoring it.
[2023-04-10 12:45:03,840] {logging_mixin.py:109} INFO - [2023-04-10 12:45:03,840] {providers_manager.py:702} WARNING - The field sas_token from class AzureFileShareHook does not start with 'extra__'. Ignoring it.
[2023-04-10 12:45:03,840] {logging_mixin.py:109} INFO - [2023-04-10 12:45:03,840] {providers_manager.py:702} WARNING - The field connection_string from class AzureFileShareHook does not start with 'extra__'. Ignoring it.
[2023-04-10 12:45:03,841] {logging_mixin.py:109} INFO - [2023-04-10 12:45:03,841] {providers_manager.py:702} WARNING - The field protocol from class AzureFileShareHook does not start with 'extra__'. Ignoring it.
[2023-04-10 12:45:03,856] {logging_mixin.py:109} INFO - [2023-04-10 12:45:03,856] {providers_manager.py:702} WARNING - The field connection_string from class AzureContainerVolumeHook does not start with 'extra__'. Ignoring it.
[2023-04-10 12:45:03,923] {logging_mixin.py:109} INFO - [2023-04-10 12:45:03,922] {providers_manager.py:702} WARNING - The field tenantId from class AzureDataFactoryHook does not start with 'extra__'. Ignoring it.
[2023-04-10 12:45:03,923] {logging_mixin.py:109} INFO - [2023-04-10 12:45:03,923] {providers_manager.py:702} WARNING - The field subscriptionId from class AzureDataFactoryHook does not start with 'extra__'. Ignoring it.
[2023-04-10 12:45:03,923] {logging_mixin.py:109} INFO - [2023-04-10 12:45:03,923] {providers_manager.py:702} WARNING - The field resource_group_name from class AzureDataFactoryHook does not start with 'extra__'. Ignoring it.
[2023-04-10 12:45:03,924] {logging_mixin.py:109} INFO - [2023-04-10 12:45:03,924] {providers_manager.py:702} WARNING - The field factory_name from class AzureDataFactoryHook does not start with 'extra__'. Ignoring it.
[2023-04-10 12:45:03,965] {logging_mixin.py:109} INFO - [2023-04-10 12:45:03,965] {providers_manager.py:702} WARNING - The field tenantId from class AzureSynapseHook does not start with 'extra__'. Ignoring it.
[2023-04-10 12:45:03,966] {logging_mixin.py:109} INFO - [2023-04-10 12:45:03,965] {providers_manager.py:702} WARNING - The field subscriptionId from class AzureSynapseHook does not start with 'extra__'. Ignoring it.
[2023-04-10 12:45:04,027] {logging_mixin.py:109} WARNING - /home/airflow/.local/lib/python3.7/site-packages/snowflake/connector/options.py:99 UserWarning: You have an incompatible version of 'pyarrow' installed (9.0.0), please install a version that adheres to: 'pyarrow<6.1.0,>=6.0.0; extra == "pandas"'
[2023-04-10 12:45:04,275] {logging_mixin.py:109} INFO - [2023-04-10 12:45:04,275] {providers_manager.py:702} WARNING - The field in_cluster from class KubernetesHook does not start with 'extra__'. Ignoring it.
[2023-04-10 12:45:04,275] {logging_mixin.py:109} INFO - [2023-04-10 12:45:04,275] {providers_manager.py:702} WARNING - The field kube_config_path from class KubernetesHook does not start with 'extra__'. Ignoring it.
[2023-04-10 12:45:04,275] {logging_mixin.py:109} INFO - [2023-04-10 12:45:04,275] {providers_manager.py:702} WARNING - The field kube_config from class KubernetesHook does not start with 'extra__'. Ignoring it.
[2023-04-10 12:45:04,276] {logging_mixin.py:109} INFO - [2023-04-10 12:45:04,276] {providers_manager.py:702} WARNING - The field namespace from class KubernetesHook does not start with 'extra__'. Ignoring it.
[2023-04-10 12:45:04,276] {logging_mixin.py:109} INFO - [2023-04-10 12:45:04,276] {providers_manager.py:702} WARNING - The field cluster_context from class KubernetesHook does not start with 'extra__'. Ignoring it.
[2023-04-10 12:45:04,276] {logging_mixin.py:109} INFO - [2023-04-10 12:45:04,276] {providers_manager.py:702} WARNING - The field disable_verify_ssl from class KubernetesHook does not start with 'extra__'. Ignoring it.
[2023-04-10 12:45:04,277] {logging_mixin.py:109} INFO - [2023-04-10 12:45:04,277] {providers_manager.py:702} WARNING - The field disable_tcp_keepalive from class KubernetesHook does not start with 'extra__'. Ignoring it.
[2023-04-10 12:45:04,277] {logging_mixin.py:109} INFO - [2023-04-10 12:45:04,277] {providers_manager.py:702} WARNING - The field xcom_sidecar_container_image from class KubernetesHook does not start with 'extra__'. Ignoring it.
[2023-04-10 12:45:04,278] {logging_mixin.py:109} INFO - [2023-04-10 12:45:04,278] {providers_manager.py:702} WARNING - The field reauth from class DockerHook does not start with 'extra__'. Ignoring it.
[2023-04-10 12:45:04,278] {logging_mixin.py:109} INFO - [2023-04-10 12:45:04,278] {providers_manager.py:702} WARNING - The field email from class DockerHook does not start with 'extra__'. Ignoring it.
[2023-04-10 12:45:04,279] {logging_mixin.py:109} INFO - [2023-04-10 12:45:04,279] {providers_manager.py:702} WARNING - The field project from class GoogleBaseHook does not start with 'extra__'. Ignoring it.
[2023-04-10 12:45:04,279] {logging_mixin.py:109} INFO - [2023-04-10 12:45:04,279] {providers_manager.py:702} WARNING - The field key_path from class GoogleBaseHook does not start with 'extra__'. Ignoring it.
[2023-04-10 12:45:04,279] {logging_mixin.py:109} INFO - [2023-04-10 12:45:04,279] {providers_manager.py:702} WARNING - The field keyfile_dict from class GoogleBaseHook does not start with 'extra__'. Ignoring it.
[2023-04-10 12:45:04,279] {logging_mixin.py:109} INFO - [2023-04-10 12:45:04,279] {providers_manager.py:702} WARNING - The field scope from class GoogleBaseHook does not start with 'extra__'. Ignoring it.
[2023-04-10 12:45:04,280] {logging_mixin.py:109} INFO - [2023-04-10 12:45:04,280] {providers_manager.py:702} WARNING - The field key_secret_name from class GoogleBaseHook does not start with 'extra__'. Ignoring it.
[2023-04-10 12:45:04,280] {logging_mixin.py:109} INFO - [2023-04-10 12:45:04,280] {providers_manager.py:702} WARNING - The field key_secret_project_id from class GoogleBaseHook does not start with 'extra__'. Ignoring it.
[2023-04-10 12:45:04,280] {logging_mixin.py:109} INFO - [2023-04-10 12:45:04,280] {providers_manager.py:702} WARNING - The field num_retries from class GoogleBaseHook does not start with 'extra__'. Ignoring it.
[2023-04-10 12:45:04,282] {logging_mixin.py:109} INFO - [2023-04-10 12:45:04,282] {providers_manager.py:702} WARNING - The field auth_type from class GrpcHook does not start with 'extra__'. Ignoring it.
[2023-04-10 12:45:04,282] {logging_mixin.py:109} INFO - [2023-04-10 12:45:04,282] {providers_manager.py:702} WARNING - The field credential_pem_file from class GrpcHook does not start with 'extra__'. Ignoring it.
[2023-04-10 12:45:04,283] {logging_mixin.py:109} INFO - [2023-04-10 12:45:04,282] {providers_manager.py:702} WARNING - The field scopes from class GrpcHook does not start with 'extra__'. Ignoring it.
[2023-04-10 12:45:04,283] {logging_mixin.py:109} INFO - [2023-04-10 12:45:04,283] {providers_manager.py:702} WARNING - The field tenant from class AzureDataExplorerHook does not start with 'extra__'. Ignoring it.
[2023-04-10 12:45:04,284] {logging_mixin.py:109} INFO - [2023-04-10 12:45:04,284] {providers_manager.py:702} WARNING - The field auth_method from class AzureDataExplorerHook does not start with 'extra__'. Ignoring it.
[2023-04-10 12:45:04,284] {logging_mixin.py:109} INFO - [2023-04-10 12:45:04,284] {providers_manager.py:702} WARNING - The field certificate from class AzureDataExplorerHook does not start with 'extra__'. Ignoring it.
[2023-04-10 12:45:04,284] {logging_mixin.py:109} INFO - [2023-04-10 12:45:04,284] {providers_manager.py:702} WARNING - The field thumbprint from class AzureDataExplorerHook does not start with 'extra__'. Ignoring it.
[2023-04-10 12:45:04,285] {logging_mixin.py:109} INFO - [2023-04-10 12:45:04,285] {providers_manager.py:702} WARNING - The field account_url from class AzureBatchHook does not start with 'extra__'. Ignoring it.
[2023-04-10 12:45:04,285] {logging_mixin.py:109} INFO - [2023-04-10 12:45:04,285] {providers_manager.py:702} WARNING - The field database_name from class AzureCosmosDBHook does not start with 'extra__'. Ignoring it.
[2023-04-10 12:45:04,286] {logging_mixin.py:109} INFO - [2023-04-10 12:45:04,286] {providers_manager.py:702} WARNING - The field collection_name from class AzureCosmosDBHook does not start with 'extra__'. Ignoring it.
[2023-04-10 12:45:04,288] {logging_mixin.py:109} INFO - [2023-04-10 12:45:04,288] {providers_manager.py:702} WARNING - The field sas_token from class AzureFileShareHook does not start with 'extra__'. Ignoring it.
[2023-04-10 12:45:04,289] {logging_mixin.py:109} INFO - [2023-04-10 12:45:04,289] {providers_manager.py:702} WARNING - The field connection_string from class AzureFileShareHook does not start with 'extra__'. Ignoring it.
[2023-04-10 12:45:04,289] {logging_mixin.py:109} INFO - [2023-04-10 12:45:04,289] {providers_manager.py:702} WARNING - The field protocol from class AzureFileShareHook does not start with 'extra__'. Ignoring it.
[2023-04-10 12:45:04,290] {logging_mixin.py:109} INFO - [2023-04-10 12:45:04,290] {providers_manager.py:702} WARNING - The field connection_string from class AzureContainerVolumeHook does not start with 'extra__'. Ignoring it.
[2023-04-10 12:45:04,291] {logging_mixin.py:109} INFO - [2023-04-10 12:45:04,291] {providers_manager.py:702} WARNING - The field tenantId from class AzureDataFactoryHook does not start with 'extra__'. Ignoring it.
[2023-04-10 12:45:04,292] {logging_mixin.py:109} INFO - [2023-04-10 12:45:04,291] {providers_manager.py:702} WARNING - The field subscriptionId from class AzureDataFactoryHook does not start with 'extra__'. Ignoring it.
[2023-04-10 12:45:04,292] {logging_mixin.py:109} INFO - [2023-04-10 12:45:04,292] {providers_manager.py:702} WARNING - The field resource_group_name from class AzureDataFactoryHook does not start with 'extra__'. Ignoring it.
[2023-04-10 12:45:04,292] {logging_mixin.py:109} INFO - [2023-04-10 12:45:04,292] {providers_manager.py:702} WARNING - The field factory_name from class AzureDataFactoryHook does not start with 'extra__'. Ignoring it.
[2023-04-10 12:45:04,293] {logging_mixin.py:109} INFO - [2023-04-10 12:45:04,293] {providers_manager.py:702} WARNING - The field tenantId from class AzureSynapseHook does not start with 'extra__'. Ignoring it.
[2023-04-10 12:45:04,294] {logging_mixin.py:109} INFO - [2023-04-10 12:45:04,294] {providers_manager.py:702} WARNING - The field subscriptionId from class AzureSynapseHook does not start with 'extra__'. Ignoring it.
[2023-04-10 12:45:04,314] {logging_mixin.py:109} INFO - [2023-04-10 12:45:04,314] {manager.py:496} INFO - Created Permission View: can edit on DAG:latest_only_with_trigger
[2023-04-10 12:45:04,323] {logging_mixin.py:109} INFO - [2023-04-10 12:45:04,323] {manager.py:496} INFO - Created Permission View: can read on DAG:latest_only_with_trigger
[2023-04-10 12:45:04,324] {logging_mixin.py:109} INFO - [2023-04-10 12:45:04,323] {dag.py:2398} INFO - Sync 1 DAGs
[2023-04-10 12:45:04,450] {logging_mixin.py:109} INFO - [2023-04-10 12:45:04,449] {dag.py:2417} INFO - Creating ORM DAG for latest_only_with_trigger
[2023-04-10 12:45:04,459] {logging_mixin.py:109} INFO - [2023-04-10 12:45:04,459] {dag.py:2937} INFO - Setting next_dagrun for latest_only_with_trigger to 2023-04-10T08:45:04.459591+00:00
[2023-04-10 12:45:04,475] {processor.py:171} INFO - Processing /home/airflow/.local/lib/python3.7/site-packages/airflow/example_dags/example_latest_only_with_trigger.py took 3.273 seconds
[2023-04-10 12:45:34,665] {processor.py:163} INFO - Started process (PID=576) to work on /home/airflow/.local/lib/python3.7/site-packages/airflow/example_dags/example_latest_only_with_trigger.py
[2023-04-10 12:45:34,666] {processor.py:642} INFO - Processing file /home/airflow/.local/lib/python3.7/site-packages/airflow/example_dags/example_latest_only_with_trigger.py for tasks to queue
[2023-04-10 12:45:34,667] {logging_mixin.py:109} INFO - [2023-04-10 12:45:34,667] {dagbag.py:500} INFO - Filling up the DagBag from /home/airflow/.local/lib/python3.7/site-packages/airflow/example_dags/example_latest_only_with_trigger.py
[2023-04-10 12:45:34,678] {processor.py:652} INFO - DAG(s) dict_keys(['latest_only_with_trigger']) retrieved from /home/airflow/.local/lib/python3.7/site-packages/airflow/example_dags/example_latest_only_with_trigger.py
[2023-04-10 12:45:34,699] {logging_mixin.py:109} INFO - [2023-04-10 12:45:34,699] {dag.py:2398} INFO - Sync 1 DAGs
[2023-04-10 12:45:34,713] {logging_mixin.py:109} INFO - [2023-04-10 12:45:34,713] {dag.py:2937} INFO - Setting next_dagrun for latest_only_with_trigger to 2023-04-10T08:45:34.712831+00:00
[2023-04-10 12:45:34,727] {processor.py:171} INFO - Processing /home/airflow/.local/lib/python3.7/site-packages/airflow/example_dags/example_latest_only_with_trigger.py took 0.064 seconds
[2023-04-10 12:46:04,772] {processor.py:163} INFO - Started process (PID=637) to work on /home/airflow/.local/lib/python3.7/site-packages/airflow/example_dags/example_latest_only_with_trigger.py
[2023-04-10 12:46:04,774] {processor.py:642} INFO - Processing file /home/airflow/.local/lib/python3.7/site-packages/airflow/example_dags/example_latest_only_with_trigger.py for tasks to queue
[2023-04-10 12:46:04,775] {logging_mixin.py:109} INFO - [2023-04-10 12:46:04,775] {dagbag.py:500} INFO - Filling up the DagBag from /home/airflow/.local/lib/python3.7/site-packages/airflow/example_dags/example_latest_only_with_trigger.py
[2023-04-10 12:46:04,796] {processor.py:652} INFO - DAG(s) dict_keys(['latest_only_with_trigger']) retrieved from /home/airflow/.local/lib/python3.7/site-packages/airflow/example_dags/example_latest_only_with_trigger.py
[2023-04-10 12:46:04,820] {logging_mixin.py:109} INFO - [2023-04-10 12:46:04,820] {dag.py:2398} INFO - Sync 1 DAGs
[2023-04-10 12:46:04,840] {logging_mixin.py:109} INFO - [2023-04-10 12:46:04,840] {dag.py:2937} INFO - Setting next_dagrun for latest_only_with_trigger to 2023-04-10T08:46:04.840334+00:00
[2023-04-10 12:46:04,855] {processor.py:171} INFO - Processing /home/airflow/.local/lib/python3.7/site-packages/airflow/example_dags/example_latest_only_with_trigger.py took 0.088 seconds
[2023-04-10 12:46:35,448] {processor.py:163} INFO - Started process (PID=690) to work on /home/airflow/.local/lib/python3.7/site-packages/airflow/example_dags/example_latest_only_with_trigger.py
[2023-04-10 12:46:35,450] {processor.py:642} INFO - Processing file /home/airflow/.local/lib/python3.7/site-packages/airflow/example_dags/example_latest_only_with_trigger.py for tasks to queue
[2023-04-10 12:46:35,451] {logging_mixin.py:109} INFO - [2023-04-10 12:46:35,451] {dagbag.py:500} INFO - Filling up the DagBag from /home/airflow/.local/lib/python3.7/site-packages/airflow/example_dags/example_latest_only_with_trigger.py
[2023-04-10 12:46:35,466] {processor.py:652} INFO - DAG(s) dict_keys(['latest_only_with_trigger']) retrieved from /home/airflow/.local/lib/python3.7/site-packages/airflow/example_dags/example_latest_only_with_trigger.py
[2023-04-10 12:46:35,491] {logging_mixin.py:109} INFO - [2023-04-10 12:46:35,491] {dag.py:2398} INFO - Sync 1 DAGs
[2023-04-10 12:46:35,512] {logging_mixin.py:109} INFO - [2023-04-10 12:46:35,512] {dag.py:2937} INFO - Setting next_dagrun for latest_only_with_trigger to 2023-04-10T08:46:35.512024+00:00
[2023-04-10 12:46:35,526] {processor.py:171} INFO - Processing /home/airflow/.local/lib/python3.7/site-packages/airflow/example_dags/example_latest_only_with_trigger.py took 0.081 seconds
[2023-04-10 12:47:05,747] {processor.py:163} INFO - Started process (PID=752) to work on /home/airflow/.local/lib/python3.7/site-packages/airflow/example_dags/example_latest_only_with_trigger.py
[2023-04-10 12:47:05,748] {processor.py:642} INFO - Processing file /home/airflow/.local/lib/python3.7/site-packages/airflow/example_dags/example_latest_only_with_trigger.py for tasks to queue
[2023-04-10 12:47:05,749] {logging_mixin.py:109} INFO - [2023-04-10 12:47:05,749] {dagbag.py:500} INFO - Filling up the DagBag from /home/airflow/.local/lib/python3.7/site-packages/airflow/example_dags/example_latest_only_with_trigger.py
[2023-04-10 12:47:05,762] {processor.py:652} INFO - DAG(s) dict_keys(['latest_only_with_trigger']) retrieved from /home/airflow/.local/lib/python3.7/site-packages/airflow/example_dags/example_latest_only_with_trigger.py
[2023-04-10 12:47:05,781] {logging_mixin.py:109} INFO - [2023-04-10 12:47:05,781] {dag.py:2398} INFO - Sync 1 DAGs
[2023-04-10 12:47:05,796] {logging_mixin.py:109} INFO - [2023-04-10 12:47:05,796] {dag.py:2937} INFO - Setting next_dagrun for latest_only_with_trigger to 2023-04-10T08:47:05.796538+00:00
[2023-04-10 12:47:05,807] {processor.py:171} INFO - Processing /home/airflow/.local/lib/python3.7/site-packages/airflow/example_dags/example_latest_only_with_trigger.py took 0.062 seconds
[2023-04-10 12:47:36,310] {processor.py:163} INFO - Started process (PID=804) to work on /home/airflow/.local/lib/python3.7/site-packages/airflow/example_dags/example_latest_only_with_trigger.py
[2023-04-10 12:47:36,311] {processor.py:642} INFO - Processing file /home/airflow/.local/lib/python3.7/site-packages/airflow/example_dags/example_latest_only_with_trigger.py for tasks to queue
[2023-04-10 12:47:36,312] {logging_mixin.py:109} INFO - [2023-04-10 12:47:36,311] {dagbag.py:500} INFO - Filling up the DagBag from /home/airflow/.local/lib/python3.7/site-packages/airflow/example_dags/example_latest_only_with_trigger.py
[2023-04-10 12:47:36,329] {processor.py:652} INFO - DAG(s) dict_keys(['latest_only_with_trigger']) retrieved from /home/airflow/.local/lib/python3.7/site-packages/airflow/example_dags/example_latest_only_with_trigger.py
[2023-04-10 12:47:36,353] {logging_mixin.py:109} INFO - [2023-04-10 12:47:36,353] {dag.py:2398} INFO - Sync 1 DAGs
[2023-04-10 12:47:36,370] {logging_mixin.py:109} INFO - [2023-04-10 12:47:36,370] {dag.py:2937} INFO - Setting next_dagrun for latest_only_with_trigger to 2023-04-10T08:47:36.369970+00:00
[2023-04-10 12:47:36,379] {processor.py:171} INFO - Processing /home/airflow/.local/lib/python3.7/site-packages/airflow/example_dags/example_latest_only_with_trigger.py took 0.073 seconds
[2023-04-10 12:48:06,701] {processor.py:163} INFO - Started process (PID=857) to work on /home/airflow/.local/lib/python3.7/site-packages/airflow/example_dags/example_latest_only_with_trigger.py
[2023-04-10 12:48:06,703] {processor.py:642} INFO - Processing file /home/airflow/.local/lib/python3.7/site-packages/airflow/example_dags/example_latest_only_with_trigger.py for tasks to queue
[2023-04-10 12:48:06,704] {logging_mixin.py:109} INFO - [2023-04-10 12:48:06,704] {dagbag.py:500} INFO - Filling up the DagBag from /home/airflow/.local/lib/python3.7/site-packages/airflow/example_dags/example_latest_only_with_trigger.py
[2023-04-10 12:48:06,720] {processor.py:652} INFO - DAG(s) dict_keys(['latest_only_with_trigger']) retrieved from /home/airflow/.local/lib/python3.7/site-packages/airflow/example_dags/example_latest_only_with_trigger.py
[2023-04-10 12:48:06,744] {logging_mixin.py:109} INFO - [2023-04-10 12:48:06,743] {dag.py:2398} INFO - Sync 1 DAGs
[2023-04-10 12:48:06,762] {logging_mixin.py:109} INFO - [2023-04-10 12:48:06,762] {dag.py:2937} INFO - Setting next_dagrun for latest_only_with_trigger to 2023-04-10T08:48:06.762527+00:00
[2023-04-10 12:48:06,778] {processor.py:171} INFO - Processing /home/airflow/.local/lib/python3.7/site-packages/airflow/example_dags/example_latest_only_with_trigger.py took 0.080 seconds
[2023-04-10 12:48:37,454] {processor.py:163} INFO - Started process (PID=918) to work on /home/airflow/.local/lib/python3.7/site-packages/airflow/example_dags/example_latest_only_with_trigger.py
[2023-04-10 12:48:37,456] {processor.py:642} INFO - Processing file /home/airflow/.local/lib/python3.7/site-packages/airflow/example_dags/example_latest_only_with_trigger.py for tasks to queue
[2023-04-10 12:48:37,466] {logging_mixin.py:109} INFO - [2023-04-10 12:48:37,466] {dagbag.py:500} INFO - Filling up the DagBag from /home/airflow/.local/lib/python3.7/site-packages/airflow/example_dags/example_latest_only_with_trigger.py
[2023-04-10 12:48:37,494] {processor.py:652} INFO - DAG(s) dict_keys(['latest_only_with_trigger']) retrieved from /home/airflow/.local/lib/python3.7/site-packages/airflow/example_dags/example_latest_only_with_trigger.py
[2023-04-10 12:48:37,519] {logging_mixin.py:109} INFO - [2023-04-10 12:48:37,519] {dag.py:2398} INFO - Sync 1 DAGs
[2023-04-10 12:48:37,539] {logging_mixin.py:109} INFO - [2023-04-10 12:48:37,538] {dag.py:2937} INFO - Setting next_dagrun for latest_only_with_trigger to 2023-04-10T08:48:37.538603+00:00
[2023-04-10 12:48:37,550] {processor.py:171} INFO - Processing /home/airflow/.local/lib/python3.7/site-packages/airflow/example_dags/example_latest_only_with_trigger.py took 0.101 seconds
[2023-04-10 12:49:08,179] {processor.py:163} INFO - Started process (PID=977) to work on /home/airflow/.local/lib/python3.7/site-packages/airflow/example_dags/example_latest_only_with_trigger.py
[2023-04-10 12:49:08,182] {processor.py:642} INFO - Processing file /home/airflow/.local/lib/python3.7/site-packages/airflow/example_dags/example_latest_only_with_trigger.py for tasks to queue
[2023-04-10 12:49:08,183] {logging_mixin.py:109} INFO - [2023-04-10 12:49:08,183] {dagbag.py:500} INFO - Filling up the DagBag from /home/airflow/.local/lib/python3.7/site-packages/airflow/example_dags/example_latest_only_with_trigger.py
[2023-04-10 12:49:08,208] {processor.py:652} INFO - DAG(s) dict_keys(['latest_only_with_trigger']) retrieved from /home/airflow/.local/lib/python3.7/site-packages/airflow/example_dags/example_latest_only_with_trigger.py
[2023-04-10 12:49:08,235] {logging_mixin.py:109} INFO - [2023-04-10 12:49:08,235] {dag.py:2398} INFO - Sync 1 DAGs
[2023-04-10 12:49:08,254] {logging_mixin.py:109} INFO - [2023-04-10 12:49:08,254] {dag.py:2937} INFO - Setting next_dagrun for latest_only_with_trigger to 2023-04-10T08:49:08.254386+00:00
[2023-04-10 12:49:08,266] {processor.py:171} INFO - Processing /home/airflow/.local/lib/python3.7/site-packages/airflow/example_dags/example_latest_only_with_trigger.py took 0.091 seconds
[2023-04-10 12:49:38,299] {processor.py:163} INFO - Started process (PID=1030) to work on /home/airflow/.local/lib/python3.7/site-packages/airflow/example_dags/example_latest_only_with_trigger.py
[2023-04-10 12:49:38,300] {processor.py:642} INFO - Processing file /home/airflow/.local/lib/python3.7/site-packages/airflow/example_dags/example_latest_only_with_trigger.py for tasks to queue
[2023-04-10 12:49:38,301] {logging_mixin.py:109} INFO - [2023-04-10 12:49:38,301] {dagbag.py:500} INFO - Filling up the DagBag from /home/airflow/.local/lib/python3.7/site-packages/airflow/example_dags/example_latest_only_with_trigger.py
[2023-04-10 12:49:38,313] {processor.py:652} INFO - DAG(s) dict_keys(['latest_only_with_trigger']) retrieved from /home/airflow/.local/lib/python3.7/site-packages/airflow/example_dags/example_latest_only_with_trigger.py
[2023-04-10 12:49:38,334] {logging_mixin.py:109} INFO - [2023-04-10 12:49:38,334] {dag.py:2398} INFO - Sync 1 DAGs
[2023-04-10 12:49:38,350] {logging_mixin.py:109} INFO - [2023-04-10 12:49:38,350] {dag.py:2937} INFO - Setting next_dagrun for latest_only_with_trigger to 2023-04-10T08:49:38.350074+00:00
[2023-04-10 12:49:38,445] {processor.py:171} INFO - Processing /home/airflow/.local/lib/python3.7/site-packages/airflow/example_dags/example_latest_only_with_trigger.py took 0.149 seconds
[2023-04-10 12:50:08,600] {processor.py:163} INFO - Started process (PID=1082) to work on /home/airflow/.local/lib/python3.7/site-packages/airflow/example_dags/example_latest_only_with_trigger.py
[2023-04-10 12:50:08,601] {processor.py:642} INFO - Processing file /home/airflow/.local/lib/python3.7/site-packages/airflow/example_dags/example_latest_only_with_trigger.py for tasks to queue
[2023-04-10 12:50:08,602] {logging_mixin.py:109} INFO - [2023-04-10 12:50:08,602] {dagbag.py:500} INFO - Filling up the DagBag from /home/airflow/.local/lib/python3.7/site-packages/airflow/example_dags/example_latest_only_with_trigger.py
[2023-04-10 12:50:08,612] {processor.py:652} INFO - DAG(s) dict_keys(['latest_only_with_trigger']) retrieved from /home/airflow/.local/lib/python3.7/site-packages/airflow/example_dags/example_latest_only_with_trigger.py
[2023-04-10 12:50:08,629] {logging_mixin.py:109} INFO - [2023-04-10 12:50:08,629] {dag.py:2398} INFO - Sync 1 DAGs
[2023-04-10 12:50:08,717] {logging_mixin.py:109} INFO - [2023-04-10 12:50:08,717] {dag.py:2937} INFO - Setting next_dagrun for latest_only_with_trigger to 2023-04-10T08:50:08.717500+00:00
[2023-04-10 12:50:08,725] {processor.py:171} INFO - Processing /home/airflow/.local/lib/python3.7/site-packages/airflow/example_dags/example_latest_only_with_trigger.py took 0.128 seconds
[2023-04-10 12:50:39,419] {processor.py:163} INFO - Started process (PID=1143) to work on /home/airflow/.local/lib/python3.7/site-packages/airflow/example_dags/example_latest_only_with_trigger.py
[2023-04-10 12:50:39,420] {processor.py:642} INFO - Processing file /home/airflow/.local/lib/python3.7/site-packages/airflow/example_dags/example_latest_only_with_trigger.py for tasks to queue
[2023-04-10 12:50:39,421] {logging_mixin.py:109} INFO - [2023-04-10 12:50:39,421] {dagbag.py:500} INFO - Filling up the DagBag from /home/airflow/.local/lib/python3.7/site-packages/airflow/example_dags/example_latest_only_with_trigger.py
[2023-04-10 12:50:39,435] {processor.py:652} INFO - DAG(s) dict_keys(['latest_only_with_trigger']) retrieved from /home/airflow/.local/lib/python3.7/site-packages/airflow/example_dags/example_latest_only_with_trigger.py
[2023-04-10 12:50:39,462] {logging_mixin.py:109} INFO - [2023-04-10 12:50:39,462] {dag.py:2398} INFO - Sync 1 DAGs
[2023-04-10 12:50:39,576] {logging_mixin.py:109} INFO - [2023-04-10 12:50:39,576] {dag.py:2937} INFO - Setting next_dagrun for latest_only_with_trigger to 2023-04-10T08:50:39.575813+00:00
[2023-04-10 12:50:39,587] {processor.py:171} INFO - Processing /home/airflow/.local/lib/python3.7/site-packages/airflow/example_dags/example_latest_only_with_trigger.py took 0.171 seconds
[2023-04-10 12:51:09,871] {processor.py:163} INFO - Started process (PID=1195) to work on /home/airflow/.local/lib/python3.7/site-packages/airflow/example_dags/example_latest_only_with_trigger.py
[2023-04-10 12:51:09,872] {processor.py:642} INFO - Processing file /home/airflow/.local/lib/python3.7/site-packages/airflow/example_dags/example_latest_only_with_trigger.py for tasks to queue
[2023-04-10 12:51:09,873] {logging_mixin.py:109} INFO - [2023-04-10 12:51:09,873] {dagbag.py:500} INFO - Filling up the DagBag from /home/airflow/.local/lib/python3.7/site-packages/airflow/example_dags/example_latest_only_with_trigger.py
[2023-04-10 12:51:09,885] {processor.py:652} INFO - DAG(s) dict_keys(['latest_only_with_trigger']) retrieved from /home/airflow/.local/lib/python3.7/site-packages/airflow/example_dags/example_latest_only_with_trigger.py
[2023-04-10 12:51:09,905] {logging_mixin.py:109} INFO - [2023-04-10 12:51:09,905] {dag.py:2398} INFO - Sync 1 DAGs
[2023-04-10 12:51:09,994] {logging_mixin.py:109} INFO - [2023-04-10 12:51:09,994] {dag.py:2937} INFO - Setting next_dagrun for latest_only_with_trigger to 2023-04-10T08:51:09.993857+00:00
[2023-04-10 12:51:10,003] {processor.py:171} INFO - Processing /home/airflow/.local/lib/python3.7/site-packages/airflow/example_dags/example_latest_only_with_trigger.py took 0.135 seconds
