[2023-04-10 12:44:40,741] {processor.py:163} INFO - Started process (PID=259) to work on /home/airflow/.local/lib/python3.7/site-packages/airflow/example_dags/example_skip_dag.py
[2023-04-10 12:44:40,742] {processor.py:642} INFO - Processing file /home/airflow/.local/lib/python3.7/site-packages/airflow/example_dags/example_skip_dag.py for tasks to queue
[2023-04-10 12:44:40,743] {logging_mixin.py:109} INFO - [2023-04-10 12:44:40,743] {dagbag.py:500} INFO - Filling up the DagBag from /home/airflow/.local/lib/python3.7/site-packages/airflow/example_dags/example_skip_dag.py
[2023-04-10 12:44:40,755] {processor.py:652} INFO - DAG(s) dict_keys(['example_skip_dag']) retrieved from /home/airflow/.local/lib/python3.7/site-packages/airflow/example_dags/example_skip_dag.py
[2023-04-10 12:44:41,885] {logging_mixin.py:109} INFO - [2023-04-10 12:44:41,885] {providers_manager.py:702} WARNING - The field in_cluster from class KubernetesHook does not start with 'extra__'. Ignoring it.
[2023-04-10 12:44:41,886] {logging_mixin.py:109} INFO - [2023-04-10 12:44:41,886] {providers_manager.py:702} WARNING - The field kube_config_path from class KubernetesHook does not start with 'extra__'. Ignoring it.
[2023-04-10 12:44:41,886] {logging_mixin.py:109} INFO - [2023-04-10 12:44:41,886] {providers_manager.py:702} WARNING - The field kube_config from class KubernetesHook does not start with 'extra__'. Ignoring it.
[2023-04-10 12:44:41,886] {logging_mixin.py:109} INFO - [2023-04-10 12:44:41,886] {providers_manager.py:702} WARNING - The field namespace from class KubernetesHook does not start with 'extra__'. Ignoring it.
[2023-04-10 12:44:41,887] {logging_mixin.py:109} INFO - [2023-04-10 12:44:41,887] {providers_manager.py:702} WARNING - The field cluster_context from class KubernetesHook does not start with 'extra__'. Ignoring it.
[2023-04-10 12:44:41,887] {logging_mixin.py:109} INFO - [2023-04-10 12:44:41,887] {providers_manager.py:702} WARNING - The field disable_verify_ssl from class KubernetesHook does not start with 'extra__'. Ignoring it.
[2023-04-10 12:44:41,887] {logging_mixin.py:109} INFO - [2023-04-10 12:44:41,887] {providers_manager.py:702} WARNING - The field disable_tcp_keepalive from class KubernetesHook does not start with 'extra__'. Ignoring it.
[2023-04-10 12:44:41,888] {logging_mixin.py:109} INFO - [2023-04-10 12:44:41,888] {providers_manager.py:702} WARNING - The field xcom_sidecar_container_image from class KubernetesHook does not start with 'extra__'. Ignoring it.
[2023-04-10 12:44:41,935] {logging_mixin.py:109} INFO - [2023-04-10 12:44:41,935] {providers_manager.py:702} WARNING - The field reauth from class DockerHook does not start with 'extra__'. Ignoring it.
[2023-04-10 12:44:41,936] {logging_mixin.py:109} INFO - [2023-04-10 12:44:41,935] {providers_manager.py:702} WARNING - The field email from class DockerHook does not start with 'extra__'. Ignoring it.
[2023-04-10 12:44:42,398] {logging_mixin.py:109} INFO - [2023-04-10 12:44:42,398] {providers_manager.py:702} WARNING - The field project from class GoogleBaseHook does not start with 'extra__'. Ignoring it.
[2023-04-10 12:44:42,398] {logging_mixin.py:109} INFO - [2023-04-10 12:44:42,398] {providers_manager.py:702} WARNING - The field key_path from class GoogleBaseHook does not start with 'extra__'. Ignoring it.
[2023-04-10 12:44:42,399] {logging_mixin.py:109} INFO - [2023-04-10 12:44:42,399] {providers_manager.py:702} WARNING - The field keyfile_dict from class GoogleBaseHook does not start with 'extra__'. Ignoring it.
[2023-04-10 12:44:42,399] {logging_mixin.py:109} INFO - [2023-04-10 12:44:42,399] {providers_manager.py:702} WARNING - The field scope from class GoogleBaseHook does not start with 'extra__'. Ignoring it.
[2023-04-10 12:44:42,400] {logging_mixin.py:109} INFO - [2023-04-10 12:44:42,400] {providers_manager.py:702} WARNING - The field key_secret_name from class GoogleBaseHook does not start with 'extra__'. Ignoring it.
[2023-04-10 12:44:42,400] {logging_mixin.py:109} INFO - [2023-04-10 12:44:42,400] {providers_manager.py:702} WARNING - The field key_secret_project_id from class GoogleBaseHook does not start with 'extra__'. Ignoring it.
[2023-04-10 12:44:42,401] {logging_mixin.py:109} INFO - [2023-04-10 12:44:42,401] {providers_manager.py:702} WARNING - The field num_retries from class GoogleBaseHook does not start with 'extra__'. Ignoring it.
[2023-04-10 12:44:43,211] {logging_mixin.py:109} INFO - [2023-04-10 12:44:43,211] {providers_manager.py:702} WARNING - The field auth_type from class GrpcHook does not start with 'extra__'. Ignoring it.
[2023-04-10 12:44:43,212] {logging_mixin.py:109} INFO - [2023-04-10 12:44:43,212] {providers_manager.py:702} WARNING - The field credential_pem_file from class GrpcHook does not start with 'extra__'. Ignoring it.
[2023-04-10 12:44:43,212] {logging_mixin.py:109} INFO - [2023-04-10 12:44:43,212] {providers_manager.py:702} WARNING - The field scopes from class GrpcHook does not start with 'extra__'. Ignoring it.
[2023-04-10 12:44:43,283] {logging_mixin.py:109} INFO - [2023-04-10 12:44:43,283] {providers_manager.py:702} WARNING - The field tenant from class AzureDataExplorerHook does not start with 'extra__'. Ignoring it.
[2023-04-10 12:44:43,283] {logging_mixin.py:109} INFO - [2023-04-10 12:44:43,283] {providers_manager.py:702} WARNING - The field auth_method from class AzureDataExplorerHook does not start with 'extra__'. Ignoring it.
[2023-04-10 12:44:43,284] {logging_mixin.py:109} INFO - [2023-04-10 12:44:43,284] {providers_manager.py:702} WARNING - The field certificate from class AzureDataExplorerHook does not start with 'extra__'. Ignoring it.
[2023-04-10 12:44:43,284] {logging_mixin.py:109} INFO - [2023-04-10 12:44:43,284] {providers_manager.py:702} WARNING - The field thumbprint from class AzureDataExplorerHook does not start with 'extra__'. Ignoring it.
[2023-04-10 12:44:43,303] {logging_mixin.py:109} INFO - [2023-04-10 12:44:43,303] {providers_manager.py:702} WARNING - The field account_url from class AzureBatchHook does not start with 'extra__'. Ignoring it.
[2023-04-10 12:44:43,319] {logging_mixin.py:109} INFO - [2023-04-10 12:44:43,319] {providers_manager.py:702} WARNING - The field database_name from class AzureCosmosDBHook does not start with 'extra__'. Ignoring it.
[2023-04-10 12:44:43,320] {logging_mixin.py:109} INFO - [2023-04-10 12:44:43,320] {providers_manager.py:702} WARNING - The field collection_name from class AzureCosmosDBHook does not start with 'extra__'. Ignoring it.
[2023-04-10 12:44:43,358] {logging_mixin.py:109} INFO - [2023-04-10 12:44:43,358] {providers_manager.py:702} WARNING - The field sas_token from class AzureFileShareHook does not start with 'extra__'. Ignoring it.
[2023-04-10 12:44:43,359] {logging_mixin.py:109} INFO - [2023-04-10 12:44:43,359] {providers_manager.py:702} WARNING - The field connection_string from class AzureFileShareHook does not start with 'extra__'. Ignoring it.
[2023-04-10 12:44:43,359] {logging_mixin.py:109} INFO - [2023-04-10 12:44:43,359] {providers_manager.py:702} WARNING - The field protocol from class AzureFileShareHook does not start with 'extra__'. Ignoring it.
[2023-04-10 12:44:43,376] {logging_mixin.py:109} INFO - [2023-04-10 12:44:43,376] {providers_manager.py:702} WARNING - The field connection_string from class AzureContainerVolumeHook does not start with 'extra__'. Ignoring it.
[2023-04-10 12:44:43,461] {logging_mixin.py:109} INFO - [2023-04-10 12:44:43,461] {providers_manager.py:702} WARNING - The field tenantId from class AzureDataFactoryHook does not start with 'extra__'. Ignoring it.
[2023-04-10 12:44:43,462] {logging_mixin.py:109} INFO - [2023-04-10 12:44:43,461] {providers_manager.py:702} WARNING - The field subscriptionId from class AzureDataFactoryHook does not start with 'extra__'. Ignoring it.
[2023-04-10 12:44:43,462] {logging_mixin.py:109} INFO - [2023-04-10 12:44:43,462] {providers_manager.py:702} WARNING - The field resource_group_name from class AzureDataFactoryHook does not start with 'extra__'. Ignoring it.
[2023-04-10 12:44:43,462] {logging_mixin.py:109} INFO - [2023-04-10 12:44:43,462] {providers_manager.py:702} WARNING - The field factory_name from class AzureDataFactoryHook does not start with 'extra__'. Ignoring it.
[2023-04-10 12:44:43,505] {logging_mixin.py:109} INFO - [2023-04-10 12:44:43,505] {providers_manager.py:702} WARNING - The field tenantId from class AzureSynapseHook does not start with 'extra__'. Ignoring it.
[2023-04-10 12:44:43,506] {logging_mixin.py:109} INFO - [2023-04-10 12:44:43,506] {providers_manager.py:702} WARNING - The field subscriptionId from class AzureSynapseHook does not start with 'extra__'. Ignoring it.
[2023-04-10 12:44:43,575] {logging_mixin.py:109} WARNING - /home/airflow/.local/lib/python3.7/site-packages/snowflake/connector/options.py:99 UserWarning: You have an incompatible version of 'pyarrow' installed (9.0.0), please install a version that adheres to: 'pyarrow<6.1.0,>=6.0.0; extra == "pandas"'
[2023-04-10 12:44:43,839] {logging_mixin.py:109} INFO - [2023-04-10 12:44:43,839] {providers_manager.py:702} WARNING - The field in_cluster from class KubernetesHook does not start with 'extra__'. Ignoring it.
[2023-04-10 12:44:43,840] {logging_mixin.py:109} INFO - [2023-04-10 12:44:43,840] {providers_manager.py:702} WARNING - The field kube_config_path from class KubernetesHook does not start with 'extra__'. Ignoring it.
[2023-04-10 12:44:43,840] {logging_mixin.py:109} INFO - [2023-04-10 12:44:43,840] {providers_manager.py:702} WARNING - The field kube_config from class KubernetesHook does not start with 'extra__'. Ignoring it.
[2023-04-10 12:44:43,840] {logging_mixin.py:109} INFO - [2023-04-10 12:44:43,840] {providers_manager.py:702} WARNING - The field namespace from class KubernetesHook does not start with 'extra__'. Ignoring it.
[2023-04-10 12:44:43,841] {logging_mixin.py:109} INFO - [2023-04-10 12:44:43,841] {providers_manager.py:702} WARNING - The field cluster_context from class KubernetesHook does not start with 'extra__'. Ignoring it.
[2023-04-10 12:44:43,841] {logging_mixin.py:109} INFO - [2023-04-10 12:44:43,841] {providers_manager.py:702} WARNING - The field disable_verify_ssl from class KubernetesHook does not start with 'extra__'. Ignoring it.
[2023-04-10 12:44:43,841] {logging_mixin.py:109} INFO - [2023-04-10 12:44:43,841] {providers_manager.py:702} WARNING - The field disable_tcp_keepalive from class KubernetesHook does not start with 'extra__'. Ignoring it.
[2023-04-10 12:44:43,842] {logging_mixin.py:109} INFO - [2023-04-10 12:44:43,842] {providers_manager.py:702} WARNING - The field xcom_sidecar_container_image from class KubernetesHook does not start with 'extra__'. Ignoring it.
[2023-04-10 12:44:43,842] {logging_mixin.py:109} INFO - [2023-04-10 12:44:43,842] {providers_manager.py:702} WARNING - The field reauth from class DockerHook does not start with 'extra__'. Ignoring it.
[2023-04-10 12:44:43,842] {logging_mixin.py:109} INFO - [2023-04-10 12:44:43,842] {providers_manager.py:702} WARNING - The field email from class DockerHook does not start with 'extra__'. Ignoring it.
[2023-04-10 12:44:43,843] {logging_mixin.py:109} INFO - [2023-04-10 12:44:43,843] {providers_manager.py:702} WARNING - The field project from class GoogleBaseHook does not start with 'extra__'. Ignoring it.
[2023-04-10 12:44:43,843] {logging_mixin.py:109} INFO - [2023-04-10 12:44:43,843] {providers_manager.py:702} WARNING - The field key_path from class GoogleBaseHook does not start with 'extra__'. Ignoring it.
[2023-04-10 12:44:43,844] {logging_mixin.py:109} INFO - [2023-04-10 12:44:43,844] {providers_manager.py:702} WARNING - The field keyfile_dict from class GoogleBaseHook does not start with 'extra__'. Ignoring it.
[2023-04-10 12:44:43,844] {logging_mixin.py:109} INFO - [2023-04-10 12:44:43,844] {providers_manager.py:702} WARNING - The field scope from class GoogleBaseHook does not start with 'extra__'. Ignoring it.
[2023-04-10 12:44:43,844] {logging_mixin.py:109} INFO - [2023-04-10 12:44:43,844] {providers_manager.py:702} WARNING - The field key_secret_name from class GoogleBaseHook does not start with 'extra__'. Ignoring it.
[2023-04-10 12:44:43,845] {logging_mixin.py:109} INFO - [2023-04-10 12:44:43,845] {providers_manager.py:702} WARNING - The field key_secret_project_id from class GoogleBaseHook does not start with 'extra__'. Ignoring it.
[2023-04-10 12:44:43,845] {logging_mixin.py:109} INFO - [2023-04-10 12:44:43,845] {providers_manager.py:702} WARNING - The field num_retries from class GoogleBaseHook does not start with 'extra__'. Ignoring it.
[2023-04-10 12:44:43,846] {logging_mixin.py:109} INFO - [2023-04-10 12:44:43,846] {providers_manager.py:702} WARNING - The field auth_type from class GrpcHook does not start with 'extra__'. Ignoring it.
[2023-04-10 12:44:43,847] {logging_mixin.py:109} INFO - [2023-04-10 12:44:43,847] {providers_manager.py:702} WARNING - The field credential_pem_file from class GrpcHook does not start with 'extra__'. Ignoring it.
[2023-04-10 12:44:43,847] {logging_mixin.py:109} INFO - [2023-04-10 12:44:43,847] {providers_manager.py:702} WARNING - The field scopes from class GrpcHook does not start with 'extra__'. Ignoring it.
[2023-04-10 12:44:43,848] {logging_mixin.py:109} INFO - [2023-04-10 12:44:43,848] {providers_manager.py:702} WARNING - The field tenant from class AzureDataExplorerHook does not start with 'extra__'. Ignoring it.
[2023-04-10 12:44:43,848] {logging_mixin.py:109} INFO - [2023-04-10 12:44:43,848] {providers_manager.py:702} WARNING - The field auth_method from class AzureDataExplorerHook does not start with 'extra__'. Ignoring it.
[2023-04-10 12:44:43,849] {logging_mixin.py:109} INFO - [2023-04-10 12:44:43,849] {providers_manager.py:702} WARNING - The field certificate from class AzureDataExplorerHook does not start with 'extra__'. Ignoring it.
[2023-04-10 12:44:43,849] {logging_mixin.py:109} INFO - [2023-04-10 12:44:43,849] {providers_manager.py:702} WARNING - The field thumbprint from class AzureDataExplorerHook does not start with 'extra__'. Ignoring it.
[2023-04-10 12:44:43,850] {logging_mixin.py:109} INFO - [2023-04-10 12:44:43,849] {providers_manager.py:702} WARNING - The field account_url from class AzureBatchHook does not start with 'extra__'. Ignoring it.
[2023-04-10 12:44:43,850] {logging_mixin.py:109} INFO - [2023-04-10 12:44:43,850] {providers_manager.py:702} WARNING - The field database_name from class AzureCosmosDBHook does not start with 'extra__'. Ignoring it.
[2023-04-10 12:44:43,850] {logging_mixin.py:109} INFO - [2023-04-10 12:44:43,850] {providers_manager.py:702} WARNING - The field collection_name from class AzureCosmosDBHook does not start with 'extra__'. Ignoring it.
[2023-04-10 12:44:43,853] {logging_mixin.py:109} INFO - [2023-04-10 12:44:43,853] {providers_manager.py:702} WARNING - The field sas_token from class AzureFileShareHook does not start with 'extra__'. Ignoring it.
[2023-04-10 12:44:43,853] {logging_mixin.py:109} INFO - [2023-04-10 12:44:43,853] {providers_manager.py:702} WARNING - The field connection_string from class AzureFileShareHook does not start with 'extra__'. Ignoring it.
[2023-04-10 12:44:43,854] {logging_mixin.py:109} INFO - [2023-04-10 12:44:43,854] {providers_manager.py:702} WARNING - The field protocol from class AzureFileShareHook does not start with 'extra__'. Ignoring it.
[2023-04-10 12:44:43,854] {logging_mixin.py:109} INFO - [2023-04-10 12:44:43,854] {providers_manager.py:702} WARNING - The field connection_string from class AzureContainerVolumeHook does not start with 'extra__'. Ignoring it.
[2023-04-10 12:44:43,856] {logging_mixin.py:109} INFO - [2023-04-10 12:44:43,856] {providers_manager.py:702} WARNING - The field tenantId from class AzureDataFactoryHook does not start with 'extra__'. Ignoring it.
[2023-04-10 12:44:43,856] {logging_mixin.py:109} INFO - [2023-04-10 12:44:43,856] {providers_manager.py:702} WARNING - The field subscriptionId from class AzureDataFactoryHook does not start with 'extra__'. Ignoring it.
[2023-04-10 12:44:43,857] {logging_mixin.py:109} INFO - [2023-04-10 12:44:43,856] {providers_manager.py:702} WARNING - The field resource_group_name from class AzureDataFactoryHook does not start with 'extra__'. Ignoring it.
[2023-04-10 12:44:43,857] {logging_mixin.py:109} INFO - [2023-04-10 12:44:43,857] {providers_manager.py:702} WARNING - The field factory_name from class AzureDataFactoryHook does not start with 'extra__'. Ignoring it.
[2023-04-10 12:44:43,858] {logging_mixin.py:109} INFO - [2023-04-10 12:44:43,858] {providers_manager.py:702} WARNING - The field tenantId from class AzureSynapseHook does not start with 'extra__'. Ignoring it.
[2023-04-10 12:44:43,858] {logging_mixin.py:109} INFO - [2023-04-10 12:44:43,858] {providers_manager.py:702} WARNING - The field subscriptionId from class AzureSynapseHook does not start with 'extra__'. Ignoring it.
[2023-04-10 12:44:43,884] {logging_mixin.py:109} INFO - [2023-04-10 12:44:43,884] {manager.py:496} INFO - Created Permission View: can edit on DAG:example_skip_dag
[2023-04-10 12:44:43,894] {logging_mixin.py:109} INFO - [2023-04-10 12:44:43,894] {manager.py:496} INFO - Created Permission View: can read on DAG:example_skip_dag
[2023-04-10 12:44:43,894] {logging_mixin.py:109} INFO - [2023-04-10 12:44:43,894] {dag.py:2398} INFO - Sync 1 DAGs
[2023-04-10 12:44:44,014] {logging_mixin.py:109} INFO - [2023-04-10 12:44:44,014] {dag.py:2417} INFO - Creating ORM DAG for example_skip_dag
[2023-04-10 12:44:44,022] {logging_mixin.py:109} INFO - [2023-04-10 12:44:44,022] {dag.py:2937} INFO - Setting next_dagrun for example_skip_dag to 2023-04-09T12:44:44.022493+00:00
[2023-04-10 12:44:44,036] {processor.py:171} INFO - Processing /home/airflow/.local/lib/python3.7/site-packages/airflow/example_dags/example_skip_dag.py took 3.298 seconds
[2023-04-10 12:45:14,642] {processor.py:163} INFO - Started process (PID=554) to work on /home/airflow/.local/lib/python3.7/site-packages/airflow/example_dags/example_skip_dag.py
[2023-04-10 12:45:14,643] {processor.py:642} INFO - Processing file /home/airflow/.local/lib/python3.7/site-packages/airflow/example_dags/example_skip_dag.py for tasks to queue
[2023-04-10 12:45:14,644] {logging_mixin.py:109} INFO - [2023-04-10 12:45:14,644] {dagbag.py:500} INFO - Filling up the DagBag from /home/airflow/.local/lib/python3.7/site-packages/airflow/example_dags/example_skip_dag.py
[2023-04-10 12:45:14,665] {processor.py:652} INFO - DAG(s) dict_keys(['example_skip_dag']) retrieved from /home/airflow/.local/lib/python3.7/site-packages/airflow/example_dags/example_skip_dag.py
[2023-04-10 12:45:14,710] {logging_mixin.py:109} INFO - [2023-04-10 12:45:14,709] {dag.py:2398} INFO - Sync 1 DAGs
[2023-04-10 12:45:14,761] {logging_mixin.py:109} INFO - [2023-04-10 12:45:14,760] {dag.py:2937} INFO - Setting next_dagrun for example_skip_dag to 2023-04-09T12:45:14.758148+00:00
[2023-04-10 12:45:14,782] {processor.py:171} INFO - Processing /home/airflow/.local/lib/python3.7/site-packages/airflow/example_dags/example_skip_dag.py took 0.145 seconds
[2023-04-10 12:45:45,577] {processor.py:163} INFO - Started process (PID=606) to work on /home/airflow/.local/lib/python3.7/site-packages/airflow/example_dags/example_skip_dag.py
[2023-04-10 12:45:45,578] {processor.py:642} INFO - Processing file /home/airflow/.local/lib/python3.7/site-packages/airflow/example_dags/example_skip_dag.py for tasks to queue
[2023-04-10 12:45:45,580] {logging_mixin.py:109} INFO - [2023-04-10 12:45:45,579] {dagbag.py:500} INFO - Filling up the DagBag from /home/airflow/.local/lib/python3.7/site-packages/airflow/example_dags/example_skip_dag.py
[2023-04-10 12:45:45,594] {processor.py:652} INFO - DAG(s) dict_keys(['example_skip_dag']) retrieved from /home/airflow/.local/lib/python3.7/site-packages/airflow/example_dags/example_skip_dag.py
[2023-04-10 12:45:45,617] {logging_mixin.py:109} INFO - [2023-04-10 12:45:45,617] {dag.py:2398} INFO - Sync 1 DAGs
[2023-04-10 12:45:45,637] {logging_mixin.py:109} INFO - [2023-04-10 12:45:45,637] {dag.py:2937} INFO - Setting next_dagrun for example_skip_dag to 2023-04-09T12:45:45.637011+00:00
[2023-04-10 12:45:45,649] {processor.py:171} INFO - Processing /home/airflow/.local/lib/python3.7/site-packages/airflow/example_dags/example_skip_dag.py took 0.075 seconds
[2023-04-10 12:46:15,819] {processor.py:163} INFO - Started process (PID=666) to work on /home/airflow/.local/lib/python3.7/site-packages/airflow/example_dags/example_skip_dag.py
[2023-04-10 12:46:15,820] {processor.py:642} INFO - Processing file /home/airflow/.local/lib/python3.7/site-packages/airflow/example_dags/example_skip_dag.py for tasks to queue
[2023-04-10 12:46:15,821] {logging_mixin.py:109} INFO - [2023-04-10 12:46:15,821] {dagbag.py:500} INFO - Filling up the DagBag from /home/airflow/.local/lib/python3.7/site-packages/airflow/example_dags/example_skip_dag.py
[2023-04-10 12:46:15,836] {processor.py:652} INFO - DAG(s) dict_keys(['example_skip_dag']) retrieved from /home/airflow/.local/lib/python3.7/site-packages/airflow/example_dags/example_skip_dag.py
[2023-04-10 12:46:15,861] {logging_mixin.py:109} INFO - [2023-04-10 12:46:15,861] {dag.py:2398} INFO - Sync 1 DAGs
[2023-04-10 12:46:15,879] {logging_mixin.py:109} INFO - [2023-04-10 12:46:15,879] {dag.py:2937} INFO - Setting next_dagrun for example_skip_dag to 2023-04-09T12:46:15.879178+00:00
[2023-04-10 12:46:15,893] {processor.py:171} INFO - Processing /home/airflow/.local/lib/python3.7/site-packages/airflow/example_dags/example_skip_dag.py took 0.078 seconds
[2023-04-10 12:46:46,202] {processor.py:163} INFO - Started process (PID=720) to work on /home/airflow/.local/lib/python3.7/site-packages/airflow/example_dags/example_skip_dag.py
[2023-04-10 12:46:46,204] {processor.py:642} INFO - Processing file /home/airflow/.local/lib/python3.7/site-packages/airflow/example_dags/example_skip_dag.py for tasks to queue
[2023-04-10 12:46:46,206] {logging_mixin.py:109} INFO - [2023-04-10 12:46:46,206] {dagbag.py:500} INFO - Filling up the DagBag from /home/airflow/.local/lib/python3.7/site-packages/airflow/example_dags/example_skip_dag.py
[2023-04-10 12:46:46,218] {processor.py:652} INFO - DAG(s) dict_keys(['example_skip_dag']) retrieved from /home/airflow/.local/lib/python3.7/site-packages/airflow/example_dags/example_skip_dag.py
[2023-04-10 12:46:46,238] {logging_mixin.py:109} INFO - [2023-04-10 12:46:46,238] {dag.py:2398} INFO - Sync 1 DAGs
[2023-04-10 12:46:46,251] {logging_mixin.py:109} INFO - [2023-04-10 12:46:46,251] {dag.py:2937} INFO - Setting next_dagrun for example_skip_dag to 2023-04-09T12:46:46.251415+00:00
[2023-04-10 12:46:46,261] {processor.py:171} INFO - Processing /home/airflow/.local/lib/python3.7/site-packages/airflow/example_dags/example_skip_dag.py took 0.062 seconds
[2023-04-10 12:47:16,771] {processor.py:163} INFO - Started process (PID=773) to work on /home/airflow/.local/lib/python3.7/site-packages/airflow/example_dags/example_skip_dag.py
[2023-04-10 12:47:16,772] {processor.py:642} INFO - Processing file /home/airflow/.local/lib/python3.7/site-packages/airflow/example_dags/example_skip_dag.py for tasks to queue
[2023-04-10 12:47:16,773] {logging_mixin.py:109} INFO - [2023-04-10 12:47:16,773] {dagbag.py:500} INFO - Filling up the DagBag from /home/airflow/.local/lib/python3.7/site-packages/airflow/example_dags/example_skip_dag.py
[2023-04-10 12:47:16,788] {processor.py:652} INFO - DAG(s) dict_keys(['example_skip_dag']) retrieved from /home/airflow/.local/lib/python3.7/site-packages/airflow/example_dags/example_skip_dag.py
[2023-04-10 12:47:16,807] {logging_mixin.py:109} INFO - [2023-04-10 12:47:16,807] {dag.py:2398} INFO - Sync 1 DAGs
[2023-04-10 12:47:16,823] {logging_mixin.py:109} INFO - [2023-04-10 12:47:16,823] {dag.py:2937} INFO - Setting next_dagrun for example_skip_dag to 2023-04-09T12:47:16.823353+00:00
[2023-04-10 12:47:16,833] {processor.py:171} INFO - Processing /home/airflow/.local/lib/python3.7/site-packages/airflow/example_dags/example_skip_dag.py took 0.066 seconds
[2023-04-10 12:47:47,542] {processor.py:163} INFO - Started process (PID=834) to work on /home/airflow/.local/lib/python3.7/site-packages/airflow/example_dags/example_skip_dag.py
[2023-04-10 12:47:47,544] {processor.py:642} INFO - Processing file /home/airflow/.local/lib/python3.7/site-packages/airflow/example_dags/example_skip_dag.py for tasks to queue
[2023-04-10 12:47:47,545] {logging_mixin.py:109} INFO - [2023-04-10 12:47:47,544] {dagbag.py:500} INFO - Filling up the DagBag from /home/airflow/.local/lib/python3.7/site-packages/airflow/example_dags/example_skip_dag.py
[2023-04-10 12:47:47,563] {processor.py:652} INFO - DAG(s) dict_keys(['example_skip_dag']) retrieved from /home/airflow/.local/lib/python3.7/site-packages/airflow/example_dags/example_skip_dag.py
[2023-04-10 12:47:47,593] {logging_mixin.py:109} INFO - [2023-04-10 12:47:47,592] {dag.py:2398} INFO - Sync 1 DAGs
[2023-04-10 12:47:47,614] {logging_mixin.py:109} INFO - [2023-04-10 12:47:47,614] {dag.py:2937} INFO - Setting next_dagrun for example_skip_dag to 2023-04-09T12:47:47.614315+00:00
[2023-04-10 12:47:47,628] {processor.py:171} INFO - Processing /home/airflow/.local/lib/python3.7/site-packages/airflow/example_dags/example_skip_dag.py took 0.089 seconds
[2023-04-10 12:48:18,685] {processor.py:163} INFO - Started process (PID=887) to work on /home/airflow/.local/lib/python3.7/site-packages/airflow/example_dags/example_skip_dag.py
[2023-04-10 12:48:18,686] {processor.py:642} INFO - Processing file /home/airflow/.local/lib/python3.7/site-packages/airflow/example_dags/example_skip_dag.py for tasks to queue
[2023-04-10 12:48:18,687] {logging_mixin.py:109} INFO - [2023-04-10 12:48:18,687] {dagbag.py:500} INFO - Filling up the DagBag from /home/airflow/.local/lib/python3.7/site-packages/airflow/example_dags/example_skip_dag.py
[2023-04-10 12:48:18,703] {processor.py:652} INFO - DAG(s) dict_keys(['example_skip_dag']) retrieved from /home/airflow/.local/lib/python3.7/site-packages/airflow/example_dags/example_skip_dag.py
[2023-04-10 12:48:18,733] {logging_mixin.py:109} INFO - [2023-04-10 12:48:18,733] {dag.py:2398} INFO - Sync 1 DAGs
[2023-04-10 12:48:18,754] {logging_mixin.py:109} INFO - [2023-04-10 12:48:18,754] {dag.py:2937} INFO - Setting next_dagrun for example_skip_dag to 2023-04-09T12:48:18.754451+00:00
[2023-04-10 12:48:18,769] {processor.py:171} INFO - Processing /home/airflow/.local/lib/python3.7/site-packages/airflow/example_dags/example_skip_dag.py took 0.087 seconds
[2023-04-10 12:48:49,604] {processor.py:163} INFO - Started process (PID=948) to work on /home/airflow/.local/lib/python3.7/site-packages/airflow/example_dags/example_skip_dag.py
[2023-04-10 12:48:49,605] {processor.py:642} INFO - Processing file /home/airflow/.local/lib/python3.7/site-packages/airflow/example_dags/example_skip_dag.py for tasks to queue
[2023-04-10 12:48:49,606] {logging_mixin.py:109} INFO - [2023-04-10 12:48:49,606] {dagbag.py:500} INFO - Filling up the DagBag from /home/airflow/.local/lib/python3.7/site-packages/airflow/example_dags/example_skip_dag.py
[2023-04-10 12:48:49,619] {processor.py:652} INFO - DAG(s) dict_keys(['example_skip_dag']) retrieved from /home/airflow/.local/lib/python3.7/site-packages/airflow/example_dags/example_skip_dag.py
[2023-04-10 12:48:49,639] {logging_mixin.py:109} INFO - [2023-04-10 12:48:49,639] {dag.py:2398} INFO - Sync 1 DAGs
[2023-04-10 12:48:49,655] {logging_mixin.py:109} INFO - [2023-04-10 12:48:49,654] {dag.py:2937} INFO - Setting next_dagrun for example_skip_dag to 2023-04-09T12:48:49.654588+00:00
[2023-04-10 12:48:49,670] {processor.py:171} INFO - Processing /home/airflow/.local/lib/python3.7/site-packages/airflow/example_dags/example_skip_dag.py took 0.069 seconds
[2023-04-10 12:49:20,436] {processor.py:163} INFO - Started process (PID=1006) to work on /home/airflow/.local/lib/python3.7/site-packages/airflow/example_dags/example_skip_dag.py
[2023-04-10 12:49:20,438] {processor.py:642} INFO - Processing file /home/airflow/.local/lib/python3.7/site-packages/airflow/example_dags/example_skip_dag.py for tasks to queue
[2023-04-10 12:49:20,440] {logging_mixin.py:109} INFO - [2023-04-10 12:49:20,440] {dagbag.py:500} INFO - Filling up the DagBag from /home/airflow/.local/lib/python3.7/site-packages/airflow/example_dags/example_skip_dag.py
[2023-04-10 12:49:20,477] {processor.py:652} INFO - DAG(s) dict_keys(['example_skip_dag']) retrieved from /home/airflow/.local/lib/python3.7/site-packages/airflow/example_dags/example_skip_dag.py
[2023-04-10 12:49:20,506] {logging_mixin.py:109} INFO - [2023-04-10 12:49:20,506] {dag.py:2398} INFO - Sync 1 DAGs
[2023-04-10 12:49:20,524] {logging_mixin.py:109} INFO - [2023-04-10 12:49:20,524] {dag.py:2937} INFO - Setting next_dagrun for example_skip_dag to 2023-04-09T12:49:20.524329+00:00
[2023-04-10 12:49:20,537] {processor.py:171} INFO - Processing /home/airflow/.local/lib/python3.7/site-packages/airflow/example_dags/example_skip_dag.py took 0.105 seconds
[2023-04-10 12:49:51,537] {processor.py:163} INFO - Started process (PID=1061) to work on /home/airflow/.local/lib/python3.7/site-packages/airflow/example_dags/example_skip_dag.py
[2023-04-10 12:49:51,539] {processor.py:642} INFO - Processing file /home/airflow/.local/lib/python3.7/site-packages/airflow/example_dags/example_skip_dag.py for tasks to queue
[2023-04-10 12:49:51,540] {logging_mixin.py:109} INFO - [2023-04-10 12:49:51,539] {dagbag.py:500} INFO - Filling up the DagBag from /home/airflow/.local/lib/python3.7/site-packages/airflow/example_dags/example_skip_dag.py
[2023-04-10 12:49:51,551] {processor.py:652} INFO - DAG(s) dict_keys(['example_skip_dag']) retrieved from /home/airflow/.local/lib/python3.7/site-packages/airflow/example_dags/example_skip_dag.py
[2023-04-10 12:49:51,568] {logging_mixin.py:109} INFO - [2023-04-10 12:49:51,568] {dag.py:2398} INFO - Sync 1 DAGs
[2023-04-10 12:49:51,583] {logging_mixin.py:109} INFO - [2023-04-10 12:49:51,582] {dag.py:2937} INFO - Setting next_dagrun for example_skip_dag to 2023-04-09T12:49:51.582623+00:00
[2023-04-10 12:49:51,661] {processor.py:171} INFO - Processing /home/airflow/.local/lib/python3.7/site-packages/airflow/example_dags/example_skip_dag.py took 0.126 seconds
[2023-04-10 12:50:22,551] {processor.py:163} INFO - Started process (PID=1122) to work on /home/airflow/.local/lib/python3.7/site-packages/airflow/example_dags/example_skip_dag.py
[2023-04-10 12:50:22,552] {processor.py:642} INFO - Processing file /home/airflow/.local/lib/python3.7/site-packages/airflow/example_dags/example_skip_dag.py for tasks to queue
[2023-04-10 12:50:22,553] {logging_mixin.py:109} INFO - [2023-04-10 12:50:22,553] {dagbag.py:500} INFO - Filling up the DagBag from /home/airflow/.local/lib/python3.7/site-packages/airflow/example_dags/example_skip_dag.py
[2023-04-10 12:50:22,573] {processor.py:652} INFO - DAG(s) dict_keys(['example_skip_dag']) retrieved from /home/airflow/.local/lib/python3.7/site-packages/airflow/example_dags/example_skip_dag.py
[2023-04-10 12:50:22,601] {logging_mixin.py:109} INFO - [2023-04-10 12:50:22,601] {dag.py:2398} INFO - Sync 1 DAGs
[2023-04-10 12:50:22,710] {logging_mixin.py:109} INFO - [2023-04-10 12:50:22,710] {dag.py:2937} INFO - Setting next_dagrun for example_skip_dag to 2023-04-09T12:50:22.709891+00:00
[2023-04-10 12:50:22,721] {processor.py:171} INFO - Processing /home/airflow/.local/lib/python3.7/site-packages/airflow/example_dags/example_skip_dag.py took 0.173 seconds
[2023-04-10 12:50:52,985] {processor.py:163} INFO - Started process (PID=1174) to work on /home/airflow/.local/lib/python3.7/site-packages/airflow/example_dags/example_skip_dag.py
[2023-04-10 12:50:52,987] {processor.py:642} INFO - Processing file /home/airflow/.local/lib/python3.7/site-packages/airflow/example_dags/example_skip_dag.py for tasks to queue
[2023-04-10 12:50:52,987] {logging_mixin.py:109} INFO - [2023-04-10 12:50:52,987] {dagbag.py:500} INFO - Filling up the DagBag from /home/airflow/.local/lib/python3.7/site-packages/airflow/example_dags/example_skip_dag.py
[2023-04-10 12:50:52,999] {processor.py:652} INFO - DAG(s) dict_keys(['example_skip_dag']) retrieved from /home/airflow/.local/lib/python3.7/site-packages/airflow/example_dags/example_skip_dag.py
[2023-04-10 12:50:53,020] {logging_mixin.py:109} INFO - [2023-04-10 12:50:53,020] {dag.py:2398} INFO - Sync 1 DAGs
[2023-04-10 12:50:53,112] {logging_mixin.py:109} INFO - [2023-04-10 12:50:53,112] {dag.py:2937} INFO - Setting next_dagrun for example_skip_dag to 2023-04-09T12:50:53.111859+00:00
[2023-04-10 12:50:53,123] {processor.py:171} INFO - Processing /home/airflow/.local/lib/python3.7/site-packages/airflow/example_dags/example_skip_dag.py took 0.141 seconds
