[2023-04-10 12:44:57,642] {processor.py:163} INFO - Started process (PID=408) to work on /home/airflow/.local/lib/python3.7/site-packages/airflow/example_dags/example_task_group_decorator.py
[2023-04-10 12:44:57,643] {processor.py:642} INFO - Processing file /home/airflow/.local/lib/python3.7/site-packages/airflow/example_dags/example_task_group_decorator.py for tasks to queue
[2023-04-10 12:44:57,644] {logging_mixin.py:109} INFO - [2023-04-10 12:44:57,644] {dagbag.py:500} INFO - Filling up the DagBag from /home/airflow/.local/lib/python3.7/site-packages/airflow/example_dags/example_task_group_decorator.py
[2023-04-10 12:44:57,668] {processor.py:652} INFO - DAG(s) dict_keys(['example_task_group_decorator']) retrieved from /home/airflow/.local/lib/python3.7/site-packages/airflow/example_dags/example_task_group_decorator.py
[2023-04-10 12:44:58,688] {logging_mixin.py:109} INFO - [2023-04-10 12:44:58,688] {providers_manager.py:702} WARNING - The field in_cluster from class KubernetesHook does not start with 'extra__'. Ignoring it.
[2023-04-10 12:44:58,688] {logging_mixin.py:109} INFO - [2023-04-10 12:44:58,688] {providers_manager.py:702} WARNING - The field kube_config_path from class KubernetesHook does not start with 'extra__'. Ignoring it.
[2023-04-10 12:44:58,689] {logging_mixin.py:109} INFO - [2023-04-10 12:44:58,689] {providers_manager.py:702} WARNING - The field kube_config from class KubernetesHook does not start with 'extra__'. Ignoring it.
[2023-04-10 12:44:58,689] {logging_mixin.py:109} INFO - [2023-04-10 12:44:58,689] {providers_manager.py:702} WARNING - The field namespace from class KubernetesHook does not start with 'extra__'. Ignoring it.
[2023-04-10 12:44:58,689] {logging_mixin.py:109} INFO - [2023-04-10 12:44:58,689] {providers_manager.py:702} WARNING - The field cluster_context from class KubernetesHook does not start with 'extra__'. Ignoring it.
[2023-04-10 12:44:58,690] {logging_mixin.py:109} INFO - [2023-04-10 12:44:58,690] {providers_manager.py:702} WARNING - The field disable_verify_ssl from class KubernetesHook does not start with 'extra__'. Ignoring it.
[2023-04-10 12:44:58,690] {logging_mixin.py:109} INFO - [2023-04-10 12:44:58,690] {providers_manager.py:702} WARNING - The field disable_tcp_keepalive from class KubernetesHook does not start with 'extra__'. Ignoring it.
[2023-04-10 12:44:58,691] {logging_mixin.py:109} INFO - [2023-04-10 12:44:58,691] {providers_manager.py:702} WARNING - The field xcom_sidecar_container_image from class KubernetesHook does not start with 'extra__'. Ignoring it.
[2023-04-10 12:44:58,743] {logging_mixin.py:109} INFO - [2023-04-10 12:44:58,742] {providers_manager.py:702} WARNING - The field reauth from class DockerHook does not start with 'extra__'. Ignoring it.
[2023-04-10 12:44:58,743] {logging_mixin.py:109} INFO - [2023-04-10 12:44:58,743] {providers_manager.py:702} WARNING - The field email from class DockerHook does not start with 'extra__'. Ignoring it.
[2023-04-10 12:44:59,196] {logging_mixin.py:109} INFO - [2023-04-10 12:44:59,196] {providers_manager.py:702} WARNING - The field project from class GoogleBaseHook does not start with 'extra__'. Ignoring it.
[2023-04-10 12:44:59,197] {logging_mixin.py:109} INFO - [2023-04-10 12:44:59,197] {providers_manager.py:702} WARNING - The field key_path from class GoogleBaseHook does not start with 'extra__'. Ignoring it.
[2023-04-10 12:44:59,197] {logging_mixin.py:109} INFO - [2023-04-10 12:44:59,197] {providers_manager.py:702} WARNING - The field keyfile_dict from class GoogleBaseHook does not start with 'extra__'. Ignoring it.
[2023-04-10 12:44:59,198] {logging_mixin.py:109} INFO - [2023-04-10 12:44:59,198] {providers_manager.py:702} WARNING - The field scope from class GoogleBaseHook does not start with 'extra__'. Ignoring it.
[2023-04-10 12:44:59,199] {logging_mixin.py:109} INFO - [2023-04-10 12:44:59,198] {providers_manager.py:702} WARNING - The field key_secret_name from class GoogleBaseHook does not start with 'extra__'. Ignoring it.
[2023-04-10 12:44:59,199] {logging_mixin.py:109} INFO - [2023-04-10 12:44:59,199] {providers_manager.py:702} WARNING - The field key_secret_project_id from class GoogleBaseHook does not start with 'extra__'. Ignoring it.
[2023-04-10 12:44:59,199] {logging_mixin.py:109} INFO - [2023-04-10 12:44:59,199] {providers_manager.py:702} WARNING - The field num_retries from class GoogleBaseHook does not start with 'extra__'. Ignoring it.
[2023-04-10 12:45:00,062] {logging_mixin.py:109} INFO - [2023-04-10 12:45:00,062] {providers_manager.py:702} WARNING - The field auth_type from class GrpcHook does not start with 'extra__'. Ignoring it.
[2023-04-10 12:45:00,062] {logging_mixin.py:109} INFO - [2023-04-10 12:45:00,062] {providers_manager.py:702} WARNING - The field credential_pem_file from class GrpcHook does not start with 'extra__'. Ignoring it.
[2023-04-10 12:45:00,063] {logging_mixin.py:109} INFO - [2023-04-10 12:45:00,063] {providers_manager.py:702} WARNING - The field scopes from class GrpcHook does not start with 'extra__'. Ignoring it.
[2023-04-10 12:45:00,160] {logging_mixin.py:109} INFO - [2023-04-10 12:45:00,160] {providers_manager.py:702} WARNING - The field tenant from class AzureDataExplorerHook does not start with 'extra__'. Ignoring it.
[2023-04-10 12:45:00,160] {logging_mixin.py:109} INFO - [2023-04-10 12:45:00,160] {providers_manager.py:702} WARNING - The field auth_method from class AzureDataExplorerHook does not start with 'extra__'. Ignoring it.
[2023-04-10 12:45:00,161] {logging_mixin.py:109} INFO - [2023-04-10 12:45:00,161] {providers_manager.py:702} WARNING - The field certificate from class AzureDataExplorerHook does not start with 'extra__'. Ignoring it.
[2023-04-10 12:45:00,161] {logging_mixin.py:109} INFO - [2023-04-10 12:45:00,161] {providers_manager.py:702} WARNING - The field thumbprint from class AzureDataExplorerHook does not start with 'extra__'. Ignoring it.
[2023-04-10 12:45:00,186] {logging_mixin.py:109} INFO - [2023-04-10 12:45:00,186] {providers_manager.py:702} WARNING - The field account_url from class AzureBatchHook does not start with 'extra__'. Ignoring it.
[2023-04-10 12:45:00,205] {logging_mixin.py:109} INFO - [2023-04-10 12:45:00,205] {providers_manager.py:702} WARNING - The field database_name from class AzureCosmosDBHook does not start with 'extra__'. Ignoring it.
[2023-04-10 12:45:00,205] {logging_mixin.py:109} INFO - [2023-04-10 12:45:00,205] {providers_manager.py:702} WARNING - The field collection_name from class AzureCosmosDBHook does not start with 'extra__'. Ignoring it.
[2023-04-10 12:45:00,244] {logging_mixin.py:109} INFO - [2023-04-10 12:45:00,243] {providers_manager.py:702} WARNING - The field sas_token from class AzureFileShareHook does not start with 'extra__'. Ignoring it.
[2023-04-10 12:45:00,244] {logging_mixin.py:109} INFO - [2023-04-10 12:45:00,244] {providers_manager.py:702} WARNING - The field connection_string from class AzureFileShareHook does not start with 'extra__'. Ignoring it.
[2023-04-10 12:45:00,244] {logging_mixin.py:109} INFO - [2023-04-10 12:45:00,244] {providers_manager.py:702} WARNING - The field protocol from class AzureFileShareHook does not start with 'extra__'. Ignoring it.
[2023-04-10 12:45:00,264] {logging_mixin.py:109} INFO - [2023-04-10 12:45:00,264] {providers_manager.py:702} WARNING - The field connection_string from class AzureContainerVolumeHook does not start with 'extra__'. Ignoring it.
[2023-04-10 12:45:00,338] {logging_mixin.py:109} INFO - [2023-04-10 12:45:00,338] {providers_manager.py:702} WARNING - The field tenantId from class AzureDataFactoryHook does not start with 'extra__'. Ignoring it.
[2023-04-10 12:45:00,339] {logging_mixin.py:109} INFO - [2023-04-10 12:45:00,339] {providers_manager.py:702} WARNING - The field subscriptionId from class AzureDataFactoryHook does not start with 'extra__'. Ignoring it.
[2023-04-10 12:45:00,339] {logging_mixin.py:109} INFO - [2023-04-10 12:45:00,339] {providers_manager.py:702} WARNING - The field resource_group_name from class AzureDataFactoryHook does not start with 'extra__'. Ignoring it.
[2023-04-10 12:45:00,340] {logging_mixin.py:109} INFO - [2023-04-10 12:45:00,340] {providers_manager.py:702} WARNING - The field factory_name from class AzureDataFactoryHook does not start with 'extra__'. Ignoring it.
[2023-04-10 12:45:00,384] {logging_mixin.py:109} INFO - [2023-04-10 12:45:00,384] {providers_manager.py:702} WARNING - The field tenantId from class AzureSynapseHook does not start with 'extra__'. Ignoring it.
[2023-04-10 12:45:00,384] {logging_mixin.py:109} INFO - [2023-04-10 12:45:00,384] {providers_manager.py:702} WARNING - The field subscriptionId from class AzureSynapseHook does not start with 'extra__'. Ignoring it.
[2023-04-10 12:45:00,467] {logging_mixin.py:109} WARNING - /home/airflow/.local/lib/python3.7/site-packages/snowflake/connector/options.py:99 UserWarning: You have an incompatible version of 'pyarrow' installed (9.0.0), please install a version that adheres to: 'pyarrow<6.1.0,>=6.0.0; extra == "pandas"'
[2023-04-10 12:45:00,904] {logging_mixin.py:109} INFO - [2023-04-10 12:45:00,903] {providers_manager.py:702} WARNING - The field in_cluster from class KubernetesHook does not start with 'extra__'. Ignoring it.
[2023-04-10 12:45:00,904] {logging_mixin.py:109} INFO - [2023-04-10 12:45:00,904] {providers_manager.py:702} WARNING - The field kube_config_path from class KubernetesHook does not start with 'extra__'. Ignoring it.
[2023-04-10 12:45:00,904] {logging_mixin.py:109} INFO - [2023-04-10 12:45:00,904] {providers_manager.py:702} WARNING - The field kube_config from class KubernetesHook does not start with 'extra__'. Ignoring it.
[2023-04-10 12:45:00,905] {logging_mixin.py:109} INFO - [2023-04-10 12:45:00,904] {providers_manager.py:702} WARNING - The field namespace from class KubernetesHook does not start with 'extra__'. Ignoring it.
[2023-04-10 12:45:00,905] {logging_mixin.py:109} INFO - [2023-04-10 12:45:00,905] {providers_manager.py:702} WARNING - The field cluster_context from class KubernetesHook does not start with 'extra__'. Ignoring it.
[2023-04-10 12:45:00,905] {logging_mixin.py:109} INFO - [2023-04-10 12:45:00,905] {providers_manager.py:702} WARNING - The field disable_verify_ssl from class KubernetesHook does not start with 'extra__'. Ignoring it.
[2023-04-10 12:45:00,905] {logging_mixin.py:109} INFO - [2023-04-10 12:45:00,905] {providers_manager.py:702} WARNING - The field disable_tcp_keepalive from class KubernetesHook does not start with 'extra__'. Ignoring it.
[2023-04-10 12:45:00,906] {logging_mixin.py:109} INFO - [2023-04-10 12:45:00,906] {providers_manager.py:702} WARNING - The field xcom_sidecar_container_image from class KubernetesHook does not start with 'extra__'. Ignoring it.
[2023-04-10 12:45:00,907] {logging_mixin.py:109} INFO - [2023-04-10 12:45:00,907] {providers_manager.py:702} WARNING - The field reauth from class DockerHook does not start with 'extra__'. Ignoring it.
[2023-04-10 12:45:00,907] {logging_mixin.py:109} INFO - [2023-04-10 12:45:00,907] {providers_manager.py:702} WARNING - The field email from class DockerHook does not start with 'extra__'. Ignoring it.
[2023-04-10 12:45:00,908] {logging_mixin.py:109} INFO - [2023-04-10 12:45:00,908] {providers_manager.py:702} WARNING - The field project from class GoogleBaseHook does not start with 'extra__'. Ignoring it.
[2023-04-10 12:45:00,908] {logging_mixin.py:109} INFO - [2023-04-10 12:45:00,908] {providers_manager.py:702} WARNING - The field key_path from class GoogleBaseHook does not start with 'extra__'. Ignoring it.
[2023-04-10 12:45:00,909] {logging_mixin.py:109} INFO - [2023-04-10 12:45:00,909] {providers_manager.py:702} WARNING - The field keyfile_dict from class GoogleBaseHook does not start with 'extra__'. Ignoring it.
[2023-04-10 12:45:00,909] {logging_mixin.py:109} INFO - [2023-04-10 12:45:00,909] {providers_manager.py:702} WARNING - The field scope from class GoogleBaseHook does not start with 'extra__'. Ignoring it.
[2023-04-10 12:45:00,910] {logging_mixin.py:109} INFO - [2023-04-10 12:45:00,910] {providers_manager.py:702} WARNING - The field key_secret_name from class GoogleBaseHook does not start with 'extra__'. Ignoring it.
[2023-04-10 12:45:00,910] {logging_mixin.py:109} INFO - [2023-04-10 12:45:00,910] {providers_manager.py:702} WARNING - The field key_secret_project_id from class GoogleBaseHook does not start with 'extra__'. Ignoring it.
[2023-04-10 12:45:00,910] {logging_mixin.py:109} INFO - [2023-04-10 12:45:00,910] {providers_manager.py:702} WARNING - The field num_retries from class GoogleBaseHook does not start with 'extra__'. Ignoring it.
[2023-04-10 12:45:00,912] {logging_mixin.py:109} INFO - [2023-04-10 12:45:00,912] {providers_manager.py:702} WARNING - The field auth_type from class GrpcHook does not start with 'extra__'. Ignoring it.
[2023-04-10 12:45:00,912] {logging_mixin.py:109} INFO - [2023-04-10 12:45:00,912] {providers_manager.py:702} WARNING - The field credential_pem_file from class GrpcHook does not start with 'extra__'. Ignoring it.
[2023-04-10 12:45:00,913] {logging_mixin.py:109} INFO - [2023-04-10 12:45:00,912] {providers_manager.py:702} WARNING - The field scopes from class GrpcHook does not start with 'extra__'. Ignoring it.
[2023-04-10 12:45:00,913] {logging_mixin.py:109} INFO - [2023-04-10 12:45:00,913] {providers_manager.py:702} WARNING - The field tenant from class AzureDataExplorerHook does not start with 'extra__'. Ignoring it.
[2023-04-10 12:45:00,914] {logging_mixin.py:109} INFO - [2023-04-10 12:45:00,914] {providers_manager.py:702} WARNING - The field auth_method from class AzureDataExplorerHook does not start with 'extra__'. Ignoring it.
[2023-04-10 12:45:00,914] {logging_mixin.py:109} INFO - [2023-04-10 12:45:00,914] {providers_manager.py:702} WARNING - The field certificate from class AzureDataExplorerHook does not start with 'extra__'. Ignoring it.
[2023-04-10 12:45:00,914] {logging_mixin.py:109} INFO - [2023-04-10 12:45:00,914] {providers_manager.py:702} WARNING - The field thumbprint from class AzureDataExplorerHook does not start with 'extra__'. Ignoring it.
[2023-04-10 12:45:00,915] {logging_mixin.py:109} INFO - [2023-04-10 12:45:00,915] {providers_manager.py:702} WARNING - The field account_url from class AzureBatchHook does not start with 'extra__'. Ignoring it.
[2023-04-10 12:45:00,916] {logging_mixin.py:109} INFO - [2023-04-10 12:45:00,916] {providers_manager.py:702} WARNING - The field database_name from class AzureCosmosDBHook does not start with 'extra__'. Ignoring it.
[2023-04-10 12:45:00,916] {logging_mixin.py:109} INFO - [2023-04-10 12:45:00,916] {providers_manager.py:702} WARNING - The field collection_name from class AzureCosmosDBHook does not start with 'extra__'. Ignoring it.
[2023-04-10 12:45:00,919] {logging_mixin.py:109} INFO - [2023-04-10 12:45:00,919] {providers_manager.py:702} WARNING - The field sas_token from class AzureFileShareHook does not start with 'extra__'. Ignoring it.
[2023-04-10 12:45:00,919] {logging_mixin.py:109} INFO - [2023-04-10 12:45:00,919] {providers_manager.py:702} WARNING - The field connection_string from class AzureFileShareHook does not start with 'extra__'. Ignoring it.
[2023-04-10 12:45:00,920] {logging_mixin.py:109} INFO - [2023-04-10 12:45:00,920] {providers_manager.py:702} WARNING - The field protocol from class AzureFileShareHook does not start with 'extra__'. Ignoring it.
[2023-04-10 12:45:00,921] {logging_mixin.py:109} INFO - [2023-04-10 12:45:00,921] {providers_manager.py:702} WARNING - The field connection_string from class AzureContainerVolumeHook does not start with 'extra__'. Ignoring it.
[2023-04-10 12:45:00,922] {logging_mixin.py:109} INFO - [2023-04-10 12:45:00,922] {providers_manager.py:702} WARNING - The field tenantId from class AzureDataFactoryHook does not start with 'extra__'. Ignoring it.
[2023-04-10 12:45:00,923] {logging_mixin.py:109} INFO - [2023-04-10 12:45:00,923] {providers_manager.py:702} WARNING - The field subscriptionId from class AzureDataFactoryHook does not start with 'extra__'. Ignoring it.
[2023-04-10 12:45:00,923] {logging_mixin.py:109} INFO - [2023-04-10 12:45:00,923] {providers_manager.py:702} WARNING - The field resource_group_name from class AzureDataFactoryHook does not start with 'extra__'. Ignoring it.
[2023-04-10 12:45:00,923] {logging_mixin.py:109} INFO - [2023-04-10 12:45:00,923] {providers_manager.py:702} WARNING - The field factory_name from class AzureDataFactoryHook does not start with 'extra__'. Ignoring it.
[2023-04-10 12:45:00,924] {logging_mixin.py:109} INFO - [2023-04-10 12:45:00,924] {providers_manager.py:702} WARNING - The field tenantId from class AzureSynapseHook does not start with 'extra__'. Ignoring it.
[2023-04-10 12:45:00,925] {logging_mixin.py:109} INFO - [2023-04-10 12:45:00,925] {providers_manager.py:702} WARNING - The field subscriptionId from class AzureSynapseHook does not start with 'extra__'. Ignoring it.
[2023-04-10 12:45:00,951] {logging_mixin.py:109} INFO - [2023-04-10 12:45:00,951] {manager.py:496} INFO - Created Permission View: can edit on DAG:example_task_group_decorator
[2023-04-10 12:45:00,962] {logging_mixin.py:109} INFO - [2023-04-10 12:45:00,962] {manager.py:496} INFO - Created Permission View: can read on DAG:example_task_group_decorator
[2023-04-10 12:45:00,963] {logging_mixin.py:109} INFO - [2023-04-10 12:45:00,963] {dag.py:2398} INFO - Sync 1 DAGs
[2023-04-10 12:45:00,971] {logging_mixin.py:109} INFO - [2023-04-10 12:45:00,970] {dag.py:2417} INFO - Creating ORM DAG for example_task_group_decorator
[2023-04-10 12:45:00,978] {logging_mixin.py:109} INFO - [2023-04-10 12:45:00,978] {dag.py:2937} INFO - Setting next_dagrun for example_task_group_decorator to 2023-04-09T12:45:00.978152+00:00
[2023-04-10 12:45:00,990] {processor.py:171} INFO - Processing /home/airflow/.local/lib/python3.7/site-packages/airflow/example_dags/example_task_group_decorator.py took 3.351 seconds
[2023-04-10 12:45:31,235] {processor.py:163} INFO - Started process (PID=573) to work on /home/airflow/.local/lib/python3.7/site-packages/airflow/example_dags/example_task_group_decorator.py
[2023-04-10 12:45:31,236] {processor.py:642} INFO - Processing file /home/airflow/.local/lib/python3.7/site-packages/airflow/example_dags/example_task_group_decorator.py for tasks to queue
[2023-04-10 12:45:31,237] {logging_mixin.py:109} INFO - [2023-04-10 12:45:31,237] {dagbag.py:500} INFO - Filling up the DagBag from /home/airflow/.local/lib/python3.7/site-packages/airflow/example_dags/example_task_group_decorator.py
[2023-04-10 12:45:31,261] {processor.py:652} INFO - DAG(s) dict_keys(['example_task_group_decorator']) retrieved from /home/airflow/.local/lib/python3.7/site-packages/airflow/example_dags/example_task_group_decorator.py
[2023-04-10 12:45:31,600] {logging_mixin.py:109} INFO - [2023-04-10 12:45:31,599] {dag.py:2398} INFO - Sync 1 DAGs
[2023-04-10 12:45:31,611] {logging_mixin.py:109} INFO - [2023-04-10 12:45:31,611] {dag.py:2937} INFO - Setting next_dagrun for example_task_group_decorator to 2023-04-09T12:45:31.611143+00:00
[2023-04-10 12:45:31,623] {processor.py:171} INFO - Processing /home/airflow/.local/lib/python3.7/site-packages/airflow/example_dags/example_task_group_decorator.py took 0.391 seconds
[2023-04-10 12:46:02,137] {processor.py:163} INFO - Started process (PID=625) to work on /home/airflow/.local/lib/python3.7/site-packages/airflow/example_dags/example_task_group_decorator.py
[2023-04-10 12:46:02,139] {processor.py:642} INFO - Processing file /home/airflow/.local/lib/python3.7/site-packages/airflow/example_dags/example_task_group_decorator.py for tasks to queue
[2023-04-10 12:46:02,140] {logging_mixin.py:109} INFO - [2023-04-10 12:46:02,140] {dagbag.py:500} INFO - Filling up the DagBag from /home/airflow/.local/lib/python3.7/site-packages/airflow/example_dags/example_task_group_decorator.py
[2023-04-10 12:46:02,177] {processor.py:652} INFO - DAG(s) dict_keys(['example_task_group_decorator']) retrieved from /home/airflow/.local/lib/python3.7/site-packages/airflow/example_dags/example_task_group_decorator.py
[2023-04-10 12:46:02,699] {logging_mixin.py:109} INFO - [2023-04-10 12:46:02,699] {dag.py:2398} INFO - Sync 1 DAGs
[2023-04-10 12:46:02,720] {logging_mixin.py:109} INFO - [2023-04-10 12:46:02,720] {dag.py:2937} INFO - Setting next_dagrun for example_task_group_decorator to 2023-04-09T12:46:02.720480+00:00
[2023-04-10 12:46:02,734] {processor.py:171} INFO - Processing /home/airflow/.local/lib/python3.7/site-packages/airflow/example_dags/example_task_group_decorator.py took 0.601 seconds
[2023-04-10 12:46:33,342] {processor.py:163} INFO - Started process (PID=688) to work on /home/airflow/.local/lib/python3.7/site-packages/airflow/example_dags/example_task_group_decorator.py
[2023-04-10 12:46:33,343] {processor.py:642} INFO - Processing file /home/airflow/.local/lib/python3.7/site-packages/airflow/example_dags/example_task_group_decorator.py for tasks to queue
[2023-04-10 12:46:33,344] {logging_mixin.py:109} INFO - [2023-04-10 12:46:33,344] {dagbag.py:500} INFO - Filling up the DagBag from /home/airflow/.local/lib/python3.7/site-packages/airflow/example_dags/example_task_group_decorator.py
[2023-04-10 12:46:33,369] {processor.py:652} INFO - DAG(s) dict_keys(['example_task_group_decorator']) retrieved from /home/airflow/.local/lib/python3.7/site-packages/airflow/example_dags/example_task_group_decorator.py
[2023-04-10 12:46:33,737] {logging_mixin.py:109} INFO - [2023-04-10 12:46:33,736] {dag.py:2398} INFO - Sync 1 DAGs
[2023-04-10 12:46:33,748] {logging_mixin.py:109} INFO - [2023-04-10 12:46:33,748] {dag.py:2937} INFO - Setting next_dagrun for example_task_group_decorator to 2023-04-09T12:46:33.748175+00:00
[2023-04-10 12:46:33,758] {processor.py:171} INFO - Processing /home/airflow/.local/lib/python3.7/site-packages/airflow/example_dags/example_task_group_decorator.py took 0.418 seconds
[2023-04-10 12:47:04,736] {processor.py:163} INFO - Started process (PID=741) to work on /home/airflow/.local/lib/python3.7/site-packages/airflow/example_dags/example_task_group_decorator.py
[2023-04-10 12:47:04,737] {processor.py:642} INFO - Processing file /home/airflow/.local/lib/python3.7/site-packages/airflow/example_dags/example_task_group_decorator.py for tasks to queue
[2023-04-10 12:47:04,738] {logging_mixin.py:109} INFO - [2023-04-10 12:47:04,738] {dagbag.py:500} INFO - Filling up the DagBag from /home/airflow/.local/lib/python3.7/site-packages/airflow/example_dags/example_task_group_decorator.py
[2023-04-10 12:47:04,759] {processor.py:652} INFO - DAG(s) dict_keys(['example_task_group_decorator']) retrieved from /home/airflow/.local/lib/python3.7/site-packages/airflow/example_dags/example_task_group_decorator.py
[2023-04-10 12:47:05,074] {logging_mixin.py:109} INFO - [2023-04-10 12:47:05,074] {dag.py:2398} INFO - Sync 1 DAGs
[2023-04-10 12:47:05,086] {logging_mixin.py:109} INFO - [2023-04-10 12:47:05,086] {dag.py:2937} INFO - Setting next_dagrun for example_task_group_decorator to 2023-04-09T12:47:05.086208+00:00
[2023-04-10 12:47:05,097] {processor.py:171} INFO - Processing /home/airflow/.local/lib/python3.7/site-packages/airflow/example_dags/example_task_group_decorator.py took 0.363 seconds
[2023-04-10 12:47:35,218] {processor.py:163} INFO - Started process (PID=802) to work on /home/airflow/.local/lib/python3.7/site-packages/airflow/example_dags/example_task_group_decorator.py
[2023-04-10 12:47:35,220] {processor.py:642} INFO - Processing file /home/airflow/.local/lib/python3.7/site-packages/airflow/example_dags/example_task_group_decorator.py for tasks to queue
[2023-04-10 12:47:35,220] {logging_mixin.py:109} INFO - [2023-04-10 12:47:35,220] {dagbag.py:500} INFO - Filling up the DagBag from /home/airflow/.local/lib/python3.7/site-packages/airflow/example_dags/example_task_group_decorator.py
[2023-04-10 12:47:35,245] {processor.py:652} INFO - DAG(s) dict_keys(['example_task_group_decorator']) retrieved from /home/airflow/.local/lib/python3.7/site-packages/airflow/example_dags/example_task_group_decorator.py
[2023-04-10 12:47:35,724] {logging_mixin.py:109} INFO - [2023-04-10 12:47:35,724] {dag.py:2398} INFO - Sync 1 DAGs
[2023-04-10 12:47:35,742] {logging_mixin.py:109} INFO - [2023-04-10 12:47:35,742] {dag.py:2937} INFO - Setting next_dagrun for example_task_group_decorator to 2023-04-09T12:47:35.742595+00:00
[2023-04-10 12:47:35,757] {processor.py:171} INFO - Processing /home/airflow/.local/lib/python3.7/site-packages/airflow/example_dags/example_task_group_decorator.py took 0.543 seconds
[2023-04-10 12:48:06,129] {processor.py:163} INFO - Started process (PID=855) to work on /home/airflow/.local/lib/python3.7/site-packages/airflow/example_dags/example_task_group_decorator.py
[2023-04-10 12:48:06,131] {processor.py:642} INFO - Processing file /home/airflow/.local/lib/python3.7/site-packages/airflow/example_dags/example_task_group_decorator.py for tasks to queue
[2023-04-10 12:48:06,131] {logging_mixin.py:109} INFO - [2023-04-10 12:48:06,131] {dagbag.py:500} INFO - Filling up the DagBag from /home/airflow/.local/lib/python3.7/site-packages/airflow/example_dags/example_task_group_decorator.py
[2023-04-10 12:48:06,158] {processor.py:652} INFO - DAG(s) dict_keys(['example_task_group_decorator']) retrieved from /home/airflow/.local/lib/python3.7/site-packages/airflow/example_dags/example_task_group_decorator.py
[2023-04-10 12:48:06,640] {logging_mixin.py:109} INFO - [2023-04-10 12:48:06,640] {dag.py:2398} INFO - Sync 1 DAGs
[2023-04-10 12:48:06,653] {logging_mixin.py:109} INFO - [2023-04-10 12:48:06,653] {dag.py:2937} INFO - Setting next_dagrun for example_task_group_decorator to 2023-04-09T12:48:06.653430+00:00
[2023-04-10 12:48:06,667] {processor.py:171} INFO - Processing /home/airflow/.local/lib/python3.7/site-packages/airflow/example_dags/example_task_group_decorator.py took 0.541 seconds
[2023-04-10 12:48:37,323] {processor.py:163} INFO - Started process (PID=916) to work on /home/airflow/.local/lib/python3.7/site-packages/airflow/example_dags/example_task_group_decorator.py
[2023-04-10 12:48:37,325] {processor.py:642} INFO - Processing file /home/airflow/.local/lib/python3.7/site-packages/airflow/example_dags/example_task_group_decorator.py for tasks to queue
[2023-04-10 12:48:37,326] {logging_mixin.py:109} INFO - [2023-04-10 12:48:37,326] {dagbag.py:500} INFO - Filling up the DagBag from /home/airflow/.local/lib/python3.7/site-packages/airflow/example_dags/example_task_group_decorator.py
[2023-04-10 12:48:37,375] {processor.py:652} INFO - DAG(s) dict_keys(['example_task_group_decorator']) retrieved from /home/airflow/.local/lib/python3.7/site-packages/airflow/example_dags/example_task_group_decorator.py
[2023-04-10 12:48:37,780] {logging_mixin.py:109} INFO - [2023-04-10 12:48:37,779] {dag.py:2398} INFO - Sync 1 DAGs
[2023-04-10 12:48:37,791] {logging_mixin.py:109} INFO - [2023-04-10 12:48:37,791] {dag.py:2937} INFO - Setting next_dagrun for example_task_group_decorator to 2023-04-09T12:48:37.791570+00:00
[2023-04-10 12:48:37,802] {processor.py:171} INFO - Processing /home/airflow/.local/lib/python3.7/site-packages/airflow/example_dags/example_task_group_decorator.py took 0.484 seconds
[2023-04-10 12:49:08,066] {processor.py:163} INFO - Started process (PID=975) to work on /home/airflow/.local/lib/python3.7/site-packages/airflow/example_dags/example_task_group_decorator.py
[2023-04-10 12:49:08,069] {processor.py:642} INFO - Processing file /home/airflow/.local/lib/python3.7/site-packages/airflow/example_dags/example_task_group_decorator.py for tasks to queue
[2023-04-10 12:49:08,070] {logging_mixin.py:109} INFO - [2023-04-10 12:49:08,070] {dagbag.py:500} INFO - Filling up the DagBag from /home/airflow/.local/lib/python3.7/site-packages/airflow/example_dags/example_task_group_decorator.py
[2023-04-10 12:49:08,111] {processor.py:652} INFO - DAG(s) dict_keys(['example_task_group_decorator']) retrieved from /home/airflow/.local/lib/python3.7/site-packages/airflow/example_dags/example_task_group_decorator.py
[2023-04-10 12:49:08,616] {logging_mixin.py:109} INFO - [2023-04-10 12:49:08,616] {dag.py:2398} INFO - Sync 1 DAGs
[2023-04-10 12:49:08,641] {logging_mixin.py:109} INFO - [2023-04-10 12:49:08,641] {dag.py:2937} INFO - Setting next_dagrun for example_task_group_decorator to 2023-04-09T12:49:08.640926+00:00
[2023-04-10 12:49:08,655] {processor.py:171} INFO - Processing /home/airflow/.local/lib/python3.7/site-packages/airflow/example_dags/example_task_group_decorator.py took 0.593 seconds
[2023-04-10 12:49:39,395] {processor.py:163} INFO - Started process (PID=1031) to work on /home/airflow/.local/lib/python3.7/site-packages/airflow/example_dags/example_task_group_decorator.py
[2023-04-10 12:49:39,397] {processor.py:642} INFO - Processing file /home/airflow/.local/lib/python3.7/site-packages/airflow/example_dags/example_task_group_decorator.py for tasks to queue
[2023-04-10 12:49:39,398] {logging_mixin.py:109} INFO - [2023-04-10 12:49:39,398] {dagbag.py:500} INFO - Filling up the DagBag from /home/airflow/.local/lib/python3.7/site-packages/airflow/example_dags/example_task_group_decorator.py
[2023-04-10 12:49:39,424] {processor.py:652} INFO - DAG(s) dict_keys(['example_task_group_decorator']) retrieved from /home/airflow/.local/lib/python3.7/site-packages/airflow/example_dags/example_task_group_decorator.py
[2023-04-10 12:49:39,770] {logging_mixin.py:109} INFO - [2023-04-10 12:49:39,770] {dag.py:2398} INFO - Sync 1 DAGs
[2023-04-10 12:49:39,781] {logging_mixin.py:109} INFO - [2023-04-10 12:49:39,781] {dag.py:2937} INFO - Setting next_dagrun for example_task_group_decorator to 2023-04-09T12:49:39.781496+00:00
[2023-04-10 12:49:39,795] {processor.py:171} INFO - Processing /home/airflow/.local/lib/python3.7/site-packages/airflow/example_dags/example_task_group_decorator.py took 0.402 seconds
[2023-04-10 12:50:10,615] {processor.py:163} INFO - Started process (PID=1092) to work on /home/airflow/.local/lib/python3.7/site-packages/airflow/example_dags/example_task_group_decorator.py
[2023-04-10 12:50:10,617] {processor.py:642} INFO - Processing file /home/airflow/.local/lib/python3.7/site-packages/airflow/example_dags/example_task_group_decorator.py for tasks to queue
[2023-04-10 12:50:10,617] {logging_mixin.py:109} INFO - [2023-04-10 12:50:10,617] {dagbag.py:500} INFO - Filling up the DagBag from /home/airflow/.local/lib/python3.7/site-packages/airflow/example_dags/example_task_group_decorator.py
[2023-04-10 12:50:10,641] {processor.py:652} INFO - DAG(s) dict_keys(['example_task_group_decorator']) retrieved from /home/airflow/.local/lib/python3.7/site-packages/airflow/example_dags/example_task_group_decorator.py
[2023-04-10 12:50:10,977] {logging_mixin.py:109} INFO - [2023-04-10 12:50:10,977] {dag.py:2398} INFO - Sync 1 DAGs
[2023-04-10 12:50:10,989] {logging_mixin.py:109} INFO - [2023-04-10 12:50:10,989] {dag.py:2937} INFO - Setting next_dagrun for example_task_group_decorator to 2023-04-09T12:50:10.989643+00:00
[2023-04-10 12:50:10,999] {processor.py:171} INFO - Processing /home/airflow/.local/lib/python3.7/site-packages/airflow/example_dags/example_task_group_decorator.py took 0.396 seconds
[2023-04-10 12:50:41,631] {processor.py:163} INFO - Started process (PID=1144) to work on /home/airflow/.local/lib/python3.7/site-packages/airflow/example_dags/example_task_group_decorator.py
[2023-04-10 12:50:41,633] {processor.py:642} INFO - Processing file /home/airflow/.local/lib/python3.7/site-packages/airflow/example_dags/example_task_group_decorator.py for tasks to queue
[2023-04-10 12:50:41,634] {logging_mixin.py:109} INFO - [2023-04-10 12:50:41,634] {dagbag.py:500} INFO - Filling up the DagBag from /home/airflow/.local/lib/python3.7/site-packages/airflow/example_dags/example_task_group_decorator.py
[2023-04-10 12:50:41,658] {processor.py:652} INFO - DAG(s) dict_keys(['example_task_group_decorator']) retrieved from /home/airflow/.local/lib/python3.7/site-packages/airflow/example_dags/example_task_group_decorator.py
[2023-04-10 12:50:42,026] {logging_mixin.py:109} INFO - [2023-04-10 12:50:42,025] {dag.py:2398} INFO - Sync 1 DAGs
[2023-04-10 12:50:42,042] {logging_mixin.py:109} INFO - [2023-04-10 12:50:42,042] {dag.py:2937} INFO - Setting next_dagrun for example_task_group_decorator to 2023-04-09T12:50:42.042415+00:00
[2023-04-10 12:50:42,056] {processor.py:171} INFO - Processing /home/airflow/.local/lib/python3.7/site-packages/airflow/example_dags/example_task_group_decorator.py took 0.429 seconds
[2023-04-10 12:51:12,189] {processor.py:163} INFO - Started process (PID=1207) to work on /home/airflow/.local/lib/python3.7/site-packages/airflow/example_dags/example_task_group_decorator.py
[2023-04-10 12:51:12,191] {processor.py:642} INFO - Processing file /home/airflow/.local/lib/python3.7/site-packages/airflow/example_dags/example_task_group_decorator.py for tasks to queue
[2023-04-10 12:51:12,191] {logging_mixin.py:109} INFO - [2023-04-10 12:51:12,191] {dagbag.py:500} INFO - Filling up the DagBag from /home/airflow/.local/lib/python3.7/site-packages/airflow/example_dags/example_task_group_decorator.py
[2023-04-10 12:51:12,217] {processor.py:652} INFO - DAG(s) dict_keys(['example_task_group_decorator']) retrieved from /home/airflow/.local/lib/python3.7/site-packages/airflow/example_dags/example_task_group_decorator.py
[2023-04-10 12:51:12,565] {logging_mixin.py:109} INFO - [2023-04-10 12:51:12,565] {dag.py:2398} INFO - Sync 1 DAGs
[2023-04-10 12:51:12,579] {logging_mixin.py:109} INFO - [2023-04-10 12:51:12,579] {dag.py:2937} INFO - Setting next_dagrun for example_task_group_decorator to 2023-04-09T12:51:12.579054+00:00
[2023-04-10 12:51:12,590] {processor.py:171} INFO - Processing /home/airflow/.local/lib/python3.7/site-packages/airflow/example_dags/example_task_group_decorator.py took 0.403 seconds
