[2023-04-10 12:44:33,721] {processor.py:163} INFO - Started process (PID=194) to work on /home/airflow/.local/lib/python3.7/site-packages/airflow/example_dags/example_dag_decorator.py
[2023-04-10 12:44:33,723] {processor.py:642} INFO - Processing file /home/airflow/.local/lib/python3.7/site-packages/airflow/example_dags/example_dag_decorator.py for tasks to queue
[2023-04-10 12:44:33,724] {logging_mixin.py:109} INFO - [2023-04-10 12:44:33,724] {dagbag.py:500} INFO - Filling up the DagBag from /home/airflow/.local/lib/python3.7/site-packages/airflow/example_dags/example_dag_decorator.py
[2023-04-10 12:44:33,751] {processor.py:652} INFO - DAG(s) dict_keys(['example_dag_decorator']) retrieved from /home/airflow/.local/lib/python3.7/site-packages/airflow/example_dags/example_dag_decorator.py
[2023-04-10 12:44:34,907] {logging_mixin.py:109} INFO - [2023-04-10 12:44:34,906] {providers_manager.py:702} WARNING - The field in_cluster from class KubernetesHook does not start with 'extra__'. Ignoring it.
[2023-04-10 12:44:34,907] {logging_mixin.py:109} INFO - [2023-04-10 12:44:34,907] {providers_manager.py:702} WARNING - The field kube_config_path from class KubernetesHook does not start with 'extra__'. Ignoring it.
[2023-04-10 12:44:34,908] {logging_mixin.py:109} INFO - [2023-04-10 12:44:34,908] {providers_manager.py:702} WARNING - The field kube_config from class KubernetesHook does not start with 'extra__'. Ignoring it.
[2023-04-10 12:44:34,908] {logging_mixin.py:109} INFO - [2023-04-10 12:44:34,908] {providers_manager.py:702} WARNING - The field namespace from class KubernetesHook does not start with 'extra__'. Ignoring it.
[2023-04-10 12:44:34,909] {logging_mixin.py:109} INFO - [2023-04-10 12:44:34,909] {providers_manager.py:702} WARNING - The field cluster_context from class KubernetesHook does not start with 'extra__'. Ignoring it.
[2023-04-10 12:44:34,909] {logging_mixin.py:109} INFO - [2023-04-10 12:44:34,909] {providers_manager.py:702} WARNING - The field disable_verify_ssl from class KubernetesHook does not start with 'extra__'. Ignoring it.
[2023-04-10 12:44:34,910] {logging_mixin.py:109} INFO - [2023-04-10 12:44:34,909] {providers_manager.py:702} WARNING - The field disable_tcp_keepalive from class KubernetesHook does not start with 'extra__'. Ignoring it.
[2023-04-10 12:44:34,910] {logging_mixin.py:109} INFO - [2023-04-10 12:44:34,910] {providers_manager.py:702} WARNING - The field xcom_sidecar_container_image from class KubernetesHook does not start with 'extra__'. Ignoring it.
[2023-04-10 12:44:34,977] {logging_mixin.py:109} INFO - [2023-04-10 12:44:34,977] {providers_manager.py:702} WARNING - The field reauth from class DockerHook does not start with 'extra__'. Ignoring it.
[2023-04-10 12:44:34,978] {logging_mixin.py:109} INFO - [2023-04-10 12:44:34,977] {providers_manager.py:702} WARNING - The field email from class DockerHook does not start with 'extra__'. Ignoring it.
[2023-04-10 12:44:35,494] {logging_mixin.py:109} INFO - [2023-04-10 12:44:35,494] {providers_manager.py:702} WARNING - The field project from class GoogleBaseHook does not start with 'extra__'. Ignoring it.
[2023-04-10 12:44:35,495] {logging_mixin.py:109} INFO - [2023-04-10 12:44:35,495] {providers_manager.py:702} WARNING - The field key_path from class GoogleBaseHook does not start with 'extra__'. Ignoring it.
[2023-04-10 12:44:35,495] {logging_mixin.py:109} INFO - [2023-04-10 12:44:35,495] {providers_manager.py:702} WARNING - The field keyfile_dict from class GoogleBaseHook does not start with 'extra__'. Ignoring it.
[2023-04-10 12:44:35,496] {logging_mixin.py:109} INFO - [2023-04-10 12:44:35,496] {providers_manager.py:702} WARNING - The field scope from class GoogleBaseHook does not start with 'extra__'. Ignoring it.
[2023-04-10 12:44:35,496] {logging_mixin.py:109} INFO - [2023-04-10 12:44:35,496] {providers_manager.py:702} WARNING - The field key_secret_name from class GoogleBaseHook does not start with 'extra__'. Ignoring it.
[2023-04-10 12:44:35,497] {logging_mixin.py:109} INFO - [2023-04-10 12:44:35,497] {providers_manager.py:702} WARNING - The field key_secret_project_id from class GoogleBaseHook does not start with 'extra__'. Ignoring it.
[2023-04-10 12:44:35,497] {logging_mixin.py:109} INFO - [2023-04-10 12:44:35,497] {providers_manager.py:702} WARNING - The field num_retries from class GoogleBaseHook does not start with 'extra__'. Ignoring it.
[2023-04-10 12:44:36,429] {logging_mixin.py:109} INFO - [2023-04-10 12:44:36,429] {providers_manager.py:702} WARNING - The field auth_type from class GrpcHook does not start with 'extra__'. Ignoring it.
[2023-04-10 12:44:36,429] {logging_mixin.py:109} INFO - [2023-04-10 12:44:36,429] {providers_manager.py:702} WARNING - The field credential_pem_file from class GrpcHook does not start with 'extra__'. Ignoring it.
[2023-04-10 12:44:36,430] {logging_mixin.py:109} INFO - [2023-04-10 12:44:36,430] {providers_manager.py:702} WARNING - The field scopes from class GrpcHook does not start with 'extra__'. Ignoring it.
[2023-04-10 12:44:36,521] {logging_mixin.py:109} INFO - [2023-04-10 12:44:36,520] {providers_manager.py:702} WARNING - The field tenant from class AzureDataExplorerHook does not start with 'extra__'. Ignoring it.
[2023-04-10 12:44:36,521] {logging_mixin.py:109} INFO - [2023-04-10 12:44:36,521] {providers_manager.py:702} WARNING - The field auth_method from class AzureDataExplorerHook does not start with 'extra__'. Ignoring it.
[2023-04-10 12:44:36,521] {logging_mixin.py:109} INFO - [2023-04-10 12:44:36,521] {providers_manager.py:702} WARNING - The field certificate from class AzureDataExplorerHook does not start with 'extra__'. Ignoring it.
[2023-04-10 12:44:36,522] {logging_mixin.py:109} INFO - [2023-04-10 12:44:36,522] {providers_manager.py:702} WARNING - The field thumbprint from class AzureDataExplorerHook does not start with 'extra__'. Ignoring it.
[2023-04-10 12:44:36,548] {logging_mixin.py:109} INFO - [2023-04-10 12:44:36,548] {providers_manager.py:702} WARNING - The field account_url from class AzureBatchHook does not start with 'extra__'. Ignoring it.
[2023-04-10 12:44:36,569] {logging_mixin.py:109} INFO - [2023-04-10 12:44:36,569] {providers_manager.py:702} WARNING - The field database_name from class AzureCosmosDBHook does not start with 'extra__'. Ignoring it.
[2023-04-10 12:44:36,570] {logging_mixin.py:109} INFO - [2023-04-10 12:44:36,570] {providers_manager.py:702} WARNING - The field collection_name from class AzureCosmosDBHook does not start with 'extra__'. Ignoring it.
[2023-04-10 12:44:36,611] {logging_mixin.py:109} INFO - [2023-04-10 12:44:36,611] {providers_manager.py:702} WARNING - The field sas_token from class AzureFileShareHook does not start with 'extra__'. Ignoring it.
[2023-04-10 12:44:36,611] {logging_mixin.py:109} INFO - [2023-04-10 12:44:36,611] {providers_manager.py:702} WARNING - The field connection_string from class AzureFileShareHook does not start with 'extra__'. Ignoring it.
[2023-04-10 12:44:36,611] {logging_mixin.py:109} INFO - [2023-04-10 12:44:36,611] {providers_manager.py:702} WARNING - The field protocol from class AzureFileShareHook does not start with 'extra__'. Ignoring it.
[2023-04-10 12:44:36,630] {logging_mixin.py:109} INFO - [2023-04-10 12:44:36,630] {providers_manager.py:702} WARNING - The field connection_string from class AzureContainerVolumeHook does not start with 'extra__'. Ignoring it.
[2023-04-10 12:44:36,708] {logging_mixin.py:109} INFO - [2023-04-10 12:44:36,708] {providers_manager.py:702} WARNING - The field tenantId from class AzureDataFactoryHook does not start with 'extra__'. Ignoring it.
[2023-04-10 12:44:36,709] {logging_mixin.py:109} INFO - [2023-04-10 12:44:36,709] {providers_manager.py:702} WARNING - The field subscriptionId from class AzureDataFactoryHook does not start with 'extra__'. Ignoring it.
[2023-04-10 12:44:36,709] {logging_mixin.py:109} INFO - [2023-04-10 12:44:36,709] {providers_manager.py:702} WARNING - The field resource_group_name from class AzureDataFactoryHook does not start with 'extra__'. Ignoring it.
[2023-04-10 12:44:36,710] {logging_mixin.py:109} INFO - [2023-04-10 12:44:36,710] {providers_manager.py:702} WARNING - The field factory_name from class AzureDataFactoryHook does not start with 'extra__'. Ignoring it.
[2023-04-10 12:44:36,768] {logging_mixin.py:109} INFO - [2023-04-10 12:44:36,768] {providers_manager.py:702} WARNING - The field tenantId from class AzureSynapseHook does not start with 'extra__'. Ignoring it.
[2023-04-10 12:44:36,768] {logging_mixin.py:109} INFO - [2023-04-10 12:44:36,768] {providers_manager.py:702} WARNING - The field subscriptionId from class AzureSynapseHook does not start with 'extra__'. Ignoring it.
[2023-04-10 12:44:36,885] {logging_mixin.py:109} WARNING - /home/airflow/.local/lib/python3.7/site-packages/snowflake/connector/options.py:99 UserWarning: You have an incompatible version of 'pyarrow' installed (9.0.0), please install a version that adheres to: 'pyarrow<6.1.0,>=6.0.0; extra == "pandas"'
[2023-04-10 12:44:37,286] {logging_mixin.py:109} INFO - [2023-04-10 12:44:37,285] {providers_manager.py:702} WARNING - The field in_cluster from class KubernetesHook does not start with 'extra__'. Ignoring it.
[2023-04-10 12:44:37,286] {logging_mixin.py:109} INFO - [2023-04-10 12:44:37,286] {providers_manager.py:702} WARNING - The field kube_config_path from class KubernetesHook does not start with 'extra__'. Ignoring it.
[2023-04-10 12:44:37,286] {logging_mixin.py:109} INFO - [2023-04-10 12:44:37,286] {providers_manager.py:702} WARNING - The field kube_config from class KubernetesHook does not start with 'extra__'. Ignoring it.
[2023-04-10 12:44:37,287] {logging_mixin.py:109} INFO - [2023-04-10 12:44:37,287] {providers_manager.py:702} WARNING - The field namespace from class KubernetesHook does not start with 'extra__'. Ignoring it.
[2023-04-10 12:44:37,287] {logging_mixin.py:109} INFO - [2023-04-10 12:44:37,287] {providers_manager.py:702} WARNING - The field cluster_context from class KubernetesHook does not start with 'extra__'. Ignoring it.
[2023-04-10 12:44:37,288] {logging_mixin.py:109} INFO - [2023-04-10 12:44:37,288] {providers_manager.py:702} WARNING - The field disable_verify_ssl from class KubernetesHook does not start with 'extra__'. Ignoring it.
[2023-04-10 12:44:37,288] {logging_mixin.py:109} INFO - [2023-04-10 12:44:37,288] {providers_manager.py:702} WARNING - The field disable_tcp_keepalive from class KubernetesHook does not start with 'extra__'. Ignoring it.
[2023-04-10 12:44:37,288] {logging_mixin.py:109} INFO - [2023-04-10 12:44:37,288] {providers_manager.py:702} WARNING - The field xcom_sidecar_container_image from class KubernetesHook does not start with 'extra__'. Ignoring it.
[2023-04-10 12:44:37,289] {logging_mixin.py:109} INFO - [2023-04-10 12:44:37,289] {providers_manager.py:702} WARNING - The field reauth from class DockerHook does not start with 'extra__'. Ignoring it.
[2023-04-10 12:44:37,289] {logging_mixin.py:109} INFO - [2023-04-10 12:44:37,289] {providers_manager.py:702} WARNING - The field email from class DockerHook does not start with 'extra__'. Ignoring it.
[2023-04-10 12:44:37,290] {logging_mixin.py:109} INFO - [2023-04-10 12:44:37,290] {providers_manager.py:702} WARNING - The field project from class GoogleBaseHook does not start with 'extra__'. Ignoring it.
[2023-04-10 12:44:37,291] {logging_mixin.py:109} INFO - [2023-04-10 12:44:37,291] {providers_manager.py:702} WARNING - The field key_path from class GoogleBaseHook does not start with 'extra__'. Ignoring it.
[2023-04-10 12:44:37,291] {logging_mixin.py:109} INFO - [2023-04-10 12:44:37,291] {providers_manager.py:702} WARNING - The field keyfile_dict from class GoogleBaseHook does not start with 'extra__'. Ignoring it.
[2023-04-10 12:44:37,292] {logging_mixin.py:109} INFO - [2023-04-10 12:44:37,292] {providers_manager.py:702} WARNING - The field scope from class GoogleBaseHook does not start with 'extra__'. Ignoring it.
[2023-04-10 12:44:37,292] {logging_mixin.py:109} INFO - [2023-04-10 12:44:37,292] {providers_manager.py:702} WARNING - The field key_secret_name from class GoogleBaseHook does not start with 'extra__'. Ignoring it.
[2023-04-10 12:44:37,293] {logging_mixin.py:109} INFO - [2023-04-10 12:44:37,293] {providers_manager.py:702} WARNING - The field key_secret_project_id from class GoogleBaseHook does not start with 'extra__'. Ignoring it.
[2023-04-10 12:44:37,293] {logging_mixin.py:109} INFO - [2023-04-10 12:44:37,293] {providers_manager.py:702} WARNING - The field num_retries from class GoogleBaseHook does not start with 'extra__'. Ignoring it.
[2023-04-10 12:44:37,295] {logging_mixin.py:109} INFO - [2023-04-10 12:44:37,295] {providers_manager.py:702} WARNING - The field auth_type from class GrpcHook does not start with 'extra__'. Ignoring it.
[2023-04-10 12:44:37,296] {logging_mixin.py:109} INFO - [2023-04-10 12:44:37,296] {providers_manager.py:702} WARNING - The field credential_pem_file from class GrpcHook does not start with 'extra__'. Ignoring it.
[2023-04-10 12:44:37,296] {logging_mixin.py:109} INFO - [2023-04-10 12:44:37,296] {providers_manager.py:702} WARNING - The field scopes from class GrpcHook does not start with 'extra__'. Ignoring it.
[2023-04-10 12:44:37,297] {logging_mixin.py:109} INFO - [2023-04-10 12:44:37,297] {providers_manager.py:702} WARNING - The field tenant from class AzureDataExplorerHook does not start with 'extra__'. Ignoring it.
[2023-04-10 12:44:37,298] {logging_mixin.py:109} INFO - [2023-04-10 12:44:37,297] {providers_manager.py:702} WARNING - The field auth_method from class AzureDataExplorerHook does not start with 'extra__'. Ignoring it.
[2023-04-10 12:44:37,298] {logging_mixin.py:109} INFO - [2023-04-10 12:44:37,298] {providers_manager.py:702} WARNING - The field certificate from class AzureDataExplorerHook does not start with 'extra__'. Ignoring it.
[2023-04-10 12:44:37,298] {logging_mixin.py:109} INFO - [2023-04-10 12:44:37,298] {providers_manager.py:702} WARNING - The field thumbprint from class AzureDataExplorerHook does not start with 'extra__'. Ignoring it.
[2023-04-10 12:44:37,299] {logging_mixin.py:109} INFO - [2023-04-10 12:44:37,299] {providers_manager.py:702} WARNING - The field account_url from class AzureBatchHook does not start with 'extra__'. Ignoring it.
[2023-04-10 12:44:37,300] {logging_mixin.py:109} INFO - [2023-04-10 12:44:37,299] {providers_manager.py:702} WARNING - The field database_name from class AzureCosmosDBHook does not start with 'extra__'. Ignoring it.
[2023-04-10 12:44:37,300] {logging_mixin.py:109} INFO - [2023-04-10 12:44:37,300] {providers_manager.py:702} WARNING - The field collection_name from class AzureCosmosDBHook does not start with 'extra__'. Ignoring it.
[2023-04-10 12:44:37,303] {logging_mixin.py:109} INFO - [2023-04-10 12:44:37,303] {providers_manager.py:702} WARNING - The field sas_token from class AzureFileShareHook does not start with 'extra__'. Ignoring it.
[2023-04-10 12:44:37,304] {logging_mixin.py:109} INFO - [2023-04-10 12:44:37,303] {providers_manager.py:702} WARNING - The field connection_string from class AzureFileShareHook does not start with 'extra__'. Ignoring it.
[2023-04-10 12:44:37,304] {logging_mixin.py:109} INFO - [2023-04-10 12:44:37,304] {providers_manager.py:702} WARNING - The field protocol from class AzureFileShareHook does not start with 'extra__'. Ignoring it.
[2023-04-10 12:44:37,305] {logging_mixin.py:109} INFO - [2023-04-10 12:44:37,305] {providers_manager.py:702} WARNING - The field connection_string from class AzureContainerVolumeHook does not start with 'extra__'. Ignoring it.
[2023-04-10 12:44:37,307] {logging_mixin.py:109} INFO - [2023-04-10 12:44:37,307] {providers_manager.py:702} WARNING - The field tenantId from class AzureDataFactoryHook does not start with 'extra__'. Ignoring it.
[2023-04-10 12:44:37,308] {logging_mixin.py:109} INFO - [2023-04-10 12:44:37,308] {providers_manager.py:702} WARNING - The field subscriptionId from class AzureDataFactoryHook does not start with 'extra__'. Ignoring it.
[2023-04-10 12:44:37,308] {logging_mixin.py:109} INFO - [2023-04-10 12:44:37,308] {providers_manager.py:702} WARNING - The field resource_group_name from class AzureDataFactoryHook does not start with 'extra__'. Ignoring it.
[2023-04-10 12:44:37,309] {logging_mixin.py:109} INFO - [2023-04-10 12:44:37,309] {providers_manager.py:702} WARNING - The field factory_name from class AzureDataFactoryHook does not start with 'extra__'. Ignoring it.
[2023-04-10 12:44:37,310] {logging_mixin.py:109} INFO - [2023-04-10 12:44:37,310] {providers_manager.py:702} WARNING - The field tenantId from class AzureSynapseHook does not start with 'extra__'. Ignoring it.
[2023-04-10 12:44:37,310] {logging_mixin.py:109} INFO - [2023-04-10 12:44:37,310] {providers_manager.py:702} WARNING - The field subscriptionId from class AzureSynapseHook does not start with 'extra__'. Ignoring it.
[2023-04-10 12:44:37,334] {logging_mixin.py:109} INFO - [2023-04-10 12:44:37,334] {manager.py:496} INFO - Created Permission View: can edit on DAG:example_dag_decorator
[2023-04-10 12:44:37,345] {logging_mixin.py:109} INFO - [2023-04-10 12:44:37,345] {manager.py:496} INFO - Created Permission View: can read on DAG:example_dag_decorator
[2023-04-10 12:44:37,346] {logging_mixin.py:109} INFO - [2023-04-10 12:44:37,346] {dag.py:2398} INFO - Sync 1 DAGs
[2023-04-10 12:44:37,353] {logging_mixin.py:109} INFO - [2023-04-10 12:44:37,353] {dag.py:2417} INFO - Creating ORM DAG for example_dag_decorator
[2023-04-10 12:44:37,361] {logging_mixin.py:109} INFO - [2023-04-10 12:44:37,361] {dag.py:2937} INFO - Setting next_dagrun for example_dag_decorator to None
[2023-04-10 12:44:37,373] {processor.py:171} INFO - Processing /home/airflow/.local/lib/python3.7/site-packages/airflow/example_dags/example_dag_decorator.py took 3.655 seconds
[2023-04-10 12:45:12,071] {processor.py:163} INFO - Started process (PID=542) to work on /home/airflow/.local/lib/python3.7/site-packages/airflow/example_dags/example_dag_decorator.py
[2023-04-10 12:45:12,072] {processor.py:642} INFO - Processing file /home/airflow/.local/lib/python3.7/site-packages/airflow/example_dags/example_dag_decorator.py for tasks to queue
[2023-04-10 12:45:12,073] {logging_mixin.py:109} INFO - [2023-04-10 12:45:12,073] {dagbag.py:500} INFO - Filling up the DagBag from /home/airflow/.local/lib/python3.7/site-packages/airflow/example_dags/example_dag_decorator.py
[2023-04-10 12:45:12,093] {processor.py:652} INFO - DAG(s) dict_keys(['example_dag_decorator']) retrieved from /home/airflow/.local/lib/python3.7/site-packages/airflow/example_dags/example_dag_decorator.py
[2023-04-10 12:45:12,443] {logging_mixin.py:109} INFO - [2023-04-10 12:45:12,443] {dag.py:2398} INFO - Sync 1 DAGs
[2023-04-10 12:45:12,457] {logging_mixin.py:109} INFO - [2023-04-10 12:45:12,457] {dag.py:2937} INFO - Setting next_dagrun for example_dag_decorator to None
[2023-04-10 12:45:12,471] {processor.py:171} INFO - Processing /home/airflow/.local/lib/python3.7/site-packages/airflow/example_dags/example_dag_decorator.py took 0.402 seconds
[2023-04-10 12:45:43,332] {processor.py:163} INFO - Started process (PID=603) to work on /home/airflow/.local/lib/python3.7/site-packages/airflow/example_dags/example_dag_decorator.py
[2023-04-10 12:45:43,333] {processor.py:642} INFO - Processing file /home/airflow/.local/lib/python3.7/site-packages/airflow/example_dags/example_dag_decorator.py for tasks to queue
[2023-04-10 12:45:43,334] {logging_mixin.py:109} INFO - [2023-04-10 12:45:43,334] {dagbag.py:500} INFO - Filling up the DagBag from /home/airflow/.local/lib/python3.7/site-packages/airflow/example_dags/example_dag_decorator.py
[2023-04-10 12:45:43,355] {processor.py:652} INFO - DAG(s) dict_keys(['example_dag_decorator']) retrieved from /home/airflow/.local/lib/python3.7/site-packages/airflow/example_dags/example_dag_decorator.py
[2023-04-10 12:45:43,732] {logging_mixin.py:109} INFO - [2023-04-10 12:45:43,732] {dag.py:2398} INFO - Sync 1 DAGs
[2023-04-10 12:45:43,743] {logging_mixin.py:109} INFO - [2023-04-10 12:45:43,743] {dag.py:2937} INFO - Setting next_dagrun for example_dag_decorator to None
[2023-04-10 12:45:43,753] {processor.py:171} INFO - Processing /home/airflow/.local/lib/python3.7/site-packages/airflow/example_dags/example_dag_decorator.py took 0.424 seconds
[2023-04-10 12:46:14,553] {processor.py:163} INFO - Started process (PID=655) to work on /home/airflow/.local/lib/python3.7/site-packages/airflow/example_dags/example_dag_decorator.py
[2023-04-10 12:46:14,555] {processor.py:642} INFO - Processing file /home/airflow/.local/lib/python3.7/site-packages/airflow/example_dags/example_dag_decorator.py for tasks to queue
[2023-04-10 12:46:14,557] {logging_mixin.py:109} INFO - [2023-04-10 12:46:14,557] {dagbag.py:500} INFO - Filling up the DagBag from /home/airflow/.local/lib/python3.7/site-packages/airflow/example_dags/example_dag_decorator.py
[2023-04-10 12:46:14,587] {processor.py:652} INFO - DAG(s) dict_keys(['example_dag_decorator']) retrieved from /home/airflow/.local/lib/python3.7/site-packages/airflow/example_dags/example_dag_decorator.py
[2023-04-10 12:46:14,998] {logging_mixin.py:109} INFO - [2023-04-10 12:46:14,997] {dag.py:2398} INFO - Sync 1 DAGs
[2023-04-10 12:46:15,010] {logging_mixin.py:109} INFO - [2023-04-10 12:46:15,010] {dag.py:2937} INFO - Setting next_dagrun for example_dag_decorator to None
[2023-04-10 12:46:15,019] {processor.py:171} INFO - Processing /home/airflow/.local/lib/python3.7/site-packages/airflow/example_dags/example_dag_decorator.py took 0.470 seconds
[2023-04-10 12:46:45,168] {processor.py:163} INFO - Started process (PID=719) to work on /home/airflow/.local/lib/python3.7/site-packages/airflow/example_dags/example_dag_decorator.py
[2023-04-10 12:46:45,169] {processor.py:642} INFO - Processing file /home/airflow/.local/lib/python3.7/site-packages/airflow/example_dags/example_dag_decorator.py for tasks to queue
[2023-04-10 12:46:45,169] {logging_mixin.py:109} INFO - [2023-04-10 12:46:45,169] {dagbag.py:500} INFO - Filling up the DagBag from /home/airflow/.local/lib/python3.7/site-packages/airflow/example_dags/example_dag_decorator.py
[2023-04-10 12:46:45,190] {processor.py:652} INFO - DAG(s) dict_keys(['example_dag_decorator']) retrieved from /home/airflow/.local/lib/python3.7/site-packages/airflow/example_dags/example_dag_decorator.py
[2023-04-10 12:46:45,534] {logging_mixin.py:109} INFO - [2023-04-10 12:46:45,534] {dag.py:2398} INFO - Sync 1 DAGs
[2023-04-10 12:46:45,546] {logging_mixin.py:109} INFO - [2023-04-10 12:46:45,546] {dag.py:2937} INFO - Setting next_dagrun for example_dag_decorator to None
[2023-04-10 12:46:45,555] {processor.py:171} INFO - Processing /home/airflow/.local/lib/python3.7/site-packages/airflow/example_dags/example_dag_decorator.py took 0.390 seconds
[2023-04-10 12:47:16,277] {processor.py:163} INFO - Started process (PID=770) to work on /home/airflow/.local/lib/python3.7/site-packages/airflow/example_dags/example_dag_decorator.py
[2023-04-10 12:47:16,278] {processor.py:642} INFO - Processing file /home/airflow/.local/lib/python3.7/site-packages/airflow/example_dags/example_dag_decorator.py for tasks to queue
[2023-04-10 12:47:16,279] {logging_mixin.py:109} INFO - [2023-04-10 12:47:16,279] {dagbag.py:500} INFO - Filling up the DagBag from /home/airflow/.local/lib/python3.7/site-packages/airflow/example_dags/example_dag_decorator.py
[2023-04-10 12:47:16,296] {processor.py:652} INFO - DAG(s) dict_keys(['example_dag_decorator']) retrieved from /home/airflow/.local/lib/python3.7/site-packages/airflow/example_dags/example_dag_decorator.py
[2023-04-10 12:47:16,633] {logging_mixin.py:109} INFO - [2023-04-10 12:47:16,632] {dag.py:2398} INFO - Sync 1 DAGs
[2023-04-10 12:47:16,645] {logging_mixin.py:109} INFO - [2023-04-10 12:47:16,644] {dag.py:2937} INFO - Setting next_dagrun for example_dag_decorator to None
[2023-04-10 12:47:16,655] {processor.py:171} INFO - Processing /home/airflow/.local/lib/python3.7/site-packages/airflow/example_dags/example_dag_decorator.py took 0.380 seconds
[2023-04-10 12:47:47,302] {processor.py:163} INFO - Started process (PID=831) to work on /home/airflow/.local/lib/python3.7/site-packages/airflow/example_dags/example_dag_decorator.py
[2023-04-10 12:47:47,303] {processor.py:642} INFO - Processing file /home/airflow/.local/lib/python3.7/site-packages/airflow/example_dags/example_dag_decorator.py for tasks to queue
[2023-04-10 12:47:47,304] {logging_mixin.py:109} INFO - [2023-04-10 12:47:47,304] {dagbag.py:500} INFO - Filling up the DagBag from /home/airflow/.local/lib/python3.7/site-packages/airflow/example_dags/example_dag_decorator.py
[2023-04-10 12:47:47,334] {processor.py:652} INFO - DAG(s) dict_keys(['example_dag_decorator']) retrieved from /home/airflow/.local/lib/python3.7/site-packages/airflow/example_dags/example_dag_decorator.py
[2023-04-10 12:47:47,850] {logging_mixin.py:109} INFO - [2023-04-10 12:47:47,850] {dag.py:2398} INFO - Sync 1 DAGs
[2023-04-10 12:47:47,865] {logging_mixin.py:109} INFO - [2023-04-10 12:47:47,865] {dag.py:2937} INFO - Setting next_dagrun for example_dag_decorator to None
[2023-04-10 12:47:47,879] {processor.py:171} INFO - Processing /home/airflow/.local/lib/python3.7/site-packages/airflow/example_dags/example_dag_decorator.py took 0.581 seconds
[2023-04-10 12:48:18,319] {processor.py:163} INFO - Started process (PID=884) to work on /home/airflow/.local/lib/python3.7/site-packages/airflow/example_dags/example_dag_decorator.py
[2023-04-10 12:48:18,320] {processor.py:642} INFO - Processing file /home/airflow/.local/lib/python3.7/site-packages/airflow/example_dags/example_dag_decorator.py for tasks to queue
[2023-04-10 12:48:18,321] {logging_mixin.py:109} INFO - [2023-04-10 12:48:18,321] {dagbag.py:500} INFO - Filling up the DagBag from /home/airflow/.local/lib/python3.7/site-packages/airflow/example_dags/example_dag_decorator.py
[2023-04-10 12:48:18,345] {processor.py:652} INFO - DAG(s) dict_keys(['example_dag_decorator']) retrieved from /home/airflow/.local/lib/python3.7/site-packages/airflow/example_dags/example_dag_decorator.py
[2023-04-10 12:48:18,775] {logging_mixin.py:109} INFO - [2023-04-10 12:48:18,774] {dag.py:2398} INFO - Sync 1 DAGs
[2023-04-10 12:48:18,791] {logging_mixin.py:109} INFO - [2023-04-10 12:48:18,791] {dag.py:2937} INFO - Setting next_dagrun for example_dag_decorator to None
[2023-04-10 12:48:18,805] {processor.py:171} INFO - Processing /home/airflow/.local/lib/python3.7/site-packages/airflow/example_dags/example_dag_decorator.py took 0.491 seconds
[2023-04-10 12:48:49,314] {processor.py:163} INFO - Started process (PID=945) to work on /home/airflow/.local/lib/python3.7/site-packages/airflow/example_dags/example_dag_decorator.py
[2023-04-10 12:48:49,315] {processor.py:642} INFO - Processing file /home/airflow/.local/lib/python3.7/site-packages/airflow/example_dags/example_dag_decorator.py for tasks to queue
[2023-04-10 12:48:49,316] {logging_mixin.py:109} INFO - [2023-04-10 12:48:49,316] {dagbag.py:500} INFO - Filling up the DagBag from /home/airflow/.local/lib/python3.7/site-packages/airflow/example_dags/example_dag_decorator.py
[2023-04-10 12:48:49,339] {processor.py:652} INFO - DAG(s) dict_keys(['example_dag_decorator']) retrieved from /home/airflow/.local/lib/python3.7/site-packages/airflow/example_dags/example_dag_decorator.py
[2023-04-10 12:48:49,739] {logging_mixin.py:109} INFO - [2023-04-10 12:48:49,739] {dag.py:2398} INFO - Sync 1 DAGs
[2023-04-10 12:48:49,753] {logging_mixin.py:109} INFO - [2023-04-10 12:48:49,753] {dag.py:2937} INFO - Setting next_dagrun for example_dag_decorator to None
[2023-04-10 12:48:49,764] {processor.py:171} INFO - Processing /home/airflow/.local/lib/python3.7/site-packages/airflow/example_dags/example_dag_decorator.py took 0.453 seconds
[2023-04-10 12:49:20,102] {processor.py:163} INFO - Started process (PID=998) to work on /home/airflow/.local/lib/python3.7/site-packages/airflow/example_dags/example_dag_decorator.py
[2023-04-10 12:49:20,103] {processor.py:642} INFO - Processing file /home/airflow/.local/lib/python3.7/site-packages/airflow/example_dags/example_dag_decorator.py for tasks to queue
[2023-04-10 12:49:20,104] {logging_mixin.py:109} INFO - [2023-04-10 12:49:20,104] {dagbag.py:500} INFO - Filling up the DagBag from /home/airflow/.local/lib/python3.7/site-packages/airflow/example_dags/example_dag_decorator.py
[2023-04-10 12:49:20,125] {processor.py:652} INFO - DAG(s) dict_keys(['example_dag_decorator']) retrieved from /home/airflow/.local/lib/python3.7/site-packages/airflow/example_dags/example_dag_decorator.py
[2023-04-10 12:49:20,574] {logging_mixin.py:109} INFO - [2023-04-10 12:49:20,574] {dag.py:2398} INFO - Sync 1 DAGs
[2023-04-10 12:49:20,593] {logging_mixin.py:109} INFO - [2023-04-10 12:49:20,593] {dag.py:2937} INFO - Setting next_dagrun for example_dag_decorator to None
[2023-04-10 12:49:20,610] {processor.py:171} INFO - Processing /home/airflow/.local/lib/python3.7/site-packages/airflow/example_dags/example_dag_decorator.py took 0.511 seconds
[2023-04-10 12:49:51,094] {processor.py:163} INFO - Started process (PID=1058) to work on /home/airflow/.local/lib/python3.7/site-packages/airflow/example_dags/example_dag_decorator.py
[2023-04-10 12:49:51,095] {processor.py:642} INFO - Processing file /home/airflow/.local/lib/python3.7/site-packages/airflow/example_dags/example_dag_decorator.py for tasks to queue
[2023-04-10 12:49:51,095] {logging_mixin.py:109} INFO - [2023-04-10 12:49:51,095] {dagbag.py:500} INFO - Filling up the DagBag from /home/airflow/.local/lib/python3.7/site-packages/airflow/example_dags/example_dag_decorator.py
[2023-04-10 12:49:51,113] {processor.py:652} INFO - DAG(s) dict_keys(['example_dag_decorator']) retrieved from /home/airflow/.local/lib/python3.7/site-packages/airflow/example_dags/example_dag_decorator.py
[2023-04-10 12:49:51,483] {logging_mixin.py:109} INFO - [2023-04-10 12:49:51,482] {dag.py:2398} INFO - Sync 1 DAGs
[2023-04-10 12:49:51,496] {logging_mixin.py:109} INFO - [2023-04-10 12:49:51,496] {dag.py:2937} INFO - Setting next_dagrun for example_dag_decorator to None
[2023-04-10 12:49:51,508] {processor.py:171} INFO - Processing /home/airflow/.local/lib/python3.7/site-packages/airflow/example_dags/example_dag_decorator.py took 0.417 seconds
[2023-04-10 12:50:22,065] {processor.py:163} INFO - Started process (PID=1119) to work on /home/airflow/.local/lib/python3.7/site-packages/airflow/example_dags/example_dag_decorator.py
[2023-04-10 12:50:22,067] {processor.py:642} INFO - Processing file /home/airflow/.local/lib/python3.7/site-packages/airflow/example_dags/example_dag_decorator.py for tasks to queue
[2023-04-10 12:50:22,067] {logging_mixin.py:109} INFO - [2023-04-10 12:50:22,067] {dagbag.py:500} INFO - Filling up the DagBag from /home/airflow/.local/lib/python3.7/site-packages/airflow/example_dags/example_dag_decorator.py
[2023-04-10 12:50:22,086] {processor.py:652} INFO - DAG(s) dict_keys(['example_dag_decorator']) retrieved from /home/airflow/.local/lib/python3.7/site-packages/airflow/example_dags/example_dag_decorator.py
[2023-04-10 12:50:22,473] {logging_mixin.py:109} INFO - [2023-04-10 12:50:22,472] {dag.py:2398} INFO - Sync 1 DAGs
[2023-04-10 12:50:22,497] {logging_mixin.py:109} INFO - [2023-04-10 12:50:22,497] {dag.py:2937} INFO - Setting next_dagrun for example_dag_decorator to None
[2023-04-10 12:50:22,512] {processor.py:171} INFO - Processing /home/airflow/.local/lib/python3.7/site-packages/airflow/example_dags/example_dag_decorator.py took 0.450 seconds
[2023-04-10 12:50:52,770] {processor.py:163} INFO - Started process (PID=1172) to work on /home/airflow/.local/lib/python3.7/site-packages/airflow/example_dags/example_dag_decorator.py
[2023-04-10 12:50:52,771] {processor.py:642} INFO - Processing file /home/airflow/.local/lib/python3.7/site-packages/airflow/example_dags/example_dag_decorator.py for tasks to queue
[2023-04-10 12:50:52,772] {logging_mixin.py:109} INFO - [2023-04-10 12:50:52,772] {dagbag.py:500} INFO - Filling up the DagBag from /home/airflow/.local/lib/python3.7/site-packages/airflow/example_dags/example_dag_decorator.py
[2023-04-10 12:50:52,790] {processor.py:652} INFO - DAG(s) dict_keys(['example_dag_decorator']) retrieved from /home/airflow/.local/lib/python3.7/site-packages/airflow/example_dags/example_dag_decorator.py
[2023-04-10 12:50:53,162] {logging_mixin.py:109} INFO - [2023-04-10 12:50:53,162] {dag.py:2398} INFO - Sync 1 DAGs
[2023-04-10 12:50:53,176] {logging_mixin.py:109} INFO - [2023-04-10 12:50:53,176] {dag.py:2937} INFO - Setting next_dagrun for example_dag_decorator to None
[2023-04-10 12:50:53,188] {processor.py:171} INFO - Processing /home/airflow/.local/lib/python3.7/site-packages/airflow/example_dags/example_dag_decorator.py took 0.420 seconds
