[2023-04-10 12:44:23,185] {processor.py:163} INFO - Started process (PID=108) to work on /home/airflow/.local/lib/python3.7/site-packages/airflow/example_dags/example_trigger_target_dag.py
[2023-04-10 12:44:23,186] {processor.py:642} INFO - Processing file /home/airflow/.local/lib/python3.7/site-packages/airflow/example_dags/example_trigger_target_dag.py for tasks to queue
[2023-04-10 12:44:23,188] {logging_mixin.py:109} INFO - [2023-04-10 12:44:23,187] {dagbag.py:500} INFO - Filling up the DagBag from /home/airflow/.local/lib/python3.7/site-packages/airflow/example_dags/example_trigger_target_dag.py
[2023-04-10 12:44:23,205] {processor.py:652} INFO - DAG(s) dict_keys(['example_trigger_target_dag']) retrieved from /home/airflow/.local/lib/python3.7/site-packages/airflow/example_dags/example_trigger_target_dag.py
[2023-04-10 12:44:24,241] {logging_mixin.py:109} INFO - [2023-04-10 12:44:24,241] {providers_manager.py:702} WARNING - The field in_cluster from class KubernetesHook does not start with 'extra__'. Ignoring it.
[2023-04-10 12:44:24,242] {logging_mixin.py:109} INFO - [2023-04-10 12:44:24,242] {providers_manager.py:702} WARNING - The field kube_config_path from class KubernetesHook does not start with 'extra__'. Ignoring it.
[2023-04-10 12:44:24,242] {logging_mixin.py:109} INFO - [2023-04-10 12:44:24,242] {providers_manager.py:702} WARNING - The field kube_config from class KubernetesHook does not start with 'extra__'. Ignoring it.
[2023-04-10 12:44:24,243] {logging_mixin.py:109} INFO - [2023-04-10 12:44:24,243] {providers_manager.py:702} WARNING - The field namespace from class KubernetesHook does not start with 'extra__'. Ignoring it.
[2023-04-10 12:44:24,243] {logging_mixin.py:109} INFO - [2023-04-10 12:44:24,243] {providers_manager.py:702} WARNING - The field cluster_context from class KubernetesHook does not start with 'extra__'. Ignoring it.
[2023-04-10 12:44:24,244] {logging_mixin.py:109} INFO - [2023-04-10 12:44:24,243] {providers_manager.py:702} WARNING - The field disable_verify_ssl from class KubernetesHook does not start with 'extra__'. Ignoring it.
[2023-04-10 12:44:24,244] {logging_mixin.py:109} INFO - [2023-04-10 12:44:24,244] {providers_manager.py:702} WARNING - The field disable_tcp_keepalive from class KubernetesHook does not start with 'extra__'. Ignoring it.
[2023-04-10 12:44:24,244] {logging_mixin.py:109} INFO - [2023-04-10 12:44:24,244] {providers_manager.py:702} WARNING - The field xcom_sidecar_container_image from class KubernetesHook does not start with 'extra__'. Ignoring it.
[2023-04-10 12:44:24,303] {logging_mixin.py:109} INFO - [2023-04-10 12:44:24,303] {providers_manager.py:702} WARNING - The field reauth from class DockerHook does not start with 'extra__'. Ignoring it.
[2023-04-10 12:44:24,304] {logging_mixin.py:109} INFO - [2023-04-10 12:44:24,304] {providers_manager.py:702} WARNING - The field email from class DockerHook does not start with 'extra__'. Ignoring it.
[2023-04-10 12:44:24,782] {logging_mixin.py:109} INFO - [2023-04-10 12:44:24,782] {providers_manager.py:702} WARNING - The field project from class GoogleBaseHook does not start with 'extra__'. Ignoring it.
[2023-04-10 12:44:24,783] {logging_mixin.py:109} INFO - [2023-04-10 12:44:24,783] {providers_manager.py:702} WARNING - The field key_path from class GoogleBaseHook does not start with 'extra__'. Ignoring it.
[2023-04-10 12:44:24,783] {logging_mixin.py:109} INFO - [2023-04-10 12:44:24,783] {providers_manager.py:702} WARNING - The field keyfile_dict from class GoogleBaseHook does not start with 'extra__'. Ignoring it.
[2023-04-10 12:44:24,784] {logging_mixin.py:109} INFO - [2023-04-10 12:44:24,784] {providers_manager.py:702} WARNING - The field scope from class GoogleBaseHook does not start with 'extra__'. Ignoring it.
[2023-04-10 12:44:24,784] {logging_mixin.py:109} INFO - [2023-04-10 12:44:24,784] {providers_manager.py:702} WARNING - The field key_secret_name from class GoogleBaseHook does not start with 'extra__'. Ignoring it.
[2023-04-10 12:44:24,784] {logging_mixin.py:109} INFO - [2023-04-10 12:44:24,784] {providers_manager.py:702} WARNING - The field key_secret_project_id from class GoogleBaseHook does not start with 'extra__'. Ignoring it.
[2023-04-10 12:44:24,785] {logging_mixin.py:109} INFO - [2023-04-10 12:44:24,785] {providers_manager.py:702} WARNING - The field num_retries from class GoogleBaseHook does not start with 'extra__'. Ignoring it.
[2023-04-10 12:44:25,629] {logging_mixin.py:109} INFO - [2023-04-10 12:44:25,629] {providers_manager.py:702} WARNING - The field auth_type from class GrpcHook does not start with 'extra__'. Ignoring it.
[2023-04-10 12:44:25,630] {logging_mixin.py:109} INFO - [2023-04-10 12:44:25,630] {providers_manager.py:702} WARNING - The field credential_pem_file from class GrpcHook does not start with 'extra__'. Ignoring it.
[2023-04-10 12:44:25,630] {logging_mixin.py:109} INFO - [2023-04-10 12:44:25,630] {providers_manager.py:702} WARNING - The field scopes from class GrpcHook does not start with 'extra__'. Ignoring it.
[2023-04-10 12:44:25,710] {logging_mixin.py:109} INFO - [2023-04-10 12:44:25,710] {providers_manager.py:702} WARNING - The field tenant from class AzureDataExplorerHook does not start with 'extra__'. Ignoring it.
[2023-04-10 12:44:25,711] {logging_mixin.py:109} INFO - [2023-04-10 12:44:25,711] {providers_manager.py:702} WARNING - The field auth_method from class AzureDataExplorerHook does not start with 'extra__'. Ignoring it.
[2023-04-10 12:44:25,711] {logging_mixin.py:109} INFO - [2023-04-10 12:44:25,711] {providers_manager.py:702} WARNING - The field certificate from class AzureDataExplorerHook does not start with 'extra__'. Ignoring it.
[2023-04-10 12:44:25,712] {logging_mixin.py:109} INFO - [2023-04-10 12:44:25,711] {providers_manager.py:702} WARNING - The field thumbprint from class AzureDataExplorerHook does not start with 'extra__'. Ignoring it.
[2023-04-10 12:44:25,732] {logging_mixin.py:109} INFO - [2023-04-10 12:44:25,732] {providers_manager.py:702} WARNING - The field account_url from class AzureBatchHook does not start with 'extra__'. Ignoring it.
[2023-04-10 12:44:25,749] {logging_mixin.py:109} INFO - [2023-04-10 12:44:25,749] {providers_manager.py:702} WARNING - The field database_name from class AzureCosmosDBHook does not start with 'extra__'. Ignoring it.
[2023-04-10 12:44:25,750] {logging_mixin.py:109} INFO - [2023-04-10 12:44:25,750] {providers_manager.py:702} WARNING - The field collection_name from class AzureCosmosDBHook does not start with 'extra__'. Ignoring it.
[2023-04-10 12:44:25,796] {logging_mixin.py:109} INFO - [2023-04-10 12:44:25,796] {providers_manager.py:702} WARNING - The field sas_token from class AzureFileShareHook does not start with 'extra__'. Ignoring it.
[2023-04-10 12:44:25,796] {logging_mixin.py:109} INFO - [2023-04-10 12:44:25,796] {providers_manager.py:702} WARNING - The field connection_string from class AzureFileShareHook does not start with 'extra__'. Ignoring it.
[2023-04-10 12:44:25,797] {logging_mixin.py:109} INFO - [2023-04-10 12:44:25,796] {providers_manager.py:702} WARNING - The field protocol from class AzureFileShareHook does not start with 'extra__'. Ignoring it.
[2023-04-10 12:44:25,817] {logging_mixin.py:109} INFO - [2023-04-10 12:44:25,817] {providers_manager.py:702} WARNING - The field connection_string from class AzureContainerVolumeHook does not start with 'extra__'. Ignoring it.
[2023-04-10 12:44:25,896] {logging_mixin.py:109} INFO - [2023-04-10 12:44:25,896] {providers_manager.py:702} WARNING - The field tenantId from class AzureDataFactoryHook does not start with 'extra__'. Ignoring it.
[2023-04-10 12:44:25,897] {logging_mixin.py:109} INFO - [2023-04-10 12:44:25,897] {providers_manager.py:702} WARNING - The field subscriptionId from class AzureDataFactoryHook does not start with 'extra__'. Ignoring it.
[2023-04-10 12:44:25,897] {logging_mixin.py:109} INFO - [2023-04-10 12:44:25,897] {providers_manager.py:702} WARNING - The field resource_group_name from class AzureDataFactoryHook does not start with 'extra__'. Ignoring it.
[2023-04-10 12:44:25,898] {logging_mixin.py:109} INFO - [2023-04-10 12:44:25,898] {providers_manager.py:702} WARNING - The field factory_name from class AzureDataFactoryHook does not start with 'extra__'. Ignoring it.
[2023-04-10 12:44:25,948] {logging_mixin.py:109} INFO - [2023-04-10 12:44:25,948] {providers_manager.py:702} WARNING - The field tenantId from class AzureSynapseHook does not start with 'extra__'. Ignoring it.
[2023-04-10 12:44:25,949] {logging_mixin.py:109} INFO - [2023-04-10 12:44:25,949] {providers_manager.py:702} WARNING - The field subscriptionId from class AzureSynapseHook does not start with 'extra__'. Ignoring it.
[2023-04-10 12:44:26,026] {logging_mixin.py:109} WARNING - /home/airflow/.local/lib/python3.7/site-packages/snowflake/connector/options.py:99 UserWarning: You have an incompatible version of 'pyarrow' installed (9.0.0), please install a version that adheres to: 'pyarrow<6.1.0,>=6.0.0; extra == "pandas"'
[2023-04-10 12:44:26,420] {logging_mixin.py:109} INFO - [2023-04-10 12:44:26,420] {providers_manager.py:702} WARNING - The field in_cluster from class KubernetesHook does not start with 'extra__'. Ignoring it.
[2023-04-10 12:44:26,420] {logging_mixin.py:109} INFO - [2023-04-10 12:44:26,420] {providers_manager.py:702} WARNING - The field kube_config_path from class KubernetesHook does not start with 'extra__'. Ignoring it.
[2023-04-10 12:44:26,421] {logging_mixin.py:109} INFO - [2023-04-10 12:44:26,421] {providers_manager.py:702} WARNING - The field kube_config from class KubernetesHook does not start with 'extra__'. Ignoring it.
[2023-04-10 12:44:26,421] {logging_mixin.py:109} INFO - [2023-04-10 12:44:26,421] {providers_manager.py:702} WARNING - The field namespace from class KubernetesHook does not start with 'extra__'. Ignoring it.
[2023-04-10 12:44:26,421] {logging_mixin.py:109} INFO - [2023-04-10 12:44:26,421] {providers_manager.py:702} WARNING - The field cluster_context from class KubernetesHook does not start with 'extra__'. Ignoring it.
[2023-04-10 12:44:26,422] {logging_mixin.py:109} INFO - [2023-04-10 12:44:26,422] {providers_manager.py:702} WARNING - The field disable_verify_ssl from class KubernetesHook does not start with 'extra__'. Ignoring it.
[2023-04-10 12:44:26,422] {logging_mixin.py:109} INFO - [2023-04-10 12:44:26,422] {providers_manager.py:702} WARNING - The field disable_tcp_keepalive from class KubernetesHook does not start with 'extra__'. Ignoring it.
[2023-04-10 12:44:26,422] {logging_mixin.py:109} INFO - [2023-04-10 12:44:26,422] {providers_manager.py:702} WARNING - The field xcom_sidecar_container_image from class KubernetesHook does not start with 'extra__'. Ignoring it.
[2023-04-10 12:44:26,423] {logging_mixin.py:109} INFO - [2023-04-10 12:44:26,423] {providers_manager.py:702} WARNING - The field reauth from class DockerHook does not start with 'extra__'. Ignoring it.
[2023-04-10 12:44:26,423] {logging_mixin.py:109} INFO - [2023-04-10 12:44:26,423] {providers_manager.py:702} WARNING - The field email from class DockerHook does not start with 'extra__'. Ignoring it.
[2023-04-10 12:44:26,424] {logging_mixin.py:109} INFO - [2023-04-10 12:44:26,424] {providers_manager.py:702} WARNING - The field project from class GoogleBaseHook does not start with 'extra__'. Ignoring it.
[2023-04-10 12:44:26,424] {logging_mixin.py:109} INFO - [2023-04-10 12:44:26,424] {providers_manager.py:702} WARNING - The field key_path from class GoogleBaseHook does not start with 'extra__'. Ignoring it.
[2023-04-10 12:44:26,424] {logging_mixin.py:109} INFO - [2023-04-10 12:44:26,424] {providers_manager.py:702} WARNING - The field keyfile_dict from class GoogleBaseHook does not start with 'extra__'. Ignoring it.
[2023-04-10 12:44:26,425] {logging_mixin.py:109} INFO - [2023-04-10 12:44:26,425] {providers_manager.py:702} WARNING - The field scope from class GoogleBaseHook does not start with 'extra__'. Ignoring it.
[2023-04-10 12:44:26,425] {logging_mixin.py:109} INFO - [2023-04-10 12:44:26,425] {providers_manager.py:702} WARNING - The field key_secret_name from class GoogleBaseHook does not start with 'extra__'. Ignoring it.
[2023-04-10 12:44:26,425] {logging_mixin.py:109} INFO - [2023-04-10 12:44:26,425] {providers_manager.py:702} WARNING - The field key_secret_project_id from class GoogleBaseHook does not start with 'extra__'. Ignoring it.
[2023-04-10 12:44:26,425] {logging_mixin.py:109} INFO - [2023-04-10 12:44:26,425] {providers_manager.py:702} WARNING - The field num_retries from class GoogleBaseHook does not start with 'extra__'. Ignoring it.
[2023-04-10 12:44:26,427] {logging_mixin.py:109} INFO - [2023-04-10 12:44:26,427] {providers_manager.py:702} WARNING - The field auth_type from class GrpcHook does not start with 'extra__'. Ignoring it.
[2023-04-10 12:44:26,427] {logging_mixin.py:109} INFO - [2023-04-10 12:44:26,427] {providers_manager.py:702} WARNING - The field credential_pem_file from class GrpcHook does not start with 'extra__'. Ignoring it.
[2023-04-10 12:44:26,427] {logging_mixin.py:109} INFO - [2023-04-10 12:44:26,427] {providers_manager.py:702} WARNING - The field scopes from class GrpcHook does not start with 'extra__'. Ignoring it.
[2023-04-10 12:44:26,428] {logging_mixin.py:109} INFO - [2023-04-10 12:44:26,428] {providers_manager.py:702} WARNING - The field tenant from class AzureDataExplorerHook does not start with 'extra__'. Ignoring it.
[2023-04-10 12:44:26,429] {logging_mixin.py:109} INFO - [2023-04-10 12:44:26,429] {providers_manager.py:702} WARNING - The field auth_method from class AzureDataExplorerHook does not start with 'extra__'. Ignoring it.
[2023-04-10 12:44:26,429] {logging_mixin.py:109} INFO - [2023-04-10 12:44:26,429] {providers_manager.py:702} WARNING - The field certificate from class AzureDataExplorerHook does not start with 'extra__'. Ignoring it.
[2023-04-10 12:44:26,429] {logging_mixin.py:109} INFO - [2023-04-10 12:44:26,429] {providers_manager.py:702} WARNING - The field thumbprint from class AzureDataExplorerHook does not start with 'extra__'. Ignoring it.
[2023-04-10 12:44:26,430] {logging_mixin.py:109} INFO - [2023-04-10 12:44:26,430] {providers_manager.py:702} WARNING - The field account_url from class AzureBatchHook does not start with 'extra__'. Ignoring it.
[2023-04-10 12:44:26,431] {logging_mixin.py:109} INFO - [2023-04-10 12:44:26,431] {providers_manager.py:702} WARNING - The field database_name from class AzureCosmosDBHook does not start with 'extra__'. Ignoring it.
[2023-04-10 12:44:26,431] {logging_mixin.py:109} INFO - [2023-04-10 12:44:26,431] {providers_manager.py:702} WARNING - The field collection_name from class AzureCosmosDBHook does not start with 'extra__'. Ignoring it.
[2023-04-10 12:44:26,435] {logging_mixin.py:109} INFO - [2023-04-10 12:44:26,435] {providers_manager.py:702} WARNING - The field sas_token from class AzureFileShareHook does not start with 'extra__'. Ignoring it.
[2023-04-10 12:44:26,436] {logging_mixin.py:109} INFO - [2023-04-10 12:44:26,436] {providers_manager.py:702} WARNING - The field connection_string from class AzureFileShareHook does not start with 'extra__'. Ignoring it.
[2023-04-10 12:44:26,436] {logging_mixin.py:109} INFO - [2023-04-10 12:44:26,436] {providers_manager.py:702} WARNING - The field protocol from class AzureFileShareHook does not start with 'extra__'. Ignoring it.
[2023-04-10 12:44:26,437] {logging_mixin.py:109} INFO - [2023-04-10 12:44:26,437] {providers_manager.py:702} WARNING - The field connection_string from class AzureContainerVolumeHook does not start with 'extra__'. Ignoring it.
[2023-04-10 12:44:26,441] {logging_mixin.py:109} INFO - [2023-04-10 12:44:26,440] {providers_manager.py:702} WARNING - The field tenantId from class AzureDataFactoryHook does not start with 'extra__'. Ignoring it.
[2023-04-10 12:44:26,441] {logging_mixin.py:109} INFO - [2023-04-10 12:44:26,441] {providers_manager.py:702} WARNING - The field subscriptionId from class AzureDataFactoryHook does not start with 'extra__'. Ignoring it.
[2023-04-10 12:44:26,442] {logging_mixin.py:109} INFO - [2023-04-10 12:44:26,442] {providers_manager.py:702} WARNING - The field resource_group_name from class AzureDataFactoryHook does not start with 'extra__'. Ignoring it.
[2023-04-10 12:44:26,442] {logging_mixin.py:109} INFO - [2023-04-10 12:44:26,442] {providers_manager.py:702} WARNING - The field factory_name from class AzureDataFactoryHook does not start with 'extra__'. Ignoring it.
[2023-04-10 12:44:26,444] {logging_mixin.py:109} INFO - [2023-04-10 12:44:26,444] {providers_manager.py:702} WARNING - The field tenantId from class AzureSynapseHook does not start with 'extra__'. Ignoring it.
[2023-04-10 12:44:26,444] {logging_mixin.py:109} INFO - [2023-04-10 12:44:26,444] {providers_manager.py:702} WARNING - The field subscriptionId from class AzureSynapseHook does not start with 'extra__'. Ignoring it.
[2023-04-10 12:44:26,477] {logging_mixin.py:109} INFO - [2023-04-10 12:44:26,477] {manager.py:496} INFO - Created Permission View: can edit on DAG:example_trigger_target_dag
[2023-04-10 12:44:26,488] {logging_mixin.py:109} INFO - [2023-04-10 12:44:26,488] {manager.py:496} INFO - Created Permission View: can read on DAG:example_trigger_target_dag
[2023-04-10 12:44:26,489] {logging_mixin.py:109} INFO - [2023-04-10 12:44:26,489] {dag.py:2398} INFO - Sync 1 DAGs
[2023-04-10 12:44:26,498] {logging_mixin.py:109} INFO - [2023-04-10 12:44:26,498] {dag.py:2417} INFO - Creating ORM DAG for example_trigger_target_dag
[2023-04-10 12:44:26,506] {logging_mixin.py:109} INFO - [2023-04-10 12:44:26,506] {dag.py:2937} INFO - Setting next_dagrun for example_trigger_target_dag to None
[2023-04-10 12:44:26,521] {processor.py:171} INFO - Processing /home/airflow/.local/lib/python3.7/site-packages/airflow/example_dags/example_trigger_target_dag.py took 3.339 seconds
[2023-04-10 12:45:11,324] {processor.py:163} INFO - Started process (PID=534) to work on /home/airflow/.local/lib/python3.7/site-packages/airflow/example_dags/example_trigger_target_dag.py
[2023-04-10 12:45:11,325] {processor.py:642} INFO - Processing file /home/airflow/.local/lib/python3.7/site-packages/airflow/example_dags/example_trigger_target_dag.py for tasks to queue
[2023-04-10 12:45:11,326] {logging_mixin.py:109} INFO - [2023-04-10 12:45:11,326] {dagbag.py:500} INFO - Filling up the DagBag from /home/airflow/.local/lib/python3.7/site-packages/airflow/example_dags/example_trigger_target_dag.py
[2023-04-10 12:45:11,342] {processor.py:652} INFO - DAG(s) dict_keys(['example_trigger_target_dag']) retrieved from /home/airflow/.local/lib/python3.7/site-packages/airflow/example_dags/example_trigger_target_dag.py
[2023-04-10 12:45:11,365] {logging_mixin.py:109} INFO - [2023-04-10 12:45:11,365] {dag.py:2398} INFO - Sync 1 DAGs
[2023-04-10 12:45:11,382] {logging_mixin.py:109} INFO - [2023-04-10 12:45:11,382] {dag.py:2937} INFO - Setting next_dagrun for example_trigger_target_dag to None
[2023-04-10 12:45:11,396] {processor.py:171} INFO - Processing /home/airflow/.local/lib/python3.7/site-packages/airflow/example_dags/example_trigger_target_dag.py took 0.075 seconds
[2023-04-10 12:45:42,619] {processor.py:163} INFO - Started process (PID=595) to work on /home/airflow/.local/lib/python3.7/site-packages/airflow/example_dags/example_trigger_target_dag.py
[2023-04-10 12:45:42,620] {processor.py:642} INFO - Processing file /home/airflow/.local/lib/python3.7/site-packages/airflow/example_dags/example_trigger_target_dag.py for tasks to queue
[2023-04-10 12:45:42,621] {logging_mixin.py:109} INFO - [2023-04-10 12:45:42,621] {dagbag.py:500} INFO - Filling up the DagBag from /home/airflow/.local/lib/python3.7/site-packages/airflow/example_dags/example_trigger_target_dag.py
[2023-04-10 12:45:42,644] {processor.py:652} INFO - DAG(s) dict_keys(['example_trigger_target_dag']) retrieved from /home/airflow/.local/lib/python3.7/site-packages/airflow/example_dags/example_trigger_target_dag.py
[2023-04-10 12:45:42,663] {logging_mixin.py:109} INFO - [2023-04-10 12:45:42,663] {dag.py:2398} INFO - Sync 1 DAGs
[2023-04-10 12:45:42,678] {logging_mixin.py:109} INFO - [2023-04-10 12:45:42,678] {dag.py:2937} INFO - Setting next_dagrun for example_trigger_target_dag to None
[2023-04-10 12:45:42,688] {processor.py:171} INFO - Processing /home/airflow/.local/lib/python3.7/site-packages/airflow/example_dags/example_trigger_target_dag.py took 0.072 seconds
[2023-04-10 12:46:13,811] {processor.py:163} INFO - Started process (PID=647) to work on /home/airflow/.local/lib/python3.7/site-packages/airflow/example_dags/example_trigger_target_dag.py
[2023-04-10 12:46:13,812] {processor.py:642} INFO - Processing file /home/airflow/.local/lib/python3.7/site-packages/airflow/example_dags/example_trigger_target_dag.py for tasks to queue
[2023-04-10 12:46:13,813] {logging_mixin.py:109} INFO - [2023-04-10 12:46:13,813] {dagbag.py:500} INFO - Filling up the DagBag from /home/airflow/.local/lib/python3.7/site-packages/airflow/example_dags/example_trigger_target_dag.py
[2023-04-10 12:46:13,831] {processor.py:652} INFO - DAG(s) dict_keys(['example_trigger_target_dag']) retrieved from /home/airflow/.local/lib/python3.7/site-packages/airflow/example_dags/example_trigger_target_dag.py
[2023-04-10 12:46:13,853] {logging_mixin.py:109} INFO - [2023-04-10 12:46:13,852] {dag.py:2398} INFO - Sync 1 DAGs
[2023-04-10 12:46:13,871] {logging_mixin.py:109} INFO - [2023-04-10 12:46:13,871] {dag.py:2937} INFO - Setting next_dagrun for example_trigger_target_dag to None
[2023-04-10 12:46:13,882] {processor.py:171} INFO - Processing /home/airflow/.local/lib/python3.7/site-packages/airflow/example_dags/example_trigger_target_dag.py took 0.075 seconds
[2023-04-10 12:46:44,363] {processor.py:163} INFO - Started process (PID=709) to work on /home/airflow/.local/lib/python3.7/site-packages/airflow/example_dags/example_trigger_target_dag.py
[2023-04-10 12:46:44,364] {processor.py:642} INFO - Processing file /home/airflow/.local/lib/python3.7/site-packages/airflow/example_dags/example_trigger_target_dag.py for tasks to queue
[2023-04-10 12:46:44,365] {logging_mixin.py:109} INFO - [2023-04-10 12:46:44,365] {dagbag.py:500} INFO - Filling up the DagBag from /home/airflow/.local/lib/python3.7/site-packages/airflow/example_dags/example_trigger_target_dag.py
[2023-04-10 12:46:44,383] {processor.py:652} INFO - DAG(s) dict_keys(['example_trigger_target_dag']) retrieved from /home/airflow/.local/lib/python3.7/site-packages/airflow/example_dags/example_trigger_target_dag.py
[2023-04-10 12:46:44,406] {logging_mixin.py:109} INFO - [2023-04-10 12:46:44,405] {dag.py:2398} INFO - Sync 1 DAGs
[2023-04-10 12:46:44,423] {logging_mixin.py:109} INFO - [2023-04-10 12:46:44,423] {dag.py:2937} INFO - Setting next_dagrun for example_trigger_target_dag to None
[2023-04-10 12:46:44,437] {processor.py:171} INFO - Processing /home/airflow/.local/lib/python3.7/site-packages/airflow/example_dags/example_trigger_target_dag.py took 0.080 seconds
[2023-04-10 12:47:15,555] {processor.py:163} INFO - Started process (PID=762) to work on /home/airflow/.local/lib/python3.7/site-packages/airflow/example_dags/example_trigger_target_dag.py
[2023-04-10 12:47:15,557] {processor.py:642} INFO - Processing file /home/airflow/.local/lib/python3.7/site-packages/airflow/example_dags/example_trigger_target_dag.py for tasks to queue
[2023-04-10 12:47:15,558] {logging_mixin.py:109} INFO - [2023-04-10 12:47:15,558] {dagbag.py:500} INFO - Filling up the DagBag from /home/airflow/.local/lib/python3.7/site-packages/airflow/example_dags/example_trigger_target_dag.py
[2023-04-10 12:47:15,576] {processor.py:652} INFO - DAG(s) dict_keys(['example_trigger_target_dag']) retrieved from /home/airflow/.local/lib/python3.7/site-packages/airflow/example_dags/example_trigger_target_dag.py
[2023-04-10 12:47:15,597] {logging_mixin.py:109} INFO - [2023-04-10 12:47:15,597] {dag.py:2398} INFO - Sync 1 DAGs
[2023-04-10 12:47:15,614] {logging_mixin.py:109} INFO - [2023-04-10 12:47:15,614] {dag.py:2937} INFO - Setting next_dagrun for example_trigger_target_dag to None
[2023-04-10 12:47:15,627] {processor.py:171} INFO - Processing /home/airflow/.local/lib/python3.7/site-packages/airflow/example_dags/example_trigger_target_dag.py took 0.075 seconds
[2023-04-10 12:47:46,260] {processor.py:163} INFO - Started process (PID=822) to work on /home/airflow/.local/lib/python3.7/site-packages/airflow/example_dags/example_trigger_target_dag.py
[2023-04-10 12:47:46,261] {processor.py:642} INFO - Processing file /home/airflow/.local/lib/python3.7/site-packages/airflow/example_dags/example_trigger_target_dag.py for tasks to queue
[2023-04-10 12:47:46,263] {logging_mixin.py:109} INFO - [2023-04-10 12:47:46,262] {dagbag.py:500} INFO - Filling up the DagBag from /home/airflow/.local/lib/python3.7/site-packages/airflow/example_dags/example_trigger_target_dag.py
[2023-04-10 12:47:46,285] {processor.py:652} INFO - DAG(s) dict_keys(['example_trigger_target_dag']) retrieved from /home/airflow/.local/lib/python3.7/site-packages/airflow/example_dags/example_trigger_target_dag.py
[2023-04-10 12:47:46,310] {logging_mixin.py:109} INFO - [2023-04-10 12:47:46,310] {dag.py:2398} INFO - Sync 1 DAGs
[2023-04-10 12:47:46,335] {logging_mixin.py:109} INFO - [2023-04-10 12:47:46,335] {dag.py:2937} INFO - Setting next_dagrun for example_trigger_target_dag to None
[2023-04-10 12:47:46,349] {processor.py:171} INFO - Processing /home/airflow/.local/lib/python3.7/site-packages/airflow/example_dags/example_trigger_target_dag.py took 0.094 seconds
[2023-04-10 12:48:17,516] {processor.py:163} INFO - Started process (PID=876) to work on /home/airflow/.local/lib/python3.7/site-packages/airflow/example_dags/example_trigger_target_dag.py
[2023-04-10 12:48:17,518] {processor.py:642} INFO - Processing file /home/airflow/.local/lib/python3.7/site-packages/airflow/example_dags/example_trigger_target_dag.py for tasks to queue
[2023-04-10 12:48:17,520] {logging_mixin.py:109} INFO - [2023-04-10 12:48:17,519] {dagbag.py:500} INFO - Filling up the DagBag from /home/airflow/.local/lib/python3.7/site-packages/airflow/example_dags/example_trigger_target_dag.py
[2023-04-10 12:48:17,539] {processor.py:652} INFO - DAG(s) dict_keys(['example_trigger_target_dag']) retrieved from /home/airflow/.local/lib/python3.7/site-packages/airflow/example_dags/example_trigger_target_dag.py
[2023-04-10 12:48:17,557] {logging_mixin.py:109} INFO - [2023-04-10 12:48:17,557] {dag.py:2398} INFO - Sync 1 DAGs
[2023-04-10 12:48:17,574] {logging_mixin.py:109} INFO - [2023-04-10 12:48:17,574] {dag.py:2937} INFO - Setting next_dagrun for example_trigger_target_dag to None
[2023-04-10 12:48:17,587] {processor.py:171} INFO - Processing /home/airflow/.local/lib/python3.7/site-packages/airflow/example_dags/example_trigger_target_dag.py took 0.074 seconds
[2023-04-10 12:48:48,593] {processor.py:163} INFO - Started process (PID=937) to work on /home/airflow/.local/lib/python3.7/site-packages/airflow/example_dags/example_trigger_target_dag.py
[2023-04-10 12:48:48,594] {processor.py:642} INFO - Processing file /home/airflow/.local/lib/python3.7/site-packages/airflow/example_dags/example_trigger_target_dag.py for tasks to queue
[2023-04-10 12:48:48,595] {logging_mixin.py:109} INFO - [2023-04-10 12:48:48,594] {dagbag.py:500} INFO - Filling up the DagBag from /home/airflow/.local/lib/python3.7/site-packages/airflow/example_dags/example_trigger_target_dag.py
[2023-04-10 12:48:48,607] {processor.py:652} INFO - DAG(s) dict_keys(['example_trigger_target_dag']) retrieved from /home/airflow/.local/lib/python3.7/site-packages/airflow/example_dags/example_trigger_target_dag.py
[2023-04-10 12:48:48,624] {logging_mixin.py:109} INFO - [2023-04-10 12:48:48,624] {dag.py:2398} INFO - Sync 1 DAGs
[2023-04-10 12:48:48,638] {logging_mixin.py:109} INFO - [2023-04-10 12:48:48,638] {dag.py:2937} INFO - Setting next_dagrun for example_trigger_target_dag to None
[2023-04-10 12:48:48,647] {processor.py:171} INFO - Processing /home/airflow/.local/lib/python3.7/site-packages/airflow/example_dags/example_trigger_target_dag.py took 0.057 seconds
[2023-04-10 12:49:19,172] {processor.py:163} INFO - Started process (PID=989) to work on /home/airflow/.local/lib/python3.7/site-packages/airflow/example_dags/example_trigger_target_dag.py
[2023-04-10 12:49:19,173] {processor.py:642} INFO - Processing file /home/airflow/.local/lib/python3.7/site-packages/airflow/example_dags/example_trigger_target_dag.py for tasks to queue
[2023-04-10 12:49:19,174] {logging_mixin.py:109} INFO - [2023-04-10 12:49:19,174] {dagbag.py:500} INFO - Filling up the DagBag from /home/airflow/.local/lib/python3.7/site-packages/airflow/example_dags/example_trigger_target_dag.py
[2023-04-10 12:49:19,192] {processor.py:652} INFO - DAG(s) dict_keys(['example_trigger_target_dag']) retrieved from /home/airflow/.local/lib/python3.7/site-packages/airflow/example_dags/example_trigger_target_dag.py
[2023-04-10 12:49:19,209] {logging_mixin.py:109} INFO - [2023-04-10 12:49:19,209] {dag.py:2398} INFO - Sync 1 DAGs
[2023-04-10 12:49:19,292] {logging_mixin.py:109} INFO - [2023-04-10 12:49:19,292] {dag.py:2937} INFO - Setting next_dagrun for example_trigger_target_dag to None
[2023-04-10 12:49:19,300] {processor.py:171} INFO - Processing /home/airflow/.local/lib/python3.7/site-packages/airflow/example_dags/example_trigger_target_dag.py took 0.131 seconds
[2023-04-10 12:49:50,449] {processor.py:163} INFO - Started process (PID=1050) to work on /home/airflow/.local/lib/python3.7/site-packages/airflow/example_dags/example_trigger_target_dag.py
[2023-04-10 12:49:50,450] {processor.py:642} INFO - Processing file /home/airflow/.local/lib/python3.7/site-packages/airflow/example_dags/example_trigger_target_dag.py for tasks to queue
[2023-04-10 12:49:50,452] {logging_mixin.py:109} INFO - [2023-04-10 12:49:50,452] {dagbag.py:500} INFO - Filling up the DagBag from /home/airflow/.local/lib/python3.7/site-packages/airflow/example_dags/example_trigger_target_dag.py
[2023-04-10 12:49:50,470] {processor.py:652} INFO - DAG(s) dict_keys(['example_trigger_target_dag']) retrieved from /home/airflow/.local/lib/python3.7/site-packages/airflow/example_dags/example_trigger_target_dag.py
[2023-04-10 12:49:50,489] {logging_mixin.py:109} INFO - [2023-04-10 12:49:50,489] {dag.py:2398} INFO - Sync 1 DAGs
[2023-04-10 12:49:50,576] {logging_mixin.py:109} INFO - [2023-04-10 12:49:50,576] {dag.py:2937} INFO - Setting next_dagrun for example_trigger_target_dag to None
[2023-04-10 12:49:50,585] {processor.py:171} INFO - Processing /home/airflow/.local/lib/python3.7/site-packages/airflow/example_dags/example_trigger_target_dag.py took 0.140 seconds
[2023-04-10 12:50:21,028] {processor.py:163} INFO - Started process (PID=1102) to work on /home/airflow/.local/lib/python3.7/site-packages/airflow/example_dags/example_trigger_target_dag.py
[2023-04-10 12:50:21,030] {processor.py:642} INFO - Processing file /home/airflow/.local/lib/python3.7/site-packages/airflow/example_dags/example_trigger_target_dag.py for tasks to queue
[2023-04-10 12:50:21,030] {logging_mixin.py:109} INFO - [2023-04-10 12:50:21,030] {dagbag.py:500} INFO - Filling up the DagBag from /home/airflow/.local/lib/python3.7/site-packages/airflow/example_dags/example_trigger_target_dag.py
[2023-04-10 12:50:21,044] {processor.py:652} INFO - DAG(s) dict_keys(['example_trigger_target_dag']) retrieved from /home/airflow/.local/lib/python3.7/site-packages/airflow/example_dags/example_trigger_target_dag.py
[2023-04-10 12:50:21,060] {logging_mixin.py:109} INFO - [2023-04-10 12:50:21,060] {dag.py:2398} INFO - Sync 1 DAGs
[2023-04-10 12:50:21,147] {logging_mixin.py:109} INFO - [2023-04-10 12:50:21,147] {dag.py:2937} INFO - Setting next_dagrun for example_trigger_target_dag to None
[2023-04-10 12:50:21,157] {processor.py:171} INFO - Processing /home/airflow/.local/lib/python3.7/site-packages/airflow/example_dags/example_trigger_target_dag.py took 0.131 seconds
[2023-04-10 12:50:51,897] {processor.py:163} INFO - Started process (PID=1162) to work on /home/airflow/.local/lib/python3.7/site-packages/airflow/example_dags/example_trigger_target_dag.py
[2023-04-10 12:50:51,898] {processor.py:642} INFO - Processing file /home/airflow/.local/lib/python3.7/site-packages/airflow/example_dags/example_trigger_target_dag.py for tasks to queue
[2023-04-10 12:50:51,899] {logging_mixin.py:109} INFO - [2023-04-10 12:50:51,899] {dagbag.py:500} INFO - Filling up the DagBag from /home/airflow/.local/lib/python3.7/site-packages/airflow/example_dags/example_trigger_target_dag.py
[2023-04-10 12:50:51,912] {processor.py:652} INFO - DAG(s) dict_keys(['example_trigger_target_dag']) retrieved from /home/airflow/.local/lib/python3.7/site-packages/airflow/example_dags/example_trigger_target_dag.py
[2023-04-10 12:50:51,928] {logging_mixin.py:109} INFO - [2023-04-10 12:50:51,928] {dag.py:2398} INFO - Sync 1 DAGs
[2023-04-10 12:50:52,022] {logging_mixin.py:109} INFO - [2023-04-10 12:50:52,021] {dag.py:2937} INFO - Setting next_dagrun for example_trigger_target_dag to None
[2023-04-10 12:50:52,031] {processor.py:171} INFO - Processing /home/airflow/.local/lib/python3.7/site-packages/airflow/example_dags/example_trigger_target_dag.py took 0.136 seconds
