[2023-04-10 12:44:30,115] {processor.py:163} INFO - Started process (PID=165) to work on /home/airflow/.local/lib/python3.7/site-packages/airflow/example_dags/example_short_circuit_operator.py
[2023-04-10 12:44:30,117] {processor.py:642} INFO - Processing file /home/airflow/.local/lib/python3.7/site-packages/airflow/example_dags/example_short_circuit_operator.py for tasks to queue
[2023-04-10 12:44:30,118] {logging_mixin.py:109} INFO - [2023-04-10 12:44:30,118] {dagbag.py:500} INFO - Filling up the DagBag from /home/airflow/.local/lib/python3.7/site-packages/airflow/example_dags/example_short_circuit_operator.py
[2023-04-10 12:44:30,134] {processor.py:652} INFO - DAG(s) dict_keys(['example_short_circuit_operator']) retrieved from /home/airflow/.local/lib/python3.7/site-packages/airflow/example_dags/example_short_circuit_operator.py
[2023-04-10 12:44:31,286] {logging_mixin.py:109} INFO - [2023-04-10 12:44:31,286] {providers_manager.py:702} WARNING - The field in_cluster from class KubernetesHook does not start with 'extra__'. Ignoring it.
[2023-04-10 12:44:31,287] {logging_mixin.py:109} INFO - [2023-04-10 12:44:31,287] {providers_manager.py:702} WARNING - The field kube_config_path from class KubernetesHook does not start with 'extra__'. Ignoring it.
[2023-04-10 12:44:31,288] {logging_mixin.py:109} INFO - [2023-04-10 12:44:31,288] {providers_manager.py:702} WARNING - The field kube_config from class KubernetesHook does not start with 'extra__'. Ignoring it.
[2023-04-10 12:44:31,288] {logging_mixin.py:109} INFO - [2023-04-10 12:44:31,288] {providers_manager.py:702} WARNING - The field namespace from class KubernetesHook does not start with 'extra__'. Ignoring it.
[2023-04-10 12:44:31,289] {logging_mixin.py:109} INFO - [2023-04-10 12:44:31,289] {providers_manager.py:702} WARNING - The field cluster_context from class KubernetesHook does not start with 'extra__'. Ignoring it.
[2023-04-10 12:44:31,290] {logging_mixin.py:109} INFO - [2023-04-10 12:44:31,290] {providers_manager.py:702} WARNING - The field disable_verify_ssl from class KubernetesHook does not start with 'extra__'. Ignoring it.
[2023-04-10 12:44:31,290] {logging_mixin.py:109} INFO - [2023-04-10 12:44:31,290] {providers_manager.py:702} WARNING - The field disable_tcp_keepalive from class KubernetesHook does not start with 'extra__'. Ignoring it.
[2023-04-10 12:44:31,291] {logging_mixin.py:109} INFO - [2023-04-10 12:44:31,291] {providers_manager.py:702} WARNING - The field xcom_sidecar_container_image from class KubernetesHook does not start with 'extra__'. Ignoring it.
[2023-04-10 12:44:31,347] {logging_mixin.py:109} INFO - [2023-04-10 12:44:31,347] {providers_manager.py:702} WARNING - The field reauth from class DockerHook does not start with 'extra__'. Ignoring it.
[2023-04-10 12:44:31,347] {logging_mixin.py:109} INFO - [2023-04-10 12:44:31,347] {providers_manager.py:702} WARNING - The field email from class DockerHook does not start with 'extra__'. Ignoring it.
[2023-04-10 12:44:31,809] {logging_mixin.py:109} INFO - [2023-04-10 12:44:31,809] {providers_manager.py:702} WARNING - The field project from class GoogleBaseHook does not start with 'extra__'. Ignoring it.
[2023-04-10 12:44:31,810] {logging_mixin.py:109} INFO - [2023-04-10 12:44:31,810] {providers_manager.py:702} WARNING - The field key_path from class GoogleBaseHook does not start with 'extra__'. Ignoring it.
[2023-04-10 12:44:31,810] {logging_mixin.py:109} INFO - [2023-04-10 12:44:31,810] {providers_manager.py:702} WARNING - The field keyfile_dict from class GoogleBaseHook does not start with 'extra__'. Ignoring it.
[2023-04-10 12:44:31,811] {logging_mixin.py:109} INFO - [2023-04-10 12:44:31,810] {providers_manager.py:702} WARNING - The field scope from class GoogleBaseHook does not start with 'extra__'. Ignoring it.
[2023-04-10 12:44:31,811] {logging_mixin.py:109} INFO - [2023-04-10 12:44:31,811] {providers_manager.py:702} WARNING - The field key_secret_name from class GoogleBaseHook does not start with 'extra__'. Ignoring it.
[2023-04-10 12:44:31,812] {logging_mixin.py:109} INFO - [2023-04-10 12:44:31,812] {providers_manager.py:702} WARNING - The field key_secret_project_id from class GoogleBaseHook does not start with 'extra__'. Ignoring it.
[2023-04-10 12:44:31,812] {logging_mixin.py:109} INFO - [2023-04-10 12:44:31,812] {providers_manager.py:702} WARNING - The field num_retries from class GoogleBaseHook does not start with 'extra__'. Ignoring it.
[2023-04-10 12:44:32,686] {logging_mixin.py:109} INFO - [2023-04-10 12:44:32,686] {providers_manager.py:702} WARNING - The field auth_type from class GrpcHook does not start with 'extra__'. Ignoring it.
[2023-04-10 12:44:32,686] {logging_mixin.py:109} INFO - [2023-04-10 12:44:32,686] {providers_manager.py:702} WARNING - The field credential_pem_file from class GrpcHook does not start with 'extra__'. Ignoring it.
[2023-04-10 12:44:32,687] {logging_mixin.py:109} INFO - [2023-04-10 12:44:32,687] {providers_manager.py:702} WARNING - The field scopes from class GrpcHook does not start with 'extra__'. Ignoring it.
[2023-04-10 12:44:32,781] {logging_mixin.py:109} INFO - [2023-04-10 12:44:32,781] {providers_manager.py:702} WARNING - The field tenant from class AzureDataExplorerHook does not start with 'extra__'. Ignoring it.
[2023-04-10 12:44:32,782] {logging_mixin.py:109} INFO - [2023-04-10 12:44:32,782] {providers_manager.py:702} WARNING - The field auth_method from class AzureDataExplorerHook does not start with 'extra__'. Ignoring it.
[2023-04-10 12:44:32,783] {logging_mixin.py:109} INFO - [2023-04-10 12:44:32,783] {providers_manager.py:702} WARNING - The field certificate from class AzureDataExplorerHook does not start with 'extra__'. Ignoring it.
[2023-04-10 12:44:32,783] {logging_mixin.py:109} INFO - [2023-04-10 12:44:32,783] {providers_manager.py:702} WARNING - The field thumbprint from class AzureDataExplorerHook does not start with 'extra__'. Ignoring it.
[2023-04-10 12:44:32,806] {logging_mixin.py:109} INFO - [2023-04-10 12:44:32,806] {providers_manager.py:702} WARNING - The field account_url from class AzureBatchHook does not start with 'extra__'. Ignoring it.
[2023-04-10 12:44:32,824] {logging_mixin.py:109} INFO - [2023-04-10 12:44:32,824] {providers_manager.py:702} WARNING - The field database_name from class AzureCosmosDBHook does not start with 'extra__'. Ignoring it.
[2023-04-10 12:44:32,824] {logging_mixin.py:109} INFO - [2023-04-10 12:44:32,824] {providers_manager.py:702} WARNING - The field collection_name from class AzureCosmosDBHook does not start with 'extra__'. Ignoring it.
[2023-04-10 12:44:32,865] {logging_mixin.py:109} INFO - [2023-04-10 12:44:32,865] {providers_manager.py:702} WARNING - The field sas_token from class AzureFileShareHook does not start with 'extra__'. Ignoring it.
[2023-04-10 12:44:32,865] {logging_mixin.py:109} INFO - [2023-04-10 12:44:32,865] {providers_manager.py:702} WARNING - The field connection_string from class AzureFileShareHook does not start with 'extra__'. Ignoring it.
[2023-04-10 12:44:32,866] {logging_mixin.py:109} INFO - [2023-04-10 12:44:32,866] {providers_manager.py:702} WARNING - The field protocol from class AzureFileShareHook does not start with 'extra__'. Ignoring it.
[2023-04-10 12:44:32,886] {logging_mixin.py:109} INFO - [2023-04-10 12:44:32,886] {providers_manager.py:702} WARNING - The field connection_string from class AzureContainerVolumeHook does not start with 'extra__'. Ignoring it.
[2023-04-10 12:44:32,960] {logging_mixin.py:109} INFO - [2023-04-10 12:44:32,960] {providers_manager.py:702} WARNING - The field tenantId from class AzureDataFactoryHook does not start with 'extra__'. Ignoring it.
[2023-04-10 12:44:32,961] {logging_mixin.py:109} INFO - [2023-04-10 12:44:32,961] {providers_manager.py:702} WARNING - The field subscriptionId from class AzureDataFactoryHook does not start with 'extra__'. Ignoring it.
[2023-04-10 12:44:32,961] {logging_mixin.py:109} INFO - [2023-04-10 12:44:32,961] {providers_manager.py:702} WARNING - The field resource_group_name from class AzureDataFactoryHook does not start with 'extra__'. Ignoring it.
[2023-04-10 12:44:32,962] {logging_mixin.py:109} INFO - [2023-04-10 12:44:32,962] {providers_manager.py:702} WARNING - The field factory_name from class AzureDataFactoryHook does not start with 'extra__'. Ignoring it.
[2023-04-10 12:44:33,017] {logging_mixin.py:109} INFO - [2023-04-10 12:44:33,017] {providers_manager.py:702} WARNING - The field tenantId from class AzureSynapseHook does not start with 'extra__'. Ignoring it.
[2023-04-10 12:44:33,018] {logging_mixin.py:109} INFO - [2023-04-10 12:44:33,018] {providers_manager.py:702} WARNING - The field subscriptionId from class AzureSynapseHook does not start with 'extra__'. Ignoring it.
[2023-04-10 12:44:33,088] {logging_mixin.py:109} WARNING - /home/airflow/.local/lib/python3.7/site-packages/snowflake/connector/options.py:99 UserWarning: You have an incompatible version of 'pyarrow' installed (9.0.0), please install a version that adheres to: 'pyarrow<6.1.0,>=6.0.0; extra == "pandas"'
[2023-04-10 12:44:33,367] {logging_mixin.py:109} INFO - [2023-04-10 12:44:33,367] {providers_manager.py:702} WARNING - The field in_cluster from class KubernetesHook does not start with 'extra__'. Ignoring it.
[2023-04-10 12:44:33,368] {logging_mixin.py:109} INFO - [2023-04-10 12:44:33,368] {providers_manager.py:702} WARNING - The field kube_config_path from class KubernetesHook does not start with 'extra__'. Ignoring it.
[2023-04-10 12:44:33,368] {logging_mixin.py:109} INFO - [2023-04-10 12:44:33,368] {providers_manager.py:702} WARNING - The field kube_config from class KubernetesHook does not start with 'extra__'. Ignoring it.
[2023-04-10 12:44:33,368] {logging_mixin.py:109} INFO - [2023-04-10 12:44:33,368] {providers_manager.py:702} WARNING - The field namespace from class KubernetesHook does not start with 'extra__'. Ignoring it.
[2023-04-10 12:44:33,369] {logging_mixin.py:109} INFO - [2023-04-10 12:44:33,369] {providers_manager.py:702} WARNING - The field cluster_context from class KubernetesHook does not start with 'extra__'. Ignoring it.
[2023-04-10 12:44:33,369] {logging_mixin.py:109} INFO - [2023-04-10 12:44:33,369] {providers_manager.py:702} WARNING - The field disable_verify_ssl from class KubernetesHook does not start with 'extra__'. Ignoring it.
[2023-04-10 12:44:33,370] {logging_mixin.py:109} INFO - [2023-04-10 12:44:33,369] {providers_manager.py:702} WARNING - The field disable_tcp_keepalive from class KubernetesHook does not start with 'extra__'. Ignoring it.
[2023-04-10 12:44:33,370] {logging_mixin.py:109} INFO - [2023-04-10 12:44:33,370] {providers_manager.py:702} WARNING - The field xcom_sidecar_container_image from class KubernetesHook does not start with 'extra__'. Ignoring it.
[2023-04-10 12:44:33,371] {logging_mixin.py:109} INFO - [2023-04-10 12:44:33,371] {providers_manager.py:702} WARNING - The field reauth from class DockerHook does not start with 'extra__'. Ignoring it.
[2023-04-10 12:44:33,371] {logging_mixin.py:109} INFO - [2023-04-10 12:44:33,371] {providers_manager.py:702} WARNING - The field email from class DockerHook does not start with 'extra__'. Ignoring it.
[2023-04-10 12:44:33,372] {logging_mixin.py:109} INFO - [2023-04-10 12:44:33,372] {providers_manager.py:702} WARNING - The field project from class GoogleBaseHook does not start with 'extra__'. Ignoring it.
[2023-04-10 12:44:33,372] {logging_mixin.py:109} INFO - [2023-04-10 12:44:33,372] {providers_manager.py:702} WARNING - The field key_path from class GoogleBaseHook does not start with 'extra__'. Ignoring it.
[2023-04-10 12:44:33,373] {logging_mixin.py:109} INFO - [2023-04-10 12:44:33,373] {providers_manager.py:702} WARNING - The field keyfile_dict from class GoogleBaseHook does not start with 'extra__'. Ignoring it.
[2023-04-10 12:44:33,373] {logging_mixin.py:109} INFO - [2023-04-10 12:44:33,373] {providers_manager.py:702} WARNING - The field scope from class GoogleBaseHook does not start with 'extra__'. Ignoring it.
[2023-04-10 12:44:33,373] {logging_mixin.py:109} INFO - [2023-04-10 12:44:33,373] {providers_manager.py:702} WARNING - The field key_secret_name from class GoogleBaseHook does not start with 'extra__'. Ignoring it.
[2023-04-10 12:44:33,374] {logging_mixin.py:109} INFO - [2023-04-10 12:44:33,374] {providers_manager.py:702} WARNING - The field key_secret_project_id from class GoogleBaseHook does not start with 'extra__'. Ignoring it.
[2023-04-10 12:44:33,374] {logging_mixin.py:109} INFO - [2023-04-10 12:44:33,374] {providers_manager.py:702} WARNING - The field num_retries from class GoogleBaseHook does not start with 'extra__'. Ignoring it.
[2023-04-10 12:44:33,376] {logging_mixin.py:109} INFO - [2023-04-10 12:44:33,376] {providers_manager.py:702} WARNING - The field auth_type from class GrpcHook does not start with 'extra__'. Ignoring it.
[2023-04-10 12:44:33,377] {logging_mixin.py:109} INFO - [2023-04-10 12:44:33,377] {providers_manager.py:702} WARNING - The field credential_pem_file from class GrpcHook does not start with 'extra__'. Ignoring it.
[2023-04-10 12:44:33,378] {logging_mixin.py:109} INFO - [2023-04-10 12:44:33,378] {providers_manager.py:702} WARNING - The field scopes from class GrpcHook does not start with 'extra__'. Ignoring it.
[2023-04-10 12:44:33,379] {logging_mixin.py:109} INFO - [2023-04-10 12:44:33,379] {providers_manager.py:702} WARNING - The field tenant from class AzureDataExplorerHook does not start with 'extra__'. Ignoring it.
[2023-04-10 12:44:33,379] {logging_mixin.py:109} INFO - [2023-04-10 12:44:33,379] {providers_manager.py:702} WARNING - The field auth_method from class AzureDataExplorerHook does not start with 'extra__'. Ignoring it.
[2023-04-10 12:44:33,380] {logging_mixin.py:109} INFO - [2023-04-10 12:44:33,380] {providers_manager.py:702} WARNING - The field certificate from class AzureDataExplorerHook does not start with 'extra__'. Ignoring it.
[2023-04-10 12:44:33,380] {logging_mixin.py:109} INFO - [2023-04-10 12:44:33,380] {providers_manager.py:702} WARNING - The field thumbprint from class AzureDataExplorerHook does not start with 'extra__'. Ignoring it.
[2023-04-10 12:44:33,381] {logging_mixin.py:109} INFO - [2023-04-10 12:44:33,381] {providers_manager.py:702} WARNING - The field account_url from class AzureBatchHook does not start with 'extra__'. Ignoring it.
[2023-04-10 12:44:33,382] {logging_mixin.py:109} INFO - [2023-04-10 12:44:33,382] {providers_manager.py:702} WARNING - The field database_name from class AzureCosmosDBHook does not start with 'extra__'. Ignoring it.
[2023-04-10 12:44:33,383] {logging_mixin.py:109} INFO - [2023-04-10 12:44:33,383] {providers_manager.py:702} WARNING - The field collection_name from class AzureCosmosDBHook does not start with 'extra__'. Ignoring it.
[2023-04-10 12:44:33,386] {logging_mixin.py:109} INFO - [2023-04-10 12:44:33,386] {providers_manager.py:702} WARNING - The field sas_token from class AzureFileShareHook does not start with 'extra__'. Ignoring it.
[2023-04-10 12:44:33,387] {logging_mixin.py:109} INFO - [2023-04-10 12:44:33,387] {providers_manager.py:702} WARNING - The field connection_string from class AzureFileShareHook does not start with 'extra__'. Ignoring it.
[2023-04-10 12:44:33,387] {logging_mixin.py:109} INFO - [2023-04-10 12:44:33,387] {providers_manager.py:702} WARNING - The field protocol from class AzureFileShareHook does not start with 'extra__'. Ignoring it.
[2023-04-10 12:44:33,388] {logging_mixin.py:109} INFO - [2023-04-10 12:44:33,388] {providers_manager.py:702} WARNING - The field connection_string from class AzureContainerVolumeHook does not start with 'extra__'. Ignoring it.
[2023-04-10 12:44:33,390] {logging_mixin.py:109} INFO - [2023-04-10 12:44:33,390] {providers_manager.py:702} WARNING - The field tenantId from class AzureDataFactoryHook does not start with 'extra__'. Ignoring it.
[2023-04-10 12:44:33,390] {logging_mixin.py:109} INFO - [2023-04-10 12:44:33,390] {providers_manager.py:702} WARNING - The field subscriptionId from class AzureDataFactoryHook does not start with 'extra__'. Ignoring it.
[2023-04-10 12:44:33,391] {logging_mixin.py:109} INFO - [2023-04-10 12:44:33,391] {providers_manager.py:702} WARNING - The field resource_group_name from class AzureDataFactoryHook does not start with 'extra__'. Ignoring it.
[2023-04-10 12:44:33,391] {logging_mixin.py:109} INFO - [2023-04-10 12:44:33,391] {providers_manager.py:702} WARNING - The field factory_name from class AzureDataFactoryHook does not start with 'extra__'. Ignoring it.
[2023-04-10 12:44:33,393] {logging_mixin.py:109} INFO - [2023-04-10 12:44:33,393] {providers_manager.py:702} WARNING - The field tenantId from class AzureSynapseHook does not start with 'extra__'. Ignoring it.
[2023-04-10 12:44:33,394] {logging_mixin.py:109} INFO - [2023-04-10 12:44:33,394] {providers_manager.py:702} WARNING - The field subscriptionId from class AzureSynapseHook does not start with 'extra__'. Ignoring it.
[2023-04-10 12:44:33,423] {logging_mixin.py:109} INFO - [2023-04-10 12:44:33,423] {manager.py:496} INFO - Created Permission View: can edit on DAG:example_short_circuit_operator
[2023-04-10 12:44:33,437] {logging_mixin.py:109} INFO - [2023-04-10 12:44:33,437] {manager.py:496} INFO - Created Permission View: can read on DAG:example_short_circuit_operator
[2023-04-10 12:44:33,438] {logging_mixin.py:109} INFO - [2023-04-10 12:44:33,438] {dag.py:2398} INFO - Sync 1 DAGs
[2023-04-10 12:44:33,571] {logging_mixin.py:109} INFO - [2023-04-10 12:44:33,571] {dag.py:2417} INFO - Creating ORM DAG for example_short_circuit_operator
[2023-04-10 12:44:33,581] {logging_mixin.py:109} INFO - [2023-04-10 12:44:33,581] {dag.py:2937} INFO - Setting next_dagrun for example_short_circuit_operator to 2023-04-09T12:44:33.581159+00:00
[2023-04-10 12:44:33,596] {processor.py:171} INFO - Processing /home/airflow/.local/lib/python3.7/site-packages/airflow/example_dags/example_short_circuit_operator.py took 3.484 seconds
[2023-04-10 12:45:11,906] {processor.py:163} INFO - Started process (PID=539) to work on /home/airflow/.local/lib/python3.7/site-packages/airflow/example_dags/example_short_circuit_operator.py
[2023-04-10 12:45:11,908] {processor.py:642} INFO - Processing file /home/airflow/.local/lib/python3.7/site-packages/airflow/example_dags/example_short_circuit_operator.py for tasks to queue
[2023-04-10 12:45:11,909] {logging_mixin.py:109} INFO - [2023-04-10 12:45:11,909] {dagbag.py:500} INFO - Filling up the DagBag from /home/airflow/.local/lib/python3.7/site-packages/airflow/example_dags/example_short_circuit_operator.py
[2023-04-10 12:45:11,921] {processor.py:652} INFO - DAG(s) dict_keys(['example_short_circuit_operator']) retrieved from /home/airflow/.local/lib/python3.7/site-packages/airflow/example_dags/example_short_circuit_operator.py
[2023-04-10 12:45:11,939] {logging_mixin.py:109} INFO - [2023-04-10 12:45:11,939] {dag.py:2398} INFO - Sync 1 DAGs
[2023-04-10 12:45:11,953] {logging_mixin.py:109} INFO - [2023-04-10 12:45:11,953] {dag.py:2937} INFO - Setting next_dagrun for example_short_circuit_operator to 2023-04-09T12:45:11.952979+00:00
[2023-04-10 12:45:11,966] {processor.py:171} INFO - Processing /home/airflow/.local/lib/python3.7/site-packages/airflow/example_dags/example_short_circuit_operator.py took 0.062 seconds
[2023-04-10 12:45:43,159] {processor.py:163} INFO - Started process (PID=600) to work on /home/airflow/.local/lib/python3.7/site-packages/airflow/example_dags/example_short_circuit_operator.py
[2023-04-10 12:45:43,160] {processor.py:642} INFO - Processing file /home/airflow/.local/lib/python3.7/site-packages/airflow/example_dags/example_short_circuit_operator.py for tasks to queue
[2023-04-10 12:45:43,161] {logging_mixin.py:109} INFO - [2023-04-10 12:45:43,161] {dagbag.py:500} INFO - Filling up the DagBag from /home/airflow/.local/lib/python3.7/site-packages/airflow/example_dags/example_short_circuit_operator.py
[2023-04-10 12:45:43,174] {processor.py:652} INFO - DAG(s) dict_keys(['example_short_circuit_operator']) retrieved from /home/airflow/.local/lib/python3.7/site-packages/airflow/example_dags/example_short_circuit_operator.py
[2023-04-10 12:45:43,193] {logging_mixin.py:109} INFO - [2023-04-10 12:45:43,193] {dag.py:2398} INFO - Sync 1 DAGs
[2023-04-10 12:45:43,208] {logging_mixin.py:109} INFO - [2023-04-10 12:45:43,208] {dag.py:2937} INFO - Setting next_dagrun for example_short_circuit_operator to 2023-04-09T12:45:43.208217+00:00
[2023-04-10 12:45:43,220] {processor.py:171} INFO - Processing /home/airflow/.local/lib/python3.7/site-packages/airflow/example_dags/example_short_circuit_operator.py took 0.063 seconds
[2023-04-10 12:46:14,403] {processor.py:163} INFO - Started process (PID=652) to work on /home/airflow/.local/lib/python3.7/site-packages/airflow/example_dags/example_short_circuit_operator.py
[2023-04-10 12:46:14,405] {processor.py:642} INFO - Processing file /home/airflow/.local/lib/python3.7/site-packages/airflow/example_dags/example_short_circuit_operator.py for tasks to queue
[2023-04-10 12:46:14,406] {logging_mixin.py:109} INFO - [2023-04-10 12:46:14,406] {dagbag.py:500} INFO - Filling up the DagBag from /home/airflow/.local/lib/python3.7/site-packages/airflow/example_dags/example_short_circuit_operator.py
[2023-04-10 12:46:14,427] {processor.py:652} INFO - DAG(s) dict_keys(['example_short_circuit_operator']) retrieved from /home/airflow/.local/lib/python3.7/site-packages/airflow/example_dags/example_short_circuit_operator.py
[2023-04-10 12:46:14,447] {logging_mixin.py:109} INFO - [2023-04-10 12:46:14,446] {dag.py:2398} INFO - Sync 1 DAGs
[2023-04-10 12:46:14,465] {logging_mixin.py:109} INFO - [2023-04-10 12:46:14,465] {dag.py:2937} INFO - Setting next_dagrun for example_short_circuit_operator to 2023-04-09T12:46:14.465320+00:00
[2023-04-10 12:46:14,480] {processor.py:171} INFO - Processing /home/airflow/.local/lib/python3.7/site-packages/airflow/example_dags/example_short_circuit_operator.py took 0.081 seconds
[2023-04-10 12:46:44,870] {processor.py:163} INFO - Started process (PID=714) to work on /home/airflow/.local/lib/python3.7/site-packages/airflow/example_dags/example_short_circuit_operator.py
[2023-04-10 12:46:44,871] {processor.py:642} INFO - Processing file /home/airflow/.local/lib/python3.7/site-packages/airflow/example_dags/example_short_circuit_operator.py for tasks to queue
[2023-04-10 12:46:44,873] {logging_mixin.py:109} INFO - [2023-04-10 12:46:44,873] {dagbag.py:500} INFO - Filling up the DagBag from /home/airflow/.local/lib/python3.7/site-packages/airflow/example_dags/example_short_circuit_operator.py
[2023-04-10 12:46:44,893] {processor.py:652} INFO - DAG(s) dict_keys(['example_short_circuit_operator']) retrieved from /home/airflow/.local/lib/python3.7/site-packages/airflow/example_dags/example_short_circuit_operator.py
[2023-04-10 12:46:44,920] {logging_mixin.py:109} INFO - [2023-04-10 12:46:44,920] {dag.py:2398} INFO - Sync 1 DAGs
[2023-04-10 12:46:44,940] {logging_mixin.py:109} INFO - [2023-04-10 12:46:44,940] {dag.py:2937} INFO - Setting next_dagrun for example_short_circuit_operator to 2023-04-09T12:46:44.940458+00:00
[2023-04-10 12:46:44,954] {processor.py:171} INFO - Processing /home/airflow/.local/lib/python3.7/site-packages/airflow/example_dags/example_short_circuit_operator.py took 0.088 seconds
[2023-04-10 12:47:16,093] {processor.py:163} INFO - Started process (PID=767) to work on /home/airflow/.local/lib/python3.7/site-packages/airflow/example_dags/example_short_circuit_operator.py
[2023-04-10 12:47:16,094] {processor.py:642} INFO - Processing file /home/airflow/.local/lib/python3.7/site-packages/airflow/example_dags/example_short_circuit_operator.py for tasks to queue
[2023-04-10 12:47:16,095] {logging_mixin.py:109} INFO - [2023-04-10 12:47:16,095] {dagbag.py:500} INFO - Filling up the DagBag from /home/airflow/.local/lib/python3.7/site-packages/airflow/example_dags/example_short_circuit_operator.py
[2023-04-10 12:47:16,113] {processor.py:652} INFO - DAG(s) dict_keys(['example_short_circuit_operator']) retrieved from /home/airflow/.local/lib/python3.7/site-packages/airflow/example_dags/example_short_circuit_operator.py
[2023-04-10 12:47:16,137] {logging_mixin.py:109} INFO - [2023-04-10 12:47:16,137] {dag.py:2398} INFO - Sync 1 DAGs
[2023-04-10 12:47:16,156] {logging_mixin.py:109} INFO - [2023-04-10 12:47:16,156] {dag.py:2937} INFO - Setting next_dagrun for example_short_circuit_operator to 2023-04-09T12:47:16.155859+00:00
[2023-04-10 12:47:16,168] {processor.py:171} INFO - Processing /home/airflow/.local/lib/python3.7/site-packages/airflow/example_dags/example_short_circuit_operator.py took 0.079 seconds
[2023-04-10 12:47:46,971] {processor.py:163} INFO - Started process (PID=828) to work on /home/airflow/.local/lib/python3.7/site-packages/airflow/example_dags/example_short_circuit_operator.py
[2023-04-10 12:47:46,972] {processor.py:642} INFO - Processing file /home/airflow/.local/lib/python3.7/site-packages/airflow/example_dags/example_short_circuit_operator.py for tasks to queue
[2023-04-10 12:47:46,973] {logging_mixin.py:109} INFO - [2023-04-10 12:47:46,973] {dagbag.py:500} INFO - Filling up the DagBag from /home/airflow/.local/lib/python3.7/site-packages/airflow/example_dags/example_short_circuit_operator.py
[2023-04-10 12:47:46,989] {processor.py:652} INFO - DAG(s) dict_keys(['example_short_circuit_operator']) retrieved from /home/airflow/.local/lib/python3.7/site-packages/airflow/example_dags/example_short_circuit_operator.py
[2023-04-10 12:47:47,010] {logging_mixin.py:109} INFO - [2023-04-10 12:47:47,010] {dag.py:2398} INFO - Sync 1 DAGs
[2023-04-10 12:47:47,030] {logging_mixin.py:109} INFO - [2023-04-10 12:47:47,030] {dag.py:2937} INFO - Setting next_dagrun for example_short_circuit_operator to 2023-04-09T12:47:47.029714+00:00
[2023-04-10 12:47:47,042] {processor.py:171} INFO - Processing /home/airflow/.local/lib/python3.7/site-packages/airflow/example_dags/example_short_circuit_operator.py took 0.074 seconds
[2023-04-10 12:48:18,088] {processor.py:163} INFO - Started process (PID=881) to work on /home/airflow/.local/lib/python3.7/site-packages/airflow/example_dags/example_short_circuit_operator.py
[2023-04-10 12:48:18,089] {processor.py:642} INFO - Processing file /home/airflow/.local/lib/python3.7/site-packages/airflow/example_dags/example_short_circuit_operator.py for tasks to queue
[2023-04-10 12:48:18,090] {logging_mixin.py:109} INFO - [2023-04-10 12:48:18,090] {dagbag.py:500} INFO - Filling up the DagBag from /home/airflow/.local/lib/python3.7/site-packages/airflow/example_dags/example_short_circuit_operator.py
[2023-04-10 12:48:18,107] {processor.py:652} INFO - DAG(s) dict_keys(['example_short_circuit_operator']) retrieved from /home/airflow/.local/lib/python3.7/site-packages/airflow/example_dags/example_short_circuit_operator.py
[2023-04-10 12:48:18,132] {logging_mixin.py:109} INFO - [2023-04-10 12:48:18,132] {dag.py:2398} INFO - Sync 1 DAGs
[2023-04-10 12:48:18,150] {logging_mixin.py:109} INFO - [2023-04-10 12:48:18,150] {dag.py:2937} INFO - Setting next_dagrun for example_short_circuit_operator to 2023-04-09T12:48:18.150420+00:00
[2023-04-10 12:48:18,167] {processor.py:171} INFO - Processing /home/airflow/.local/lib/python3.7/site-packages/airflow/example_dags/example_short_circuit_operator.py took 0.083 seconds
[2023-04-10 12:48:49,052] {processor.py:163} INFO - Started process (PID=942) to work on /home/airflow/.local/lib/python3.7/site-packages/airflow/example_dags/example_short_circuit_operator.py
[2023-04-10 12:48:49,053] {processor.py:642} INFO - Processing file /home/airflow/.local/lib/python3.7/site-packages/airflow/example_dags/example_short_circuit_operator.py for tasks to queue
[2023-04-10 12:48:49,054] {logging_mixin.py:109} INFO - [2023-04-10 12:48:49,054] {dagbag.py:500} INFO - Filling up the DagBag from /home/airflow/.local/lib/python3.7/site-packages/airflow/example_dags/example_short_circuit_operator.py
[2023-04-10 12:48:49,067] {processor.py:652} INFO - DAG(s) dict_keys(['example_short_circuit_operator']) retrieved from /home/airflow/.local/lib/python3.7/site-packages/airflow/example_dags/example_short_circuit_operator.py
[2023-04-10 12:48:49,086] {logging_mixin.py:109} INFO - [2023-04-10 12:48:49,086] {dag.py:2398} INFO - Sync 1 DAGs
[2023-04-10 12:48:49,101] {logging_mixin.py:109} INFO - [2023-04-10 12:48:49,101] {dag.py:2937} INFO - Setting next_dagrun for example_short_circuit_operator to 2023-04-09T12:48:49.101430+00:00
[2023-04-10 12:48:49,113] {processor.py:171} INFO - Processing /home/airflow/.local/lib/python3.7/site-packages/airflow/example_dags/example_short_circuit_operator.py took 0.065 seconds
[2023-04-10 12:49:19,776] {processor.py:163} INFO - Started process (PID=994) to work on /home/airflow/.local/lib/python3.7/site-packages/airflow/example_dags/example_short_circuit_operator.py
[2023-04-10 12:49:19,777] {processor.py:642} INFO - Processing file /home/airflow/.local/lib/python3.7/site-packages/airflow/example_dags/example_short_circuit_operator.py for tasks to queue
[2023-04-10 12:49:19,777] {logging_mixin.py:109} INFO - [2023-04-10 12:49:19,777] {dagbag.py:500} INFO - Filling up the DagBag from /home/airflow/.local/lib/python3.7/site-packages/airflow/example_dags/example_short_circuit_operator.py
[2023-04-10 12:49:19,790] {processor.py:652} INFO - DAG(s) dict_keys(['example_short_circuit_operator']) retrieved from /home/airflow/.local/lib/python3.7/site-packages/airflow/example_dags/example_short_circuit_operator.py
[2023-04-10 12:49:19,807] {logging_mixin.py:109} INFO - [2023-04-10 12:49:19,807] {dag.py:2398} INFO - Sync 1 DAGs
[2023-04-10 12:49:19,822] {logging_mixin.py:109} INFO - [2023-04-10 12:49:19,822] {dag.py:2937} INFO - Setting next_dagrun for example_short_circuit_operator to 2023-04-09T12:49:19.822074+00:00
[2023-04-10 12:49:19,897] {processor.py:171} INFO - Processing /home/airflow/.local/lib/python3.7/site-packages/airflow/example_dags/example_short_circuit_operator.py took 0.124 seconds
[2023-04-10 12:49:50,794] {processor.py:163} INFO - Started process (PID=1055) to work on /home/airflow/.local/lib/python3.7/site-packages/airflow/example_dags/example_short_circuit_operator.py
[2023-04-10 12:49:50,796] {processor.py:642} INFO - Processing file /home/airflow/.local/lib/python3.7/site-packages/airflow/example_dags/example_short_circuit_operator.py for tasks to queue
[2023-04-10 12:49:50,798] {logging_mixin.py:109} INFO - [2023-04-10 12:49:50,797] {dagbag.py:500} INFO - Filling up the DagBag from /home/airflow/.local/lib/python3.7/site-packages/airflow/example_dags/example_short_circuit_operator.py
[2023-04-10 12:49:50,811] {processor.py:652} INFO - DAG(s) dict_keys(['example_short_circuit_operator']) retrieved from /home/airflow/.local/lib/python3.7/site-packages/airflow/example_dags/example_short_circuit_operator.py
[2023-04-10 12:49:50,883] {logging_mixin.py:109} INFO - [2023-04-10 12:49:50,883] {dag.py:2398} INFO - Sync 1 DAGs
[2023-04-10 12:49:50,911] {logging_mixin.py:109} INFO - [2023-04-10 12:49:50,910] {dag.py:2937} INFO - Setting next_dagrun for example_short_circuit_operator to 2023-04-09T12:49:50.910629+00:00
[2023-04-10 12:49:50,991] {processor.py:171} INFO - Processing /home/airflow/.local/lib/python3.7/site-packages/airflow/example_dags/example_short_circuit_operator.py took 0.201 seconds
[2023-04-10 12:50:21,823] {processor.py:163} INFO - Started process (PID=1116) to work on /home/airflow/.local/lib/python3.7/site-packages/airflow/example_dags/example_short_circuit_operator.py
[2023-04-10 12:50:21,824] {processor.py:642} INFO - Processing file /home/airflow/.local/lib/python3.7/site-packages/airflow/example_dags/example_short_circuit_operator.py for tasks to queue
[2023-04-10 12:50:21,825] {logging_mixin.py:109} INFO - [2023-04-10 12:50:21,825] {dagbag.py:500} INFO - Filling up the DagBag from /home/airflow/.local/lib/python3.7/site-packages/airflow/example_dags/example_short_circuit_operator.py
[2023-04-10 12:50:21,838] {processor.py:652} INFO - DAG(s) dict_keys(['example_short_circuit_operator']) retrieved from /home/airflow/.local/lib/python3.7/site-packages/airflow/example_dags/example_short_circuit_operator.py
[2023-04-10 12:50:21,859] {logging_mixin.py:109} INFO - [2023-04-10 12:50:21,859] {dag.py:2398} INFO - Sync 1 DAGs
[2023-04-10 12:50:21,966] {logging_mixin.py:109} INFO - [2023-04-10 12:50:21,966] {dag.py:2937} INFO - Setting next_dagrun for example_short_circuit_operator to 2023-04-09T12:50:21.966204+00:00
[2023-04-10 12:50:21,979] {processor.py:171} INFO - Processing /home/airflow/.local/lib/python3.7/site-packages/airflow/example_dags/example_short_circuit_operator.py took 0.158 seconds
[2023-04-10 12:50:52,446] {processor.py:163} INFO - Started process (PID=1168) to work on /home/airflow/.local/lib/python3.7/site-packages/airflow/example_dags/example_short_circuit_operator.py
[2023-04-10 12:50:52,447] {processor.py:642} INFO - Processing file /home/airflow/.local/lib/python3.7/site-packages/airflow/example_dags/example_short_circuit_operator.py for tasks to queue
[2023-04-10 12:50:52,448] {logging_mixin.py:109} INFO - [2023-04-10 12:50:52,448] {dagbag.py:500} INFO - Filling up the DagBag from /home/airflow/.local/lib/python3.7/site-packages/airflow/example_dags/example_short_circuit_operator.py
[2023-04-10 12:50:52,465] {processor.py:652} INFO - DAG(s) dict_keys(['example_short_circuit_operator']) retrieved from /home/airflow/.local/lib/python3.7/site-packages/airflow/example_dags/example_short_circuit_operator.py
[2023-04-10 12:50:52,489] {logging_mixin.py:109} INFO - [2023-04-10 12:50:52,489] {dag.py:2398} INFO - Sync 1 DAGs
[2023-04-10 12:50:52,576] {logging_mixin.py:109} INFO - [2023-04-10 12:50:52,576] {dag.py:2937} INFO - Setting next_dagrun for example_short_circuit_operator to 2023-04-09T12:50:52.576235+00:00
[2023-04-10 12:50:52,585] {processor.py:171} INFO - Processing /home/airflow/.local/lib/python3.7/site-packages/airflow/example_dags/example_short_circuit_operator.py took 0.142 seconds
