[2023-04-10 12:44:44,105] {processor.py:163} INFO - Started process (PID=288) to work on /home/airflow/.local/lib/python3.7/site-packages/airflow/example_dags/example_python_operator.py
[2023-04-10 12:44:44,106] {processor.py:642} INFO - Processing file /home/airflow/.local/lib/python3.7/site-packages/airflow/example_dags/example_python_operator.py for tasks to queue
[2023-04-10 12:44:44,107] {logging_mixin.py:109} INFO - [2023-04-10 12:44:44,107] {dagbag.py:500} INFO - Filling up the DagBag from /home/airflow/.local/lib/python3.7/site-packages/airflow/example_dags/example_python_operator.py
[2023-04-10 12:44:44,125] {processor.py:652} INFO - DAG(s) dict_keys(['example_python_operator']) retrieved from /home/airflow/.local/lib/python3.7/site-packages/airflow/example_dags/example_python_operator.py
[2023-04-10 12:44:45,259] {logging_mixin.py:109} INFO - [2023-04-10 12:44:45,259] {providers_manager.py:702} WARNING - The field in_cluster from class KubernetesHook does not start with 'extra__'. Ignoring it.
[2023-04-10 12:44:45,259] {logging_mixin.py:109} INFO - [2023-04-10 12:44:45,259] {providers_manager.py:702} WARNING - The field kube_config_path from class KubernetesHook does not start with 'extra__'. Ignoring it.
[2023-04-10 12:44:45,260] {logging_mixin.py:109} INFO - [2023-04-10 12:44:45,260] {providers_manager.py:702} WARNING - The field kube_config from class KubernetesHook does not start with 'extra__'. Ignoring it.
[2023-04-10 12:44:45,260] {logging_mixin.py:109} INFO - [2023-04-10 12:44:45,260] {providers_manager.py:702} WARNING - The field namespace from class KubernetesHook does not start with 'extra__'. Ignoring it.
[2023-04-10 12:44:45,260] {logging_mixin.py:109} INFO - [2023-04-10 12:44:45,260] {providers_manager.py:702} WARNING - The field cluster_context from class KubernetesHook does not start with 'extra__'. Ignoring it.
[2023-04-10 12:44:45,261] {logging_mixin.py:109} INFO - [2023-04-10 12:44:45,261] {providers_manager.py:702} WARNING - The field disable_verify_ssl from class KubernetesHook does not start with 'extra__'. Ignoring it.
[2023-04-10 12:44:45,261] {logging_mixin.py:109} INFO - [2023-04-10 12:44:45,261] {providers_manager.py:702} WARNING - The field disable_tcp_keepalive from class KubernetesHook does not start with 'extra__'. Ignoring it.
[2023-04-10 12:44:45,261] {logging_mixin.py:109} INFO - [2023-04-10 12:44:45,261] {providers_manager.py:702} WARNING - The field xcom_sidecar_container_image from class KubernetesHook does not start with 'extra__'. Ignoring it.
[2023-04-10 12:44:45,311] {logging_mixin.py:109} INFO - [2023-04-10 12:44:45,311] {providers_manager.py:702} WARNING - The field reauth from class DockerHook does not start with 'extra__'. Ignoring it.
[2023-04-10 12:44:45,312] {logging_mixin.py:109} INFO - [2023-04-10 12:44:45,312] {providers_manager.py:702} WARNING - The field email from class DockerHook does not start with 'extra__'. Ignoring it.
[2023-04-10 12:44:45,738] {logging_mixin.py:109} INFO - [2023-04-10 12:44:45,738] {providers_manager.py:702} WARNING - The field project from class GoogleBaseHook does not start with 'extra__'. Ignoring it.
[2023-04-10 12:44:45,738] {logging_mixin.py:109} INFO - [2023-04-10 12:44:45,738] {providers_manager.py:702} WARNING - The field key_path from class GoogleBaseHook does not start with 'extra__'. Ignoring it.
[2023-04-10 12:44:45,739] {logging_mixin.py:109} INFO - [2023-04-10 12:44:45,739] {providers_manager.py:702} WARNING - The field keyfile_dict from class GoogleBaseHook does not start with 'extra__'. Ignoring it.
[2023-04-10 12:44:45,739] {logging_mixin.py:109} INFO - [2023-04-10 12:44:45,739] {providers_manager.py:702} WARNING - The field scope from class GoogleBaseHook does not start with 'extra__'. Ignoring it.
[2023-04-10 12:44:45,740] {logging_mixin.py:109} INFO - [2023-04-10 12:44:45,740] {providers_manager.py:702} WARNING - The field key_secret_name from class GoogleBaseHook does not start with 'extra__'. Ignoring it.
[2023-04-10 12:44:45,740] {logging_mixin.py:109} INFO - [2023-04-10 12:44:45,740] {providers_manager.py:702} WARNING - The field key_secret_project_id from class GoogleBaseHook does not start with 'extra__'. Ignoring it.
[2023-04-10 12:44:45,741] {logging_mixin.py:109} INFO - [2023-04-10 12:44:45,740] {providers_manager.py:702} WARNING - The field num_retries from class GoogleBaseHook does not start with 'extra__'. Ignoring it.
[2023-04-10 12:44:46,656] {logging_mixin.py:109} INFO - [2023-04-10 12:44:46,656] {providers_manager.py:702} WARNING - The field auth_type from class GrpcHook does not start with 'extra__'. Ignoring it.
[2023-04-10 12:44:46,657] {logging_mixin.py:109} INFO - [2023-04-10 12:44:46,656] {providers_manager.py:702} WARNING - The field credential_pem_file from class GrpcHook does not start with 'extra__'. Ignoring it.
[2023-04-10 12:44:46,657] {logging_mixin.py:109} INFO - [2023-04-10 12:44:46,657] {providers_manager.py:702} WARNING - The field scopes from class GrpcHook does not start with 'extra__'. Ignoring it.
[2023-04-10 12:44:46,739] {logging_mixin.py:109} INFO - [2023-04-10 12:44:46,739] {providers_manager.py:702} WARNING - The field tenant from class AzureDataExplorerHook does not start with 'extra__'. Ignoring it.
[2023-04-10 12:44:46,739] {logging_mixin.py:109} INFO - [2023-04-10 12:44:46,739] {providers_manager.py:702} WARNING - The field auth_method from class AzureDataExplorerHook does not start with 'extra__'. Ignoring it.
[2023-04-10 12:44:46,740] {logging_mixin.py:109} INFO - [2023-04-10 12:44:46,740] {providers_manager.py:702} WARNING - The field certificate from class AzureDataExplorerHook does not start with 'extra__'. Ignoring it.
[2023-04-10 12:44:46,740] {logging_mixin.py:109} INFO - [2023-04-10 12:44:46,740] {providers_manager.py:702} WARNING - The field thumbprint from class AzureDataExplorerHook does not start with 'extra__'. Ignoring it.
[2023-04-10 12:44:46,765] {logging_mixin.py:109} INFO - [2023-04-10 12:44:46,765] {providers_manager.py:702} WARNING - The field account_url from class AzureBatchHook does not start with 'extra__'. Ignoring it.
[2023-04-10 12:44:46,784] {logging_mixin.py:109} INFO - [2023-04-10 12:44:46,783] {providers_manager.py:702} WARNING - The field database_name from class AzureCosmosDBHook does not start with 'extra__'. Ignoring it.
[2023-04-10 12:44:46,784] {logging_mixin.py:109} INFO - [2023-04-10 12:44:46,784] {providers_manager.py:702} WARNING - The field collection_name from class AzureCosmosDBHook does not start with 'extra__'. Ignoring it.
[2023-04-10 12:44:46,819] {logging_mixin.py:109} INFO - [2023-04-10 12:44:46,819] {providers_manager.py:702} WARNING - The field sas_token from class AzureFileShareHook does not start with 'extra__'. Ignoring it.
[2023-04-10 12:44:46,819] {logging_mixin.py:109} INFO - [2023-04-10 12:44:46,819] {providers_manager.py:702} WARNING - The field connection_string from class AzureFileShareHook does not start with 'extra__'. Ignoring it.
[2023-04-10 12:44:46,820] {logging_mixin.py:109} INFO - [2023-04-10 12:44:46,820] {providers_manager.py:702} WARNING - The field protocol from class AzureFileShareHook does not start with 'extra__'. Ignoring it.
[2023-04-10 12:44:46,835] {logging_mixin.py:109} INFO - [2023-04-10 12:44:46,835] {providers_manager.py:702} WARNING - The field connection_string from class AzureContainerVolumeHook does not start with 'extra__'. Ignoring it.
[2023-04-10 12:44:46,905] {logging_mixin.py:109} INFO - [2023-04-10 12:44:46,905] {providers_manager.py:702} WARNING - The field tenantId from class AzureDataFactoryHook does not start with 'extra__'. Ignoring it.
[2023-04-10 12:44:46,906] {logging_mixin.py:109} INFO - [2023-04-10 12:44:46,906] {providers_manager.py:702} WARNING - The field subscriptionId from class AzureDataFactoryHook does not start with 'extra__'. Ignoring it.
[2023-04-10 12:44:46,906] {logging_mixin.py:109} INFO - [2023-04-10 12:44:46,906] {providers_manager.py:702} WARNING - The field resource_group_name from class AzureDataFactoryHook does not start with 'extra__'. Ignoring it.
[2023-04-10 12:44:46,907] {logging_mixin.py:109} INFO - [2023-04-10 12:44:46,907] {providers_manager.py:702} WARNING - The field factory_name from class AzureDataFactoryHook does not start with 'extra__'. Ignoring it.
[2023-04-10 12:44:46,950] {logging_mixin.py:109} INFO - [2023-04-10 12:44:46,950] {providers_manager.py:702} WARNING - The field tenantId from class AzureSynapseHook does not start with 'extra__'. Ignoring it.
[2023-04-10 12:44:46,951] {logging_mixin.py:109} INFO - [2023-04-10 12:44:46,951] {providers_manager.py:702} WARNING - The field subscriptionId from class AzureSynapseHook does not start with 'extra__'. Ignoring it.
[2023-04-10 12:44:47,160] {logging_mixin.py:109} WARNING - /home/airflow/.local/lib/python3.7/site-packages/snowflake/connector/options.py:99 UserWarning: You have an incompatible version of 'pyarrow' installed (9.0.0), please install a version that adheres to: 'pyarrow<6.1.0,>=6.0.0; extra == "pandas"'
[2023-04-10 12:44:47,465] {logging_mixin.py:109} INFO - [2023-04-10 12:44:47,465] {providers_manager.py:702} WARNING - The field in_cluster from class KubernetesHook does not start with 'extra__'. Ignoring it.
[2023-04-10 12:44:47,466] {logging_mixin.py:109} INFO - [2023-04-10 12:44:47,466] {providers_manager.py:702} WARNING - The field kube_config_path from class KubernetesHook does not start with 'extra__'. Ignoring it.
[2023-04-10 12:44:47,466] {logging_mixin.py:109} INFO - [2023-04-10 12:44:47,466] {providers_manager.py:702} WARNING - The field kube_config from class KubernetesHook does not start with 'extra__'. Ignoring it.
[2023-04-10 12:44:47,467] {logging_mixin.py:109} INFO - [2023-04-10 12:44:47,467] {providers_manager.py:702} WARNING - The field namespace from class KubernetesHook does not start with 'extra__'. Ignoring it.
[2023-04-10 12:44:47,467] {logging_mixin.py:109} INFO - [2023-04-10 12:44:47,467] {providers_manager.py:702} WARNING - The field cluster_context from class KubernetesHook does not start with 'extra__'. Ignoring it.
[2023-04-10 12:44:47,467] {logging_mixin.py:109} INFO - [2023-04-10 12:44:47,467] {providers_manager.py:702} WARNING - The field disable_verify_ssl from class KubernetesHook does not start with 'extra__'. Ignoring it.
[2023-04-10 12:44:47,468] {logging_mixin.py:109} INFO - [2023-04-10 12:44:47,468] {providers_manager.py:702} WARNING - The field disable_tcp_keepalive from class KubernetesHook does not start with 'extra__'. Ignoring it.
[2023-04-10 12:44:47,468] {logging_mixin.py:109} INFO - [2023-04-10 12:44:47,468] {providers_manager.py:702} WARNING - The field xcom_sidecar_container_image from class KubernetesHook does not start with 'extra__'. Ignoring it.
[2023-04-10 12:44:47,469] {logging_mixin.py:109} INFO - [2023-04-10 12:44:47,469] {providers_manager.py:702} WARNING - The field reauth from class DockerHook does not start with 'extra__'. Ignoring it.
[2023-04-10 12:44:47,470] {logging_mixin.py:109} INFO - [2023-04-10 12:44:47,469] {providers_manager.py:702} WARNING - The field email from class DockerHook does not start with 'extra__'. Ignoring it.
[2023-04-10 12:44:47,470] {logging_mixin.py:109} INFO - [2023-04-10 12:44:47,470] {providers_manager.py:702} WARNING - The field project from class GoogleBaseHook does not start with 'extra__'. Ignoring it.
[2023-04-10 12:44:47,471] {logging_mixin.py:109} INFO - [2023-04-10 12:44:47,471] {providers_manager.py:702} WARNING - The field key_path from class GoogleBaseHook does not start with 'extra__'. Ignoring it.
[2023-04-10 12:44:47,471] {logging_mixin.py:109} INFO - [2023-04-10 12:44:47,471] {providers_manager.py:702} WARNING - The field keyfile_dict from class GoogleBaseHook does not start with 'extra__'. Ignoring it.
[2023-04-10 12:44:47,472] {logging_mixin.py:109} INFO - [2023-04-10 12:44:47,472] {providers_manager.py:702} WARNING - The field scope from class GoogleBaseHook does not start with 'extra__'. Ignoring it.
[2023-04-10 12:44:47,472] {logging_mixin.py:109} INFO - [2023-04-10 12:44:47,472] {providers_manager.py:702} WARNING - The field key_secret_name from class GoogleBaseHook does not start with 'extra__'. Ignoring it.
[2023-04-10 12:44:47,472] {logging_mixin.py:109} INFO - [2023-04-10 12:44:47,472] {providers_manager.py:702} WARNING - The field key_secret_project_id from class GoogleBaseHook does not start with 'extra__'. Ignoring it.
[2023-04-10 12:44:47,473] {logging_mixin.py:109} INFO - [2023-04-10 12:44:47,473] {providers_manager.py:702} WARNING - The field num_retries from class GoogleBaseHook does not start with 'extra__'. Ignoring it.
[2023-04-10 12:44:47,475] {logging_mixin.py:109} INFO - [2023-04-10 12:44:47,475] {providers_manager.py:702} WARNING - The field auth_type from class GrpcHook does not start with 'extra__'. Ignoring it.
[2023-04-10 12:44:47,475] {logging_mixin.py:109} INFO - [2023-04-10 12:44:47,475] {providers_manager.py:702} WARNING - The field credential_pem_file from class GrpcHook does not start with 'extra__'. Ignoring it.
[2023-04-10 12:44:47,476] {logging_mixin.py:109} INFO - [2023-04-10 12:44:47,476] {providers_manager.py:702} WARNING - The field scopes from class GrpcHook does not start with 'extra__'. Ignoring it.
[2023-04-10 12:44:47,477] {logging_mixin.py:109} INFO - [2023-04-10 12:44:47,477] {providers_manager.py:702} WARNING - The field tenant from class AzureDataExplorerHook does not start with 'extra__'. Ignoring it.
[2023-04-10 12:44:47,477] {logging_mixin.py:109} INFO - [2023-04-10 12:44:47,477] {providers_manager.py:702} WARNING - The field auth_method from class AzureDataExplorerHook does not start with 'extra__'. Ignoring it.
[2023-04-10 12:44:47,478] {logging_mixin.py:109} INFO - [2023-04-10 12:44:47,478] {providers_manager.py:702} WARNING - The field certificate from class AzureDataExplorerHook does not start with 'extra__'. Ignoring it.
[2023-04-10 12:44:47,478] {logging_mixin.py:109} INFO - [2023-04-10 12:44:47,478] {providers_manager.py:702} WARNING - The field thumbprint from class AzureDataExplorerHook does not start with 'extra__'. Ignoring it.
[2023-04-10 12:44:47,479] {logging_mixin.py:109} INFO - [2023-04-10 12:44:47,479] {providers_manager.py:702} WARNING - The field account_url from class AzureBatchHook does not start with 'extra__'. Ignoring it.
[2023-04-10 12:44:47,480] {logging_mixin.py:109} INFO - [2023-04-10 12:44:47,480] {providers_manager.py:702} WARNING - The field database_name from class AzureCosmosDBHook does not start with 'extra__'. Ignoring it.
[2023-04-10 12:44:47,480] {logging_mixin.py:109} INFO - [2023-04-10 12:44:47,480] {providers_manager.py:702} WARNING - The field collection_name from class AzureCosmosDBHook does not start with 'extra__'. Ignoring it.
[2023-04-10 12:44:47,485] {logging_mixin.py:109} INFO - [2023-04-10 12:44:47,484] {providers_manager.py:702} WARNING - The field sas_token from class AzureFileShareHook does not start with 'extra__'. Ignoring it.
[2023-04-10 12:44:47,485] {logging_mixin.py:109} INFO - [2023-04-10 12:44:47,485] {providers_manager.py:702} WARNING - The field connection_string from class AzureFileShareHook does not start with 'extra__'. Ignoring it.
[2023-04-10 12:44:47,485] {logging_mixin.py:109} INFO - [2023-04-10 12:44:47,485] {providers_manager.py:702} WARNING - The field protocol from class AzureFileShareHook does not start with 'extra__'. Ignoring it.
[2023-04-10 12:44:47,486] {logging_mixin.py:109} INFO - [2023-04-10 12:44:47,486] {providers_manager.py:702} WARNING - The field connection_string from class AzureContainerVolumeHook does not start with 'extra__'. Ignoring it.
[2023-04-10 12:44:47,488] {logging_mixin.py:109} INFO - [2023-04-10 12:44:47,488] {providers_manager.py:702} WARNING - The field tenantId from class AzureDataFactoryHook does not start with 'extra__'. Ignoring it.
[2023-04-10 12:44:47,488] {logging_mixin.py:109} INFO - [2023-04-10 12:44:47,488] {providers_manager.py:702} WARNING - The field subscriptionId from class AzureDataFactoryHook does not start with 'extra__'. Ignoring it.
[2023-04-10 12:44:47,489] {logging_mixin.py:109} INFO - [2023-04-10 12:44:47,489] {providers_manager.py:702} WARNING - The field resource_group_name from class AzureDataFactoryHook does not start with 'extra__'. Ignoring it.
[2023-04-10 12:44:47,489] {logging_mixin.py:109} INFO - [2023-04-10 12:44:47,489] {providers_manager.py:702} WARNING - The field factory_name from class AzureDataFactoryHook does not start with 'extra__'. Ignoring it.
[2023-04-10 12:44:47,491] {logging_mixin.py:109} INFO - [2023-04-10 12:44:47,490] {providers_manager.py:702} WARNING - The field tenantId from class AzureSynapseHook does not start with 'extra__'. Ignoring it.
[2023-04-10 12:44:47,491] {logging_mixin.py:109} INFO - [2023-04-10 12:44:47,491] {providers_manager.py:702} WARNING - The field subscriptionId from class AzureSynapseHook does not start with 'extra__'. Ignoring it.
[2023-04-10 12:44:47,518] {logging_mixin.py:109} INFO - [2023-04-10 12:44:47,518] {manager.py:496} INFO - Created Permission View: can edit on DAG:example_python_operator
[2023-04-10 12:44:47,530] {logging_mixin.py:109} INFO - [2023-04-10 12:44:47,530] {manager.py:496} INFO - Created Permission View: can read on DAG:example_python_operator
[2023-04-10 12:44:47,531] {logging_mixin.py:109} INFO - [2023-04-10 12:44:47,531] {dag.py:2398} INFO - Sync 1 DAGs
[2023-04-10 12:44:47,538] {logging_mixin.py:109} INFO - [2023-04-10 12:44:47,538] {dag.py:2417} INFO - Creating ORM DAG for example_python_operator
[2023-04-10 12:44:47,546] {logging_mixin.py:109} INFO - [2023-04-10 12:44:47,546] {dag.py:2937} INFO - Setting next_dagrun for example_python_operator to None
[2023-04-10 12:44:47,558] {processor.py:171} INFO - Processing /home/airflow/.local/lib/python3.7/site-packages/airflow/example_dags/example_python_operator.py took 3.458 seconds
[2023-04-10 12:45:17,829] {processor.py:163} INFO - Started process (PID=557) to work on /home/airflow/.local/lib/python3.7/site-packages/airflow/example_dags/example_python_operator.py
[2023-04-10 12:45:17,831] {processor.py:642} INFO - Processing file /home/airflow/.local/lib/python3.7/site-packages/airflow/example_dags/example_python_operator.py for tasks to queue
[2023-04-10 12:45:17,832] {logging_mixin.py:109} INFO - [2023-04-10 12:45:17,832] {dagbag.py:500} INFO - Filling up the DagBag from /home/airflow/.local/lib/python3.7/site-packages/airflow/example_dags/example_python_operator.py
[2023-04-10 12:45:17,854] {processor.py:652} INFO - DAG(s) dict_keys(['example_python_operator']) retrieved from /home/airflow/.local/lib/python3.7/site-packages/airflow/example_dags/example_python_operator.py
[2023-04-10 12:45:17,879] {logging_mixin.py:109} INFO - [2023-04-10 12:45:17,879] {dag.py:2398} INFO - Sync 1 DAGs
[2023-04-10 12:45:17,896] {logging_mixin.py:109} INFO - [2023-04-10 12:45:17,896] {dag.py:2937} INFO - Setting next_dagrun for example_python_operator to None
[2023-04-10 12:45:17,911] {processor.py:171} INFO - Processing /home/airflow/.local/lib/python3.7/site-packages/airflow/example_dags/example_python_operator.py took 0.086 seconds
[2023-04-10 12:45:48,603] {processor.py:163} INFO - Started process (PID=609) to work on /home/airflow/.local/lib/python3.7/site-packages/airflow/example_dags/example_python_operator.py
[2023-04-10 12:45:48,604] {processor.py:642} INFO - Processing file /home/airflow/.local/lib/python3.7/site-packages/airflow/example_dags/example_python_operator.py for tasks to queue
[2023-04-10 12:45:48,604] {logging_mixin.py:109} INFO - [2023-04-10 12:45:48,604] {dagbag.py:500} INFO - Filling up the DagBag from /home/airflow/.local/lib/python3.7/site-packages/airflow/example_dags/example_python_operator.py
[2023-04-10 12:45:48,623] {processor.py:652} INFO - DAG(s) dict_keys(['example_python_operator']) retrieved from /home/airflow/.local/lib/python3.7/site-packages/airflow/example_dags/example_python_operator.py
[2023-04-10 12:45:48,645] {logging_mixin.py:109} INFO - [2023-04-10 12:45:48,645] {dag.py:2398} INFO - Sync 1 DAGs
[2023-04-10 12:45:48,662] {logging_mixin.py:109} INFO - [2023-04-10 12:45:48,662] {dag.py:2937} INFO - Setting next_dagrun for example_python_operator to None
[2023-04-10 12:45:48,674] {processor.py:171} INFO - Processing /home/airflow/.local/lib/python3.7/site-packages/airflow/example_dags/example_python_operator.py took 0.075 seconds
[2023-04-10 12:46:18,953] {processor.py:163} INFO - Started process (PID=671) to work on /home/airflow/.local/lib/python3.7/site-packages/airflow/example_dags/example_python_operator.py
[2023-04-10 12:46:18,954] {processor.py:642} INFO - Processing file /home/airflow/.local/lib/python3.7/site-packages/airflow/example_dags/example_python_operator.py for tasks to queue
[2023-04-10 12:46:18,955] {logging_mixin.py:109} INFO - [2023-04-10 12:46:18,955] {dagbag.py:500} INFO - Filling up the DagBag from /home/airflow/.local/lib/python3.7/site-packages/airflow/example_dags/example_python_operator.py
[2023-04-10 12:46:18,978] {processor.py:652} INFO - DAG(s) dict_keys(['example_python_operator']) retrieved from /home/airflow/.local/lib/python3.7/site-packages/airflow/example_dags/example_python_operator.py
[2023-04-10 12:46:19,003] {logging_mixin.py:109} INFO - [2023-04-10 12:46:19,003] {dag.py:2398} INFO - Sync 1 DAGs
[2023-04-10 12:46:19,025] {logging_mixin.py:109} INFO - [2023-04-10 12:46:19,025] {dag.py:2937} INFO - Setting next_dagrun for example_python_operator to None
[2023-04-10 12:46:19,040] {processor.py:171} INFO - Processing /home/airflow/.local/lib/python3.7/site-packages/airflow/example_dags/example_python_operator.py took 0.090 seconds
[2023-04-10 12:46:49,337] {processor.py:163} INFO - Started process (PID=723) to work on /home/airflow/.local/lib/python3.7/site-packages/airflow/example_dags/example_python_operator.py
[2023-04-10 12:46:49,339] {processor.py:642} INFO - Processing file /home/airflow/.local/lib/python3.7/site-packages/airflow/example_dags/example_python_operator.py for tasks to queue
[2023-04-10 12:46:49,342] {logging_mixin.py:109} INFO - [2023-04-10 12:46:49,342] {dagbag.py:500} INFO - Filling up the DagBag from /home/airflow/.local/lib/python3.7/site-packages/airflow/example_dags/example_python_operator.py
[2023-04-10 12:46:49,378] {processor.py:652} INFO - DAG(s) dict_keys(['example_python_operator']) retrieved from /home/airflow/.local/lib/python3.7/site-packages/airflow/example_dags/example_python_operator.py
[2023-04-10 12:46:49,397] {logging_mixin.py:109} INFO - [2023-04-10 12:46:49,397] {dag.py:2398} INFO - Sync 1 DAGs
[2023-04-10 12:46:49,415] {logging_mixin.py:109} INFO - [2023-04-10 12:46:49,415] {dag.py:2937} INFO - Setting next_dagrun for example_python_operator to None
[2023-04-10 12:46:49,426] {processor.py:171} INFO - Processing /home/airflow/.local/lib/python3.7/site-packages/airflow/example_dags/example_python_operator.py took 0.094 seconds
[2023-04-10 12:47:19,877] {processor.py:163} INFO - Started process (PID=785) to work on /home/airflow/.local/lib/python3.7/site-packages/airflow/example_dags/example_python_operator.py
[2023-04-10 12:47:19,878] {processor.py:642} INFO - Processing file /home/airflow/.local/lib/python3.7/site-packages/airflow/example_dags/example_python_operator.py for tasks to queue
[2023-04-10 12:47:19,879] {logging_mixin.py:109} INFO - [2023-04-10 12:47:19,879] {dagbag.py:500} INFO - Filling up the DagBag from /home/airflow/.local/lib/python3.7/site-packages/airflow/example_dags/example_python_operator.py
[2023-04-10 12:47:19,898] {processor.py:652} INFO - DAG(s) dict_keys(['example_python_operator']) retrieved from /home/airflow/.local/lib/python3.7/site-packages/airflow/example_dags/example_python_operator.py
[2023-04-10 12:47:19,923] {logging_mixin.py:109} INFO - [2023-04-10 12:47:19,923] {dag.py:2398} INFO - Sync 1 DAGs
[2023-04-10 12:47:19,937] {logging_mixin.py:109} INFO - [2023-04-10 12:47:19,937] {dag.py:2937} INFO - Setting next_dagrun for example_python_operator to None
[2023-04-10 12:47:19,948] {processor.py:171} INFO - Processing /home/airflow/.local/lib/python3.7/site-packages/airflow/example_dags/example_python_operator.py took 0.074 seconds
[2023-04-10 12:47:50,785] {processor.py:163} INFO - Started process (PID=837) to work on /home/airflow/.local/lib/python3.7/site-packages/airflow/example_dags/example_python_operator.py
[2023-04-10 12:47:50,787] {processor.py:642} INFO - Processing file /home/airflow/.local/lib/python3.7/site-packages/airflow/example_dags/example_python_operator.py for tasks to queue
[2023-04-10 12:47:50,788] {logging_mixin.py:109} INFO - [2023-04-10 12:47:50,788] {dagbag.py:500} INFO - Filling up the DagBag from /home/airflow/.local/lib/python3.7/site-packages/airflow/example_dags/example_python_operator.py
[2023-04-10 12:47:50,821] {processor.py:652} INFO - DAG(s) dict_keys(['example_python_operator']) retrieved from /home/airflow/.local/lib/python3.7/site-packages/airflow/example_dags/example_python_operator.py
[2023-04-10 12:47:50,860] {logging_mixin.py:109} INFO - [2023-04-10 12:47:50,859] {dag.py:2398} INFO - Sync 1 DAGs
[2023-04-10 12:47:50,885] {logging_mixin.py:109} INFO - [2023-04-10 12:47:50,884] {dag.py:2937} INFO - Setting next_dagrun for example_python_operator to None
[2023-04-10 12:47:50,903] {processor.py:171} INFO - Processing /home/airflow/.local/lib/python3.7/site-packages/airflow/example_dags/example_python_operator.py took 0.123 seconds
[2023-04-10 12:48:21,848] {processor.py:163} INFO - Started process (PID=899) to work on /home/airflow/.local/lib/python3.7/site-packages/airflow/example_dags/example_python_operator.py
[2023-04-10 12:48:21,849] {processor.py:642} INFO - Processing file /home/airflow/.local/lib/python3.7/site-packages/airflow/example_dags/example_python_operator.py for tasks to queue
[2023-04-10 12:48:21,850] {logging_mixin.py:109} INFO - [2023-04-10 12:48:21,850] {dagbag.py:500} INFO - Filling up the DagBag from /home/airflow/.local/lib/python3.7/site-packages/airflow/example_dags/example_python_operator.py
[2023-04-10 12:48:21,868] {processor.py:652} INFO - DAG(s) dict_keys(['example_python_operator']) retrieved from /home/airflow/.local/lib/python3.7/site-packages/airflow/example_dags/example_python_operator.py
[2023-04-10 12:48:21,891] {logging_mixin.py:109} INFO - [2023-04-10 12:48:21,891] {dag.py:2398} INFO - Sync 1 DAGs
[2023-04-10 12:48:21,918] {logging_mixin.py:109} INFO - [2023-04-10 12:48:21,918] {dag.py:2937} INFO - Setting next_dagrun for example_python_operator to None
[2023-04-10 12:48:21,931] {processor.py:171} INFO - Processing /home/airflow/.local/lib/python3.7/site-packages/airflow/example_dags/example_python_operator.py took 0.085 seconds
[2023-04-10 12:48:52,712] {processor.py:163} INFO - Started process (PID=951) to work on /home/airflow/.local/lib/python3.7/site-packages/airflow/example_dags/example_python_operator.py
[2023-04-10 12:48:52,714] {processor.py:642} INFO - Processing file /home/airflow/.local/lib/python3.7/site-packages/airflow/example_dags/example_python_operator.py for tasks to queue
[2023-04-10 12:48:52,715] {logging_mixin.py:109} INFO - [2023-04-10 12:48:52,715] {dagbag.py:500} INFO - Filling up the DagBag from /home/airflow/.local/lib/python3.7/site-packages/airflow/example_dags/example_python_operator.py
[2023-04-10 12:48:52,731] {processor.py:652} INFO - DAG(s) dict_keys(['example_python_operator']) retrieved from /home/airflow/.local/lib/python3.7/site-packages/airflow/example_dags/example_python_operator.py
[2023-04-10 12:48:52,748] {logging_mixin.py:109} INFO - [2023-04-10 12:48:52,748] {dag.py:2398} INFO - Sync 1 DAGs
[2023-04-10 12:48:52,761] {logging_mixin.py:109} INFO - [2023-04-10 12:48:52,761] {dag.py:2937} INFO - Setting next_dagrun for example_python_operator to None
[2023-04-10 12:48:52,770] {processor.py:171} INFO - Processing /home/airflow/.local/lib/python3.7/site-packages/airflow/example_dags/example_python_operator.py took 0.060 seconds
[2023-04-10 12:49:23,656] {processor.py:163} INFO - Started process (PID=1012) to work on /home/airflow/.local/lib/python3.7/site-packages/airflow/example_dags/example_python_operator.py
[2023-04-10 12:49:23,657] {processor.py:642} INFO - Processing file /home/airflow/.local/lib/python3.7/site-packages/airflow/example_dags/example_python_operator.py for tasks to queue
[2023-04-10 12:49:23,658] {logging_mixin.py:109} INFO - [2023-04-10 12:49:23,658] {dagbag.py:500} INFO - Filling up the DagBag from /home/airflow/.local/lib/python3.7/site-packages/airflow/example_dags/example_python_operator.py
[2023-04-10 12:49:23,675] {processor.py:652} INFO - DAG(s) dict_keys(['example_python_operator']) retrieved from /home/airflow/.local/lib/python3.7/site-packages/airflow/example_dags/example_python_operator.py
[2023-04-10 12:49:23,697] {logging_mixin.py:109} INFO - [2023-04-10 12:49:23,697] {dag.py:2398} INFO - Sync 1 DAGs
[2023-04-10 12:49:23,803] {logging_mixin.py:109} INFO - [2023-04-10 12:49:23,803] {dag.py:2937} INFO - Setting next_dagrun for example_python_operator to None
[2023-04-10 12:49:23,814] {processor.py:171} INFO - Processing /home/airflow/.local/lib/python3.7/site-packages/airflow/example_dags/example_python_operator.py took 0.161 seconds
[2023-04-10 12:49:53,859] {processor.py:163} INFO - Started process (PID=1064) to work on /home/airflow/.local/lib/python3.7/site-packages/airflow/example_dags/example_python_operator.py
[2023-04-10 12:49:53,861] {processor.py:642} INFO - Processing file /home/airflow/.local/lib/python3.7/site-packages/airflow/example_dags/example_python_operator.py for tasks to queue
[2023-04-10 12:49:53,862] {logging_mixin.py:109} INFO - [2023-04-10 12:49:53,862] {dagbag.py:500} INFO - Filling up the DagBag from /home/airflow/.local/lib/python3.7/site-packages/airflow/example_dags/example_python_operator.py
[2023-04-10 12:49:53,895] {processor.py:652} INFO - DAG(s) dict_keys(['example_python_operator']) retrieved from /home/airflow/.local/lib/python3.7/site-packages/airflow/example_dags/example_python_operator.py
[2023-04-10 12:49:53,921] {logging_mixin.py:109} INFO - [2023-04-10 12:49:53,921] {dag.py:2398} INFO - Sync 1 DAGs
[2023-04-10 12:49:54,042] {logging_mixin.py:109} INFO - [2023-04-10 12:49:54,042] {dag.py:2937} INFO - Setting next_dagrun for example_python_operator to None
[2023-04-10 12:49:54,055] {processor.py:171} INFO - Processing /home/airflow/.local/lib/python3.7/site-packages/airflow/example_dags/example_python_operator.py took 0.201 seconds
[2023-04-10 12:50:24,765] {processor.py:163} INFO - Started process (PID=1125) to work on /home/airflow/.local/lib/python3.7/site-packages/airflow/example_dags/example_python_operator.py
[2023-04-10 12:50:24,767] {processor.py:642} INFO - Processing file /home/airflow/.local/lib/python3.7/site-packages/airflow/example_dags/example_python_operator.py for tasks to queue
[2023-04-10 12:50:24,768] {logging_mixin.py:109} INFO - [2023-04-10 12:50:24,768] {dagbag.py:500} INFO - Filling up the DagBag from /home/airflow/.local/lib/python3.7/site-packages/airflow/example_dags/example_python_operator.py
[2023-04-10 12:50:24,784] {processor.py:652} INFO - DAG(s) dict_keys(['example_python_operator']) retrieved from /home/airflow/.local/lib/python3.7/site-packages/airflow/example_dags/example_python_operator.py
[2023-04-10 12:50:24,804] {logging_mixin.py:109} INFO - [2023-04-10 12:50:24,804] {dag.py:2398} INFO - Sync 1 DAGs
[2023-04-10 12:50:24,888] {logging_mixin.py:109} INFO - [2023-04-10 12:50:24,888] {dag.py:2937} INFO - Setting next_dagrun for example_python_operator to None
[2023-04-10 12:50:24,897] {processor.py:171} INFO - Processing /home/airflow/.local/lib/python3.7/site-packages/airflow/example_dags/example_python_operator.py took 0.137 seconds
[2023-04-10 12:50:55,229] {processor.py:163} INFO - Started process (PID=1177) to work on /home/airflow/.local/lib/python3.7/site-packages/airflow/example_dags/example_python_operator.py
[2023-04-10 12:50:55,231] {processor.py:642} INFO - Processing file /home/airflow/.local/lib/python3.7/site-packages/airflow/example_dags/example_python_operator.py for tasks to queue
[2023-04-10 12:50:55,232] {logging_mixin.py:109} INFO - [2023-04-10 12:50:55,232] {dagbag.py:500} INFO - Filling up the DagBag from /home/airflow/.local/lib/python3.7/site-packages/airflow/example_dags/example_python_operator.py
[2023-04-10 12:50:55,256] {processor.py:652} INFO - DAG(s) dict_keys(['example_python_operator']) retrieved from /home/airflow/.local/lib/python3.7/site-packages/airflow/example_dags/example_python_operator.py
[2023-04-10 12:50:55,282] {logging_mixin.py:109} INFO - [2023-04-10 12:50:55,282] {dag.py:2398} INFO - Sync 1 DAGs
[2023-04-10 12:50:55,393] {logging_mixin.py:109} INFO - [2023-04-10 12:50:55,393] {dag.py:2937} INFO - Setting next_dagrun for example_python_operator to None
[2023-04-10 12:50:55,407] {processor.py:171} INFO - Processing /home/airflow/.local/lib/python3.7/site-packages/airflow/example_dags/example_python_operator.py took 0.181 seconds
