[2023-04-10 12:44:12,116] {processor.py:163} INFO - Started process (PID=42) to work on /home/airflow/.local/lib/python3.7/site-packages/airflow/example_dags/example_xcom.py
[2023-04-10 12:44:12,117] {processor.py:642} INFO - Processing file /home/airflow/.local/lib/python3.7/site-packages/airflow/example_dags/example_xcom.py for tasks to queue
[2023-04-10 12:44:12,118] {logging_mixin.py:109} INFO - [2023-04-10 12:44:12,118] {dagbag.py:500} INFO - Filling up the DagBag from /home/airflow/.local/lib/python3.7/site-packages/airflow/example_dags/example_xcom.py
[2023-04-10 12:44:12,150] {processor.py:652} INFO - DAG(s) dict_keys(['example_xcom']) retrieved from /home/airflow/.local/lib/python3.7/site-packages/airflow/example_dags/example_xcom.py
[2023-04-10 12:44:14,640] {logging_mixin.py:109} INFO - [2023-04-10 12:44:14,640] {providers_manager.py:702} WARNING - The field in_cluster from class KubernetesHook does not start with 'extra__'. Ignoring it.
[2023-04-10 12:44:14,641] {logging_mixin.py:109} INFO - [2023-04-10 12:44:14,640] {providers_manager.py:702} WARNING - The field kube_config_path from class KubernetesHook does not start with 'extra__'. Ignoring it.
[2023-04-10 12:44:14,641] {logging_mixin.py:109} INFO - [2023-04-10 12:44:14,641] {providers_manager.py:702} WARNING - The field kube_config from class KubernetesHook does not start with 'extra__'. Ignoring it.
[2023-04-10 12:44:14,642] {logging_mixin.py:109} INFO - [2023-04-10 12:44:14,642] {providers_manager.py:702} WARNING - The field namespace from class KubernetesHook does not start with 'extra__'. Ignoring it.
[2023-04-10 12:44:14,642] {logging_mixin.py:109} INFO - [2023-04-10 12:44:14,642] {providers_manager.py:702} WARNING - The field cluster_context from class KubernetesHook does not start with 'extra__'. Ignoring it.
[2023-04-10 12:44:14,643] {logging_mixin.py:109} INFO - [2023-04-10 12:44:14,642] {providers_manager.py:702} WARNING - The field disable_verify_ssl from class KubernetesHook does not start with 'extra__'. Ignoring it.
[2023-04-10 12:44:14,643] {logging_mixin.py:109} INFO - [2023-04-10 12:44:14,643] {providers_manager.py:702} WARNING - The field disable_tcp_keepalive from class KubernetesHook does not start with 'extra__'. Ignoring it.
[2023-04-10 12:44:14,644] {logging_mixin.py:109} INFO - [2023-04-10 12:44:14,644] {providers_manager.py:702} WARNING - The field xcom_sidecar_container_image from class KubernetesHook does not start with 'extra__'. Ignoring it.
[2023-04-10 12:44:14,842] {logging_mixin.py:109} INFO - [2023-04-10 12:44:14,842] {providers_manager.py:702} WARNING - The field reauth from class DockerHook does not start with 'extra__'. Ignoring it.
[2023-04-10 12:44:14,843] {logging_mixin.py:109} INFO - [2023-04-10 12:44:14,843] {providers_manager.py:702} WARNING - The field email from class DockerHook does not start with 'extra__'. Ignoring it.
[2023-04-10 12:44:16,091] {logging_mixin.py:109} INFO - [2023-04-10 12:44:16,091] {providers_manager.py:702} WARNING - The field project from class GoogleBaseHook does not start with 'extra__'. Ignoring it.
[2023-04-10 12:44:16,092] {logging_mixin.py:109} INFO - [2023-04-10 12:44:16,092] {providers_manager.py:702} WARNING - The field key_path from class GoogleBaseHook does not start with 'extra__'. Ignoring it.
[2023-04-10 12:44:16,092] {logging_mixin.py:109} INFO - [2023-04-10 12:44:16,092] {providers_manager.py:702} WARNING - The field keyfile_dict from class GoogleBaseHook does not start with 'extra__'. Ignoring it.
[2023-04-10 12:44:16,092] {logging_mixin.py:109} INFO - [2023-04-10 12:44:16,092] {providers_manager.py:702} WARNING - The field scope from class GoogleBaseHook does not start with 'extra__'. Ignoring it.
[2023-04-10 12:44:16,093] {logging_mixin.py:109} INFO - [2023-04-10 12:44:16,093] {providers_manager.py:702} WARNING - The field key_secret_name from class GoogleBaseHook does not start with 'extra__'. Ignoring it.
[2023-04-10 12:44:16,093] {logging_mixin.py:109} INFO - [2023-04-10 12:44:16,093] {providers_manager.py:702} WARNING - The field key_secret_project_id from class GoogleBaseHook does not start with 'extra__'. Ignoring it.
[2023-04-10 12:44:16,094] {logging_mixin.py:109} INFO - [2023-04-10 12:44:16,094] {providers_manager.py:702} WARNING - The field num_retries from class GoogleBaseHook does not start with 'extra__'. Ignoring it.
[2023-04-10 12:44:17,683] {logging_mixin.py:109} INFO - [2023-04-10 12:44:17,683] {providers_manager.py:702} WARNING - The field auth_type from class GrpcHook does not start with 'extra__'. Ignoring it.
[2023-04-10 12:44:17,683] {logging_mixin.py:109} INFO - [2023-04-10 12:44:17,683] {providers_manager.py:702} WARNING - The field credential_pem_file from class GrpcHook does not start with 'extra__'. Ignoring it.
[2023-04-10 12:44:17,683] {logging_mixin.py:109} INFO - [2023-04-10 12:44:17,683] {providers_manager.py:702} WARNING - The field scopes from class GrpcHook does not start with 'extra__'. Ignoring it.
[2023-04-10 12:44:17,921] {logging_mixin.py:109} INFO - [2023-04-10 12:44:17,921] {providers_manager.py:702} WARNING - The field tenant from class AzureDataExplorerHook does not start with 'extra__'. Ignoring it.
[2023-04-10 12:44:17,922] {logging_mixin.py:109} INFO - [2023-04-10 12:44:17,922] {providers_manager.py:702} WARNING - The field auth_method from class AzureDataExplorerHook does not start with 'extra__'. Ignoring it.
[2023-04-10 12:44:17,923] {logging_mixin.py:109} INFO - [2023-04-10 12:44:17,923] {providers_manager.py:702} WARNING - The field certificate from class AzureDataExplorerHook does not start with 'extra__'. Ignoring it.
[2023-04-10 12:44:17,923] {logging_mixin.py:109} INFO - [2023-04-10 12:44:17,923] {providers_manager.py:702} WARNING - The field thumbprint from class AzureDataExplorerHook does not start with 'extra__'. Ignoring it.
[2023-04-10 12:44:18,031] {logging_mixin.py:109} INFO - [2023-04-10 12:44:18,031] {providers_manager.py:702} WARNING - The field account_url from class AzureBatchHook does not start with 'extra__'. Ignoring it.
[2023-04-10 12:44:18,098] {logging_mixin.py:109} INFO - [2023-04-10 12:44:18,098] {providers_manager.py:702} WARNING - The field database_name from class AzureCosmosDBHook does not start with 'extra__'. Ignoring it.
[2023-04-10 12:44:18,099] {logging_mixin.py:109} INFO - [2023-04-10 12:44:18,099] {providers_manager.py:702} WARNING - The field collection_name from class AzureCosmosDBHook does not start with 'extra__'. Ignoring it.
[2023-04-10 12:44:18,253] {logging_mixin.py:109} INFO - [2023-04-10 12:44:18,252] {providers_manager.py:702} WARNING - The field sas_token from class AzureFileShareHook does not start with 'extra__'. Ignoring it.
[2023-04-10 12:44:18,253] {logging_mixin.py:109} INFO - [2023-04-10 12:44:18,253] {providers_manager.py:702} WARNING - The field connection_string from class AzureFileShareHook does not start with 'extra__'. Ignoring it.
[2023-04-10 12:44:18,254] {logging_mixin.py:109} INFO - [2023-04-10 12:44:18,254] {providers_manager.py:702} WARNING - The field protocol from class AzureFileShareHook does not start with 'extra__'. Ignoring it.
[2023-04-10 12:44:18,307] {logging_mixin.py:109} INFO - [2023-04-10 12:44:18,307] {providers_manager.py:702} WARNING - The field connection_string from class AzureContainerVolumeHook does not start with 'extra__'. Ignoring it.
[2023-04-10 12:44:18,699] {logging_mixin.py:109} INFO - [2023-04-10 12:44:18,699] {providers_manager.py:702} WARNING - The field tenantId from class AzureDataFactoryHook does not start with 'extra__'. Ignoring it.
[2023-04-10 12:44:18,699] {logging_mixin.py:109} INFO - [2023-04-10 12:44:18,699] {providers_manager.py:702} WARNING - The field subscriptionId from class AzureDataFactoryHook does not start with 'extra__'. Ignoring it.
[2023-04-10 12:44:18,700] {logging_mixin.py:109} INFO - [2023-04-10 12:44:18,699] {providers_manager.py:702} WARNING - The field resource_group_name from class AzureDataFactoryHook does not start with 'extra__'. Ignoring it.
[2023-04-10 12:44:18,700] {logging_mixin.py:109} INFO - [2023-04-10 12:44:18,700] {providers_manager.py:702} WARNING - The field factory_name from class AzureDataFactoryHook does not start with 'extra__'. Ignoring it.
[2023-04-10 12:44:18,874] {logging_mixin.py:109} INFO - [2023-04-10 12:44:18,873] {providers_manager.py:702} WARNING - The field tenantId from class AzureSynapseHook does not start with 'extra__'. Ignoring it.
[2023-04-10 12:44:18,874] {logging_mixin.py:109} INFO - [2023-04-10 12:44:18,874] {providers_manager.py:702} WARNING - The field subscriptionId from class AzureSynapseHook does not start with 'extra__'. Ignoring it.
[2023-04-10 12:44:19,110] {logging_mixin.py:109} WARNING - /home/airflow/.local/lib/python3.7/site-packages/snowflake/connector/options.py:99 UserWarning: You have an incompatible version of 'pyarrow' installed (9.0.0), please install a version that adheres to: 'pyarrow<6.1.0,>=6.0.0; extra == "pandas"'
[2023-04-10 12:44:19,550] {logging_mixin.py:109} INFO - [2023-04-10 12:44:19,550] {providers_manager.py:702} WARNING - The field in_cluster from class KubernetesHook does not start with 'extra__'. Ignoring it.
[2023-04-10 12:44:19,551] {logging_mixin.py:109} INFO - [2023-04-10 12:44:19,551] {providers_manager.py:702} WARNING - The field kube_config_path from class KubernetesHook does not start with 'extra__'. Ignoring it.
[2023-04-10 12:44:19,551] {logging_mixin.py:109} INFO - [2023-04-10 12:44:19,551] {providers_manager.py:702} WARNING - The field kube_config from class KubernetesHook does not start with 'extra__'. Ignoring it.
[2023-04-10 12:44:19,552] {logging_mixin.py:109} INFO - [2023-04-10 12:44:19,552] {providers_manager.py:702} WARNING - The field namespace from class KubernetesHook does not start with 'extra__'. Ignoring it.
[2023-04-10 12:44:19,552] {logging_mixin.py:109} INFO - [2023-04-10 12:44:19,552] {providers_manager.py:702} WARNING - The field cluster_context from class KubernetesHook does not start with 'extra__'. Ignoring it.
[2023-04-10 12:44:19,553] {logging_mixin.py:109} INFO - [2023-04-10 12:44:19,552] {providers_manager.py:702} WARNING - The field disable_verify_ssl from class KubernetesHook does not start with 'extra__'. Ignoring it.
[2023-04-10 12:44:19,553] {logging_mixin.py:109} INFO - [2023-04-10 12:44:19,553] {providers_manager.py:702} WARNING - The field disable_tcp_keepalive from class KubernetesHook does not start with 'extra__'. Ignoring it.
[2023-04-10 12:44:19,554] {logging_mixin.py:109} INFO - [2023-04-10 12:44:19,553] {providers_manager.py:702} WARNING - The field xcom_sidecar_container_image from class KubernetesHook does not start with 'extra__'. Ignoring it.
[2023-04-10 12:44:19,554] {logging_mixin.py:109} INFO - [2023-04-10 12:44:19,554] {providers_manager.py:702} WARNING - The field reauth from class DockerHook does not start with 'extra__'. Ignoring it.
[2023-04-10 12:44:19,555] {logging_mixin.py:109} INFO - [2023-04-10 12:44:19,555] {providers_manager.py:702} WARNING - The field email from class DockerHook does not start with 'extra__'. Ignoring it.
[2023-04-10 12:44:19,556] {logging_mixin.py:109} INFO - [2023-04-10 12:44:19,556] {providers_manager.py:702} WARNING - The field project from class GoogleBaseHook does not start with 'extra__'. Ignoring it.
[2023-04-10 12:44:19,556] {logging_mixin.py:109} INFO - [2023-04-10 12:44:19,556] {providers_manager.py:702} WARNING - The field key_path from class GoogleBaseHook does not start with 'extra__'. Ignoring it.
[2023-04-10 12:44:19,557] {logging_mixin.py:109} INFO - [2023-04-10 12:44:19,557] {providers_manager.py:702} WARNING - The field keyfile_dict from class GoogleBaseHook does not start with 'extra__'. Ignoring it.
[2023-04-10 12:44:19,557] {logging_mixin.py:109} INFO - [2023-04-10 12:44:19,557] {providers_manager.py:702} WARNING - The field scope from class GoogleBaseHook does not start with 'extra__'. Ignoring it.
[2023-04-10 12:44:19,557] {logging_mixin.py:109} INFO - [2023-04-10 12:44:19,557] {providers_manager.py:702} WARNING - The field key_secret_name from class GoogleBaseHook does not start with 'extra__'. Ignoring it.
[2023-04-10 12:44:19,558] {logging_mixin.py:109} INFO - [2023-04-10 12:44:19,558] {providers_manager.py:702} WARNING - The field key_secret_project_id from class GoogleBaseHook does not start with 'extra__'. Ignoring it.
[2023-04-10 12:44:19,558] {logging_mixin.py:109} INFO - [2023-04-10 12:44:19,558] {providers_manager.py:702} WARNING - The field num_retries from class GoogleBaseHook does not start with 'extra__'. Ignoring it.
[2023-04-10 12:44:19,560] {logging_mixin.py:109} INFO - [2023-04-10 12:44:19,560] {providers_manager.py:702} WARNING - The field auth_type from class GrpcHook does not start with 'extra__'. Ignoring it.
[2023-04-10 12:44:19,560] {logging_mixin.py:109} INFO - [2023-04-10 12:44:19,560] {providers_manager.py:702} WARNING - The field credential_pem_file from class GrpcHook does not start with 'extra__'. Ignoring it.
[2023-04-10 12:44:19,561] {logging_mixin.py:109} INFO - [2023-04-10 12:44:19,561] {providers_manager.py:702} WARNING - The field scopes from class GrpcHook does not start with 'extra__'. Ignoring it.
[2023-04-10 12:44:19,562] {logging_mixin.py:109} INFO - [2023-04-10 12:44:19,561] {providers_manager.py:702} WARNING - The field tenant from class AzureDataExplorerHook does not start with 'extra__'. Ignoring it.
[2023-04-10 12:44:19,562] {logging_mixin.py:109} INFO - [2023-04-10 12:44:19,562] {providers_manager.py:702} WARNING - The field auth_method from class AzureDataExplorerHook does not start with 'extra__'. Ignoring it.
[2023-04-10 12:44:19,562] {logging_mixin.py:109} INFO - [2023-04-10 12:44:19,562] {providers_manager.py:702} WARNING - The field certificate from class AzureDataExplorerHook does not start with 'extra__'. Ignoring it.
[2023-04-10 12:44:19,563] {logging_mixin.py:109} INFO - [2023-04-10 12:44:19,563] {providers_manager.py:702} WARNING - The field thumbprint from class AzureDataExplorerHook does not start with 'extra__'. Ignoring it.
[2023-04-10 12:44:19,563] {logging_mixin.py:109} INFO - [2023-04-10 12:44:19,563] {providers_manager.py:702} WARNING - The field account_url from class AzureBatchHook does not start with 'extra__'. Ignoring it.
[2023-04-10 12:44:19,564] {logging_mixin.py:109} INFO - [2023-04-10 12:44:19,564] {providers_manager.py:702} WARNING - The field database_name from class AzureCosmosDBHook does not start with 'extra__'. Ignoring it.
[2023-04-10 12:44:19,564] {logging_mixin.py:109} INFO - [2023-04-10 12:44:19,564] {providers_manager.py:702} WARNING - The field collection_name from class AzureCosmosDBHook does not start with 'extra__'. Ignoring it.
[2023-04-10 12:44:19,567] {logging_mixin.py:109} INFO - [2023-04-10 12:44:19,567] {providers_manager.py:702} WARNING - The field sas_token from class AzureFileShareHook does not start with 'extra__'. Ignoring it.
[2023-04-10 12:44:19,568] {logging_mixin.py:109} INFO - [2023-04-10 12:44:19,568] {providers_manager.py:702} WARNING - The field connection_string from class AzureFileShareHook does not start with 'extra__'. Ignoring it.
[2023-04-10 12:44:19,568] {logging_mixin.py:109} INFO - [2023-04-10 12:44:19,568] {providers_manager.py:702} WARNING - The field protocol from class AzureFileShareHook does not start with 'extra__'. Ignoring it.
[2023-04-10 12:44:19,568] {logging_mixin.py:109} INFO - [2023-04-10 12:44:19,568] {providers_manager.py:702} WARNING - The field connection_string from class AzureContainerVolumeHook does not start with 'extra__'. Ignoring it.
[2023-04-10 12:44:19,571] {logging_mixin.py:109} INFO - [2023-04-10 12:44:19,571] {providers_manager.py:702} WARNING - The field tenantId from class AzureDataFactoryHook does not start with 'extra__'. Ignoring it.
[2023-04-10 12:44:19,571] {logging_mixin.py:109} INFO - [2023-04-10 12:44:19,571] {providers_manager.py:702} WARNING - The field subscriptionId from class AzureDataFactoryHook does not start with 'extra__'. Ignoring it.
[2023-04-10 12:44:19,572] {logging_mixin.py:109} INFO - [2023-04-10 12:44:19,572] {providers_manager.py:702} WARNING - The field resource_group_name from class AzureDataFactoryHook does not start with 'extra__'. Ignoring it.
[2023-04-10 12:44:19,572] {logging_mixin.py:109} INFO - [2023-04-10 12:44:19,572] {providers_manager.py:702} WARNING - The field factory_name from class AzureDataFactoryHook does not start with 'extra__'. Ignoring it.
[2023-04-10 12:44:19,573] {logging_mixin.py:109} INFO - [2023-04-10 12:44:19,573] {providers_manager.py:702} WARNING - The field tenantId from class AzureSynapseHook does not start with 'extra__'. Ignoring it.
[2023-04-10 12:44:19,574] {logging_mixin.py:109} INFO - [2023-04-10 12:44:19,574] {providers_manager.py:702} WARNING - The field subscriptionId from class AzureSynapseHook does not start with 'extra__'. Ignoring it.
[2023-04-10 12:44:19,595] {logging_mixin.py:109} INFO - [2023-04-10 12:44:19,595] {manager.py:496} INFO - Created Permission View: can edit on DAG:example_xcom
[2023-04-10 12:44:19,604] {logging_mixin.py:109} INFO - [2023-04-10 12:44:19,603] {manager.py:496} INFO - Created Permission View: can read on DAG:example_xcom
[2023-04-10 12:44:19,605] {logging_mixin.py:109} INFO - [2023-04-10 12:44:19,604] {dag.py:2398} INFO - Sync 1 DAGs
[2023-04-10 12:44:19,611] {logging_mixin.py:109} INFO - [2023-04-10 12:44:19,611] {dag.py:2417} INFO - Creating ORM DAG for example_xcom
[2023-04-10 12:44:19,618] {logging_mixin.py:109} INFO - [2023-04-10 12:44:19,618] {dag.py:2937} INFO - Setting next_dagrun for example_xcom to 2021-01-01T00:00:00+00:00
[2023-04-10 12:44:19,629] {processor.py:171} INFO - Processing /home/airflow/.local/lib/python3.7/site-packages/airflow/example_dags/example_xcom.py took 7.517 seconds
[2023-04-10 12:45:10,772] {processor.py:163} INFO - Started process (PID=529) to work on /home/airflow/.local/lib/python3.7/site-packages/airflow/example_dags/example_xcom.py
[2023-04-10 12:45:10,773] {processor.py:642} INFO - Processing file /home/airflow/.local/lib/python3.7/site-packages/airflow/example_dags/example_xcom.py for tasks to queue
[2023-04-10 12:45:10,774] {logging_mixin.py:109} INFO - [2023-04-10 12:45:10,774] {dagbag.py:500} INFO - Filling up the DagBag from /home/airflow/.local/lib/python3.7/site-packages/airflow/example_dags/example_xcom.py
[2023-04-10 12:45:10,796] {processor.py:652} INFO - DAG(s) dict_keys(['example_xcom']) retrieved from /home/airflow/.local/lib/python3.7/site-packages/airflow/example_dags/example_xcom.py
[2023-04-10 12:45:11,158] {logging_mixin.py:109} INFO - [2023-04-10 12:45:11,157] {dag.py:2398} INFO - Sync 1 DAGs
[2023-04-10 12:45:11,170] {logging_mixin.py:109} INFO - [2023-04-10 12:45:11,169] {dag.py:2937} INFO - Setting next_dagrun for example_xcom to 2021-01-01T00:00:00+00:00
[2023-04-10 12:45:11,185] {processor.py:171} INFO - Processing /home/airflow/.local/lib/python3.7/site-packages/airflow/example_dags/example_xcom.py took 0.415 seconds
[2023-04-10 12:45:41,936] {processor.py:163} INFO - Started process (PID=591) to work on /home/airflow/.local/lib/python3.7/site-packages/airflow/example_dags/example_xcom.py
[2023-04-10 12:45:41,938] {processor.py:642} INFO - Processing file /home/airflow/.local/lib/python3.7/site-packages/airflow/example_dags/example_xcom.py for tasks to queue
[2023-04-10 12:45:41,938] {logging_mixin.py:109} INFO - [2023-04-10 12:45:41,938] {dagbag.py:500} INFO - Filling up the DagBag from /home/airflow/.local/lib/python3.7/site-packages/airflow/example_dags/example_xcom.py
[2023-04-10 12:45:41,954] {processor.py:652} INFO - DAG(s) dict_keys(['example_xcom']) retrieved from /home/airflow/.local/lib/python3.7/site-packages/airflow/example_dags/example_xcom.py
[2023-04-10 12:45:42,381] {logging_mixin.py:109} INFO - [2023-04-10 12:45:42,381] {dag.py:2398} INFO - Sync 1 DAGs
[2023-04-10 12:45:42,401] {logging_mixin.py:109} INFO - [2023-04-10 12:45:42,401] {dag.py:2937} INFO - Setting next_dagrun for example_xcom to 2021-01-01T00:00:00+00:00
[2023-04-10 12:45:42,416] {processor.py:171} INFO - Processing /home/airflow/.local/lib/python3.7/site-packages/airflow/example_dags/example_xcom.py took 0.482 seconds
[2023-04-10 12:46:13,136] {processor.py:163} INFO - Started process (PID=643) to work on /home/airflow/.local/lib/python3.7/site-packages/airflow/example_dags/example_xcom.py
[2023-04-10 12:46:13,138] {processor.py:642} INFO - Processing file /home/airflow/.local/lib/python3.7/site-packages/airflow/example_dags/example_xcom.py for tasks to queue
[2023-04-10 12:46:13,139] {logging_mixin.py:109} INFO - [2023-04-10 12:46:13,139] {dagbag.py:500} INFO - Filling up the DagBag from /home/airflow/.local/lib/python3.7/site-packages/airflow/example_dags/example_xcom.py
[2023-04-10 12:46:13,163] {processor.py:652} INFO - DAG(s) dict_keys(['example_xcom']) retrieved from /home/airflow/.local/lib/python3.7/site-packages/airflow/example_dags/example_xcom.py
[2023-04-10 12:46:13,665] {logging_mixin.py:109} INFO - [2023-04-10 12:46:13,665] {dag.py:2398} INFO - Sync 1 DAGs
[2023-04-10 12:46:13,680] {logging_mixin.py:109} INFO - [2023-04-10 12:46:13,680] {dag.py:2937} INFO - Setting next_dagrun for example_xcom to 2021-01-01T00:00:00+00:00
[2023-04-10 12:46:13,691] {processor.py:171} INFO - Processing /home/airflow/.local/lib/python3.7/site-packages/airflow/example_dags/example_xcom.py took 0.557 seconds
[2023-04-10 12:46:43,772] {processor.py:163} INFO - Started process (PID=705) to work on /home/airflow/.local/lib/python3.7/site-packages/airflow/example_dags/example_xcom.py
[2023-04-10 12:46:43,774] {processor.py:642} INFO - Processing file /home/airflow/.local/lib/python3.7/site-packages/airflow/example_dags/example_xcom.py for tasks to queue
[2023-04-10 12:46:43,775] {logging_mixin.py:109} INFO - [2023-04-10 12:46:43,775] {dagbag.py:500} INFO - Filling up the DagBag from /home/airflow/.local/lib/python3.7/site-packages/airflow/example_dags/example_xcom.py
[2023-04-10 12:46:43,793] {processor.py:652} INFO - DAG(s) dict_keys(['example_xcom']) retrieved from /home/airflow/.local/lib/python3.7/site-packages/airflow/example_dags/example_xcom.py
[2023-04-10 12:46:44,257] {logging_mixin.py:109} INFO - [2023-04-10 12:46:44,256] {dag.py:2398} INFO - Sync 1 DAGs
[2023-04-10 12:46:44,273] {logging_mixin.py:109} INFO - [2023-04-10 12:46:44,272] {dag.py:2937} INFO - Setting next_dagrun for example_xcom to 2021-01-01T00:00:00+00:00
[2023-04-10 12:46:44,285] {processor.py:171} INFO - Processing /home/airflow/.local/lib/python3.7/site-packages/airflow/example_dags/example_xcom.py took 0.515 seconds
[2023-04-10 12:47:15,039] {processor.py:163} INFO - Started process (PID=758) to work on /home/airflow/.local/lib/python3.7/site-packages/airflow/example_dags/example_xcom.py
[2023-04-10 12:47:15,041] {processor.py:642} INFO - Processing file /home/airflow/.local/lib/python3.7/site-packages/airflow/example_dags/example_xcom.py for tasks to queue
[2023-04-10 12:47:15,042] {logging_mixin.py:109} INFO - [2023-04-10 12:47:15,042] {dagbag.py:500} INFO - Filling up the DagBag from /home/airflow/.local/lib/python3.7/site-packages/airflow/example_dags/example_xcom.py
[2023-04-10 12:47:15,063] {processor.py:652} INFO - DAG(s) dict_keys(['example_xcom']) retrieved from /home/airflow/.local/lib/python3.7/site-packages/airflow/example_dags/example_xcom.py
[2023-04-10 12:47:15,404] {logging_mixin.py:109} INFO - [2023-04-10 12:47:15,404] {dag.py:2398} INFO - Sync 1 DAGs
[2023-04-10 12:47:15,416] {logging_mixin.py:109} INFO - [2023-04-10 12:47:15,416] {dag.py:2937} INFO - Setting next_dagrun for example_xcom to 2021-01-01T00:00:00+00:00
[2023-04-10 12:47:15,426] {processor.py:171} INFO - Processing /home/airflow/.local/lib/python3.7/site-packages/airflow/example_dags/example_xcom.py took 0.392 seconds
[2023-04-10 12:47:45,678] {processor.py:163} INFO - Started process (PID=819) to work on /home/airflow/.local/lib/python3.7/site-packages/airflow/example_dags/example_xcom.py
[2023-04-10 12:47:45,680] {processor.py:642} INFO - Processing file /home/airflow/.local/lib/python3.7/site-packages/airflow/example_dags/example_xcom.py for tasks to queue
[2023-04-10 12:47:45,681] {logging_mixin.py:109} INFO - [2023-04-10 12:47:45,681] {dagbag.py:500} INFO - Filling up the DagBag from /home/airflow/.local/lib/python3.7/site-packages/airflow/example_dags/example_xcom.py
[2023-04-10 12:47:45,723] {processor.py:652} INFO - DAG(s) dict_keys(['example_xcom']) retrieved from /home/airflow/.local/lib/python3.7/site-packages/airflow/example_dags/example_xcom.py
[2023-04-10 12:47:46,197] {logging_mixin.py:109} INFO - [2023-04-10 12:47:46,197] {dag.py:2398} INFO - Sync 1 DAGs
[2023-04-10 12:47:46,216] {logging_mixin.py:109} INFO - [2023-04-10 12:47:46,215] {dag.py:2937} INFO - Setting next_dagrun for example_xcom to 2021-01-01T00:00:00+00:00
[2023-04-10 12:47:46,234] {processor.py:171} INFO - Processing /home/airflow/.local/lib/python3.7/site-packages/airflow/example_dags/example_xcom.py took 0.562 seconds
[2023-04-10 12:48:16,995] {processor.py:163} INFO - Started process (PID=872) to work on /home/airflow/.local/lib/python3.7/site-packages/airflow/example_dags/example_xcom.py
[2023-04-10 12:48:16,997] {processor.py:642} INFO - Processing file /home/airflow/.local/lib/python3.7/site-packages/airflow/example_dags/example_xcom.py for tasks to queue
[2023-04-10 12:48:16,998] {logging_mixin.py:109} INFO - [2023-04-10 12:48:16,998] {dagbag.py:500} INFO - Filling up the DagBag from /home/airflow/.local/lib/python3.7/site-packages/airflow/example_dags/example_xcom.py
[2023-04-10 12:48:17,015] {processor.py:652} INFO - DAG(s) dict_keys(['example_xcom']) retrieved from /home/airflow/.local/lib/python3.7/site-packages/airflow/example_dags/example_xcom.py
[2023-04-10 12:48:17,383] {logging_mixin.py:109} INFO - [2023-04-10 12:48:17,383] {dag.py:2398} INFO - Sync 1 DAGs
[2023-04-10 12:48:17,394] {logging_mixin.py:109} INFO - [2023-04-10 12:48:17,394] {dag.py:2937} INFO - Setting next_dagrun for example_xcom to 2021-01-01T00:00:00+00:00
[2023-04-10 12:48:17,405] {processor.py:171} INFO - Processing /home/airflow/.local/lib/python3.7/site-packages/airflow/example_dags/example_xcom.py took 0.413 seconds
[2023-04-10 12:48:48,112] {processor.py:163} INFO - Started process (PID=933) to work on /home/airflow/.local/lib/python3.7/site-packages/airflow/example_dags/example_xcom.py
[2023-04-10 12:48:48,113] {processor.py:642} INFO - Processing file /home/airflow/.local/lib/python3.7/site-packages/airflow/example_dags/example_xcom.py for tasks to queue
[2023-04-10 12:48:48,114] {logging_mixin.py:109} INFO - [2023-04-10 12:48:48,114] {dagbag.py:500} INFO - Filling up the DagBag from /home/airflow/.local/lib/python3.7/site-packages/airflow/example_dags/example_xcom.py
[2023-04-10 12:48:48,129] {processor.py:652} INFO - DAG(s) dict_keys(['example_xcom']) retrieved from /home/airflow/.local/lib/python3.7/site-packages/airflow/example_dags/example_xcom.py
[2023-04-10 12:48:48,454] {logging_mixin.py:109} INFO - [2023-04-10 12:48:48,454] {dag.py:2398} INFO - Sync 1 DAGs
[2023-04-10 12:48:48,471] {logging_mixin.py:109} INFO - [2023-04-10 12:48:48,471] {dag.py:2937} INFO - Setting next_dagrun for example_xcom to 2021-01-01T00:00:00+00:00
[2023-04-10 12:48:48,485] {processor.py:171} INFO - Processing /home/airflow/.local/lib/python3.7/site-packages/airflow/example_dags/example_xcom.py took 0.376 seconds
[2023-04-10 12:49:18,660] {processor.py:163} INFO - Started process (PID=985) to work on /home/airflow/.local/lib/python3.7/site-packages/airflow/example_dags/example_xcom.py
[2023-04-10 12:49:18,661] {processor.py:642} INFO - Processing file /home/airflow/.local/lib/python3.7/site-packages/airflow/example_dags/example_xcom.py for tasks to queue
[2023-04-10 12:49:18,663] {logging_mixin.py:109} INFO - [2023-04-10 12:49:18,663] {dagbag.py:500} INFO - Filling up the DagBag from /home/airflow/.local/lib/python3.7/site-packages/airflow/example_dags/example_xcom.py
[2023-04-10 12:49:18,680] {processor.py:652} INFO - DAG(s) dict_keys(['example_xcom']) retrieved from /home/airflow/.local/lib/python3.7/site-packages/airflow/example_dags/example_xcom.py
[2023-04-10 12:49:19,047] {logging_mixin.py:109} INFO - [2023-04-10 12:49:19,046] {dag.py:2398} INFO - Sync 1 DAGs
[2023-04-10 12:49:19,058] {logging_mixin.py:109} INFO - [2023-04-10 12:49:19,058] {dag.py:2937} INFO - Setting next_dagrun for example_xcom to 2021-01-01T00:00:00+00:00
[2023-04-10 12:49:19,068] {processor.py:171} INFO - Processing /home/airflow/.local/lib/python3.7/site-packages/airflow/example_dags/example_xcom.py took 0.412 seconds
[2023-04-10 12:49:49,916] {processor.py:163} INFO - Started process (PID=1046) to work on /home/airflow/.local/lib/python3.7/site-packages/airflow/example_dags/example_xcom.py
[2023-04-10 12:49:49,918] {processor.py:642} INFO - Processing file /home/airflow/.local/lib/python3.7/site-packages/airflow/example_dags/example_xcom.py for tasks to queue
[2023-04-10 12:49:49,919] {logging_mixin.py:109} INFO - [2023-04-10 12:49:49,919] {dagbag.py:500} INFO - Filling up the DagBag from /home/airflow/.local/lib/python3.7/site-packages/airflow/example_dags/example_xcom.py
[2023-04-10 12:49:49,934] {processor.py:652} INFO - DAG(s) dict_keys(['example_xcom']) retrieved from /home/airflow/.local/lib/python3.7/site-packages/airflow/example_dags/example_xcom.py
[2023-04-10 12:49:50,251] {logging_mixin.py:109} INFO - [2023-04-10 12:49:50,250] {dag.py:2398} INFO - Sync 1 DAGs
[2023-04-10 12:49:50,261] {logging_mixin.py:109} INFO - [2023-04-10 12:49:50,261] {dag.py:2937} INFO - Setting next_dagrun for example_xcom to 2021-01-01T00:00:00+00:00
[2023-04-10 12:49:50,274] {processor.py:171} INFO - Processing /home/airflow/.local/lib/python3.7/site-packages/airflow/example_dags/example_xcom.py took 0.360 seconds
[2023-04-10 12:50:20,447] {processor.py:163} INFO - Started process (PID=1098) to work on /home/airflow/.local/lib/python3.7/site-packages/airflow/example_dags/example_xcom.py
[2023-04-10 12:50:20,448] {processor.py:642} INFO - Processing file /home/airflow/.local/lib/python3.7/site-packages/airflow/example_dags/example_xcom.py for tasks to queue
[2023-04-10 12:50:20,449] {logging_mixin.py:109} INFO - [2023-04-10 12:50:20,449] {dagbag.py:500} INFO - Filling up the DagBag from /home/airflow/.local/lib/python3.7/site-packages/airflow/example_dags/example_xcom.py
[2023-04-10 12:50:20,467] {processor.py:652} INFO - DAG(s) dict_keys(['example_xcom']) retrieved from /home/airflow/.local/lib/python3.7/site-packages/airflow/example_dags/example_xcom.py
[2023-04-10 12:50:20,809] {logging_mixin.py:109} INFO - [2023-04-10 12:50:20,809] {dag.py:2398} INFO - Sync 1 DAGs
[2023-04-10 12:50:20,820] {logging_mixin.py:109} INFO - [2023-04-10 12:50:20,820] {dag.py:2937} INFO - Setting next_dagrun for example_xcom to 2021-01-01T00:00:00+00:00
[2023-04-10 12:50:20,834] {processor.py:171} INFO - Processing /home/airflow/.local/lib/python3.7/site-packages/airflow/example_dags/example_xcom.py took 0.390 seconds
[2023-04-10 12:50:51,296] {processor.py:163} INFO - Started process (PID=1159) to work on /home/airflow/.local/lib/python3.7/site-packages/airflow/example_dags/example_xcom.py
[2023-04-10 12:50:51,298] {processor.py:642} INFO - Processing file /home/airflow/.local/lib/python3.7/site-packages/airflow/example_dags/example_xcom.py for tasks to queue
[2023-04-10 12:50:51,300] {logging_mixin.py:109} INFO - [2023-04-10 12:50:51,300] {dagbag.py:500} INFO - Filling up the DagBag from /home/airflow/.local/lib/python3.7/site-packages/airflow/example_dags/example_xcom.py
[2023-04-10 12:50:51,319] {processor.py:652} INFO - DAG(s) dict_keys(['example_xcom']) retrieved from /home/airflow/.local/lib/python3.7/site-packages/airflow/example_dags/example_xcom.py
[2023-04-10 12:50:51,671] {logging_mixin.py:109} INFO - [2023-04-10 12:50:51,671] {dag.py:2398} INFO - Sync 1 DAGs
[2023-04-10 12:50:51,685] {logging_mixin.py:109} INFO - [2023-04-10 12:50:51,685] {dag.py:2937} INFO - Setting next_dagrun for example_xcom to 2021-01-01T00:00:00+00:00
[2023-04-10 12:50:51,697] {processor.py:171} INFO - Processing /home/airflow/.local/lib/python3.7/site-packages/airflow/example_dags/example_xcom.py took 0.405 seconds
