[2023-04-10 12:44:40,788] {processor.py:163} INFO - Started process (PID=260) to work on /home/airflow/.local/lib/python3.7/site-packages/airflow/example_dags/example_branch_day_of_week_operator.py
[2023-04-10 12:44:40,789] {processor.py:642} INFO - Processing file /home/airflow/.local/lib/python3.7/site-packages/airflow/example_dags/example_branch_day_of_week_operator.py for tasks to queue
[2023-04-10 12:44:40,790] {logging_mixin.py:109} INFO - [2023-04-10 12:44:40,790] {dagbag.py:500} INFO - Filling up the DagBag from /home/airflow/.local/lib/python3.7/site-packages/airflow/example_dags/example_branch_day_of_week_operator.py
[2023-04-10 12:44:40,805] {processor.py:652} INFO - DAG(s) dict_keys(['example_weekday_branch_operator']) retrieved from /home/airflow/.local/lib/python3.7/site-packages/airflow/example_dags/example_branch_day_of_week_operator.py
[2023-04-10 12:44:41,917] {logging_mixin.py:109} INFO - [2023-04-10 12:44:41,917] {providers_manager.py:702} WARNING - The field in_cluster from class KubernetesHook does not start with 'extra__'. Ignoring it.
[2023-04-10 12:44:41,918] {logging_mixin.py:109} INFO - [2023-04-10 12:44:41,918] {providers_manager.py:702} WARNING - The field kube_config_path from class KubernetesHook does not start with 'extra__'. Ignoring it.
[2023-04-10 12:44:41,918] {logging_mixin.py:109} INFO - [2023-04-10 12:44:41,918] {providers_manager.py:702} WARNING - The field kube_config from class KubernetesHook does not start with 'extra__'. Ignoring it.
[2023-04-10 12:44:41,919] {logging_mixin.py:109} INFO - [2023-04-10 12:44:41,919] {providers_manager.py:702} WARNING - The field namespace from class KubernetesHook does not start with 'extra__'. Ignoring it.
[2023-04-10 12:44:41,919] {logging_mixin.py:109} INFO - [2023-04-10 12:44:41,919] {providers_manager.py:702} WARNING - The field cluster_context from class KubernetesHook does not start with 'extra__'. Ignoring it.
[2023-04-10 12:44:41,919] {logging_mixin.py:109} INFO - [2023-04-10 12:44:41,919] {providers_manager.py:702} WARNING - The field disable_verify_ssl from class KubernetesHook does not start with 'extra__'. Ignoring it.
[2023-04-10 12:44:41,920] {logging_mixin.py:109} INFO - [2023-04-10 12:44:41,920] {providers_manager.py:702} WARNING - The field disable_tcp_keepalive from class KubernetesHook does not start with 'extra__'. Ignoring it.
[2023-04-10 12:44:41,920] {logging_mixin.py:109} INFO - [2023-04-10 12:44:41,920] {providers_manager.py:702} WARNING - The field xcom_sidecar_container_image from class KubernetesHook does not start with 'extra__'. Ignoring it.
[2023-04-10 12:44:41,971] {logging_mixin.py:109} INFO - [2023-04-10 12:44:41,971] {providers_manager.py:702} WARNING - The field reauth from class DockerHook does not start with 'extra__'. Ignoring it.
[2023-04-10 12:44:41,971] {logging_mixin.py:109} INFO - [2023-04-10 12:44:41,971] {providers_manager.py:702} WARNING - The field email from class DockerHook does not start with 'extra__'. Ignoring it.
[2023-04-10 12:44:42,434] {logging_mixin.py:109} INFO - [2023-04-10 12:44:42,434] {providers_manager.py:702} WARNING - The field project from class GoogleBaseHook does not start with 'extra__'. Ignoring it.
[2023-04-10 12:44:42,435] {logging_mixin.py:109} INFO - [2023-04-10 12:44:42,435] {providers_manager.py:702} WARNING - The field key_path from class GoogleBaseHook does not start with 'extra__'. Ignoring it.
[2023-04-10 12:44:42,436] {logging_mixin.py:109} INFO - [2023-04-10 12:44:42,436] {providers_manager.py:702} WARNING - The field keyfile_dict from class GoogleBaseHook does not start with 'extra__'. Ignoring it.
[2023-04-10 12:44:42,436] {logging_mixin.py:109} INFO - [2023-04-10 12:44:42,436] {providers_manager.py:702} WARNING - The field scope from class GoogleBaseHook does not start with 'extra__'. Ignoring it.
[2023-04-10 12:44:42,436] {logging_mixin.py:109} INFO - [2023-04-10 12:44:42,436] {providers_manager.py:702} WARNING - The field key_secret_name from class GoogleBaseHook does not start with 'extra__'. Ignoring it.
[2023-04-10 12:44:42,437] {logging_mixin.py:109} INFO - [2023-04-10 12:44:42,437] {providers_manager.py:702} WARNING - The field key_secret_project_id from class GoogleBaseHook does not start with 'extra__'. Ignoring it.
[2023-04-10 12:44:42,437] {logging_mixin.py:109} INFO - [2023-04-10 12:44:42,437] {providers_manager.py:702} WARNING - The field num_retries from class GoogleBaseHook does not start with 'extra__'. Ignoring it.
[2023-04-10 12:44:43,246] {logging_mixin.py:109} INFO - [2023-04-10 12:44:43,246] {providers_manager.py:702} WARNING - The field auth_type from class GrpcHook does not start with 'extra__'. Ignoring it.
[2023-04-10 12:44:43,246] {logging_mixin.py:109} INFO - [2023-04-10 12:44:43,246] {providers_manager.py:702} WARNING - The field credential_pem_file from class GrpcHook does not start with 'extra__'. Ignoring it.
[2023-04-10 12:44:43,246] {logging_mixin.py:109} INFO - [2023-04-10 12:44:43,246] {providers_manager.py:702} WARNING - The field scopes from class GrpcHook does not start with 'extra__'. Ignoring it.
[2023-04-10 12:44:43,319] {logging_mixin.py:109} INFO - [2023-04-10 12:44:43,319] {providers_manager.py:702} WARNING - The field tenant from class AzureDataExplorerHook does not start with 'extra__'. Ignoring it.
[2023-04-10 12:44:43,320] {logging_mixin.py:109} INFO - [2023-04-10 12:44:43,320] {providers_manager.py:702} WARNING - The field auth_method from class AzureDataExplorerHook does not start with 'extra__'. Ignoring it.
[2023-04-10 12:44:43,320] {logging_mixin.py:109} INFO - [2023-04-10 12:44:43,320] {providers_manager.py:702} WARNING - The field certificate from class AzureDataExplorerHook does not start with 'extra__'. Ignoring it.
[2023-04-10 12:44:43,321] {logging_mixin.py:109} INFO - [2023-04-10 12:44:43,321] {providers_manager.py:702} WARNING - The field thumbprint from class AzureDataExplorerHook does not start with 'extra__'. Ignoring it.
[2023-04-10 12:44:43,341] {logging_mixin.py:109} INFO - [2023-04-10 12:44:43,340] {providers_manager.py:702} WARNING - The field account_url from class AzureBatchHook does not start with 'extra__'. Ignoring it.
[2023-04-10 12:44:43,357] {logging_mixin.py:109} INFO - [2023-04-10 12:44:43,357] {providers_manager.py:702} WARNING - The field database_name from class AzureCosmosDBHook does not start with 'extra__'. Ignoring it.
[2023-04-10 12:44:43,357] {logging_mixin.py:109} INFO - [2023-04-10 12:44:43,357] {providers_manager.py:702} WARNING - The field collection_name from class AzureCosmosDBHook does not start with 'extra__'. Ignoring it.
[2023-04-10 12:44:43,395] {logging_mixin.py:109} INFO - [2023-04-10 12:44:43,395] {providers_manager.py:702} WARNING - The field sas_token from class AzureFileShareHook does not start with 'extra__'. Ignoring it.
[2023-04-10 12:44:43,396] {logging_mixin.py:109} INFO - [2023-04-10 12:44:43,396] {providers_manager.py:702} WARNING - The field connection_string from class AzureFileShareHook does not start with 'extra__'. Ignoring it.
[2023-04-10 12:44:43,396] {logging_mixin.py:109} INFO - [2023-04-10 12:44:43,396] {providers_manager.py:702} WARNING - The field protocol from class AzureFileShareHook does not start with 'extra__'. Ignoring it.
[2023-04-10 12:44:43,412] {logging_mixin.py:109} INFO - [2023-04-10 12:44:43,412] {providers_manager.py:702} WARNING - The field connection_string from class AzureContainerVolumeHook does not start with 'extra__'. Ignoring it.
[2023-04-10 12:44:43,495] {logging_mixin.py:109} INFO - [2023-04-10 12:44:43,495] {providers_manager.py:702} WARNING - The field tenantId from class AzureDataFactoryHook does not start with 'extra__'. Ignoring it.
[2023-04-10 12:44:43,496] {logging_mixin.py:109} INFO - [2023-04-10 12:44:43,496] {providers_manager.py:702} WARNING - The field subscriptionId from class AzureDataFactoryHook does not start with 'extra__'. Ignoring it.
[2023-04-10 12:44:43,496] {logging_mixin.py:109} INFO - [2023-04-10 12:44:43,496] {providers_manager.py:702} WARNING - The field resource_group_name from class AzureDataFactoryHook does not start with 'extra__'. Ignoring it.
[2023-04-10 12:44:43,497] {logging_mixin.py:109} INFO - [2023-04-10 12:44:43,497] {providers_manager.py:702} WARNING - The field factory_name from class AzureDataFactoryHook does not start with 'extra__'. Ignoring it.
[2023-04-10 12:44:43,540] {logging_mixin.py:109} INFO - [2023-04-10 12:44:43,539] {providers_manager.py:702} WARNING - The field tenantId from class AzureSynapseHook does not start with 'extra__'. Ignoring it.
[2023-04-10 12:44:43,540] {logging_mixin.py:109} INFO - [2023-04-10 12:44:43,540] {providers_manager.py:702} WARNING - The field subscriptionId from class AzureSynapseHook does not start with 'extra__'. Ignoring it.
[2023-04-10 12:44:43,605] {logging_mixin.py:109} WARNING - /home/airflow/.local/lib/python3.7/site-packages/snowflake/connector/options.py:99 UserWarning: You have an incompatible version of 'pyarrow' installed (9.0.0), please install a version that adheres to: 'pyarrow<6.1.0,>=6.0.0; extra == "pandas"'
[2023-04-10 12:44:43,869] {logging_mixin.py:109} INFO - [2023-04-10 12:44:43,869] {providers_manager.py:702} WARNING - The field in_cluster from class KubernetesHook does not start with 'extra__'. Ignoring it.
[2023-04-10 12:44:43,870] {logging_mixin.py:109} INFO - [2023-04-10 12:44:43,870] {providers_manager.py:702} WARNING - The field kube_config_path from class KubernetesHook does not start with 'extra__'. Ignoring it.
[2023-04-10 12:44:43,870] {logging_mixin.py:109} INFO - [2023-04-10 12:44:43,870] {providers_manager.py:702} WARNING - The field kube_config from class KubernetesHook does not start with 'extra__'. Ignoring it.
[2023-04-10 12:44:43,871] {logging_mixin.py:109} INFO - [2023-04-10 12:44:43,871] {providers_manager.py:702} WARNING - The field namespace from class KubernetesHook does not start with 'extra__'. Ignoring it.
[2023-04-10 12:44:43,871] {logging_mixin.py:109} INFO - [2023-04-10 12:44:43,871] {providers_manager.py:702} WARNING - The field cluster_context from class KubernetesHook does not start with 'extra__'. Ignoring it.
[2023-04-10 12:44:43,872] {logging_mixin.py:109} INFO - [2023-04-10 12:44:43,872] {providers_manager.py:702} WARNING - The field disable_verify_ssl from class KubernetesHook does not start with 'extra__'. Ignoring it.
[2023-04-10 12:44:43,872] {logging_mixin.py:109} INFO - [2023-04-10 12:44:43,872] {providers_manager.py:702} WARNING - The field disable_tcp_keepalive from class KubernetesHook does not start with 'extra__'. Ignoring it.
[2023-04-10 12:44:43,872] {logging_mixin.py:109} INFO - [2023-04-10 12:44:43,872] {providers_manager.py:702} WARNING - The field xcom_sidecar_container_image from class KubernetesHook does not start with 'extra__'. Ignoring it.
[2023-04-10 12:44:43,873] {logging_mixin.py:109} INFO - [2023-04-10 12:44:43,873] {providers_manager.py:702} WARNING - The field reauth from class DockerHook does not start with 'extra__'. Ignoring it.
[2023-04-10 12:44:43,873] {logging_mixin.py:109} INFO - [2023-04-10 12:44:43,873] {providers_manager.py:702} WARNING - The field email from class DockerHook does not start with 'extra__'. Ignoring it.
[2023-04-10 12:44:43,874] {logging_mixin.py:109} INFO - [2023-04-10 12:44:43,874] {providers_manager.py:702} WARNING - The field project from class GoogleBaseHook does not start with 'extra__'. Ignoring it.
[2023-04-10 12:44:43,874] {logging_mixin.py:109} INFO - [2023-04-10 12:44:43,874] {providers_manager.py:702} WARNING - The field key_path from class GoogleBaseHook does not start with 'extra__'. Ignoring it.
[2023-04-10 12:44:43,875] {logging_mixin.py:109} INFO - [2023-04-10 12:44:43,875] {providers_manager.py:702} WARNING - The field keyfile_dict from class GoogleBaseHook does not start with 'extra__'. Ignoring it.
[2023-04-10 12:44:43,875] {logging_mixin.py:109} INFO - [2023-04-10 12:44:43,875] {providers_manager.py:702} WARNING - The field scope from class GoogleBaseHook does not start with 'extra__'. Ignoring it.
[2023-04-10 12:44:43,875] {logging_mixin.py:109} INFO - [2023-04-10 12:44:43,875] {providers_manager.py:702} WARNING - The field key_secret_name from class GoogleBaseHook does not start with 'extra__'. Ignoring it.
[2023-04-10 12:44:43,876] {logging_mixin.py:109} INFO - [2023-04-10 12:44:43,876] {providers_manager.py:702} WARNING - The field key_secret_project_id from class GoogleBaseHook does not start with 'extra__'. Ignoring it.
[2023-04-10 12:44:43,876] {logging_mixin.py:109} INFO - [2023-04-10 12:44:43,876] {providers_manager.py:702} WARNING - The field num_retries from class GoogleBaseHook does not start with 'extra__'. Ignoring it.
[2023-04-10 12:44:43,878] {logging_mixin.py:109} INFO - [2023-04-10 12:44:43,878] {providers_manager.py:702} WARNING - The field auth_type from class GrpcHook does not start with 'extra__'. Ignoring it.
[2023-04-10 12:44:43,878] {logging_mixin.py:109} INFO - [2023-04-10 12:44:43,878] {providers_manager.py:702} WARNING - The field credential_pem_file from class GrpcHook does not start with 'extra__'. Ignoring it.
[2023-04-10 12:44:43,879] {logging_mixin.py:109} INFO - [2023-04-10 12:44:43,879] {providers_manager.py:702} WARNING - The field scopes from class GrpcHook does not start with 'extra__'. Ignoring it.
[2023-04-10 12:44:43,880] {logging_mixin.py:109} INFO - [2023-04-10 12:44:43,880] {providers_manager.py:702} WARNING - The field tenant from class AzureDataExplorerHook does not start with 'extra__'. Ignoring it.
[2023-04-10 12:44:43,880] {logging_mixin.py:109} INFO - [2023-04-10 12:44:43,880] {providers_manager.py:702} WARNING - The field auth_method from class AzureDataExplorerHook does not start with 'extra__'. Ignoring it.
[2023-04-10 12:44:43,881] {logging_mixin.py:109} INFO - [2023-04-10 12:44:43,881] {providers_manager.py:702} WARNING - The field certificate from class AzureDataExplorerHook does not start with 'extra__'. Ignoring it.
[2023-04-10 12:44:43,881] {logging_mixin.py:109} INFO - [2023-04-10 12:44:43,881] {providers_manager.py:702} WARNING - The field thumbprint from class AzureDataExplorerHook does not start with 'extra__'. Ignoring it.
[2023-04-10 12:44:43,882] {logging_mixin.py:109} INFO - [2023-04-10 12:44:43,882] {providers_manager.py:702} WARNING - The field account_url from class AzureBatchHook does not start with 'extra__'. Ignoring it.
[2023-04-10 12:44:43,883] {logging_mixin.py:109} INFO - [2023-04-10 12:44:43,883] {providers_manager.py:702} WARNING - The field database_name from class AzureCosmosDBHook does not start with 'extra__'. Ignoring it.
[2023-04-10 12:44:43,883] {logging_mixin.py:109} INFO - [2023-04-10 12:44:43,883] {providers_manager.py:702} WARNING - The field collection_name from class AzureCosmosDBHook does not start with 'extra__'. Ignoring it.
[2023-04-10 12:44:43,886] {logging_mixin.py:109} INFO - [2023-04-10 12:44:43,886] {providers_manager.py:702} WARNING - The field sas_token from class AzureFileShareHook does not start with 'extra__'. Ignoring it.
[2023-04-10 12:44:43,886] {logging_mixin.py:109} INFO - [2023-04-10 12:44:43,886] {providers_manager.py:702} WARNING - The field connection_string from class AzureFileShareHook does not start with 'extra__'. Ignoring it.
[2023-04-10 12:44:43,887] {logging_mixin.py:109} INFO - [2023-04-10 12:44:43,887] {providers_manager.py:702} WARNING - The field protocol from class AzureFileShareHook does not start with 'extra__'. Ignoring it.
[2023-04-10 12:44:43,888] {logging_mixin.py:109} INFO - [2023-04-10 12:44:43,888] {providers_manager.py:702} WARNING - The field connection_string from class AzureContainerVolumeHook does not start with 'extra__'. Ignoring it.
[2023-04-10 12:44:43,889] {logging_mixin.py:109} INFO - [2023-04-10 12:44:43,889] {providers_manager.py:702} WARNING - The field tenantId from class AzureDataFactoryHook does not start with 'extra__'. Ignoring it.
[2023-04-10 12:44:43,890] {logging_mixin.py:109} INFO - [2023-04-10 12:44:43,890] {providers_manager.py:702} WARNING - The field subscriptionId from class AzureDataFactoryHook does not start with 'extra__'. Ignoring it.
[2023-04-10 12:44:43,890] {logging_mixin.py:109} INFO - [2023-04-10 12:44:43,890] {providers_manager.py:702} WARNING - The field resource_group_name from class AzureDataFactoryHook does not start with 'extra__'. Ignoring it.
[2023-04-10 12:44:43,891] {logging_mixin.py:109} INFO - [2023-04-10 12:44:43,890] {providers_manager.py:702} WARNING - The field factory_name from class AzureDataFactoryHook does not start with 'extra__'. Ignoring it.
[2023-04-10 12:44:43,892] {logging_mixin.py:109} INFO - [2023-04-10 12:44:43,891] {providers_manager.py:702} WARNING - The field tenantId from class AzureSynapseHook does not start with 'extra__'. Ignoring it.
[2023-04-10 12:44:43,892] {logging_mixin.py:109} INFO - [2023-04-10 12:44:43,892] {providers_manager.py:702} WARNING - The field subscriptionId from class AzureSynapseHook does not start with 'extra__'. Ignoring it.
[2023-04-10 12:44:43,916] {logging_mixin.py:109} INFO - [2023-04-10 12:44:43,916] {manager.py:496} INFO - Created Permission View: can edit on DAG:example_weekday_branch_operator
[2023-04-10 12:44:43,925] {logging_mixin.py:109} INFO - [2023-04-10 12:44:43,925] {manager.py:496} INFO - Created Permission View: can read on DAG:example_weekday_branch_operator
[2023-04-10 12:44:43,926] {logging_mixin.py:109} INFO - [2023-04-10 12:44:43,926] {dag.py:2398} INFO - Sync 1 DAGs
[2023-04-10 12:44:44,046] {logging_mixin.py:109} INFO - [2023-04-10 12:44:44,046] {dag.py:2417} INFO - Creating ORM DAG for example_weekday_branch_operator
[2023-04-10 12:44:44,056] {logging_mixin.py:109} INFO - [2023-04-10 12:44:44,056] {dag.py:2937} INFO - Setting next_dagrun for example_weekday_branch_operator to 2023-04-09 00:00:00+00:00
[2023-04-10 12:44:44,070] {processor.py:171} INFO - Processing /home/airflow/.local/lib/python3.7/site-packages/airflow/example_dags/example_branch_day_of_week_operator.py took 3.285 seconds
[2023-04-10 12:45:14,641] {processor.py:163} INFO - Started process (PID=555) to work on /home/airflow/.local/lib/python3.7/site-packages/airflow/example_dags/example_branch_day_of_week_operator.py
[2023-04-10 12:45:14,642] {processor.py:642} INFO - Processing file /home/airflow/.local/lib/python3.7/site-packages/airflow/example_dags/example_branch_day_of_week_operator.py for tasks to queue
[2023-04-10 12:45:14,643] {logging_mixin.py:109} INFO - [2023-04-10 12:45:14,643] {dagbag.py:500} INFO - Filling up the DagBag from /home/airflow/.local/lib/python3.7/site-packages/airflow/example_dags/example_branch_day_of_week_operator.py
[2023-04-10 12:45:14,665] {processor.py:652} INFO - DAG(s) dict_keys(['example_weekday_branch_operator']) retrieved from /home/airflow/.local/lib/python3.7/site-packages/airflow/example_dags/example_branch_day_of_week_operator.py
[2023-04-10 12:45:14,726] {logging_mixin.py:109} INFO - [2023-04-10 12:45:14,726] {dag.py:2398} INFO - Sync 1 DAGs
[2023-04-10 12:45:14,772] {logging_mixin.py:109} INFO - [2023-04-10 12:45:14,772] {dag.py:2937} INFO - Setting next_dagrun for example_weekday_branch_operator to 2023-04-09 00:00:00+00:00
[2023-04-10 12:45:14,794] {processor.py:171} INFO - Processing /home/airflow/.local/lib/python3.7/site-packages/airflow/example_dags/example_branch_day_of_week_operator.py took 0.157 seconds
[2023-04-10 12:45:45,577] {processor.py:163} INFO - Started process (PID=607) to work on /home/airflow/.local/lib/python3.7/site-packages/airflow/example_dags/example_branch_day_of_week_operator.py
[2023-04-10 12:45:45,578] {processor.py:642} INFO - Processing file /home/airflow/.local/lib/python3.7/site-packages/airflow/example_dags/example_branch_day_of_week_operator.py for tasks to queue
[2023-04-10 12:45:45,580] {logging_mixin.py:109} INFO - [2023-04-10 12:45:45,579] {dagbag.py:500} INFO - Filling up the DagBag from /home/airflow/.local/lib/python3.7/site-packages/airflow/example_dags/example_branch_day_of_week_operator.py
[2023-04-10 12:45:45,594] {processor.py:652} INFO - DAG(s) dict_keys(['example_weekday_branch_operator']) retrieved from /home/airflow/.local/lib/python3.7/site-packages/airflow/example_dags/example_branch_day_of_week_operator.py
[2023-04-10 12:45:45,615] {logging_mixin.py:109} INFO - [2023-04-10 12:45:45,615] {dag.py:2398} INFO - Sync 1 DAGs
[2023-04-10 12:45:45,636] {logging_mixin.py:109} INFO - [2023-04-10 12:45:45,636] {dag.py:2937} INFO - Setting next_dagrun for example_weekday_branch_operator to 2023-04-09 00:00:00+00:00
[2023-04-10 12:45:45,648] {processor.py:171} INFO - Processing /home/airflow/.local/lib/python3.7/site-packages/airflow/example_dags/example_branch_day_of_week_operator.py took 0.075 seconds
[2023-04-10 12:46:15,820] {processor.py:163} INFO - Started process (PID=667) to work on /home/airflow/.local/lib/python3.7/site-packages/airflow/example_dags/example_branch_day_of_week_operator.py
[2023-04-10 12:46:15,821] {processor.py:642} INFO - Processing file /home/airflow/.local/lib/python3.7/site-packages/airflow/example_dags/example_branch_day_of_week_operator.py for tasks to queue
[2023-04-10 12:46:15,822] {logging_mixin.py:109} INFO - [2023-04-10 12:46:15,822] {dagbag.py:500} INFO - Filling up the DagBag from /home/airflow/.local/lib/python3.7/site-packages/airflow/example_dags/example_branch_day_of_week_operator.py
[2023-04-10 12:46:15,839] {processor.py:652} INFO - DAG(s) dict_keys(['example_weekday_branch_operator']) retrieved from /home/airflow/.local/lib/python3.7/site-packages/airflow/example_dags/example_branch_day_of_week_operator.py
[2023-04-10 12:46:15,863] {logging_mixin.py:109} INFO - [2023-04-10 12:46:15,863] {dag.py:2398} INFO - Sync 1 DAGs
[2023-04-10 12:46:15,886] {logging_mixin.py:109} INFO - [2023-04-10 12:46:15,885] {dag.py:2937} INFO - Setting next_dagrun for example_weekday_branch_operator to 2023-04-09 00:00:00+00:00
[2023-04-10 12:46:15,900] {processor.py:171} INFO - Processing /home/airflow/.local/lib/python3.7/site-packages/airflow/example_dags/example_branch_day_of_week_operator.py took 0.084 seconds
[2023-04-10 12:46:46,203] {processor.py:163} INFO - Started process (PID=721) to work on /home/airflow/.local/lib/python3.7/site-packages/airflow/example_dags/example_branch_day_of_week_operator.py
[2023-04-10 12:46:46,205] {processor.py:642} INFO - Processing file /home/airflow/.local/lib/python3.7/site-packages/airflow/example_dags/example_branch_day_of_week_operator.py for tasks to queue
[2023-04-10 12:46:46,206] {logging_mixin.py:109} INFO - [2023-04-10 12:46:46,206] {dagbag.py:500} INFO - Filling up the DagBag from /home/airflow/.local/lib/python3.7/site-packages/airflow/example_dags/example_branch_day_of_week_operator.py
[2023-04-10 12:46:46,220] {processor.py:652} INFO - DAG(s) dict_keys(['example_weekday_branch_operator']) retrieved from /home/airflow/.local/lib/python3.7/site-packages/airflow/example_dags/example_branch_day_of_week_operator.py
[2023-04-10 12:46:46,239] {logging_mixin.py:109} INFO - [2023-04-10 12:46:46,239] {dag.py:2398} INFO - Sync 1 DAGs
[2023-04-10 12:46:46,255] {logging_mixin.py:109} INFO - [2023-04-10 12:46:46,255] {dag.py:2937} INFO - Setting next_dagrun for example_weekday_branch_operator to 2023-04-09 00:00:00+00:00
[2023-04-10 12:46:46,266] {processor.py:171} INFO - Processing /home/airflow/.local/lib/python3.7/site-packages/airflow/example_dags/example_branch_day_of_week_operator.py took 0.066 seconds
[2023-04-10 12:47:16,783] {processor.py:163} INFO - Started process (PID=774) to work on /home/airflow/.local/lib/python3.7/site-packages/airflow/example_dags/example_branch_day_of_week_operator.py
[2023-04-10 12:47:16,784] {processor.py:642} INFO - Processing file /home/airflow/.local/lib/python3.7/site-packages/airflow/example_dags/example_branch_day_of_week_operator.py for tasks to queue
[2023-04-10 12:47:16,785] {logging_mixin.py:109} INFO - [2023-04-10 12:47:16,785] {dagbag.py:500} INFO - Filling up the DagBag from /home/airflow/.local/lib/python3.7/site-packages/airflow/example_dags/example_branch_day_of_week_operator.py
[2023-04-10 12:47:16,797] {processor.py:652} INFO - DAG(s) dict_keys(['example_weekday_branch_operator']) retrieved from /home/airflow/.local/lib/python3.7/site-packages/airflow/example_dags/example_branch_day_of_week_operator.py
[2023-04-10 12:47:16,814] {logging_mixin.py:109} INFO - [2023-04-10 12:47:16,813] {dag.py:2398} INFO - Sync 1 DAGs
[2023-04-10 12:47:16,830] {logging_mixin.py:109} INFO - [2023-04-10 12:47:16,830] {dag.py:2937} INFO - Setting next_dagrun for example_weekday_branch_operator to 2023-04-09 00:00:00+00:00
[2023-04-10 12:47:16,841] {processor.py:171} INFO - Processing /home/airflow/.local/lib/python3.7/site-packages/airflow/example_dags/example_branch_day_of_week_operator.py took 0.061 seconds
[2023-04-10 12:47:47,648] {processor.py:163} INFO - Started process (PID=835) to work on /home/airflow/.local/lib/python3.7/site-packages/airflow/example_dags/example_branch_day_of_week_operator.py
[2023-04-10 12:47:47,649] {processor.py:642} INFO - Processing file /home/airflow/.local/lib/python3.7/site-packages/airflow/example_dags/example_branch_day_of_week_operator.py for tasks to queue
[2023-04-10 12:47:47,650] {logging_mixin.py:109} INFO - [2023-04-10 12:47:47,650] {dagbag.py:500} INFO - Filling up the DagBag from /home/airflow/.local/lib/python3.7/site-packages/airflow/example_dags/example_branch_day_of_week_operator.py
[2023-04-10 12:47:47,666] {processor.py:652} INFO - DAG(s) dict_keys(['example_weekday_branch_operator']) retrieved from /home/airflow/.local/lib/python3.7/site-packages/airflow/example_dags/example_branch_day_of_week_operator.py
[2023-04-10 12:47:47,691] {logging_mixin.py:109} INFO - [2023-04-10 12:47:47,691] {dag.py:2398} INFO - Sync 1 DAGs
[2023-04-10 12:47:47,713] {logging_mixin.py:109} INFO - [2023-04-10 12:47:47,712] {dag.py:2937} INFO - Setting next_dagrun for example_weekday_branch_operator to 2023-04-09 00:00:00+00:00
[2023-04-10 12:47:47,725] {processor.py:171} INFO - Processing /home/airflow/.local/lib/python3.7/site-packages/airflow/example_dags/example_branch_day_of_week_operator.py took 0.081 seconds
[2023-04-10 12:48:18,789] {processor.py:163} INFO - Started process (PID=888) to work on /home/airflow/.local/lib/python3.7/site-packages/airflow/example_dags/example_branch_day_of_week_operator.py
[2023-04-10 12:48:18,791] {processor.py:642} INFO - Processing file /home/airflow/.local/lib/python3.7/site-packages/airflow/example_dags/example_branch_day_of_week_operator.py for tasks to queue
[2023-04-10 12:48:18,792] {logging_mixin.py:109} INFO - [2023-04-10 12:48:18,792] {dagbag.py:500} INFO - Filling up the DagBag from /home/airflow/.local/lib/python3.7/site-packages/airflow/example_dags/example_branch_day_of_week_operator.py
[2023-04-10 12:48:18,808] {processor.py:652} INFO - DAG(s) dict_keys(['example_weekday_branch_operator']) retrieved from /home/airflow/.local/lib/python3.7/site-packages/airflow/example_dags/example_branch_day_of_week_operator.py
[2023-04-10 12:48:18,830] {logging_mixin.py:109} INFO - [2023-04-10 12:48:18,830] {dag.py:2398} INFO - Sync 1 DAGs
[2023-04-10 12:48:18,848] {logging_mixin.py:109} INFO - [2023-04-10 12:48:18,848] {dag.py:2937} INFO - Setting next_dagrun for example_weekday_branch_operator to 2023-04-09 00:00:00+00:00
[2023-04-10 12:48:18,860] {processor.py:171} INFO - Processing /home/airflow/.local/lib/python3.7/site-packages/airflow/example_dags/example_branch_day_of_week_operator.py took 0.075 seconds
[2023-04-10 12:48:49,692] {processor.py:163} INFO - Started process (PID=949) to work on /home/airflow/.local/lib/python3.7/site-packages/airflow/example_dags/example_branch_day_of_week_operator.py
[2023-04-10 12:48:49,694] {processor.py:642} INFO - Processing file /home/airflow/.local/lib/python3.7/site-packages/airflow/example_dags/example_branch_day_of_week_operator.py for tasks to queue
[2023-04-10 12:48:49,695] {logging_mixin.py:109} INFO - [2023-04-10 12:48:49,695] {dagbag.py:500} INFO - Filling up the DagBag from /home/airflow/.local/lib/python3.7/site-packages/airflow/example_dags/example_branch_day_of_week_operator.py
[2023-04-10 12:48:49,713] {processor.py:652} INFO - DAG(s) dict_keys(['example_weekday_branch_operator']) retrieved from /home/airflow/.local/lib/python3.7/site-packages/airflow/example_dags/example_branch_day_of_week_operator.py
[2023-04-10 12:48:49,732] {logging_mixin.py:109} INFO - [2023-04-10 12:48:49,732] {dag.py:2398} INFO - Sync 1 DAGs
[2023-04-10 12:48:49,750] {logging_mixin.py:109} INFO - [2023-04-10 12:48:49,750] {dag.py:2937} INFO - Setting next_dagrun for example_weekday_branch_operator to 2023-04-09 00:00:00+00:00
[2023-04-10 12:48:49,763] {processor.py:171} INFO - Processing /home/airflow/.local/lib/python3.7/site-packages/airflow/example_dags/example_branch_day_of_week_operator.py took 0.075 seconds
[2023-04-10 12:49:20,559] {processor.py:163} INFO - Started process (PID=1008) to work on /home/airflow/.local/lib/python3.7/site-packages/airflow/example_dags/example_branch_day_of_week_operator.py
[2023-04-10 12:49:20,561] {processor.py:642} INFO - Processing file /home/airflow/.local/lib/python3.7/site-packages/airflow/example_dags/example_branch_day_of_week_operator.py for tasks to queue
[2023-04-10 12:49:20,562] {logging_mixin.py:109} INFO - [2023-04-10 12:49:20,562] {dagbag.py:500} INFO - Filling up the DagBag from /home/airflow/.local/lib/python3.7/site-packages/airflow/example_dags/example_branch_day_of_week_operator.py
[2023-04-10 12:49:20,583] {processor.py:652} INFO - DAG(s) dict_keys(['example_weekday_branch_operator']) retrieved from /home/airflow/.local/lib/python3.7/site-packages/airflow/example_dags/example_branch_day_of_week_operator.py
[2023-04-10 12:49:20,608] {logging_mixin.py:109} INFO - [2023-04-10 12:49:20,608] {dag.py:2398} INFO - Sync 1 DAGs
[2023-04-10 12:49:20,634] {logging_mixin.py:109} INFO - [2023-04-10 12:49:20,634] {dag.py:2937} INFO - Setting next_dagrun for example_weekday_branch_operator to 2023-04-09 00:00:00+00:00
[2023-04-10 12:49:20,727] {processor.py:171} INFO - Processing /home/airflow/.local/lib/python3.7/site-packages/airflow/example_dags/example_branch_day_of_week_operator.py took 0.173 seconds
[2023-04-10 12:49:51,691] {processor.py:163} INFO - Started process (PID=1062) to work on /home/airflow/.local/lib/python3.7/site-packages/airflow/example_dags/example_branch_day_of_week_operator.py
[2023-04-10 12:49:51,692] {processor.py:642} INFO - Processing file /home/airflow/.local/lib/python3.7/site-packages/airflow/example_dags/example_branch_day_of_week_operator.py for tasks to queue
[2023-04-10 12:49:51,693] {logging_mixin.py:109} INFO - [2023-04-10 12:49:51,693] {dagbag.py:500} INFO - Filling up the DagBag from /home/airflow/.local/lib/python3.7/site-packages/airflow/example_dags/example_branch_day_of_week_operator.py
[2023-04-10 12:49:51,709] {processor.py:652} INFO - DAG(s) dict_keys(['example_weekday_branch_operator']) retrieved from /home/airflow/.local/lib/python3.7/site-packages/airflow/example_dags/example_branch_day_of_week_operator.py
[2023-04-10 12:49:51,727] {logging_mixin.py:109} INFO - [2023-04-10 12:49:51,726] {dag.py:2398} INFO - Sync 1 DAGs
[2023-04-10 12:49:51,742] {logging_mixin.py:109} INFO - [2023-04-10 12:49:51,742] {dag.py:2937} INFO - Setting next_dagrun for example_weekday_branch_operator to 2023-04-09 00:00:00+00:00
[2023-04-10 12:49:51,818] {processor.py:171} INFO - Processing /home/airflow/.local/lib/python3.7/site-packages/airflow/example_dags/example_branch_day_of_week_operator.py took 0.130 seconds
[2023-04-10 12:50:22,753] {processor.py:163} INFO - Started process (PID=1123) to work on /home/airflow/.local/lib/python3.7/site-packages/airflow/example_dags/example_branch_day_of_week_operator.py
[2023-04-10 12:50:22,755] {processor.py:642} INFO - Processing file /home/airflow/.local/lib/python3.7/site-packages/airflow/example_dags/example_branch_day_of_week_operator.py for tasks to queue
[2023-04-10 12:50:22,756] {logging_mixin.py:109} INFO - [2023-04-10 12:50:22,756] {dagbag.py:500} INFO - Filling up the DagBag from /home/airflow/.local/lib/python3.7/site-packages/airflow/example_dags/example_branch_day_of_week_operator.py
[2023-04-10 12:50:22,771] {processor.py:652} INFO - DAG(s) dict_keys(['example_weekday_branch_operator']) retrieved from /home/airflow/.local/lib/python3.7/site-packages/airflow/example_dags/example_branch_day_of_week_operator.py
[2023-04-10 12:50:22,791] {logging_mixin.py:109} INFO - [2023-04-10 12:50:22,791] {dag.py:2398} INFO - Sync 1 DAGs
[2023-04-10 12:50:22,881] {logging_mixin.py:109} INFO - [2023-04-10 12:50:22,881] {dag.py:2937} INFO - Setting next_dagrun for example_weekday_branch_operator to 2023-04-09 00:00:00+00:00
[2023-04-10 12:50:22,890] {processor.py:171} INFO - Processing /home/airflow/.local/lib/python3.7/site-packages/airflow/example_dags/example_branch_day_of_week_operator.py took 0.140 seconds
[2023-04-10 12:50:53,146] {processor.py:163} INFO - Started process (PID=1175) to work on /home/airflow/.local/lib/python3.7/site-packages/airflow/example_dags/example_branch_day_of_week_operator.py
[2023-04-10 12:50:53,147] {processor.py:642} INFO - Processing file /home/airflow/.local/lib/python3.7/site-packages/airflow/example_dags/example_branch_day_of_week_operator.py for tasks to queue
[2023-04-10 12:50:53,148] {logging_mixin.py:109} INFO - [2023-04-10 12:50:53,148] {dagbag.py:500} INFO - Filling up the DagBag from /home/airflow/.local/lib/python3.7/site-packages/airflow/example_dags/example_branch_day_of_week_operator.py
[2023-04-10 12:50:53,160] {processor.py:652} INFO - DAG(s) dict_keys(['example_weekday_branch_operator']) retrieved from /home/airflow/.local/lib/python3.7/site-packages/airflow/example_dags/example_branch_day_of_week_operator.py
[2023-04-10 12:50:53,178] {logging_mixin.py:109} INFO - [2023-04-10 12:50:53,178] {dag.py:2398} INFO - Sync 1 DAGs
[2023-04-10 12:50:53,267] {logging_mixin.py:109} INFO - [2023-04-10 12:50:53,267] {dag.py:2937} INFO - Setting next_dagrun for example_weekday_branch_operator to 2023-04-09 00:00:00+00:00
[2023-04-10 12:50:53,275] {processor.py:171} INFO - Processing /home/airflow/.local/lib/python3.7/site-packages/airflow/example_dags/example_branch_day_of_week_operator.py took 0.132 seconds
