[2023-04-10 12:44:37,407] {processor.py:163} INFO - Started process (PID=232) to work on /home/airflow/.local/lib/python3.7/site-packages/airflow/example_dags/example_complex.py
[2023-04-10 12:44:37,408] {processor.py:642} INFO - Processing file /home/airflow/.local/lib/python3.7/site-packages/airflow/example_dags/example_complex.py for tasks to queue
[2023-04-10 12:44:37,409] {logging_mixin.py:109} INFO - [2023-04-10 12:44:37,409] {dagbag.py:500} INFO - Filling up the DagBag from /home/airflow/.local/lib/python3.7/site-packages/airflow/example_dags/example_complex.py
[2023-04-10 12:44:37,430] {processor.py:652} INFO - DAG(s) dict_keys(['example_complex']) retrieved from /home/airflow/.local/lib/python3.7/site-packages/airflow/example_dags/example_complex.py
[2023-04-10 12:44:38,573] {logging_mixin.py:109} INFO - [2023-04-10 12:44:38,573] {providers_manager.py:702} WARNING - The field in_cluster from class KubernetesHook does not start with 'extra__'. Ignoring it.
[2023-04-10 12:44:38,574] {logging_mixin.py:109} INFO - [2023-04-10 12:44:38,574] {providers_manager.py:702} WARNING - The field kube_config_path from class KubernetesHook does not start with 'extra__'. Ignoring it.
[2023-04-10 12:44:38,574] {logging_mixin.py:109} INFO - [2023-04-10 12:44:38,574] {providers_manager.py:702} WARNING - The field kube_config from class KubernetesHook does not start with 'extra__'. Ignoring it.
[2023-04-10 12:44:38,575] {logging_mixin.py:109} INFO - [2023-04-10 12:44:38,574] {providers_manager.py:702} WARNING - The field namespace from class KubernetesHook does not start with 'extra__'. Ignoring it.
[2023-04-10 12:44:38,575] {logging_mixin.py:109} INFO - [2023-04-10 12:44:38,575] {providers_manager.py:702} WARNING - The field cluster_context from class KubernetesHook does not start with 'extra__'. Ignoring it.
[2023-04-10 12:44:38,575] {logging_mixin.py:109} INFO - [2023-04-10 12:44:38,575] {providers_manager.py:702} WARNING - The field disable_verify_ssl from class KubernetesHook does not start with 'extra__'. Ignoring it.
[2023-04-10 12:44:38,576] {logging_mixin.py:109} INFO - [2023-04-10 12:44:38,576] {providers_manager.py:702} WARNING - The field disable_tcp_keepalive from class KubernetesHook does not start with 'extra__'. Ignoring it.
[2023-04-10 12:44:38,576] {logging_mixin.py:109} INFO - [2023-04-10 12:44:38,576] {providers_manager.py:702} WARNING - The field xcom_sidecar_container_image from class KubernetesHook does not start with 'extra__'. Ignoring it.
[2023-04-10 12:44:38,635] {logging_mixin.py:109} INFO - [2023-04-10 12:44:38,634] {providers_manager.py:702} WARNING - The field reauth from class DockerHook does not start with 'extra__'. Ignoring it.
[2023-04-10 12:44:38,635] {logging_mixin.py:109} INFO - [2023-04-10 12:44:38,635] {providers_manager.py:702} WARNING - The field email from class DockerHook does not start with 'extra__'. Ignoring it.
[2023-04-10 12:44:39,105] {logging_mixin.py:109} INFO - [2023-04-10 12:44:39,104] {providers_manager.py:702} WARNING - The field project from class GoogleBaseHook does not start with 'extra__'. Ignoring it.
[2023-04-10 12:44:39,105] {logging_mixin.py:109} INFO - [2023-04-10 12:44:39,105] {providers_manager.py:702} WARNING - The field key_path from class GoogleBaseHook does not start with 'extra__'. Ignoring it.
[2023-04-10 12:44:39,106] {logging_mixin.py:109} INFO - [2023-04-10 12:44:39,106] {providers_manager.py:702} WARNING - The field keyfile_dict from class GoogleBaseHook does not start with 'extra__'. Ignoring it.
[2023-04-10 12:44:39,106] {logging_mixin.py:109} INFO - [2023-04-10 12:44:39,106] {providers_manager.py:702} WARNING - The field scope from class GoogleBaseHook does not start with 'extra__'. Ignoring it.
[2023-04-10 12:44:39,107] {logging_mixin.py:109} INFO - [2023-04-10 12:44:39,107] {providers_manager.py:702} WARNING - The field key_secret_name from class GoogleBaseHook does not start with 'extra__'. Ignoring it.
[2023-04-10 12:44:39,107] {logging_mixin.py:109} INFO - [2023-04-10 12:44:39,107] {providers_manager.py:702} WARNING - The field key_secret_project_id from class GoogleBaseHook does not start with 'extra__'. Ignoring it.
[2023-04-10 12:44:39,108] {logging_mixin.py:109} INFO - [2023-04-10 12:44:39,108] {providers_manager.py:702} WARNING - The field num_retries from class GoogleBaseHook does not start with 'extra__'. Ignoring it.
[2023-04-10 12:44:39,887] {logging_mixin.py:109} INFO - [2023-04-10 12:44:39,887] {providers_manager.py:702} WARNING - The field auth_type from class GrpcHook does not start with 'extra__'. Ignoring it.
[2023-04-10 12:44:39,888] {logging_mixin.py:109} INFO - [2023-04-10 12:44:39,888] {providers_manager.py:702} WARNING - The field credential_pem_file from class GrpcHook does not start with 'extra__'. Ignoring it.
[2023-04-10 12:44:39,889] {logging_mixin.py:109} INFO - [2023-04-10 12:44:39,889] {providers_manager.py:702} WARNING - The field scopes from class GrpcHook does not start with 'extra__'. Ignoring it.
[2023-04-10 12:44:39,956] {logging_mixin.py:109} INFO - [2023-04-10 12:44:39,956] {providers_manager.py:702} WARNING - The field tenant from class AzureDataExplorerHook does not start with 'extra__'. Ignoring it.
[2023-04-10 12:44:39,956] {logging_mixin.py:109} INFO - [2023-04-10 12:44:39,956] {providers_manager.py:702} WARNING - The field auth_method from class AzureDataExplorerHook does not start with 'extra__'. Ignoring it.
[2023-04-10 12:44:39,957] {logging_mixin.py:109} INFO - [2023-04-10 12:44:39,957] {providers_manager.py:702} WARNING - The field certificate from class AzureDataExplorerHook does not start with 'extra__'. Ignoring it.
[2023-04-10 12:44:39,958] {logging_mixin.py:109} INFO - [2023-04-10 12:44:39,958] {providers_manager.py:702} WARNING - The field thumbprint from class AzureDataExplorerHook does not start with 'extra__'. Ignoring it.
[2023-04-10 12:44:39,983] {logging_mixin.py:109} INFO - [2023-04-10 12:44:39,983] {providers_manager.py:702} WARNING - The field account_url from class AzureBatchHook does not start with 'extra__'. Ignoring it.
[2023-04-10 12:44:39,997] {logging_mixin.py:109} INFO - [2023-04-10 12:44:39,997] {providers_manager.py:702} WARNING - The field database_name from class AzureCosmosDBHook does not start with 'extra__'. Ignoring it.
[2023-04-10 12:44:39,998] {logging_mixin.py:109} INFO - [2023-04-10 12:44:39,998] {providers_manager.py:702} WARNING - The field collection_name from class AzureCosmosDBHook does not start with 'extra__'. Ignoring it.
[2023-04-10 12:44:40,034] {logging_mixin.py:109} INFO - [2023-04-10 12:44:40,034] {providers_manager.py:702} WARNING - The field sas_token from class AzureFileShareHook does not start with 'extra__'. Ignoring it.
[2023-04-10 12:44:40,035] {logging_mixin.py:109} INFO - [2023-04-10 12:44:40,035] {providers_manager.py:702} WARNING - The field connection_string from class AzureFileShareHook does not start with 'extra__'. Ignoring it.
[2023-04-10 12:44:40,035] {logging_mixin.py:109} INFO - [2023-04-10 12:44:40,035] {providers_manager.py:702} WARNING - The field protocol from class AzureFileShareHook does not start with 'extra__'. Ignoring it.
[2023-04-10 12:44:40,054] {logging_mixin.py:109} INFO - [2023-04-10 12:44:40,054] {providers_manager.py:702} WARNING - The field connection_string from class AzureContainerVolumeHook does not start with 'extra__'. Ignoring it.
[2023-04-10 12:44:40,126] {logging_mixin.py:109} INFO - [2023-04-10 12:44:40,126] {providers_manager.py:702} WARNING - The field tenantId from class AzureDataFactoryHook does not start with 'extra__'. Ignoring it.
[2023-04-10 12:44:40,126] {logging_mixin.py:109} INFO - [2023-04-10 12:44:40,126] {providers_manager.py:702} WARNING - The field subscriptionId from class AzureDataFactoryHook does not start with 'extra__'. Ignoring it.
[2023-04-10 12:44:40,127] {logging_mixin.py:109} INFO - [2023-04-10 12:44:40,127] {providers_manager.py:702} WARNING - The field resource_group_name from class AzureDataFactoryHook does not start with 'extra__'. Ignoring it.
[2023-04-10 12:44:40,128] {logging_mixin.py:109} INFO - [2023-04-10 12:44:40,127] {providers_manager.py:702} WARNING - The field factory_name from class AzureDataFactoryHook does not start with 'extra__'. Ignoring it.
[2023-04-10 12:44:40,171] {logging_mixin.py:109} INFO - [2023-04-10 12:44:40,170] {providers_manager.py:702} WARNING - The field tenantId from class AzureSynapseHook does not start with 'extra__'. Ignoring it.
[2023-04-10 12:44:40,171] {logging_mixin.py:109} INFO - [2023-04-10 12:44:40,171] {providers_manager.py:702} WARNING - The field subscriptionId from class AzureSynapseHook does not start with 'extra__'. Ignoring it.
[2023-04-10 12:44:40,239] {logging_mixin.py:109} WARNING - /home/airflow/.local/lib/python3.7/site-packages/snowflake/connector/options.py:99 UserWarning: You have an incompatible version of 'pyarrow' installed (9.0.0), please install a version that adheres to: 'pyarrow<6.1.0,>=6.0.0; extra == "pandas"'
[2023-04-10 12:44:40,669] {logging_mixin.py:109} INFO - [2023-04-10 12:44:40,668] {providers_manager.py:702} WARNING - The field in_cluster from class KubernetesHook does not start with 'extra__'. Ignoring it.
[2023-04-10 12:44:40,669] {logging_mixin.py:109} INFO - [2023-04-10 12:44:40,669] {providers_manager.py:702} WARNING - The field kube_config_path from class KubernetesHook does not start with 'extra__'. Ignoring it.
[2023-04-10 12:44:40,670] {logging_mixin.py:109} INFO - [2023-04-10 12:44:40,670] {providers_manager.py:702} WARNING - The field kube_config from class KubernetesHook does not start with 'extra__'. Ignoring it.
[2023-04-10 12:44:40,670] {logging_mixin.py:109} INFO - [2023-04-10 12:44:40,670] {providers_manager.py:702} WARNING - The field namespace from class KubernetesHook does not start with 'extra__'. Ignoring it.
[2023-04-10 12:44:40,670] {logging_mixin.py:109} INFO - [2023-04-10 12:44:40,670] {providers_manager.py:702} WARNING - The field cluster_context from class KubernetesHook does not start with 'extra__'. Ignoring it.
[2023-04-10 12:44:40,671] {logging_mixin.py:109} INFO - [2023-04-10 12:44:40,671] {providers_manager.py:702} WARNING - The field disable_verify_ssl from class KubernetesHook does not start with 'extra__'. Ignoring it.
[2023-04-10 12:44:40,671] {logging_mixin.py:109} INFO - [2023-04-10 12:44:40,671] {providers_manager.py:702} WARNING - The field disable_tcp_keepalive from class KubernetesHook does not start with 'extra__'. Ignoring it.
[2023-04-10 12:44:40,672] {logging_mixin.py:109} INFO - [2023-04-10 12:44:40,672] {providers_manager.py:702} WARNING - The field xcom_sidecar_container_image from class KubernetesHook does not start with 'extra__'. Ignoring it.
[2023-04-10 12:44:40,673] {logging_mixin.py:109} INFO - [2023-04-10 12:44:40,673] {providers_manager.py:702} WARNING - The field reauth from class DockerHook does not start with 'extra__'. Ignoring it.
[2023-04-10 12:44:40,673] {logging_mixin.py:109} INFO - [2023-04-10 12:44:40,673] {providers_manager.py:702} WARNING - The field email from class DockerHook does not start with 'extra__'. Ignoring it.
[2023-04-10 12:44:40,674] {logging_mixin.py:109} INFO - [2023-04-10 12:44:40,674] {providers_manager.py:702} WARNING - The field project from class GoogleBaseHook does not start with 'extra__'. Ignoring it.
[2023-04-10 12:44:40,674] {logging_mixin.py:109} INFO - [2023-04-10 12:44:40,674] {providers_manager.py:702} WARNING - The field key_path from class GoogleBaseHook does not start with 'extra__'. Ignoring it.
[2023-04-10 12:44:40,675] {logging_mixin.py:109} INFO - [2023-04-10 12:44:40,675] {providers_manager.py:702} WARNING - The field keyfile_dict from class GoogleBaseHook does not start with 'extra__'. Ignoring it.
[2023-04-10 12:44:40,675] {logging_mixin.py:109} INFO - [2023-04-10 12:44:40,675] {providers_manager.py:702} WARNING - The field scope from class GoogleBaseHook does not start with 'extra__'. Ignoring it.
[2023-04-10 12:44:40,675] {logging_mixin.py:109} INFO - [2023-04-10 12:44:40,675] {providers_manager.py:702} WARNING - The field key_secret_name from class GoogleBaseHook does not start with 'extra__'. Ignoring it.
[2023-04-10 12:44:40,676] {logging_mixin.py:109} INFO - [2023-04-10 12:44:40,676] {providers_manager.py:702} WARNING - The field key_secret_project_id from class GoogleBaseHook does not start with 'extra__'. Ignoring it.
[2023-04-10 12:44:40,676] {logging_mixin.py:109} INFO - [2023-04-10 12:44:40,676] {providers_manager.py:702} WARNING - The field num_retries from class GoogleBaseHook does not start with 'extra__'. Ignoring it.
[2023-04-10 12:44:40,678] {logging_mixin.py:109} INFO - [2023-04-10 12:44:40,678] {providers_manager.py:702} WARNING - The field auth_type from class GrpcHook does not start with 'extra__'. Ignoring it.
[2023-04-10 12:44:40,678] {logging_mixin.py:109} INFO - [2023-04-10 12:44:40,678] {providers_manager.py:702} WARNING - The field credential_pem_file from class GrpcHook does not start with 'extra__'. Ignoring it.
[2023-04-10 12:44:40,678] {logging_mixin.py:109} INFO - [2023-04-10 12:44:40,678] {providers_manager.py:702} WARNING - The field scopes from class GrpcHook does not start with 'extra__'. Ignoring it.
[2023-04-10 12:44:40,679] {logging_mixin.py:109} INFO - [2023-04-10 12:44:40,679] {providers_manager.py:702} WARNING - The field tenant from class AzureDataExplorerHook does not start with 'extra__'. Ignoring it.
[2023-04-10 12:44:40,679] {logging_mixin.py:109} INFO - [2023-04-10 12:44:40,679] {providers_manager.py:702} WARNING - The field auth_method from class AzureDataExplorerHook does not start with 'extra__'. Ignoring it.
[2023-04-10 12:44:40,680] {logging_mixin.py:109} INFO - [2023-04-10 12:44:40,680] {providers_manager.py:702} WARNING - The field certificate from class AzureDataExplorerHook does not start with 'extra__'. Ignoring it.
[2023-04-10 12:44:40,680] {logging_mixin.py:109} INFO - [2023-04-10 12:44:40,680] {providers_manager.py:702} WARNING - The field thumbprint from class AzureDataExplorerHook does not start with 'extra__'. Ignoring it.
[2023-04-10 12:44:40,680] {logging_mixin.py:109} INFO - [2023-04-10 12:44:40,680] {providers_manager.py:702} WARNING - The field account_url from class AzureBatchHook does not start with 'extra__'. Ignoring it.
[2023-04-10 12:44:40,681] {logging_mixin.py:109} INFO - [2023-04-10 12:44:40,681] {providers_manager.py:702} WARNING - The field database_name from class AzureCosmosDBHook does not start with 'extra__'. Ignoring it.
[2023-04-10 12:44:40,681] {logging_mixin.py:109} INFO - [2023-04-10 12:44:40,681] {providers_manager.py:702} WARNING - The field collection_name from class AzureCosmosDBHook does not start with 'extra__'. Ignoring it.
[2023-04-10 12:44:40,684] {logging_mixin.py:109} INFO - [2023-04-10 12:44:40,684] {providers_manager.py:702} WARNING - The field sas_token from class AzureFileShareHook does not start with 'extra__'. Ignoring it.
[2023-04-10 12:44:40,684] {logging_mixin.py:109} INFO - [2023-04-10 12:44:40,684] {providers_manager.py:702} WARNING - The field connection_string from class AzureFileShareHook does not start with 'extra__'. Ignoring it.
[2023-04-10 12:44:40,684] {logging_mixin.py:109} INFO - [2023-04-10 12:44:40,684] {providers_manager.py:702} WARNING - The field protocol from class AzureFileShareHook does not start with 'extra__'. Ignoring it.
[2023-04-10 12:44:40,685] {logging_mixin.py:109} INFO - [2023-04-10 12:44:40,685] {providers_manager.py:702} WARNING - The field connection_string from class AzureContainerVolumeHook does not start with 'extra__'. Ignoring it.
[2023-04-10 12:44:40,688] {logging_mixin.py:109} INFO - [2023-04-10 12:44:40,687] {providers_manager.py:702} WARNING - The field tenantId from class AzureDataFactoryHook does not start with 'extra__'. Ignoring it.
[2023-04-10 12:44:40,689] {logging_mixin.py:109} INFO - [2023-04-10 12:44:40,688] {providers_manager.py:702} WARNING - The field subscriptionId from class AzureDataFactoryHook does not start with 'extra__'. Ignoring it.
[2023-04-10 12:44:40,690] {logging_mixin.py:109} INFO - [2023-04-10 12:44:40,690] {providers_manager.py:702} WARNING - The field resource_group_name from class AzureDataFactoryHook does not start with 'extra__'. Ignoring it.
[2023-04-10 12:44:40,691] {logging_mixin.py:109} INFO - [2023-04-10 12:44:40,691] {providers_manager.py:702} WARNING - The field factory_name from class AzureDataFactoryHook does not start with 'extra__'. Ignoring it.
[2023-04-10 12:44:40,692] {logging_mixin.py:109} INFO - [2023-04-10 12:44:40,692] {providers_manager.py:702} WARNING - The field tenantId from class AzureSynapseHook does not start with 'extra__'. Ignoring it.
[2023-04-10 12:44:40,692] {logging_mixin.py:109} INFO - [2023-04-10 12:44:40,692] {providers_manager.py:702} WARNING - The field subscriptionId from class AzureSynapseHook does not start with 'extra__'. Ignoring it.
[2023-04-10 12:44:40,717] {logging_mixin.py:109} INFO - [2023-04-10 12:44:40,716] {manager.py:496} INFO - Created Permission View: can edit on DAG:example_complex
[2023-04-10 12:44:40,726] {logging_mixin.py:109} INFO - [2023-04-10 12:44:40,726] {manager.py:496} INFO - Created Permission View: can read on DAG:example_complex
[2023-04-10 12:44:40,727] {logging_mixin.py:109} INFO - [2023-04-10 12:44:40,726] {dag.py:2398} INFO - Sync 1 DAGs
[2023-04-10 12:44:40,735] {logging_mixin.py:109} INFO - [2023-04-10 12:44:40,734] {dag.py:2417} INFO - Creating ORM DAG for example_complex
[2023-04-10 12:44:40,742] {logging_mixin.py:109} INFO - [2023-04-10 12:44:40,742] {dag.py:2937} INFO - Setting next_dagrun for example_complex to None
[2023-04-10 12:44:40,756] {processor.py:171} INFO - Processing /home/airflow/.local/lib/python3.7/site-packages/airflow/example_dags/example_complex.py took 3.352 seconds
[2023-04-10 12:45:12,505] {processor.py:163} INFO - Started process (PID=544) to work on /home/airflow/.local/lib/python3.7/site-packages/airflow/example_dags/example_complex.py
[2023-04-10 12:45:12,507] {processor.py:642} INFO - Processing file /home/airflow/.local/lib/python3.7/site-packages/airflow/example_dags/example_complex.py for tasks to queue
[2023-04-10 12:45:12,508] {logging_mixin.py:109} INFO - [2023-04-10 12:45:12,508] {dagbag.py:500} INFO - Filling up the DagBag from /home/airflow/.local/lib/python3.7/site-packages/airflow/example_dags/example_complex.py
[2023-04-10 12:45:12,531] {processor.py:652} INFO - DAG(s) dict_keys(['example_complex']) retrieved from /home/airflow/.local/lib/python3.7/site-packages/airflow/example_dags/example_complex.py
[2023-04-10 12:45:12,559] {logging_mixin.py:109} INFO - [2023-04-10 12:45:12,559] {dag.py:2398} INFO - Sync 1 DAGs
[2023-04-10 12:45:12,577] {logging_mixin.py:109} INFO - [2023-04-10 12:45:12,577] {dag.py:2937} INFO - Setting next_dagrun for example_complex to None
[2023-04-10 12:45:12,588] {processor.py:171} INFO - Processing /home/airflow/.local/lib/python3.7/site-packages/airflow/example_dags/example_complex.py took 0.086 seconds
[2023-04-10 12:45:43,425] {processor.py:163} INFO - Started process (PID=605) to work on /home/airflow/.local/lib/python3.7/site-packages/airflow/example_dags/example_complex.py
[2023-04-10 12:45:43,426] {processor.py:642} INFO - Processing file /home/airflow/.local/lib/python3.7/site-packages/airflow/example_dags/example_complex.py for tasks to queue
[2023-04-10 12:45:43,426] {logging_mixin.py:109} INFO - [2023-04-10 12:45:43,426] {dagbag.py:500} INFO - Filling up the DagBag from /home/airflow/.local/lib/python3.7/site-packages/airflow/example_dags/example_complex.py
[2023-04-10 12:45:43,458] {processor.py:652} INFO - DAG(s) dict_keys(['example_complex']) retrieved from /home/airflow/.local/lib/python3.7/site-packages/airflow/example_dags/example_complex.py
[2023-04-10 12:45:43,509] {logging_mixin.py:109} INFO - [2023-04-10 12:45:43,509] {dag.py:2398} INFO - Sync 1 DAGs
[2023-04-10 12:45:43,528] {logging_mixin.py:109} INFO - [2023-04-10 12:45:43,528] {dag.py:2937} INFO - Setting next_dagrun for example_complex to None
[2023-04-10 12:45:43,540] {processor.py:171} INFO - Processing /home/airflow/.local/lib/python3.7/site-packages/airflow/example_dags/example_complex.py took 0.119 seconds
[2023-04-10 12:46:14,708] {processor.py:163} INFO - Started process (PID=657) to work on /home/airflow/.local/lib/python3.7/site-packages/airflow/example_dags/example_complex.py
[2023-04-10 12:46:14,710] {processor.py:642} INFO - Processing file /home/airflow/.local/lib/python3.7/site-packages/airflow/example_dags/example_complex.py for tasks to queue
[2023-04-10 12:46:14,711] {logging_mixin.py:109} INFO - [2023-04-10 12:46:14,711] {dagbag.py:500} INFO - Filling up the DagBag from /home/airflow/.local/lib/python3.7/site-packages/airflow/example_dags/example_complex.py
[2023-04-10 12:46:14,731] {processor.py:652} INFO - DAG(s) dict_keys(['example_complex']) retrieved from /home/airflow/.local/lib/python3.7/site-packages/airflow/example_dags/example_complex.py
[2023-04-10 12:46:14,759] {logging_mixin.py:109} INFO - [2023-04-10 12:46:14,759] {dag.py:2398} INFO - Sync 1 DAGs
[2023-04-10 12:46:14,777] {logging_mixin.py:109} INFO - [2023-04-10 12:46:14,777] {dag.py:2937} INFO - Setting next_dagrun for example_complex to None
[2023-04-10 12:46:14,787] {processor.py:171} INFO - Processing /home/airflow/.local/lib/python3.7/site-packages/airflow/example_dags/example_complex.py took 0.083 seconds
[2023-04-10 12:46:45,093] {processor.py:163} INFO - Started process (PID=718) to work on /home/airflow/.local/lib/python3.7/site-packages/airflow/example_dags/example_complex.py
[2023-04-10 12:46:45,094] {processor.py:642} INFO - Processing file /home/airflow/.local/lib/python3.7/site-packages/airflow/example_dags/example_complex.py for tasks to queue
[2023-04-10 12:46:45,095] {logging_mixin.py:109} INFO - [2023-04-10 12:46:45,095] {dagbag.py:500} INFO - Filling up the DagBag from /home/airflow/.local/lib/python3.7/site-packages/airflow/example_dags/example_complex.py
[2023-04-10 12:46:45,116] {processor.py:652} INFO - DAG(s) dict_keys(['example_complex']) retrieved from /home/airflow/.local/lib/python3.7/site-packages/airflow/example_dags/example_complex.py
[2023-04-10 12:46:45,140] {logging_mixin.py:109} INFO - [2023-04-10 12:46:45,140] {dag.py:2398} INFO - Sync 1 DAGs
[2023-04-10 12:46:45,160] {logging_mixin.py:109} INFO - [2023-04-10 12:46:45,160] {dag.py:2937} INFO - Setting next_dagrun for example_complex to None
[2023-04-10 12:46:45,171] {processor.py:171} INFO - Processing /home/airflow/.local/lib/python3.7/site-packages/airflow/example_dags/example_complex.py took 0.081 seconds
[2023-04-10 12:47:16,684] {processor.py:163} INFO - Started process (PID=772) to work on /home/airflow/.local/lib/python3.7/site-packages/airflow/example_dags/example_complex.py
[2023-04-10 12:47:16,685] {processor.py:642} INFO - Processing file /home/airflow/.local/lib/python3.7/site-packages/airflow/example_dags/example_complex.py for tasks to queue
[2023-04-10 12:47:16,686] {logging_mixin.py:109} INFO - [2023-04-10 12:47:16,686] {dagbag.py:500} INFO - Filling up the DagBag from /home/airflow/.local/lib/python3.7/site-packages/airflow/example_dags/example_complex.py
[2023-04-10 12:47:16,708] {processor.py:652} INFO - DAG(s) dict_keys(['example_complex']) retrieved from /home/airflow/.local/lib/python3.7/site-packages/airflow/example_dags/example_complex.py
[2023-04-10 12:47:16,736] {logging_mixin.py:109} INFO - [2023-04-10 12:47:16,736] {dag.py:2398} INFO - Sync 1 DAGs
[2023-04-10 12:47:16,751] {logging_mixin.py:109} INFO - [2023-04-10 12:47:16,751] {dag.py:2937} INFO - Setting next_dagrun for example_complex to None
[2023-04-10 12:47:16,763] {processor.py:171} INFO - Processing /home/airflow/.local/lib/python3.7/site-packages/airflow/example_dags/example_complex.py took 0.083 seconds
[2023-04-10 12:47:47,409] {processor.py:163} INFO - Started process (PID=833) to work on /home/airflow/.local/lib/python3.7/site-packages/airflow/example_dags/example_complex.py
[2023-04-10 12:47:47,411] {processor.py:642} INFO - Processing file /home/airflow/.local/lib/python3.7/site-packages/airflow/example_dags/example_complex.py for tasks to queue
[2023-04-10 12:47:47,413] {logging_mixin.py:109} INFO - [2023-04-10 12:47:47,412] {dagbag.py:500} INFO - Filling up the DagBag from /home/airflow/.local/lib/python3.7/site-packages/airflow/example_dags/example_complex.py
[2023-04-10 12:47:47,442] {processor.py:652} INFO - DAG(s) dict_keys(['example_complex']) retrieved from /home/airflow/.local/lib/python3.7/site-packages/airflow/example_dags/example_complex.py
[2023-04-10 12:47:47,480] {logging_mixin.py:109} INFO - [2023-04-10 12:47:47,480] {dag.py:2398} INFO - Sync 1 DAGs
[2023-04-10 12:47:47,503] {logging_mixin.py:109} INFO - [2023-04-10 12:47:47,503] {dag.py:2937} INFO - Setting next_dagrun for example_complex to None
[2023-04-10 12:47:47,520] {processor.py:171} INFO - Processing /home/airflow/.local/lib/python3.7/site-packages/airflow/example_dags/example_complex.py took 0.114 seconds
[2023-04-10 12:48:18,500] {processor.py:163} INFO - Started process (PID=886) to work on /home/airflow/.local/lib/python3.7/site-packages/airflow/example_dags/example_complex.py
[2023-04-10 12:48:18,502] {processor.py:642} INFO - Processing file /home/airflow/.local/lib/python3.7/site-packages/airflow/example_dags/example_complex.py for tasks to queue
[2023-04-10 12:48:18,503] {logging_mixin.py:109} INFO - [2023-04-10 12:48:18,503] {dagbag.py:500} INFO - Filling up the DagBag from /home/airflow/.local/lib/python3.7/site-packages/airflow/example_dags/example_complex.py
[2023-04-10 12:48:18,529] {processor.py:652} INFO - DAG(s) dict_keys(['example_complex']) retrieved from /home/airflow/.local/lib/python3.7/site-packages/airflow/example_dags/example_complex.py
[2023-04-10 12:48:18,555] {logging_mixin.py:109} INFO - [2023-04-10 12:48:18,554] {dag.py:2398} INFO - Sync 1 DAGs
[2023-04-10 12:48:18,571] {logging_mixin.py:109} INFO - [2023-04-10 12:48:18,571] {dag.py:2937} INFO - Setting next_dagrun for example_complex to None
[2023-04-10 12:48:18,663] {processor.py:171} INFO - Processing /home/airflow/.local/lib/python3.7/site-packages/airflow/example_dags/example_complex.py took 0.167 seconds
[2023-04-10 12:48:49,418] {processor.py:163} INFO - Started process (PID=947) to work on /home/airflow/.local/lib/python3.7/site-packages/airflow/example_dags/example_complex.py
[2023-04-10 12:48:49,419] {processor.py:642} INFO - Processing file /home/airflow/.local/lib/python3.7/site-packages/airflow/example_dags/example_complex.py for tasks to queue
[2023-04-10 12:48:49,420] {logging_mixin.py:109} INFO - [2023-04-10 12:48:49,420] {dagbag.py:500} INFO - Filling up the DagBag from /home/airflow/.local/lib/python3.7/site-packages/airflow/example_dags/example_complex.py
[2023-04-10 12:48:49,440] {processor.py:652} INFO - DAG(s) dict_keys(['example_complex']) retrieved from /home/airflow/.local/lib/python3.7/site-packages/airflow/example_dags/example_complex.py
[2023-04-10 12:48:49,471] {logging_mixin.py:109} INFO - [2023-04-10 12:48:49,471] {dag.py:2398} INFO - Sync 1 DAGs
[2023-04-10 12:48:49,491] {logging_mixin.py:109} INFO - [2023-04-10 12:48:49,491] {dag.py:2937} INFO - Setting next_dagrun for example_complex to None
[2023-04-10 12:48:49,585] {processor.py:171} INFO - Processing /home/airflow/.local/lib/python3.7/site-packages/airflow/example_dags/example_complex.py took 0.170 seconds
[2023-04-10 12:49:20,196] {processor.py:163} INFO - Started process (PID=999) to work on /home/airflow/.local/lib/python3.7/site-packages/airflow/example_dags/example_complex.py
[2023-04-10 12:49:20,197] {processor.py:642} INFO - Processing file /home/airflow/.local/lib/python3.7/site-packages/airflow/example_dags/example_complex.py for tasks to queue
[2023-04-10 12:49:20,198] {logging_mixin.py:109} INFO - [2023-04-10 12:49:20,198] {dagbag.py:500} INFO - Filling up the DagBag from /home/airflow/.local/lib/python3.7/site-packages/airflow/example_dags/example_complex.py
[2023-04-10 12:49:20,225] {processor.py:652} INFO - DAG(s) dict_keys(['example_complex']) retrieved from /home/airflow/.local/lib/python3.7/site-packages/airflow/example_dags/example_complex.py
[2023-04-10 12:49:20,257] {logging_mixin.py:109} INFO - [2023-04-10 12:49:20,257] {dag.py:2398} INFO - Sync 1 DAGs
[2023-04-10 12:49:20,366] {logging_mixin.py:109} INFO - [2023-04-10 12:49:20,366] {dag.py:2937} INFO - Setting next_dagrun for example_complex to None
[2023-04-10 12:49:20,376] {processor.py:171} INFO - Processing /home/airflow/.local/lib/python3.7/site-packages/airflow/example_dags/example_complex.py took 0.184 seconds
[2023-04-10 12:49:51,334] {processor.py:163} INFO - Started process (PID=1060) to work on /home/airflow/.local/lib/python3.7/site-packages/airflow/example_dags/example_complex.py
[2023-04-10 12:49:51,335] {processor.py:642} INFO - Processing file /home/airflow/.local/lib/python3.7/site-packages/airflow/example_dags/example_complex.py for tasks to queue
[2023-04-10 12:49:51,336] {logging_mixin.py:109} INFO - [2023-04-10 12:49:51,336] {dagbag.py:500} INFO - Filling up the DagBag from /home/airflow/.local/lib/python3.7/site-packages/airflow/example_dags/example_complex.py
[2023-04-10 12:49:51,356] {processor.py:652} INFO - DAG(s) dict_keys(['example_complex']) retrieved from /home/airflow/.local/lib/python3.7/site-packages/airflow/example_dags/example_complex.py
[2023-04-10 12:49:51,384] {logging_mixin.py:109} INFO - [2023-04-10 12:49:51,384] {dag.py:2398} INFO - Sync 1 DAGs
[2023-04-10 12:49:51,500] {logging_mixin.py:109} INFO - [2023-04-10 12:49:51,500] {dag.py:2937} INFO - Setting next_dagrun for example_complex to None
[2023-04-10 12:49:51,510] {processor.py:171} INFO - Processing /home/airflow/.local/lib/python3.7/site-packages/airflow/example_dags/example_complex.py took 0.179 seconds
[2023-04-10 12:50:22,341] {processor.py:163} INFO - Started process (PID=1121) to work on /home/airflow/.local/lib/python3.7/site-packages/airflow/example_dags/example_complex.py
[2023-04-10 12:50:22,342] {processor.py:642} INFO - Processing file /home/airflow/.local/lib/python3.7/site-packages/airflow/example_dags/example_complex.py for tasks to queue
[2023-04-10 12:50:22,343] {logging_mixin.py:109} INFO - [2023-04-10 12:50:22,343] {dagbag.py:500} INFO - Filling up the DagBag from /home/airflow/.local/lib/python3.7/site-packages/airflow/example_dags/example_complex.py
[2023-04-10 12:50:22,365] {processor.py:652} INFO - DAG(s) dict_keys(['example_complex']) retrieved from /home/airflow/.local/lib/python3.7/site-packages/airflow/example_dags/example_complex.py
[2023-04-10 12:50:22,481] {logging_mixin.py:109} INFO - [2023-04-10 12:50:22,481] {dag.py:2398} INFO - Sync 1 DAGs
[2023-04-10 12:50:22,504] {logging_mixin.py:109} INFO - [2023-04-10 12:50:22,503] {dag.py:2937} INFO - Setting next_dagrun for example_complex to None
[2023-04-10 12:50:22,517] {processor.py:171} INFO - Processing /home/airflow/.local/lib/python3.7/site-packages/airflow/example_dags/example_complex.py took 0.179 seconds
[2023-04-10 12:50:52,816] {processor.py:163} INFO - Started process (PID=1173) to work on /home/airflow/.local/lib/python3.7/site-packages/airflow/example_dags/example_complex.py
[2023-04-10 12:50:52,818] {processor.py:642} INFO - Processing file /home/airflow/.local/lib/python3.7/site-packages/airflow/example_dags/example_complex.py for tasks to queue
[2023-04-10 12:50:52,819] {logging_mixin.py:109} INFO - [2023-04-10 12:50:52,818] {dagbag.py:500} INFO - Filling up the DagBag from /home/airflow/.local/lib/python3.7/site-packages/airflow/example_dags/example_complex.py
[2023-04-10 12:50:52,839] {processor.py:652} INFO - DAG(s) dict_keys(['example_complex']) retrieved from /home/airflow/.local/lib/python3.7/site-packages/airflow/example_dags/example_complex.py
[2023-04-10 12:50:52,943] {logging_mixin.py:109} INFO - [2023-04-10 12:50:52,943] {dag.py:2398} INFO - Sync 1 DAGs
[2023-04-10 12:50:52,955] {logging_mixin.py:109} INFO - [2023-04-10 12:50:52,955] {dag.py:2937} INFO - Setting next_dagrun for example_complex to None
[2023-04-10 12:50:52,964] {processor.py:171} INFO - Processing /home/airflow/.local/lib/python3.7/site-packages/airflow/example_dags/example_complex.py took 0.150 seconds
