[2023-04-10 12:44:57,777] {processor.py:163} INFO - Started process (PID=409) to work on /home/airflow/.local/lib/python3.7/site-packages/airflow/example_dags/example_branch_python_dop_operator_3.py
[2023-04-10 12:44:57,778] {processor.py:642} INFO - Processing file /home/airflow/.local/lib/python3.7/site-packages/airflow/example_dags/example_branch_python_dop_operator_3.py for tasks to queue
[2023-04-10 12:44:57,779] {logging_mixin.py:109} INFO - [2023-04-10 12:44:57,779] {dagbag.py:500} INFO - Filling up the DagBag from /home/airflow/.local/lib/python3.7/site-packages/airflow/example_dags/example_branch_python_dop_operator_3.py
[2023-04-10 12:44:57,794] {processor.py:652} INFO - DAG(s) dict_keys(['example_branch_dop_operator_v3']) retrieved from /home/airflow/.local/lib/python3.7/site-packages/airflow/example_dags/example_branch_python_dop_operator_3.py
[2023-04-10 12:44:58,835] {logging_mixin.py:109} INFO - [2023-04-10 12:44:58,835] {providers_manager.py:702} WARNING - The field in_cluster from class KubernetesHook does not start with 'extra__'. Ignoring it.
[2023-04-10 12:44:58,836] {logging_mixin.py:109} INFO - [2023-04-10 12:44:58,836] {providers_manager.py:702} WARNING - The field kube_config_path from class KubernetesHook does not start with 'extra__'. Ignoring it.
[2023-04-10 12:44:58,836] {logging_mixin.py:109} INFO - [2023-04-10 12:44:58,836] {providers_manager.py:702} WARNING - The field kube_config from class KubernetesHook does not start with 'extra__'. Ignoring it.
[2023-04-10 12:44:58,837] {logging_mixin.py:109} INFO - [2023-04-10 12:44:58,837] {providers_manager.py:702} WARNING - The field namespace from class KubernetesHook does not start with 'extra__'. Ignoring it.
[2023-04-10 12:44:58,837] {logging_mixin.py:109} INFO - [2023-04-10 12:44:58,837] {providers_manager.py:702} WARNING - The field cluster_context from class KubernetesHook does not start with 'extra__'. Ignoring it.
[2023-04-10 12:44:58,838] {logging_mixin.py:109} INFO - [2023-04-10 12:44:58,837] {providers_manager.py:702} WARNING - The field disable_verify_ssl from class KubernetesHook does not start with 'extra__'. Ignoring it.
[2023-04-10 12:44:58,838] {logging_mixin.py:109} INFO - [2023-04-10 12:44:58,838] {providers_manager.py:702} WARNING - The field disable_tcp_keepalive from class KubernetesHook does not start with 'extra__'. Ignoring it.
[2023-04-10 12:44:58,839] {logging_mixin.py:109} INFO - [2023-04-10 12:44:58,838] {providers_manager.py:702} WARNING - The field xcom_sidecar_container_image from class KubernetesHook does not start with 'extra__'. Ignoring it.
[2023-04-10 12:44:58,888] {logging_mixin.py:109} INFO - [2023-04-10 12:44:58,887] {providers_manager.py:702} WARNING - The field reauth from class DockerHook does not start with 'extra__'. Ignoring it.
[2023-04-10 12:44:58,888] {logging_mixin.py:109} INFO - [2023-04-10 12:44:58,888] {providers_manager.py:702} WARNING - The field email from class DockerHook does not start with 'extra__'. Ignoring it.
[2023-04-10 12:44:59,375] {logging_mixin.py:109} INFO - [2023-04-10 12:44:59,375] {providers_manager.py:702} WARNING - The field project from class GoogleBaseHook does not start with 'extra__'. Ignoring it.
[2023-04-10 12:44:59,375] {logging_mixin.py:109} INFO - [2023-04-10 12:44:59,375] {providers_manager.py:702} WARNING - The field key_path from class GoogleBaseHook does not start with 'extra__'. Ignoring it.
[2023-04-10 12:44:59,376] {logging_mixin.py:109} INFO - [2023-04-10 12:44:59,376] {providers_manager.py:702} WARNING - The field keyfile_dict from class GoogleBaseHook does not start with 'extra__'. Ignoring it.
[2023-04-10 12:44:59,376] {logging_mixin.py:109} INFO - [2023-04-10 12:44:59,376] {providers_manager.py:702} WARNING - The field scope from class GoogleBaseHook does not start with 'extra__'. Ignoring it.
[2023-04-10 12:44:59,377] {logging_mixin.py:109} INFO - [2023-04-10 12:44:59,377] {providers_manager.py:702} WARNING - The field key_secret_name from class GoogleBaseHook does not start with 'extra__'. Ignoring it.
[2023-04-10 12:44:59,377] {logging_mixin.py:109} INFO - [2023-04-10 12:44:59,377] {providers_manager.py:702} WARNING - The field key_secret_project_id from class GoogleBaseHook does not start with 'extra__'. Ignoring it.
[2023-04-10 12:44:59,378] {logging_mixin.py:109} INFO - [2023-04-10 12:44:59,378] {providers_manager.py:702} WARNING - The field num_retries from class GoogleBaseHook does not start with 'extra__'. Ignoring it.
[2023-04-10 12:45:00,243] {logging_mixin.py:109} INFO - [2023-04-10 12:45:00,243] {providers_manager.py:702} WARNING - The field auth_type from class GrpcHook does not start with 'extra__'. Ignoring it.
[2023-04-10 12:45:00,243] {logging_mixin.py:109} INFO - [2023-04-10 12:45:00,243] {providers_manager.py:702} WARNING - The field credential_pem_file from class GrpcHook does not start with 'extra__'. Ignoring it.
[2023-04-10 12:45:00,244] {logging_mixin.py:109} INFO - [2023-04-10 12:45:00,243] {providers_manager.py:702} WARNING - The field scopes from class GrpcHook does not start with 'extra__'. Ignoring it.
[2023-04-10 12:45:00,323] {logging_mixin.py:109} INFO - [2023-04-10 12:45:00,323] {providers_manager.py:702} WARNING - The field tenant from class AzureDataExplorerHook does not start with 'extra__'. Ignoring it.
[2023-04-10 12:45:00,324] {logging_mixin.py:109} INFO - [2023-04-10 12:45:00,324] {providers_manager.py:702} WARNING - The field auth_method from class AzureDataExplorerHook does not start with 'extra__'. Ignoring it.
[2023-04-10 12:45:00,324] {logging_mixin.py:109} INFO - [2023-04-10 12:45:00,324] {providers_manager.py:702} WARNING - The field certificate from class AzureDataExplorerHook does not start with 'extra__'. Ignoring it.
[2023-04-10 12:45:00,325] {logging_mixin.py:109} INFO - [2023-04-10 12:45:00,325] {providers_manager.py:702} WARNING - The field thumbprint from class AzureDataExplorerHook does not start with 'extra__'. Ignoring it.
[2023-04-10 12:45:00,349] {logging_mixin.py:109} INFO - [2023-04-10 12:45:00,349] {providers_manager.py:702} WARNING - The field account_url from class AzureBatchHook does not start with 'extra__'. Ignoring it.
[2023-04-10 12:45:00,365] {logging_mixin.py:109} INFO - [2023-04-10 12:45:00,365] {providers_manager.py:702} WARNING - The field database_name from class AzureCosmosDBHook does not start with 'extra__'. Ignoring it.
[2023-04-10 12:45:00,365] {logging_mixin.py:109} INFO - [2023-04-10 12:45:00,365] {providers_manager.py:702} WARNING - The field collection_name from class AzureCosmosDBHook does not start with 'extra__'. Ignoring it.
[2023-04-10 12:45:00,404] {logging_mixin.py:109} INFO - [2023-04-10 12:45:00,404] {providers_manager.py:702} WARNING - The field sas_token from class AzureFileShareHook does not start with 'extra__'. Ignoring it.
[2023-04-10 12:45:00,404] {logging_mixin.py:109} INFO - [2023-04-10 12:45:00,404] {providers_manager.py:702} WARNING - The field connection_string from class AzureFileShareHook does not start with 'extra__'. Ignoring it.
[2023-04-10 12:45:00,405] {logging_mixin.py:109} INFO - [2023-04-10 12:45:00,405] {providers_manager.py:702} WARNING - The field protocol from class AzureFileShareHook does not start with 'extra__'. Ignoring it.
[2023-04-10 12:45:00,423] {logging_mixin.py:109} INFO - [2023-04-10 12:45:00,423] {providers_manager.py:702} WARNING - The field connection_string from class AzureContainerVolumeHook does not start with 'extra__'. Ignoring it.
[2023-04-10 12:45:00,501] {logging_mixin.py:109} INFO - [2023-04-10 12:45:00,501] {providers_manager.py:702} WARNING - The field tenantId from class AzureDataFactoryHook does not start with 'extra__'. Ignoring it.
[2023-04-10 12:45:00,502] {logging_mixin.py:109} INFO - [2023-04-10 12:45:00,502] {providers_manager.py:702} WARNING - The field subscriptionId from class AzureDataFactoryHook does not start with 'extra__'. Ignoring it.
[2023-04-10 12:45:00,502] {logging_mixin.py:109} INFO - [2023-04-10 12:45:00,502] {providers_manager.py:702} WARNING - The field resource_group_name from class AzureDataFactoryHook does not start with 'extra__'. Ignoring it.
[2023-04-10 12:45:00,503] {logging_mixin.py:109} INFO - [2023-04-10 12:45:00,503] {providers_manager.py:702} WARNING - The field factory_name from class AzureDataFactoryHook does not start with 'extra__'. Ignoring it.
[2023-04-10 12:45:00,551] {logging_mixin.py:109} INFO - [2023-04-10 12:45:00,551] {providers_manager.py:702} WARNING - The field tenantId from class AzureSynapseHook does not start with 'extra__'. Ignoring it.
[2023-04-10 12:45:00,551] {logging_mixin.py:109} INFO - [2023-04-10 12:45:00,551] {providers_manager.py:702} WARNING - The field subscriptionId from class AzureSynapseHook does not start with 'extra__'. Ignoring it.
[2023-04-10 12:45:00,627] {logging_mixin.py:109} WARNING - /home/airflow/.local/lib/python3.7/site-packages/snowflake/connector/options.py:99 UserWarning: You have an incompatible version of 'pyarrow' installed (9.0.0), please install a version that adheres to: 'pyarrow<6.1.0,>=6.0.0; extra == "pandas"'
[2023-04-10 12:45:00,936] {logging_mixin.py:109} INFO - [2023-04-10 12:45:00,936] {providers_manager.py:702} WARNING - The field in_cluster from class KubernetesHook does not start with 'extra__'. Ignoring it.
[2023-04-10 12:45:00,936] {logging_mixin.py:109} INFO - [2023-04-10 12:45:00,936] {providers_manager.py:702} WARNING - The field kube_config_path from class KubernetesHook does not start with 'extra__'. Ignoring it.
[2023-04-10 12:45:00,936] {logging_mixin.py:109} INFO - [2023-04-10 12:45:00,936] {providers_manager.py:702} WARNING - The field kube_config from class KubernetesHook does not start with 'extra__'. Ignoring it.
[2023-04-10 12:45:00,937] {logging_mixin.py:109} INFO - [2023-04-10 12:45:00,937] {providers_manager.py:702} WARNING - The field namespace from class KubernetesHook does not start with 'extra__'. Ignoring it.
[2023-04-10 12:45:00,937] {logging_mixin.py:109} INFO - [2023-04-10 12:45:00,937] {providers_manager.py:702} WARNING - The field cluster_context from class KubernetesHook does not start with 'extra__'. Ignoring it.
[2023-04-10 12:45:00,938] {logging_mixin.py:109} INFO - [2023-04-10 12:45:00,938] {providers_manager.py:702} WARNING - The field disable_verify_ssl from class KubernetesHook does not start with 'extra__'. Ignoring it.
[2023-04-10 12:45:00,938] {logging_mixin.py:109} INFO - [2023-04-10 12:45:00,938] {providers_manager.py:702} WARNING - The field disable_tcp_keepalive from class KubernetesHook does not start with 'extra__'. Ignoring it.
[2023-04-10 12:45:00,939] {logging_mixin.py:109} INFO - [2023-04-10 12:45:00,939] {providers_manager.py:702} WARNING - The field xcom_sidecar_container_image from class KubernetesHook does not start with 'extra__'. Ignoring it.
[2023-04-10 12:45:00,940] {logging_mixin.py:109} INFO - [2023-04-10 12:45:00,940] {providers_manager.py:702} WARNING - The field reauth from class DockerHook does not start with 'extra__'. Ignoring it.
[2023-04-10 12:45:00,940] {logging_mixin.py:109} INFO - [2023-04-10 12:45:00,940] {providers_manager.py:702} WARNING - The field email from class DockerHook does not start with 'extra__'. Ignoring it.
[2023-04-10 12:45:00,941] {logging_mixin.py:109} INFO - [2023-04-10 12:45:00,941] {providers_manager.py:702} WARNING - The field project from class GoogleBaseHook does not start with 'extra__'. Ignoring it.
[2023-04-10 12:45:00,942] {logging_mixin.py:109} INFO - [2023-04-10 12:45:00,942] {providers_manager.py:702} WARNING - The field key_path from class GoogleBaseHook does not start with 'extra__'. Ignoring it.
[2023-04-10 12:45:00,942] {logging_mixin.py:109} INFO - [2023-04-10 12:45:00,942] {providers_manager.py:702} WARNING - The field keyfile_dict from class GoogleBaseHook does not start with 'extra__'. Ignoring it.
[2023-04-10 12:45:00,942] {logging_mixin.py:109} INFO - [2023-04-10 12:45:00,942] {providers_manager.py:702} WARNING - The field scope from class GoogleBaseHook does not start with 'extra__'. Ignoring it.
[2023-04-10 12:45:00,943] {logging_mixin.py:109} INFO - [2023-04-10 12:45:00,943] {providers_manager.py:702} WARNING - The field key_secret_name from class GoogleBaseHook does not start with 'extra__'. Ignoring it.
[2023-04-10 12:45:00,943] {logging_mixin.py:109} INFO - [2023-04-10 12:45:00,943] {providers_manager.py:702} WARNING - The field key_secret_project_id from class GoogleBaseHook does not start with 'extra__'. Ignoring it.
[2023-04-10 12:45:00,944] {logging_mixin.py:109} INFO - [2023-04-10 12:45:00,944] {providers_manager.py:702} WARNING - The field num_retries from class GoogleBaseHook does not start with 'extra__'. Ignoring it.
[2023-04-10 12:45:00,946] {logging_mixin.py:109} INFO - [2023-04-10 12:45:00,946] {providers_manager.py:702} WARNING - The field auth_type from class GrpcHook does not start with 'extra__'. Ignoring it.
[2023-04-10 12:45:00,946] {logging_mixin.py:109} INFO - [2023-04-10 12:45:00,946] {providers_manager.py:702} WARNING - The field credential_pem_file from class GrpcHook does not start with 'extra__'. Ignoring it.
[2023-04-10 12:45:00,946] {logging_mixin.py:109} INFO - [2023-04-10 12:45:00,946] {providers_manager.py:702} WARNING - The field scopes from class GrpcHook does not start with 'extra__'. Ignoring it.
[2023-04-10 12:45:00,947] {logging_mixin.py:109} INFO - [2023-04-10 12:45:00,947] {providers_manager.py:702} WARNING - The field tenant from class AzureDataExplorerHook does not start with 'extra__'. Ignoring it.
[2023-04-10 12:45:00,948] {logging_mixin.py:109} INFO - [2023-04-10 12:45:00,948] {providers_manager.py:702} WARNING - The field auth_method from class AzureDataExplorerHook does not start with 'extra__'. Ignoring it.
[2023-04-10 12:45:00,948] {logging_mixin.py:109} INFO - [2023-04-10 12:45:00,948] {providers_manager.py:702} WARNING - The field certificate from class AzureDataExplorerHook does not start with 'extra__'. Ignoring it.
[2023-04-10 12:45:00,949] {logging_mixin.py:109} INFO - [2023-04-10 12:45:00,949] {providers_manager.py:702} WARNING - The field thumbprint from class AzureDataExplorerHook does not start with 'extra__'. Ignoring it.
[2023-04-10 12:45:00,949] {logging_mixin.py:109} INFO - [2023-04-10 12:45:00,949] {providers_manager.py:702} WARNING - The field account_url from class AzureBatchHook does not start with 'extra__'. Ignoring it.
[2023-04-10 12:45:00,950] {logging_mixin.py:109} INFO - [2023-04-10 12:45:00,950] {providers_manager.py:702} WARNING - The field database_name from class AzureCosmosDBHook does not start with 'extra__'. Ignoring it.
[2023-04-10 12:45:00,951] {logging_mixin.py:109} INFO - [2023-04-10 12:45:00,951] {providers_manager.py:702} WARNING - The field collection_name from class AzureCosmosDBHook does not start with 'extra__'. Ignoring it.
[2023-04-10 12:45:00,953] {logging_mixin.py:109} INFO - [2023-04-10 12:45:00,953] {providers_manager.py:702} WARNING - The field sas_token from class AzureFileShareHook does not start with 'extra__'. Ignoring it.
[2023-04-10 12:45:00,954] {logging_mixin.py:109} INFO - [2023-04-10 12:45:00,954] {providers_manager.py:702} WARNING - The field connection_string from class AzureFileShareHook does not start with 'extra__'. Ignoring it.
[2023-04-10 12:45:00,954] {logging_mixin.py:109} INFO - [2023-04-10 12:45:00,954] {providers_manager.py:702} WARNING - The field protocol from class AzureFileShareHook does not start with 'extra__'. Ignoring it.
[2023-04-10 12:45:00,955] {logging_mixin.py:109} INFO - [2023-04-10 12:45:00,955] {providers_manager.py:702} WARNING - The field connection_string from class AzureContainerVolumeHook does not start with 'extra__'. Ignoring it.
[2023-04-10 12:45:00,958] {logging_mixin.py:109} INFO - [2023-04-10 12:45:00,958] {providers_manager.py:702} WARNING - The field tenantId from class AzureDataFactoryHook does not start with 'extra__'. Ignoring it.
[2023-04-10 12:45:00,959] {logging_mixin.py:109} INFO - [2023-04-10 12:45:00,958] {providers_manager.py:702} WARNING - The field subscriptionId from class AzureDataFactoryHook does not start with 'extra__'. Ignoring it.
[2023-04-10 12:45:00,959] {logging_mixin.py:109} INFO - [2023-04-10 12:45:00,959] {providers_manager.py:702} WARNING - The field resource_group_name from class AzureDataFactoryHook does not start with 'extra__'. Ignoring it.
[2023-04-10 12:45:00,959] {logging_mixin.py:109} INFO - [2023-04-10 12:45:00,959] {providers_manager.py:702} WARNING - The field factory_name from class AzureDataFactoryHook does not start with 'extra__'. Ignoring it.
[2023-04-10 12:45:00,961] {logging_mixin.py:109} INFO - [2023-04-10 12:45:00,961] {providers_manager.py:702} WARNING - The field tenantId from class AzureSynapseHook does not start with 'extra__'. Ignoring it.
[2023-04-10 12:45:00,961] {logging_mixin.py:109} INFO - [2023-04-10 12:45:00,961] {providers_manager.py:702} WARNING - The field subscriptionId from class AzureSynapseHook does not start with 'extra__'. Ignoring it.
[2023-04-10 12:45:00,985] {logging_mixin.py:109} INFO - [2023-04-10 12:45:00,985] {manager.py:496} INFO - Created Permission View: can edit on DAG:example_branch_dop_operator_v3
[2023-04-10 12:45:00,997] {logging_mixin.py:109} INFO - [2023-04-10 12:45:00,997] {manager.py:496} INFO - Created Permission View: can read on DAG:example_branch_dop_operator_v3
[2023-04-10 12:45:00,998] {logging_mixin.py:109} INFO - [2023-04-10 12:45:00,998] {dag.py:2398} INFO - Sync 1 DAGs
[2023-04-10 12:45:01,140] {logging_mixin.py:109} INFO - [2023-04-10 12:45:01,139] {dag.py:2417} INFO - Creating ORM DAG for example_branch_dop_operator_v3
[2023-04-10 12:45:01,154] {logging_mixin.py:109} INFO - [2023-04-10 12:45:01,154] {dag.py:2937} INFO - Setting next_dagrun for example_branch_dop_operator_v3 to 2023-04-10T12:44:00+00:00
[2023-04-10 12:45:01,167] {processor.py:171} INFO - Processing /home/airflow/.local/lib/python3.7/site-packages/airflow/example_dags/example_branch_python_dop_operator_3.py took 3.393 seconds
[2023-04-10 12:45:31,235] {processor.py:163} INFO - Started process (PID=574) to work on /home/airflow/.local/lib/python3.7/site-packages/airflow/example_dags/example_branch_python_dop_operator_3.py
[2023-04-10 12:45:31,236] {processor.py:642} INFO - Processing file /home/airflow/.local/lib/python3.7/site-packages/airflow/example_dags/example_branch_python_dop_operator_3.py for tasks to queue
[2023-04-10 12:45:31,237] {logging_mixin.py:109} INFO - [2023-04-10 12:45:31,237] {dagbag.py:500} INFO - Filling up the DagBag from /home/airflow/.local/lib/python3.7/site-packages/airflow/example_dags/example_branch_python_dop_operator_3.py
[2023-04-10 12:45:31,251] {processor.py:652} INFO - DAG(s) dict_keys(['example_branch_dop_operator_v3']) retrieved from /home/airflow/.local/lib/python3.7/site-packages/airflow/example_dags/example_branch_python_dop_operator_3.py
[2023-04-10 12:45:31,270] {logging_mixin.py:109} INFO - [2023-04-10 12:45:31,270] {dag.py:2398} INFO - Sync 1 DAGs
[2023-04-10 12:45:31,290] {logging_mixin.py:109} INFO - [2023-04-10 12:45:31,290] {dag.py:2937} INFO - Setting next_dagrun for example_branch_dop_operator_v3 to 2023-04-10T12:44:00+00:00
[2023-04-10 12:45:31,302] {processor.py:171} INFO - Processing /home/airflow/.local/lib/python3.7/site-packages/airflow/example_dags/example_branch_python_dop_operator_3.py took 0.069 seconds
[2023-04-10 12:46:02,137] {processor.py:163} INFO - Started process (PID=626) to work on /home/airflow/.local/lib/python3.7/site-packages/airflow/example_dags/example_branch_python_dop_operator_3.py
[2023-04-10 12:46:02,139] {processor.py:642} INFO - Processing file /home/airflow/.local/lib/python3.7/site-packages/airflow/example_dags/example_branch_python_dop_operator_3.py for tasks to queue
[2023-04-10 12:46:02,140] {logging_mixin.py:109} INFO - [2023-04-10 12:46:02,139] {dagbag.py:500} INFO - Filling up the DagBag from /home/airflow/.local/lib/python3.7/site-packages/airflow/example_dags/example_branch_python_dop_operator_3.py
[2023-04-10 12:46:02,161] {processor.py:652} INFO - DAG(s) dict_keys(['example_branch_dop_operator_v3']) retrieved from /home/airflow/.local/lib/python3.7/site-packages/airflow/example_dags/example_branch_python_dop_operator_3.py
[2023-04-10 12:46:02,183] {logging_mixin.py:109} INFO - [2023-04-10 12:46:02,183] {dag.py:2398} INFO - Sync 1 DAGs
[2023-04-10 12:46:02,219] {logging_mixin.py:109} INFO - [2023-04-10 12:46:02,219] {dag.py:2937} INFO - Setting next_dagrun for example_branch_dop_operator_v3 to 2023-04-10T12:45:00+00:00
[2023-04-10 12:46:02,231] {processor.py:171} INFO - Processing /home/airflow/.local/lib/python3.7/site-packages/airflow/example_dags/example_branch_python_dop_operator_3.py took 0.098 seconds
[2023-04-10 12:46:32,333] {processor.py:163} INFO - Started process (PID=687) to work on /home/airflow/.local/lib/python3.7/site-packages/airflow/example_dags/example_branch_python_dop_operator_3.py
[2023-04-10 12:46:32,334] {processor.py:642} INFO - Processing file /home/airflow/.local/lib/python3.7/site-packages/airflow/example_dags/example_branch_python_dop_operator_3.py for tasks to queue
[2023-04-10 12:46:32,334] {logging_mixin.py:109} INFO - [2023-04-10 12:46:32,334] {dagbag.py:500} INFO - Filling up the DagBag from /home/airflow/.local/lib/python3.7/site-packages/airflow/example_dags/example_branch_python_dop_operator_3.py
[2023-04-10 12:46:32,349] {processor.py:652} INFO - DAG(s) dict_keys(['example_branch_dop_operator_v3']) retrieved from /home/airflow/.local/lib/python3.7/site-packages/airflow/example_dags/example_branch_python_dop_operator_3.py
[2023-04-10 12:46:32,370] {logging_mixin.py:109} INFO - [2023-04-10 12:46:32,370] {dag.py:2398} INFO - Sync 1 DAGs
[2023-04-10 12:46:32,394] {logging_mixin.py:109} INFO - [2023-04-10 12:46:32,394] {dag.py:2937} INFO - Setting next_dagrun for example_branch_dop_operator_v3 to 2023-04-10T12:45:00+00:00
[2023-04-10 12:46:32,403] {processor.py:171} INFO - Processing /home/airflow/.local/lib/python3.7/site-packages/airflow/example_dags/example_branch_python_dop_operator_3.py took 0.073 seconds
[2023-04-10 12:47:02,638] {processor.py:163} INFO - Started process (PID=740) to work on /home/airflow/.local/lib/python3.7/site-packages/airflow/example_dags/example_branch_python_dop_operator_3.py
[2023-04-10 12:47:02,639] {processor.py:642} INFO - Processing file /home/airflow/.local/lib/python3.7/site-packages/airflow/example_dags/example_branch_python_dop_operator_3.py for tasks to queue
[2023-04-10 12:47:02,640] {logging_mixin.py:109} INFO - [2023-04-10 12:47:02,640] {dagbag.py:500} INFO - Filling up the DagBag from /home/airflow/.local/lib/python3.7/site-packages/airflow/example_dags/example_branch_python_dop_operator_3.py
[2023-04-10 12:47:02,653] {processor.py:652} INFO - DAG(s) dict_keys(['example_branch_dop_operator_v3']) retrieved from /home/airflow/.local/lib/python3.7/site-packages/airflow/example_dags/example_branch_python_dop_operator_3.py
[2023-04-10 12:47:02,672] {logging_mixin.py:109} INFO - [2023-04-10 12:47:02,672] {dag.py:2398} INFO - Sync 1 DAGs
[2023-04-10 12:47:02,698] {logging_mixin.py:109} INFO - [2023-04-10 12:47:02,698] {dag.py:2937} INFO - Setting next_dagrun for example_branch_dop_operator_v3 to 2023-04-10T12:46:00+00:00
[2023-04-10 12:47:02,709] {processor.py:171} INFO - Processing /home/airflow/.local/lib/python3.7/site-packages/airflow/example_dags/example_branch_python_dop_operator_3.py took 0.073 seconds
[2023-04-10 12:47:33,193] {processor.py:163} INFO - Started process (PID=801) to work on /home/airflow/.local/lib/python3.7/site-packages/airflow/example_dags/example_branch_python_dop_operator_3.py
[2023-04-10 12:47:33,194] {processor.py:642} INFO - Processing file /home/airflow/.local/lib/python3.7/site-packages/airflow/example_dags/example_branch_python_dop_operator_3.py for tasks to queue
[2023-04-10 12:47:33,195] {logging_mixin.py:109} INFO - [2023-04-10 12:47:33,195] {dagbag.py:500} INFO - Filling up the DagBag from /home/airflow/.local/lib/python3.7/site-packages/airflow/example_dags/example_branch_python_dop_operator_3.py
[2023-04-10 12:47:33,212] {processor.py:652} INFO - DAG(s) dict_keys(['example_branch_dop_operator_v3']) retrieved from /home/airflow/.local/lib/python3.7/site-packages/airflow/example_dags/example_branch_python_dop_operator_3.py
[2023-04-10 12:47:33,230] {logging_mixin.py:109} INFO - [2023-04-10 12:47:33,230] {dag.py:2398} INFO - Sync 1 DAGs
[2023-04-10 12:47:33,253] {logging_mixin.py:109} INFO - [2023-04-10 12:47:33,253] {dag.py:2937} INFO - Setting next_dagrun for example_branch_dop_operator_v3 to 2023-04-10T12:46:00+00:00
[2023-04-10 12:47:33,266] {processor.py:171} INFO - Processing /home/airflow/.local/lib/python3.7/site-packages/airflow/example_dags/example_branch_python_dop_operator_3.py took 0.076 seconds
[2023-04-10 12:48:04,121] {processor.py:163} INFO - Started process (PID=854) to work on /home/airflow/.local/lib/python3.7/site-packages/airflow/example_dags/example_branch_python_dop_operator_3.py
[2023-04-10 12:48:04,122] {processor.py:642} INFO - Processing file /home/airflow/.local/lib/python3.7/site-packages/airflow/example_dags/example_branch_python_dop_operator_3.py for tasks to queue
[2023-04-10 12:48:04,123] {logging_mixin.py:109} INFO - [2023-04-10 12:48:04,123] {dagbag.py:500} INFO - Filling up the DagBag from /home/airflow/.local/lib/python3.7/site-packages/airflow/example_dags/example_branch_python_dop_operator_3.py
[2023-04-10 12:48:04,142] {processor.py:652} INFO - DAG(s) dict_keys(['example_branch_dop_operator_v3']) retrieved from /home/airflow/.local/lib/python3.7/site-packages/airflow/example_dags/example_branch_python_dop_operator_3.py
[2023-04-10 12:48:04,166] {logging_mixin.py:109} INFO - [2023-04-10 12:48:04,166] {dag.py:2398} INFO - Sync 1 DAGs
[2023-04-10 12:48:04,191] {logging_mixin.py:109} INFO - [2023-04-10 12:48:04,191] {dag.py:2937} INFO - Setting next_dagrun for example_branch_dop_operator_v3 to 2023-04-10T12:47:00+00:00
[2023-04-10 12:48:04,206] {processor.py:171} INFO - Processing /home/airflow/.local/lib/python3.7/site-packages/airflow/example_dags/example_branch_python_dop_operator_3.py took 0.088 seconds
[2023-04-10 12:48:34,301] {processor.py:163} INFO - Started process (PID=915) to work on /home/airflow/.local/lib/python3.7/site-packages/airflow/example_dags/example_branch_python_dop_operator_3.py
[2023-04-10 12:48:34,302] {processor.py:642} INFO - Processing file /home/airflow/.local/lib/python3.7/site-packages/airflow/example_dags/example_branch_python_dop_operator_3.py for tasks to queue
[2023-04-10 12:48:34,303] {logging_mixin.py:109} INFO - [2023-04-10 12:48:34,303] {dagbag.py:500} INFO - Filling up the DagBag from /home/airflow/.local/lib/python3.7/site-packages/airflow/example_dags/example_branch_python_dop_operator_3.py
[2023-04-10 12:48:34,316] {processor.py:652} INFO - DAG(s) dict_keys(['example_branch_dop_operator_v3']) retrieved from /home/airflow/.local/lib/python3.7/site-packages/airflow/example_dags/example_branch_python_dop_operator_3.py
[2023-04-10 12:48:34,334] {logging_mixin.py:109} INFO - [2023-04-10 12:48:34,334] {dag.py:2398} INFO - Sync 1 DAGs
[2023-04-10 12:48:34,355] {logging_mixin.py:109} INFO - [2023-04-10 12:48:34,355] {dag.py:2937} INFO - Setting next_dagrun for example_branch_dop_operator_v3 to 2023-04-10T12:47:00+00:00
[2023-04-10 12:48:34,365] {processor.py:171} INFO - Processing /home/airflow/.local/lib/python3.7/site-packages/airflow/example_dags/example_branch_python_dop_operator_3.py took 0.067 seconds
[2023-04-10 12:49:04,978] {processor.py:163} INFO - Started process (PID=967) to work on /home/airflow/.local/lib/python3.7/site-packages/airflow/example_dags/example_branch_python_dop_operator_3.py
[2023-04-10 12:49:04,979] {processor.py:642} INFO - Processing file /home/airflow/.local/lib/python3.7/site-packages/airflow/example_dags/example_branch_python_dop_operator_3.py for tasks to queue
[2023-04-10 12:49:04,980] {logging_mixin.py:109} INFO - [2023-04-10 12:49:04,980] {dagbag.py:500} INFO - Filling up the DagBag from /home/airflow/.local/lib/python3.7/site-packages/airflow/example_dags/example_branch_python_dop_operator_3.py
[2023-04-10 12:49:04,994] {processor.py:652} INFO - DAG(s) dict_keys(['example_branch_dop_operator_v3']) retrieved from /home/airflow/.local/lib/python3.7/site-packages/airflow/example_dags/example_branch_python_dop_operator_3.py
[2023-04-10 12:49:05,012] {logging_mixin.py:109} INFO - [2023-04-10 12:49:05,012] {dag.py:2398} INFO - Sync 1 DAGs
[2023-04-10 12:49:05,038] {logging_mixin.py:109} INFO - [2023-04-10 12:49:05,038] {dag.py:2937} INFO - Setting next_dagrun for example_branch_dop_operator_v3 to 2023-04-10T12:48:00+00:00
[2023-04-10 12:49:05,050] {processor.py:171} INFO - Processing /home/airflow/.local/lib/python3.7/site-packages/airflow/example_dags/example_branch_python_dop_operator_3.py took 0.075 seconds
[2023-04-10 12:49:35,281] {processor.py:163} INFO - Started process (PID=1028) to work on /home/airflow/.local/lib/python3.7/site-packages/airflow/example_dags/example_branch_python_dop_operator_3.py
[2023-04-10 12:49:35,282] {processor.py:642} INFO - Processing file /home/airflow/.local/lib/python3.7/site-packages/airflow/example_dags/example_branch_python_dop_operator_3.py for tasks to queue
[2023-04-10 12:49:35,283] {logging_mixin.py:109} INFO - [2023-04-10 12:49:35,283] {dagbag.py:500} INFO - Filling up the DagBag from /home/airflow/.local/lib/python3.7/site-packages/airflow/example_dags/example_branch_python_dop_operator_3.py
[2023-04-10 12:49:35,295] {processor.py:652} INFO - DAG(s) dict_keys(['example_branch_dop_operator_v3']) retrieved from /home/airflow/.local/lib/python3.7/site-packages/airflow/example_dags/example_branch_python_dop_operator_3.py
[2023-04-10 12:49:35,312] {logging_mixin.py:109} INFO - [2023-04-10 12:49:35,311] {dag.py:2398} INFO - Sync 1 DAGs
[2023-04-10 12:49:35,332] {logging_mixin.py:109} INFO - [2023-04-10 12:49:35,331] {dag.py:2937} INFO - Setting next_dagrun for example_branch_dop_operator_v3 to 2023-04-10T12:48:00+00:00
[2023-04-10 12:49:35,410] {processor.py:171} INFO - Processing /home/airflow/.local/lib/python3.7/site-packages/airflow/example_dags/example_branch_python_dop_operator_3.py took 0.132 seconds
[2023-04-10 12:50:05,577] {processor.py:163} INFO - Started process (PID=1080) to work on /home/airflow/.local/lib/python3.7/site-packages/airflow/example_dags/example_branch_python_dop_operator_3.py
[2023-04-10 12:50:05,578] {processor.py:642} INFO - Processing file /home/airflow/.local/lib/python3.7/site-packages/airflow/example_dags/example_branch_python_dop_operator_3.py for tasks to queue
[2023-04-10 12:50:05,578] {logging_mixin.py:109} INFO - [2023-04-10 12:50:05,578] {dagbag.py:500} INFO - Filling up the DagBag from /home/airflow/.local/lib/python3.7/site-packages/airflow/example_dags/example_branch_python_dop_operator_3.py
[2023-04-10 12:50:05,595] {processor.py:652} INFO - DAG(s) dict_keys(['example_branch_dop_operator_v3']) retrieved from /home/airflow/.local/lib/python3.7/site-packages/airflow/example_dags/example_branch_python_dop_operator_3.py
[2023-04-10 12:50:05,611] {logging_mixin.py:109} INFO - [2023-04-10 12:50:05,611] {dag.py:2398} INFO - Sync 1 DAGs
[2023-04-10 12:50:05,630] {logging_mixin.py:109} INFO - [2023-04-10 12:50:05,630] {dag.py:2937} INFO - Setting next_dagrun for example_branch_dop_operator_v3 to 2023-04-10T12:49:00+00:00
[2023-04-10 12:50:05,707] {processor.py:171} INFO - Processing /home/airflow/.local/lib/python3.7/site-packages/airflow/example_dags/example_branch_python_dop_operator_3.py took 0.133 seconds
[2023-04-10 12:50:36,383] {processor.py:163} INFO - Started process (PID=1141) to work on /home/airflow/.local/lib/python3.7/site-packages/airflow/example_dags/example_branch_python_dop_operator_3.py
[2023-04-10 12:50:36,384] {processor.py:642} INFO - Processing file /home/airflow/.local/lib/python3.7/site-packages/airflow/example_dags/example_branch_python_dop_operator_3.py for tasks to queue
[2023-04-10 12:50:36,385] {logging_mixin.py:109} INFO - [2023-04-10 12:50:36,385] {dagbag.py:500} INFO - Filling up the DagBag from /home/airflow/.local/lib/python3.7/site-packages/airflow/example_dags/example_branch_python_dop_operator_3.py
[2023-04-10 12:50:36,399] {processor.py:652} INFO - DAG(s) dict_keys(['example_branch_dop_operator_v3']) retrieved from /home/airflow/.local/lib/python3.7/site-packages/airflow/example_dags/example_branch_python_dop_operator_3.py
[2023-04-10 12:50:36,418] {logging_mixin.py:109} INFO - [2023-04-10 12:50:36,417] {dag.py:2398} INFO - Sync 1 DAGs
[2023-04-10 12:50:36,520] {logging_mixin.py:109} INFO - [2023-04-10 12:50:36,520] {dag.py:2937} INFO - Setting next_dagrun for example_branch_dop_operator_v3 to 2023-04-10T12:49:00+00:00
[2023-04-10 12:50:36,532] {processor.py:171} INFO - Processing /home/airflow/.local/lib/python3.7/site-packages/airflow/example_dags/example_branch_python_dop_operator_3.py took 0.153 seconds
[2023-04-10 12:51:06,845] {processor.py:163} INFO - Started process (PID=1193) to work on /home/airflow/.local/lib/python3.7/site-packages/airflow/example_dags/example_branch_python_dop_operator_3.py
[2023-04-10 12:51:06,846] {processor.py:642} INFO - Processing file /home/airflow/.local/lib/python3.7/site-packages/airflow/example_dags/example_branch_python_dop_operator_3.py for tasks to queue
[2023-04-10 12:51:06,847] {logging_mixin.py:109} INFO - [2023-04-10 12:51:06,847] {dagbag.py:500} INFO - Filling up the DagBag from /home/airflow/.local/lib/python3.7/site-packages/airflow/example_dags/example_branch_python_dop_operator_3.py
[2023-04-10 12:51:06,860] {processor.py:652} INFO - DAG(s) dict_keys(['example_branch_dop_operator_v3']) retrieved from /home/airflow/.local/lib/python3.7/site-packages/airflow/example_dags/example_branch_python_dop_operator_3.py
[2023-04-10 12:51:06,876] {logging_mixin.py:109} INFO - [2023-04-10 12:51:06,876] {dag.py:2398} INFO - Sync 1 DAGs
[2023-04-10 12:51:06,965] {logging_mixin.py:109} INFO - [2023-04-10 12:51:06,965] {dag.py:2937} INFO - Setting next_dagrun for example_branch_dop_operator_v3 to 2023-04-10T12:50:00+00:00
[2023-04-10 12:51:06,975] {processor.py:171} INFO - Processing /home/airflow/.local/lib/python3.7/site-packages/airflow/example_dags/example_branch_python_dop_operator_3.py took 0.132 seconds
