[2023-04-10 12:44:47,618] {processor.py:163} INFO - Started process (PID=316) to work on /home/airflow/.local/lib/python3.7/site-packages/airflow/example_dags/example_branch_operator.py
[2023-04-10 12:44:47,619] {processor.py:642} INFO - Processing file /home/airflow/.local/lib/python3.7/site-packages/airflow/example_dags/example_branch_operator.py for tasks to queue
[2023-04-10 12:44:47,620] {logging_mixin.py:109} INFO - [2023-04-10 12:44:47,620] {dagbag.py:500} INFO - Filling up the DagBag from /home/airflow/.local/lib/python3.7/site-packages/airflow/example_dags/example_branch_operator.py
[2023-04-10 12:44:47,637] {processor.py:652} INFO - DAG(s) dict_keys(['example_branch_operator']) retrieved from /home/airflow/.local/lib/python3.7/site-packages/airflow/example_dags/example_branch_operator.py
[2023-04-10 12:44:48,868] {logging_mixin.py:109} INFO - [2023-04-10 12:44:48,868] {providers_manager.py:702} WARNING - The field in_cluster from class KubernetesHook does not start with 'extra__'. Ignoring it.
[2023-04-10 12:44:48,869] {logging_mixin.py:109} INFO - [2023-04-10 12:44:48,869] {providers_manager.py:702} WARNING - The field kube_config_path from class KubernetesHook does not start with 'extra__'. Ignoring it.
[2023-04-10 12:44:48,869] {logging_mixin.py:109} INFO - [2023-04-10 12:44:48,869] {providers_manager.py:702} WARNING - The field kube_config from class KubernetesHook does not start with 'extra__'. Ignoring it.
[2023-04-10 12:44:48,869] {logging_mixin.py:109} INFO - [2023-04-10 12:44:48,869] {providers_manager.py:702} WARNING - The field namespace from class KubernetesHook does not start with 'extra__'. Ignoring it.
[2023-04-10 12:44:48,870] {logging_mixin.py:109} INFO - [2023-04-10 12:44:48,870] {providers_manager.py:702} WARNING - The field cluster_context from class KubernetesHook does not start with 'extra__'. Ignoring it.
[2023-04-10 12:44:48,870] {logging_mixin.py:109} INFO - [2023-04-10 12:44:48,870] {providers_manager.py:702} WARNING - The field disable_verify_ssl from class KubernetesHook does not start with 'extra__'. Ignoring it.
[2023-04-10 12:44:48,870] {logging_mixin.py:109} INFO - [2023-04-10 12:44:48,870] {providers_manager.py:702} WARNING - The field disable_tcp_keepalive from class KubernetesHook does not start with 'extra__'. Ignoring it.
[2023-04-10 12:44:48,871] {logging_mixin.py:109} INFO - [2023-04-10 12:44:48,871] {providers_manager.py:702} WARNING - The field xcom_sidecar_container_image from class KubernetesHook does not start with 'extra__'. Ignoring it.
[2023-04-10 12:44:48,922] {logging_mixin.py:109} INFO - [2023-04-10 12:44:48,921] {providers_manager.py:702} WARNING - The field reauth from class DockerHook does not start with 'extra__'. Ignoring it.
[2023-04-10 12:44:48,922] {logging_mixin.py:109} INFO - [2023-04-10 12:44:48,922] {providers_manager.py:702} WARNING - The field email from class DockerHook does not start with 'extra__'. Ignoring it.
[2023-04-10 12:44:49,397] {logging_mixin.py:109} INFO - [2023-04-10 12:44:49,397] {providers_manager.py:702} WARNING - The field project from class GoogleBaseHook does not start with 'extra__'. Ignoring it.
[2023-04-10 12:44:49,398] {logging_mixin.py:109} INFO - [2023-04-10 12:44:49,398] {providers_manager.py:702} WARNING - The field key_path from class GoogleBaseHook does not start with 'extra__'. Ignoring it.
[2023-04-10 12:44:49,398] {logging_mixin.py:109} INFO - [2023-04-10 12:44:49,398] {providers_manager.py:702} WARNING - The field keyfile_dict from class GoogleBaseHook does not start with 'extra__'. Ignoring it.
[2023-04-10 12:44:49,399] {logging_mixin.py:109} INFO - [2023-04-10 12:44:49,398] {providers_manager.py:702} WARNING - The field scope from class GoogleBaseHook does not start with 'extra__'. Ignoring it.
[2023-04-10 12:44:49,399] {logging_mixin.py:109} INFO - [2023-04-10 12:44:49,399] {providers_manager.py:702} WARNING - The field key_secret_name from class GoogleBaseHook does not start with 'extra__'. Ignoring it.
[2023-04-10 12:44:49,399] {logging_mixin.py:109} INFO - [2023-04-10 12:44:49,399] {providers_manager.py:702} WARNING - The field key_secret_project_id from class GoogleBaseHook does not start with 'extra__'. Ignoring it.
[2023-04-10 12:44:49,400] {logging_mixin.py:109} INFO - [2023-04-10 12:44:49,400] {providers_manager.py:702} WARNING - The field num_retries from class GoogleBaseHook does not start with 'extra__'. Ignoring it.
[2023-04-10 12:44:50,158] {logging_mixin.py:109} INFO - [2023-04-10 12:44:50,158] {providers_manager.py:702} WARNING - The field auth_type from class GrpcHook does not start with 'extra__'. Ignoring it.
[2023-04-10 12:44:50,159] {logging_mixin.py:109} INFO - [2023-04-10 12:44:50,159] {providers_manager.py:702} WARNING - The field credential_pem_file from class GrpcHook does not start with 'extra__'. Ignoring it.
[2023-04-10 12:44:50,159] {logging_mixin.py:109} INFO - [2023-04-10 12:44:50,159] {providers_manager.py:702} WARNING - The field scopes from class GrpcHook does not start with 'extra__'. Ignoring it.
[2023-04-10 12:44:50,226] {logging_mixin.py:109} INFO - [2023-04-10 12:44:50,225] {providers_manager.py:702} WARNING - The field tenant from class AzureDataExplorerHook does not start with 'extra__'. Ignoring it.
[2023-04-10 12:44:50,226] {logging_mixin.py:109} INFO - [2023-04-10 12:44:50,226] {providers_manager.py:702} WARNING - The field auth_method from class AzureDataExplorerHook does not start with 'extra__'. Ignoring it.
[2023-04-10 12:44:50,227] {logging_mixin.py:109} INFO - [2023-04-10 12:44:50,227] {providers_manager.py:702} WARNING - The field certificate from class AzureDataExplorerHook does not start with 'extra__'. Ignoring it.
[2023-04-10 12:44:50,227] {logging_mixin.py:109} INFO - [2023-04-10 12:44:50,227] {providers_manager.py:702} WARNING - The field thumbprint from class AzureDataExplorerHook does not start with 'extra__'. Ignoring it.
[2023-04-10 12:44:50,245] {logging_mixin.py:109} INFO - [2023-04-10 12:44:50,245] {providers_manager.py:702} WARNING - The field account_url from class AzureBatchHook does not start with 'extra__'. Ignoring it.
[2023-04-10 12:44:50,260] {logging_mixin.py:109} INFO - [2023-04-10 12:44:50,260] {providers_manager.py:702} WARNING - The field database_name from class AzureCosmosDBHook does not start with 'extra__'. Ignoring it.
[2023-04-10 12:44:50,260] {logging_mixin.py:109} INFO - [2023-04-10 12:44:50,260] {providers_manager.py:702} WARNING - The field collection_name from class AzureCosmosDBHook does not start with 'extra__'. Ignoring it.
[2023-04-10 12:44:50,297] {logging_mixin.py:109} INFO - [2023-04-10 12:44:50,297] {providers_manager.py:702} WARNING - The field sas_token from class AzureFileShareHook does not start with 'extra__'. Ignoring it.
[2023-04-10 12:44:50,297] {logging_mixin.py:109} INFO - [2023-04-10 12:44:50,297] {providers_manager.py:702} WARNING - The field connection_string from class AzureFileShareHook does not start with 'extra__'. Ignoring it.
[2023-04-10 12:44:50,298] {logging_mixin.py:109} INFO - [2023-04-10 12:44:50,298] {providers_manager.py:702} WARNING - The field protocol from class AzureFileShareHook does not start with 'extra__'. Ignoring it.
[2023-04-10 12:44:50,320] {logging_mixin.py:109} INFO - [2023-04-10 12:44:50,319] {providers_manager.py:702} WARNING - The field connection_string from class AzureContainerVolumeHook does not start with 'extra__'. Ignoring it.
[2023-04-10 12:44:50,396] {logging_mixin.py:109} INFO - [2023-04-10 12:44:50,395] {providers_manager.py:702} WARNING - The field tenantId from class AzureDataFactoryHook does not start with 'extra__'. Ignoring it.
[2023-04-10 12:44:50,396] {logging_mixin.py:109} INFO - [2023-04-10 12:44:50,396] {providers_manager.py:702} WARNING - The field subscriptionId from class AzureDataFactoryHook does not start with 'extra__'. Ignoring it.
[2023-04-10 12:44:50,396] {logging_mixin.py:109} INFO - [2023-04-10 12:44:50,396] {providers_manager.py:702} WARNING - The field resource_group_name from class AzureDataFactoryHook does not start with 'extra__'. Ignoring it.
[2023-04-10 12:44:50,397] {logging_mixin.py:109} INFO - [2023-04-10 12:44:50,397] {providers_manager.py:702} WARNING - The field factory_name from class AzureDataFactoryHook does not start with 'extra__'. Ignoring it.
[2023-04-10 12:44:50,465] {logging_mixin.py:109} INFO - [2023-04-10 12:44:50,465] {providers_manager.py:702} WARNING - The field tenantId from class AzureSynapseHook does not start with 'extra__'. Ignoring it.
[2023-04-10 12:44:50,466] {logging_mixin.py:109} INFO - [2023-04-10 12:44:50,466] {providers_manager.py:702} WARNING - The field subscriptionId from class AzureSynapseHook does not start with 'extra__'. Ignoring it.
[2023-04-10 12:44:50,581] {logging_mixin.py:109} WARNING - /home/airflow/.local/lib/python3.7/site-packages/snowflake/connector/options.py:99 UserWarning: You have an incompatible version of 'pyarrow' installed (9.0.0), please install a version that adheres to: 'pyarrow<6.1.0,>=6.0.0; extra == "pandas"'
[2023-04-10 12:44:50,924] {logging_mixin.py:109} INFO - [2023-04-10 12:44:50,923] {providers_manager.py:702} WARNING - The field in_cluster from class KubernetesHook does not start with 'extra__'. Ignoring it.
[2023-04-10 12:44:50,924] {logging_mixin.py:109} INFO - [2023-04-10 12:44:50,924] {providers_manager.py:702} WARNING - The field kube_config_path from class KubernetesHook does not start with 'extra__'. Ignoring it.
[2023-04-10 12:44:50,924] {logging_mixin.py:109} INFO - [2023-04-10 12:44:50,924] {providers_manager.py:702} WARNING - The field kube_config from class KubernetesHook does not start with 'extra__'. Ignoring it.
[2023-04-10 12:44:50,925] {logging_mixin.py:109} INFO - [2023-04-10 12:44:50,925] {providers_manager.py:702} WARNING - The field namespace from class KubernetesHook does not start with 'extra__'. Ignoring it.
[2023-04-10 12:44:50,925] {logging_mixin.py:109} INFO - [2023-04-10 12:44:50,925] {providers_manager.py:702} WARNING - The field cluster_context from class KubernetesHook does not start with 'extra__'. Ignoring it.
[2023-04-10 12:44:50,926] {logging_mixin.py:109} INFO - [2023-04-10 12:44:50,926] {providers_manager.py:702} WARNING - The field disable_verify_ssl from class KubernetesHook does not start with 'extra__'. Ignoring it.
[2023-04-10 12:44:50,926] {logging_mixin.py:109} INFO - [2023-04-10 12:44:50,926] {providers_manager.py:702} WARNING - The field disable_tcp_keepalive from class KubernetesHook does not start with 'extra__'. Ignoring it.
[2023-04-10 12:44:50,927] {logging_mixin.py:109} INFO - [2023-04-10 12:44:50,926] {providers_manager.py:702} WARNING - The field xcom_sidecar_container_image from class KubernetesHook does not start with 'extra__'. Ignoring it.
[2023-04-10 12:44:50,928] {logging_mixin.py:109} INFO - [2023-04-10 12:44:50,928] {providers_manager.py:702} WARNING - The field reauth from class DockerHook does not start with 'extra__'. Ignoring it.
[2023-04-10 12:44:50,928] {logging_mixin.py:109} INFO - [2023-04-10 12:44:50,928] {providers_manager.py:702} WARNING - The field email from class DockerHook does not start with 'extra__'. Ignoring it.
[2023-04-10 12:44:50,929] {logging_mixin.py:109} INFO - [2023-04-10 12:44:50,929] {providers_manager.py:702} WARNING - The field project from class GoogleBaseHook does not start with 'extra__'. Ignoring it.
[2023-04-10 12:44:50,930] {logging_mixin.py:109} INFO - [2023-04-10 12:44:50,930] {providers_manager.py:702} WARNING - The field key_path from class GoogleBaseHook does not start with 'extra__'. Ignoring it.
[2023-04-10 12:44:50,930] {logging_mixin.py:109} INFO - [2023-04-10 12:44:50,930] {providers_manager.py:702} WARNING - The field keyfile_dict from class GoogleBaseHook does not start with 'extra__'. Ignoring it.
[2023-04-10 12:44:50,931] {logging_mixin.py:109} INFO - [2023-04-10 12:44:50,931] {providers_manager.py:702} WARNING - The field scope from class GoogleBaseHook does not start with 'extra__'. Ignoring it.
[2023-04-10 12:44:50,931] {logging_mixin.py:109} INFO - [2023-04-10 12:44:50,931] {providers_manager.py:702} WARNING - The field key_secret_name from class GoogleBaseHook does not start with 'extra__'. Ignoring it.
[2023-04-10 12:44:50,932] {logging_mixin.py:109} INFO - [2023-04-10 12:44:50,932] {providers_manager.py:702} WARNING - The field key_secret_project_id from class GoogleBaseHook does not start with 'extra__'. Ignoring it.
[2023-04-10 12:44:50,932] {logging_mixin.py:109} INFO - [2023-04-10 12:44:50,932] {providers_manager.py:702} WARNING - The field num_retries from class GoogleBaseHook does not start with 'extra__'. Ignoring it.
[2023-04-10 12:44:50,934] {logging_mixin.py:109} INFO - [2023-04-10 12:44:50,934] {providers_manager.py:702} WARNING - The field auth_type from class GrpcHook does not start with 'extra__'. Ignoring it.
[2023-04-10 12:44:50,934] {logging_mixin.py:109} INFO - [2023-04-10 12:44:50,934] {providers_manager.py:702} WARNING - The field credential_pem_file from class GrpcHook does not start with 'extra__'. Ignoring it.
[2023-04-10 12:44:50,935] {logging_mixin.py:109} INFO - [2023-04-10 12:44:50,935] {providers_manager.py:702} WARNING - The field scopes from class GrpcHook does not start with 'extra__'. Ignoring it.
[2023-04-10 12:44:50,936] {logging_mixin.py:109} INFO - [2023-04-10 12:44:50,936] {providers_manager.py:702} WARNING - The field tenant from class AzureDataExplorerHook does not start with 'extra__'. Ignoring it.
[2023-04-10 12:44:50,936] {logging_mixin.py:109} INFO - [2023-04-10 12:44:50,936] {providers_manager.py:702} WARNING - The field auth_method from class AzureDataExplorerHook does not start with 'extra__'. Ignoring it.
[2023-04-10 12:44:50,936] {logging_mixin.py:109} INFO - [2023-04-10 12:44:50,936] {providers_manager.py:702} WARNING - The field certificate from class AzureDataExplorerHook does not start with 'extra__'. Ignoring it.
[2023-04-10 12:44:50,937] {logging_mixin.py:109} INFO - [2023-04-10 12:44:50,937] {providers_manager.py:702} WARNING - The field thumbprint from class AzureDataExplorerHook does not start with 'extra__'. Ignoring it.
[2023-04-10 12:44:50,937] {logging_mixin.py:109} INFO - [2023-04-10 12:44:50,937] {providers_manager.py:702} WARNING - The field account_url from class AzureBatchHook does not start with 'extra__'. Ignoring it.
[2023-04-10 12:44:50,938] {logging_mixin.py:109} INFO - [2023-04-10 12:44:50,938] {providers_manager.py:702} WARNING - The field database_name from class AzureCosmosDBHook does not start with 'extra__'. Ignoring it.
[2023-04-10 12:44:50,939] {logging_mixin.py:109} INFO - [2023-04-10 12:44:50,938] {providers_manager.py:702} WARNING - The field collection_name from class AzureCosmosDBHook does not start with 'extra__'. Ignoring it.
[2023-04-10 12:44:50,945] {logging_mixin.py:109} INFO - [2023-04-10 12:44:50,945] {providers_manager.py:702} WARNING - The field sas_token from class AzureFileShareHook does not start with 'extra__'. Ignoring it.
[2023-04-10 12:44:50,945] {logging_mixin.py:109} INFO - [2023-04-10 12:44:50,945] {providers_manager.py:702} WARNING - The field connection_string from class AzureFileShareHook does not start with 'extra__'. Ignoring it.
[2023-04-10 12:44:50,946] {logging_mixin.py:109} INFO - [2023-04-10 12:44:50,946] {providers_manager.py:702} WARNING - The field protocol from class AzureFileShareHook does not start with 'extra__'. Ignoring it.
[2023-04-10 12:44:50,947] {logging_mixin.py:109} INFO - [2023-04-10 12:44:50,947] {providers_manager.py:702} WARNING - The field connection_string from class AzureContainerVolumeHook does not start with 'extra__'. Ignoring it.
[2023-04-10 12:44:50,950] {logging_mixin.py:109} INFO - [2023-04-10 12:44:50,950] {providers_manager.py:702} WARNING - The field tenantId from class AzureDataFactoryHook does not start with 'extra__'. Ignoring it.
[2023-04-10 12:44:50,951] {logging_mixin.py:109} INFO - [2023-04-10 12:44:50,951] {providers_manager.py:702} WARNING - The field subscriptionId from class AzureDataFactoryHook does not start with 'extra__'. Ignoring it.
[2023-04-10 12:44:50,951] {logging_mixin.py:109} INFO - [2023-04-10 12:44:50,951] {providers_manager.py:702} WARNING - The field resource_group_name from class AzureDataFactoryHook does not start with 'extra__'. Ignoring it.
[2023-04-10 12:44:50,952] {logging_mixin.py:109} INFO - [2023-04-10 12:44:50,952] {providers_manager.py:702} WARNING - The field factory_name from class AzureDataFactoryHook does not start with 'extra__'. Ignoring it.
[2023-04-10 12:44:50,953] {logging_mixin.py:109} INFO - [2023-04-10 12:44:50,953] {providers_manager.py:702} WARNING - The field tenantId from class AzureSynapseHook does not start with 'extra__'. Ignoring it.
[2023-04-10 12:44:50,954] {logging_mixin.py:109} INFO - [2023-04-10 12:44:50,954] {providers_manager.py:702} WARNING - The field subscriptionId from class AzureSynapseHook does not start with 'extra__'. Ignoring it.
[2023-04-10 12:44:50,987] {logging_mixin.py:109} INFO - [2023-04-10 12:44:50,987] {manager.py:496} INFO - Created Permission View: can edit on DAG:example_branch_operator
[2023-04-10 12:44:51,001] {logging_mixin.py:109} INFO - [2023-04-10 12:44:51,000] {manager.py:496} INFO - Created Permission View: can read on DAG:example_branch_operator
[2023-04-10 12:44:51,002] {logging_mixin.py:109} INFO - [2023-04-10 12:44:51,001] {dag.py:2398} INFO - Sync 1 DAGs
[2023-04-10 12:44:51,136] {logging_mixin.py:109} INFO - [2023-04-10 12:44:51,135] {dag.py:2417} INFO - Creating ORM DAG for example_branch_operator
[2023-04-10 12:44:51,145] {logging_mixin.py:109} INFO - [2023-04-10 12:44:51,145] {dag.py:2937} INFO - Setting next_dagrun for example_branch_operator to 2023-04-09 00:00:00+00:00
[2023-04-10 12:44:51,160] {processor.py:171} INFO - Processing /home/airflow/.local/lib/python3.7/site-packages/airflow/example_dags/example_branch_operator.py took 3.546 seconds
[2023-04-10 12:45:21,954] {processor.py:163} INFO - Started process (PID=559) to work on /home/airflow/.local/lib/python3.7/site-packages/airflow/example_dags/example_branch_operator.py
[2023-04-10 12:45:21,956] {processor.py:642} INFO - Processing file /home/airflow/.local/lib/python3.7/site-packages/airflow/example_dags/example_branch_operator.py for tasks to queue
[2023-04-10 12:45:21,957] {logging_mixin.py:109} INFO - [2023-04-10 12:45:21,957] {dagbag.py:500} INFO - Filling up the DagBag from /home/airflow/.local/lib/python3.7/site-packages/airflow/example_dags/example_branch_operator.py
[2023-04-10 12:45:21,974] {processor.py:652} INFO - DAG(s) dict_keys(['example_branch_operator']) retrieved from /home/airflow/.local/lib/python3.7/site-packages/airflow/example_dags/example_branch_operator.py
[2023-04-10 12:45:22,036] {logging_mixin.py:109} INFO - [2023-04-10 12:45:22,036] {dag.py:2398} INFO - Sync 1 DAGs
[2023-04-10 12:45:22,070] {logging_mixin.py:109} INFO - [2023-04-10 12:45:22,070] {dag.py:2937} INFO - Setting next_dagrun for example_branch_operator to 2023-04-09 00:00:00+00:00
[2023-04-10 12:45:22,085] {processor.py:171} INFO - Processing /home/airflow/.local/lib/python3.7/site-packages/airflow/example_dags/example_branch_operator.py took 0.136 seconds
[2023-04-10 12:45:52,751] {processor.py:163} INFO - Started process (PID=620) to work on /home/airflow/.local/lib/python3.7/site-packages/airflow/example_dags/example_branch_operator.py
[2023-04-10 12:45:52,752] {processor.py:642} INFO - Processing file /home/airflow/.local/lib/python3.7/site-packages/airflow/example_dags/example_branch_operator.py for tasks to queue
[2023-04-10 12:45:52,753] {logging_mixin.py:109} INFO - [2023-04-10 12:45:52,753] {dagbag.py:500} INFO - Filling up the DagBag from /home/airflow/.local/lib/python3.7/site-packages/airflow/example_dags/example_branch_operator.py
[2023-04-10 12:45:52,783] {processor.py:652} INFO - DAG(s) dict_keys(['example_branch_operator']) retrieved from /home/airflow/.local/lib/python3.7/site-packages/airflow/example_dags/example_branch_operator.py
[2023-04-10 12:45:52,814] {logging_mixin.py:109} INFO - [2023-04-10 12:45:52,814] {dag.py:2398} INFO - Sync 1 DAGs
[2023-04-10 12:45:52,833] {logging_mixin.py:109} INFO - [2023-04-10 12:45:52,833] {dag.py:2937} INFO - Setting next_dagrun for example_branch_operator to 2023-04-09 00:00:00+00:00
[2023-04-10 12:45:52,847] {processor.py:171} INFO - Processing /home/airflow/.local/lib/python3.7/site-packages/airflow/example_dags/example_branch_operator.py took 0.099 seconds
[2023-04-10 12:46:23,072] {processor.py:163} INFO - Started process (PID=673) to work on /home/airflow/.local/lib/python3.7/site-packages/airflow/example_dags/example_branch_operator.py
[2023-04-10 12:46:23,074] {processor.py:642} INFO - Processing file /home/airflow/.local/lib/python3.7/site-packages/airflow/example_dags/example_branch_operator.py for tasks to queue
[2023-04-10 12:46:23,074] {logging_mixin.py:109} INFO - [2023-04-10 12:46:23,074] {dagbag.py:500} INFO - Filling up the DagBag from /home/airflow/.local/lib/python3.7/site-packages/airflow/example_dags/example_branch_operator.py
[2023-04-10 12:46:23,089] {processor.py:652} INFO - DAG(s) dict_keys(['example_branch_operator']) retrieved from /home/airflow/.local/lib/python3.7/site-packages/airflow/example_dags/example_branch_operator.py
[2023-04-10 12:46:23,115] {logging_mixin.py:109} INFO - [2023-04-10 12:46:23,115] {dag.py:2398} INFO - Sync 1 DAGs
[2023-04-10 12:46:23,132] {logging_mixin.py:109} INFO - [2023-04-10 12:46:23,132] {dag.py:2937} INFO - Setting next_dagrun for example_branch_operator to 2023-04-09 00:00:00+00:00
[2023-04-10 12:46:23,144] {processor.py:171} INFO - Processing /home/airflow/.local/lib/python3.7/site-packages/airflow/example_dags/example_branch_operator.py took 0.075 seconds
[2023-04-10 12:46:53,465] {processor.py:163} INFO - Started process (PID=735) to work on /home/airflow/.local/lib/python3.7/site-packages/airflow/example_dags/example_branch_operator.py
[2023-04-10 12:46:53,467] {processor.py:642} INFO - Processing file /home/airflow/.local/lib/python3.7/site-packages/airflow/example_dags/example_branch_operator.py for tasks to queue
[2023-04-10 12:46:53,468] {logging_mixin.py:109} INFO - [2023-04-10 12:46:53,468] {dagbag.py:500} INFO - Filling up the DagBag from /home/airflow/.local/lib/python3.7/site-packages/airflow/example_dags/example_branch_operator.py
[2023-04-10 12:46:53,488] {processor.py:652} INFO - DAG(s) dict_keys(['example_branch_operator']) retrieved from /home/airflow/.local/lib/python3.7/site-packages/airflow/example_dags/example_branch_operator.py
[2023-04-10 12:46:53,517] {logging_mixin.py:109} INFO - [2023-04-10 12:46:53,517] {dag.py:2398} INFO - Sync 1 DAGs
[2023-04-10 12:46:53,540] {logging_mixin.py:109} INFO - [2023-04-10 12:46:53,540] {dag.py:2937} INFO - Setting next_dagrun for example_branch_operator to 2023-04-09 00:00:00+00:00
[2023-04-10 12:46:53,550] {processor.py:171} INFO - Processing /home/airflow/.local/lib/python3.7/site-packages/airflow/example_dags/example_branch_operator.py took 0.089 seconds
[2023-04-10 12:47:23,931] {processor.py:163} INFO - Started process (PID=787) to work on /home/airflow/.local/lib/python3.7/site-packages/airflow/example_dags/example_branch_operator.py
[2023-04-10 12:47:23,933] {processor.py:642} INFO - Processing file /home/airflow/.local/lib/python3.7/site-packages/airflow/example_dags/example_branch_operator.py for tasks to queue
[2023-04-10 12:47:23,935] {logging_mixin.py:109} INFO - [2023-04-10 12:47:23,934] {dagbag.py:500} INFO - Filling up the DagBag from /home/airflow/.local/lib/python3.7/site-packages/airflow/example_dags/example_branch_operator.py
[2023-04-10 12:47:23,954] {processor.py:652} INFO - DAG(s) dict_keys(['example_branch_operator']) retrieved from /home/airflow/.local/lib/python3.7/site-packages/airflow/example_dags/example_branch_operator.py
[2023-04-10 12:47:23,974] {logging_mixin.py:109} INFO - [2023-04-10 12:47:23,974] {dag.py:2398} INFO - Sync 1 DAGs
[2023-04-10 12:47:23,994] {logging_mixin.py:109} INFO - [2023-04-10 12:47:23,994] {dag.py:2937} INFO - Setting next_dagrun for example_branch_operator to 2023-04-09 00:00:00+00:00
[2023-04-10 12:47:24,005] {processor.py:171} INFO - Processing /home/airflow/.local/lib/python3.7/site-packages/airflow/example_dags/example_branch_operator.py took 0.078 seconds
[2023-04-10 12:47:54,938] {processor.py:163} INFO - Started process (PID=849) to work on /home/airflow/.local/lib/python3.7/site-packages/airflow/example_dags/example_branch_operator.py
[2023-04-10 12:47:54,940] {processor.py:642} INFO - Processing file /home/airflow/.local/lib/python3.7/site-packages/airflow/example_dags/example_branch_operator.py for tasks to queue
[2023-04-10 12:47:54,941] {logging_mixin.py:109} INFO - [2023-04-10 12:47:54,941] {dagbag.py:500} INFO - Filling up the DagBag from /home/airflow/.local/lib/python3.7/site-packages/airflow/example_dags/example_branch_operator.py
[2023-04-10 12:47:54,965] {processor.py:652} INFO - DAG(s) dict_keys(['example_branch_operator']) retrieved from /home/airflow/.local/lib/python3.7/site-packages/airflow/example_dags/example_branch_operator.py
[2023-04-10 12:47:54,997] {logging_mixin.py:109} INFO - [2023-04-10 12:47:54,997] {dag.py:2398} INFO - Sync 1 DAGs
[2023-04-10 12:47:55,027] {logging_mixin.py:109} INFO - [2023-04-10 12:47:55,027] {dag.py:2937} INFO - Setting next_dagrun for example_branch_operator to 2023-04-09 00:00:00+00:00
[2023-04-10 12:47:55,043] {processor.py:171} INFO - Processing /home/airflow/.local/lib/python3.7/site-packages/airflow/example_dags/example_branch_operator.py took 0.111 seconds
[2023-04-10 12:48:25,962] {processor.py:163} INFO - Started process (PID=901) to work on /home/airflow/.local/lib/python3.7/site-packages/airflow/example_dags/example_branch_operator.py
[2023-04-10 12:48:25,963] {processor.py:642} INFO - Processing file /home/airflow/.local/lib/python3.7/site-packages/airflow/example_dags/example_branch_operator.py for tasks to queue
[2023-04-10 12:48:25,964] {logging_mixin.py:109} INFO - [2023-04-10 12:48:25,964] {dagbag.py:500} INFO - Filling up the DagBag from /home/airflow/.local/lib/python3.7/site-packages/airflow/example_dags/example_branch_operator.py
[2023-04-10 12:48:25,978] {processor.py:652} INFO - DAG(s) dict_keys(['example_branch_operator']) retrieved from /home/airflow/.local/lib/python3.7/site-packages/airflow/example_dags/example_branch_operator.py
[2023-04-10 12:48:26,004] {logging_mixin.py:109} INFO - [2023-04-10 12:48:26,004] {dag.py:2398} INFO - Sync 1 DAGs
[2023-04-10 12:48:26,028] {logging_mixin.py:109} INFO - [2023-04-10 12:48:26,027] {dag.py:2937} INFO - Setting next_dagrun for example_branch_operator to 2023-04-09 00:00:00+00:00
[2023-04-10 12:48:26,040] {processor.py:171} INFO - Processing /home/airflow/.local/lib/python3.7/site-packages/airflow/example_dags/example_branch_operator.py took 0.080 seconds
[2023-04-10 12:48:56,818] {processor.py:163} INFO - Started process (PID=962) to work on /home/airflow/.local/lib/python3.7/site-packages/airflow/example_dags/example_branch_operator.py
[2023-04-10 12:48:56,819] {processor.py:642} INFO - Processing file /home/airflow/.local/lib/python3.7/site-packages/airflow/example_dags/example_branch_operator.py for tasks to queue
[2023-04-10 12:48:56,820] {logging_mixin.py:109} INFO - [2023-04-10 12:48:56,819] {dagbag.py:500} INFO - Filling up the DagBag from /home/airflow/.local/lib/python3.7/site-packages/airflow/example_dags/example_branch_operator.py
[2023-04-10 12:48:56,835] {processor.py:652} INFO - DAG(s) dict_keys(['example_branch_operator']) retrieved from /home/airflow/.local/lib/python3.7/site-packages/airflow/example_dags/example_branch_operator.py
[2023-04-10 12:48:56,856] {logging_mixin.py:109} INFO - [2023-04-10 12:48:56,856] {dag.py:2398} INFO - Sync 1 DAGs
[2023-04-10 12:48:56,873] {logging_mixin.py:109} INFO - [2023-04-10 12:48:56,873] {dag.py:2937} INFO - Setting next_dagrun for example_branch_operator to 2023-04-09 00:00:00+00:00
[2023-04-10 12:48:56,884] {processor.py:171} INFO - Processing /home/airflow/.local/lib/python3.7/site-packages/airflow/example_dags/example_branch_operator.py took 0.069 seconds
[2023-04-10 12:49:27,786] {processor.py:163} INFO - Started process (PID=1014) to work on /home/airflow/.local/lib/python3.7/site-packages/airflow/example_dags/example_branch_operator.py
[2023-04-10 12:49:27,788] {processor.py:642} INFO - Processing file /home/airflow/.local/lib/python3.7/site-packages/airflow/example_dags/example_branch_operator.py for tasks to queue
[2023-04-10 12:49:27,789] {logging_mixin.py:109} INFO - [2023-04-10 12:49:27,789] {dagbag.py:500} INFO - Filling up the DagBag from /home/airflow/.local/lib/python3.7/site-packages/airflow/example_dags/example_branch_operator.py
[2023-04-10 12:49:27,806] {processor.py:652} INFO - DAG(s) dict_keys(['example_branch_operator']) retrieved from /home/airflow/.local/lib/python3.7/site-packages/airflow/example_dags/example_branch_operator.py
[2023-04-10 12:49:27,827] {logging_mixin.py:109} INFO - [2023-04-10 12:49:27,827] {dag.py:2398} INFO - Sync 1 DAGs
[2023-04-10 12:49:27,845] {logging_mixin.py:109} INFO - [2023-04-10 12:49:27,844] {dag.py:2937} INFO - Setting next_dagrun for example_branch_operator to 2023-04-09 00:00:00+00:00
[2023-04-10 12:49:27,929] {processor.py:171} INFO - Processing /home/airflow/.local/lib/python3.7/site-packages/airflow/example_dags/example_branch_operator.py took 0.146 seconds
[2023-04-10 12:49:58,094] {processor.py:163} INFO - Started process (PID=1075) to work on /home/airflow/.local/lib/python3.7/site-packages/airflow/example_dags/example_branch_operator.py
[2023-04-10 12:49:58,096] {processor.py:642} INFO - Processing file /home/airflow/.local/lib/python3.7/site-packages/airflow/example_dags/example_branch_operator.py for tasks to queue
[2023-04-10 12:49:58,097] {logging_mixin.py:109} INFO - [2023-04-10 12:49:58,097] {dagbag.py:500} INFO - Filling up the DagBag from /home/airflow/.local/lib/python3.7/site-packages/airflow/example_dags/example_branch_operator.py
[2023-04-10 12:49:58,116] {processor.py:652} INFO - DAG(s) dict_keys(['example_branch_operator']) retrieved from /home/airflow/.local/lib/python3.7/site-packages/airflow/example_dags/example_branch_operator.py
[2023-04-10 12:49:58,143] {logging_mixin.py:109} INFO - [2023-04-10 12:49:58,143] {dag.py:2398} INFO - Sync 1 DAGs
[2023-04-10 12:49:58,277] {logging_mixin.py:109} INFO - [2023-04-10 12:49:58,276] {dag.py:2937} INFO - Setting next_dagrun for example_branch_operator to 2023-04-09 00:00:00+00:00
[2023-04-10 12:49:58,287] {processor.py:171} INFO - Processing /home/airflow/.local/lib/python3.7/site-packages/airflow/example_dags/example_branch_operator.py took 0.196 seconds
[2023-04-10 12:50:28,796] {processor.py:163} INFO - Started process (PID=1127) to work on /home/airflow/.local/lib/python3.7/site-packages/airflow/example_dags/example_branch_operator.py
[2023-04-10 12:50:28,797] {processor.py:642} INFO - Processing file /home/airflow/.local/lib/python3.7/site-packages/airflow/example_dags/example_branch_operator.py for tasks to queue
[2023-04-10 12:50:28,798] {logging_mixin.py:109} INFO - [2023-04-10 12:50:28,798] {dagbag.py:500} INFO - Filling up the DagBag from /home/airflow/.local/lib/python3.7/site-packages/airflow/example_dags/example_branch_operator.py
[2023-04-10 12:50:28,813] {processor.py:652} INFO - DAG(s) dict_keys(['example_branch_operator']) retrieved from /home/airflow/.local/lib/python3.7/site-packages/airflow/example_dags/example_branch_operator.py
[2023-04-10 12:50:28,834] {logging_mixin.py:109} INFO - [2023-04-10 12:50:28,833] {dag.py:2398} INFO - Sync 1 DAGs
[2023-04-10 12:50:28,929] {logging_mixin.py:109} INFO - [2023-04-10 12:50:28,929] {dag.py:2937} INFO - Setting next_dagrun for example_branch_operator to 2023-04-09 00:00:00+00:00
[2023-04-10 12:50:28,941] {processor.py:171} INFO - Processing /home/airflow/.local/lib/python3.7/site-packages/airflow/example_dags/example_branch_operator.py took 0.148 seconds
[2023-04-10 12:50:59,455] {processor.py:163} INFO - Started process (PID=1188) to work on /home/airflow/.local/lib/python3.7/site-packages/airflow/example_dags/example_branch_operator.py
[2023-04-10 12:50:59,457] {processor.py:642} INFO - Processing file /home/airflow/.local/lib/python3.7/site-packages/airflow/example_dags/example_branch_operator.py for tasks to queue
[2023-04-10 12:50:59,458] {logging_mixin.py:109} INFO - [2023-04-10 12:50:59,457] {dagbag.py:500} INFO - Filling up the DagBag from /home/airflow/.local/lib/python3.7/site-packages/airflow/example_dags/example_branch_operator.py
[2023-04-10 12:50:59,478] {processor.py:652} INFO - DAG(s) dict_keys(['example_branch_operator']) retrieved from /home/airflow/.local/lib/python3.7/site-packages/airflow/example_dags/example_branch_operator.py
[2023-04-10 12:50:59,502] {logging_mixin.py:109} INFO - [2023-04-10 12:50:59,502] {dag.py:2398} INFO - Sync 1 DAGs
[2023-04-10 12:50:59,600] {logging_mixin.py:109} INFO - [2023-04-10 12:50:59,600] {dag.py:2937} INFO - Setting next_dagrun for example_branch_operator to 2023-04-09 00:00:00+00:00
[2023-04-10 12:50:59,609] {processor.py:171} INFO - Processing /home/airflow/.local/lib/python3.7/site-packages/airflow/example_dags/example_branch_operator.py took 0.157 seconds
