[2023-04-10 12:44:19,670] {processor.py:163} INFO - Started process (PID=71) to work on /home/airflow/.local/lib/python3.7/site-packages/airflow/example_dags/tutorial.py
[2023-04-10 12:44:19,672] {processor.py:642} INFO - Processing file /home/airflow/.local/lib/python3.7/site-packages/airflow/example_dags/tutorial.py for tasks to queue
[2023-04-10 12:44:19,673] {logging_mixin.py:109} INFO - [2023-04-10 12:44:19,672] {dagbag.py:500} INFO - Filling up the DagBag from /home/airflow/.local/lib/python3.7/site-packages/airflow/example_dags/tutorial.py
[2023-04-10 12:44:19,685] {processor.py:652} INFO - DAG(s) dict_keys(['tutorial']) retrieved from /home/airflow/.local/lib/python3.7/site-packages/airflow/example_dags/tutorial.py
[2023-04-10 12:44:20,878] {logging_mixin.py:109} INFO - [2023-04-10 12:44:20,878] {providers_manager.py:702} WARNING - The field in_cluster from class KubernetesHook does not start with 'extra__'. Ignoring it.
[2023-04-10 12:44:20,878] {logging_mixin.py:109} INFO - [2023-04-10 12:44:20,878] {providers_manager.py:702} WARNING - The field kube_config_path from class KubernetesHook does not start with 'extra__'. Ignoring it.
[2023-04-10 12:44:20,878] {logging_mixin.py:109} INFO - [2023-04-10 12:44:20,878] {providers_manager.py:702} WARNING - The field kube_config from class KubernetesHook does not start with 'extra__'. Ignoring it.
[2023-04-10 12:44:20,879] {logging_mixin.py:109} INFO - [2023-04-10 12:44:20,879] {providers_manager.py:702} WARNING - The field namespace from class KubernetesHook does not start with 'extra__'. Ignoring it.
[2023-04-10 12:44:20,879] {logging_mixin.py:109} INFO - [2023-04-10 12:44:20,879] {providers_manager.py:702} WARNING - The field cluster_context from class KubernetesHook does not start with 'extra__'. Ignoring it.
[2023-04-10 12:44:20,880] {logging_mixin.py:109} INFO - [2023-04-10 12:44:20,880] {providers_manager.py:702} WARNING - The field disable_verify_ssl from class KubernetesHook does not start with 'extra__'. Ignoring it.
[2023-04-10 12:44:20,880] {logging_mixin.py:109} INFO - [2023-04-10 12:44:20,880] {providers_manager.py:702} WARNING - The field disable_tcp_keepalive from class KubernetesHook does not start with 'extra__'. Ignoring it.
[2023-04-10 12:44:20,880] {logging_mixin.py:109} INFO - [2023-04-10 12:44:20,880] {providers_manager.py:702} WARNING - The field xcom_sidecar_container_image from class KubernetesHook does not start with 'extra__'. Ignoring it.
[2023-04-10 12:44:20,937] {logging_mixin.py:109} INFO - [2023-04-10 12:44:20,937] {providers_manager.py:702} WARNING - The field reauth from class DockerHook does not start with 'extra__'. Ignoring it.
[2023-04-10 12:44:20,938] {logging_mixin.py:109} INFO - [2023-04-10 12:44:20,937] {providers_manager.py:702} WARNING - The field email from class DockerHook does not start with 'extra__'. Ignoring it.
[2023-04-10 12:44:21,404] {logging_mixin.py:109} INFO - [2023-04-10 12:44:21,404] {providers_manager.py:702} WARNING - The field project from class GoogleBaseHook does not start with 'extra__'. Ignoring it.
[2023-04-10 12:44:21,404] {logging_mixin.py:109} INFO - [2023-04-10 12:44:21,404] {providers_manager.py:702} WARNING - The field key_path from class GoogleBaseHook does not start with 'extra__'. Ignoring it.
[2023-04-10 12:44:21,405] {logging_mixin.py:109} INFO - [2023-04-10 12:44:21,405] {providers_manager.py:702} WARNING - The field keyfile_dict from class GoogleBaseHook does not start with 'extra__'. Ignoring it.
[2023-04-10 12:44:21,405] {logging_mixin.py:109} INFO - [2023-04-10 12:44:21,405] {providers_manager.py:702} WARNING - The field scope from class GoogleBaseHook does not start with 'extra__'. Ignoring it.
[2023-04-10 12:44:21,406] {logging_mixin.py:109} INFO - [2023-04-10 12:44:21,406] {providers_manager.py:702} WARNING - The field key_secret_name from class GoogleBaseHook does not start with 'extra__'. Ignoring it.
[2023-04-10 12:44:21,406] {logging_mixin.py:109} INFO - [2023-04-10 12:44:21,406] {providers_manager.py:702} WARNING - The field key_secret_project_id from class GoogleBaseHook does not start with 'extra__'. Ignoring it.
[2023-04-10 12:44:21,407] {logging_mixin.py:109} INFO - [2023-04-10 12:44:21,407] {providers_manager.py:702} WARNING - The field num_retries from class GoogleBaseHook does not start with 'extra__'. Ignoring it.
[2023-04-10 12:44:22,236] {logging_mixin.py:109} INFO - [2023-04-10 12:44:22,235] {providers_manager.py:702} WARNING - The field auth_type from class GrpcHook does not start with 'extra__'. Ignoring it.
[2023-04-10 12:44:22,236] {logging_mixin.py:109} INFO - [2023-04-10 12:44:22,236] {providers_manager.py:702} WARNING - The field credential_pem_file from class GrpcHook does not start with 'extra__'. Ignoring it.
[2023-04-10 12:44:22,237] {logging_mixin.py:109} INFO - [2023-04-10 12:44:22,237] {providers_manager.py:702} WARNING - The field scopes from class GrpcHook does not start with 'extra__'. Ignoring it.
[2023-04-10 12:44:22,310] {logging_mixin.py:109} INFO - [2023-04-10 12:44:22,310] {providers_manager.py:702} WARNING - The field tenant from class AzureDataExplorerHook does not start with 'extra__'. Ignoring it.
[2023-04-10 12:44:22,311] {logging_mixin.py:109} INFO - [2023-04-10 12:44:22,311] {providers_manager.py:702} WARNING - The field auth_method from class AzureDataExplorerHook does not start with 'extra__'. Ignoring it.
[2023-04-10 12:44:22,311] {logging_mixin.py:109} INFO - [2023-04-10 12:44:22,311] {providers_manager.py:702} WARNING - The field certificate from class AzureDataExplorerHook does not start with 'extra__'. Ignoring it.
[2023-04-10 12:44:22,312] {logging_mixin.py:109} INFO - [2023-04-10 12:44:22,312] {providers_manager.py:702} WARNING - The field thumbprint from class AzureDataExplorerHook does not start with 'extra__'. Ignoring it.
[2023-04-10 12:44:22,330] {logging_mixin.py:109} INFO - [2023-04-10 12:44:22,330] {providers_manager.py:702} WARNING - The field account_url from class AzureBatchHook does not start with 'extra__'. Ignoring it.
[2023-04-10 12:44:22,344] {logging_mixin.py:109} INFO - [2023-04-10 12:44:22,344] {providers_manager.py:702} WARNING - The field database_name from class AzureCosmosDBHook does not start with 'extra__'. Ignoring it.
[2023-04-10 12:44:22,344] {logging_mixin.py:109} INFO - [2023-04-10 12:44:22,344] {providers_manager.py:702} WARNING - The field collection_name from class AzureCosmosDBHook does not start with 'extra__'. Ignoring it.
[2023-04-10 12:44:22,381] {logging_mixin.py:109} INFO - [2023-04-10 12:44:22,381] {providers_manager.py:702} WARNING - The field sas_token from class AzureFileShareHook does not start with 'extra__'. Ignoring it.
[2023-04-10 12:44:22,381] {logging_mixin.py:109} INFO - [2023-04-10 12:44:22,381] {providers_manager.py:702} WARNING - The field connection_string from class AzureFileShareHook does not start with 'extra__'. Ignoring it.
[2023-04-10 12:44:22,382] {logging_mixin.py:109} INFO - [2023-04-10 12:44:22,382] {providers_manager.py:702} WARNING - The field protocol from class AzureFileShareHook does not start with 'extra__'. Ignoring it.
[2023-04-10 12:44:22,400] {logging_mixin.py:109} INFO - [2023-04-10 12:44:22,400] {providers_manager.py:702} WARNING - The field connection_string from class AzureContainerVolumeHook does not start with 'extra__'. Ignoring it.
[2023-04-10 12:44:22,474] {logging_mixin.py:109} INFO - [2023-04-10 12:44:22,473] {providers_manager.py:702} WARNING - The field tenantId from class AzureDataFactoryHook does not start with 'extra__'. Ignoring it.
[2023-04-10 12:44:22,474] {logging_mixin.py:109} INFO - [2023-04-10 12:44:22,474] {providers_manager.py:702} WARNING - The field subscriptionId from class AzureDataFactoryHook does not start with 'extra__'. Ignoring it.
[2023-04-10 12:44:22,474] {logging_mixin.py:109} INFO - [2023-04-10 12:44:22,474] {providers_manager.py:702} WARNING - The field resource_group_name from class AzureDataFactoryHook does not start with 'extra__'. Ignoring it.
[2023-04-10 12:44:22,475] {logging_mixin.py:109} INFO - [2023-04-10 12:44:22,475] {providers_manager.py:702} WARNING - The field factory_name from class AzureDataFactoryHook does not start with 'extra__'. Ignoring it.
[2023-04-10 12:44:22,532] {logging_mixin.py:109} INFO - [2023-04-10 12:44:22,531] {providers_manager.py:702} WARNING - The field tenantId from class AzureSynapseHook does not start with 'extra__'. Ignoring it.
[2023-04-10 12:44:22,532] {logging_mixin.py:109} INFO - [2023-04-10 12:44:22,532] {providers_manager.py:702} WARNING - The field subscriptionId from class AzureSynapseHook does not start with 'extra__'. Ignoring it.
[2023-04-10 12:44:22,609] {logging_mixin.py:109} WARNING - /home/airflow/.local/lib/python3.7/site-packages/snowflake/connector/options.py:99 UserWarning: You have an incompatible version of 'pyarrow' installed (9.0.0), please install a version that adheres to: 'pyarrow<6.1.0,>=6.0.0; extra == "pandas"'
[2023-04-10 12:44:22,914] {logging_mixin.py:109} INFO - [2023-04-10 12:44:22,914] {providers_manager.py:702} WARNING - The field in_cluster from class KubernetesHook does not start with 'extra__'. Ignoring it.
[2023-04-10 12:44:22,915] {logging_mixin.py:109} INFO - [2023-04-10 12:44:22,914] {providers_manager.py:702} WARNING - The field kube_config_path from class KubernetesHook does not start with 'extra__'. Ignoring it.
[2023-04-10 12:44:22,915] {logging_mixin.py:109} INFO - [2023-04-10 12:44:22,915] {providers_manager.py:702} WARNING - The field kube_config from class KubernetesHook does not start with 'extra__'. Ignoring it.
[2023-04-10 12:44:22,916] {logging_mixin.py:109} INFO - [2023-04-10 12:44:22,916] {providers_manager.py:702} WARNING - The field namespace from class KubernetesHook does not start with 'extra__'. Ignoring it.
[2023-04-10 12:44:22,916] {logging_mixin.py:109} INFO - [2023-04-10 12:44:22,916] {providers_manager.py:702} WARNING - The field cluster_context from class KubernetesHook does not start with 'extra__'. Ignoring it.
[2023-04-10 12:44:22,916] {logging_mixin.py:109} INFO - [2023-04-10 12:44:22,916] {providers_manager.py:702} WARNING - The field disable_verify_ssl from class KubernetesHook does not start with 'extra__'. Ignoring it.
[2023-04-10 12:44:22,917] {logging_mixin.py:109} INFO - [2023-04-10 12:44:22,917] {providers_manager.py:702} WARNING - The field disable_tcp_keepalive from class KubernetesHook does not start with 'extra__'. Ignoring it.
[2023-04-10 12:44:22,917] {logging_mixin.py:109} INFO - [2023-04-10 12:44:22,917] {providers_manager.py:702} WARNING - The field xcom_sidecar_container_image from class KubernetesHook does not start with 'extra__'. Ignoring it.
[2023-04-10 12:44:22,918] {logging_mixin.py:109} INFO - [2023-04-10 12:44:22,918] {providers_manager.py:702} WARNING - The field reauth from class DockerHook does not start with 'extra__'. Ignoring it.
[2023-04-10 12:44:22,919] {logging_mixin.py:109} INFO - [2023-04-10 12:44:22,919] {providers_manager.py:702} WARNING - The field email from class DockerHook does not start with 'extra__'. Ignoring it.
[2023-04-10 12:44:22,920] {logging_mixin.py:109} INFO - [2023-04-10 12:44:22,920] {providers_manager.py:702} WARNING - The field project from class GoogleBaseHook does not start with 'extra__'. Ignoring it.
[2023-04-10 12:44:22,920] {logging_mixin.py:109} INFO - [2023-04-10 12:44:22,920] {providers_manager.py:702} WARNING - The field key_path from class GoogleBaseHook does not start with 'extra__'. Ignoring it.
[2023-04-10 12:44:22,921] {logging_mixin.py:109} INFO - [2023-04-10 12:44:22,921] {providers_manager.py:702} WARNING - The field keyfile_dict from class GoogleBaseHook does not start with 'extra__'. Ignoring it.
[2023-04-10 12:44:22,921] {logging_mixin.py:109} INFO - [2023-04-10 12:44:22,921] {providers_manager.py:702} WARNING - The field scope from class GoogleBaseHook does not start with 'extra__'. Ignoring it.
[2023-04-10 12:44:22,921] {logging_mixin.py:109} INFO - [2023-04-10 12:44:22,921] {providers_manager.py:702} WARNING - The field key_secret_name from class GoogleBaseHook does not start with 'extra__'. Ignoring it.
[2023-04-10 12:44:22,922] {logging_mixin.py:109} INFO - [2023-04-10 12:44:22,922] {providers_manager.py:702} WARNING - The field key_secret_project_id from class GoogleBaseHook does not start with 'extra__'. Ignoring it.
[2023-04-10 12:44:22,922] {logging_mixin.py:109} INFO - [2023-04-10 12:44:22,922] {providers_manager.py:702} WARNING - The field num_retries from class GoogleBaseHook does not start with 'extra__'. Ignoring it.
[2023-04-10 12:44:22,924] {logging_mixin.py:109} INFO - [2023-04-10 12:44:22,924] {providers_manager.py:702} WARNING - The field auth_type from class GrpcHook does not start with 'extra__'. Ignoring it.
[2023-04-10 12:44:22,925] {logging_mixin.py:109} INFO - [2023-04-10 12:44:22,925] {providers_manager.py:702} WARNING - The field credential_pem_file from class GrpcHook does not start with 'extra__'. Ignoring it.
[2023-04-10 12:44:22,925] {logging_mixin.py:109} INFO - [2023-04-10 12:44:22,925] {providers_manager.py:702} WARNING - The field scopes from class GrpcHook does not start with 'extra__'. Ignoring it.
[2023-04-10 12:44:22,926] {logging_mixin.py:109} INFO - [2023-04-10 12:44:22,926] {providers_manager.py:702} WARNING - The field tenant from class AzureDataExplorerHook does not start with 'extra__'. Ignoring it.
[2023-04-10 12:44:22,926] {logging_mixin.py:109} INFO - [2023-04-10 12:44:22,926] {providers_manager.py:702} WARNING - The field auth_method from class AzureDataExplorerHook does not start with 'extra__'. Ignoring it.
[2023-04-10 12:44:22,927] {logging_mixin.py:109} INFO - [2023-04-10 12:44:22,927] {providers_manager.py:702} WARNING - The field certificate from class AzureDataExplorerHook does not start with 'extra__'. Ignoring it.
[2023-04-10 12:44:22,927] {logging_mixin.py:109} INFO - [2023-04-10 12:44:22,927] {providers_manager.py:702} WARNING - The field thumbprint from class AzureDataExplorerHook does not start with 'extra__'. Ignoring it.
[2023-04-10 12:44:22,928] {logging_mixin.py:109} INFO - [2023-04-10 12:44:22,928] {providers_manager.py:702} WARNING - The field account_url from class AzureBatchHook does not start with 'extra__'. Ignoring it.
[2023-04-10 12:44:22,929] {logging_mixin.py:109} INFO - [2023-04-10 12:44:22,929] {providers_manager.py:702} WARNING - The field database_name from class AzureCosmosDBHook does not start with 'extra__'. Ignoring it.
[2023-04-10 12:44:22,929] {logging_mixin.py:109} INFO - [2023-04-10 12:44:22,929] {providers_manager.py:702} WARNING - The field collection_name from class AzureCosmosDBHook does not start with 'extra__'. Ignoring it.
[2023-04-10 12:44:22,932] {logging_mixin.py:109} INFO - [2023-04-10 12:44:22,932] {providers_manager.py:702} WARNING - The field sas_token from class AzureFileShareHook does not start with 'extra__'. Ignoring it.
[2023-04-10 12:44:22,932] {logging_mixin.py:109} INFO - [2023-04-10 12:44:22,932] {providers_manager.py:702} WARNING - The field connection_string from class AzureFileShareHook does not start with 'extra__'. Ignoring it.
[2023-04-10 12:44:22,933] {logging_mixin.py:109} INFO - [2023-04-10 12:44:22,933] {providers_manager.py:702} WARNING - The field protocol from class AzureFileShareHook does not start with 'extra__'. Ignoring it.
[2023-04-10 12:44:22,934] {logging_mixin.py:109} INFO - [2023-04-10 12:44:22,933] {providers_manager.py:702} WARNING - The field connection_string from class AzureContainerVolumeHook does not start with 'extra__'. Ignoring it.
[2023-04-10 12:44:22,936] {logging_mixin.py:109} INFO - [2023-04-10 12:44:22,936] {providers_manager.py:702} WARNING - The field tenantId from class AzureDataFactoryHook does not start with 'extra__'. Ignoring it.
[2023-04-10 12:44:22,936] {logging_mixin.py:109} INFO - [2023-04-10 12:44:22,936] {providers_manager.py:702} WARNING - The field subscriptionId from class AzureDataFactoryHook does not start with 'extra__'. Ignoring it.
[2023-04-10 12:44:22,937] {logging_mixin.py:109} INFO - [2023-04-10 12:44:22,937] {providers_manager.py:702} WARNING - The field resource_group_name from class AzureDataFactoryHook does not start with 'extra__'. Ignoring it.
[2023-04-10 12:44:22,937] {logging_mixin.py:109} INFO - [2023-04-10 12:44:22,937] {providers_manager.py:702} WARNING - The field factory_name from class AzureDataFactoryHook does not start with 'extra__'. Ignoring it.
[2023-04-10 12:44:22,938] {logging_mixin.py:109} INFO - [2023-04-10 12:44:22,938] {providers_manager.py:702} WARNING - The field tenantId from class AzureSynapseHook does not start with 'extra__'. Ignoring it.
[2023-04-10 12:44:22,939] {logging_mixin.py:109} INFO - [2023-04-10 12:44:22,939] {providers_manager.py:702} WARNING - The field subscriptionId from class AzureSynapseHook does not start with 'extra__'. Ignoring it.
[2023-04-10 12:44:22,969] {logging_mixin.py:109} INFO - [2023-04-10 12:44:22,968] {manager.py:496} INFO - Created Permission View: can edit on DAG:tutorial
[2023-04-10 12:44:22,981] {logging_mixin.py:109} INFO - [2023-04-10 12:44:22,981] {manager.py:496} INFO - Created Permission View: can read on DAG:tutorial
[2023-04-10 12:44:22,982] {logging_mixin.py:109} INFO - [2023-04-10 12:44:22,982] {dag.py:2398} INFO - Sync 1 DAGs
[2023-04-10 12:44:23,124] {logging_mixin.py:109} INFO - [2023-04-10 12:44:23,124] {dag.py:2417} INFO - Creating ORM DAG for tutorial
[2023-04-10 12:44:23,132] {logging_mixin.py:109} INFO - [2023-04-10 12:44:23,131] {dag.py:2937} INFO - Setting next_dagrun for tutorial to 2023-04-09T12:44:23.131720+00:00
[2023-04-10 12:44:23,146] {processor.py:171} INFO - Processing /home/airflow/.local/lib/python3.7/site-packages/airflow/example_dags/tutorial.py took 3.479 seconds
[2023-04-10 12:45:11,205] {processor.py:163} INFO - Started process (PID=532) to work on /home/airflow/.local/lib/python3.7/site-packages/airflow/example_dags/tutorial.py
[2023-04-10 12:45:11,206] {processor.py:642} INFO - Processing file /home/airflow/.local/lib/python3.7/site-packages/airflow/example_dags/tutorial.py for tasks to queue
[2023-04-10 12:45:11,207] {logging_mixin.py:109} INFO - [2023-04-10 12:45:11,207] {dagbag.py:500} INFO - Filling up the DagBag from /home/airflow/.local/lib/python3.7/site-packages/airflow/example_dags/tutorial.py
[2023-04-10 12:45:11,220] {processor.py:652} INFO - DAG(s) dict_keys(['tutorial']) retrieved from /home/airflow/.local/lib/python3.7/site-packages/airflow/example_dags/tutorial.py
[2023-04-10 12:45:11,238] {logging_mixin.py:109} INFO - [2023-04-10 12:45:11,238] {dag.py:2398} INFO - Sync 1 DAGs
[2023-04-10 12:45:11,254] {logging_mixin.py:109} INFO - [2023-04-10 12:45:11,254] {dag.py:2937} INFO - Setting next_dagrun for tutorial to 2023-04-09T12:45:11.253940+00:00
[2023-04-10 12:45:11,267] {processor.py:171} INFO - Processing /home/airflow/.local/lib/python3.7/site-packages/airflow/example_dags/tutorial.py took 0.065 seconds
[2023-04-10 12:45:42,462] {processor.py:163} INFO - Started process (PID=593) to work on /home/airflow/.local/lib/python3.7/site-packages/airflow/example_dags/tutorial.py
[2023-04-10 12:45:42,463] {processor.py:642} INFO - Processing file /home/airflow/.local/lib/python3.7/site-packages/airflow/example_dags/tutorial.py for tasks to queue
[2023-04-10 12:45:42,464] {logging_mixin.py:109} INFO - [2023-04-10 12:45:42,464] {dagbag.py:500} INFO - Filling up the DagBag from /home/airflow/.local/lib/python3.7/site-packages/airflow/example_dags/tutorial.py
[2023-04-10 12:45:42,487] {processor.py:652} INFO - DAG(s) dict_keys(['tutorial']) retrieved from /home/airflow/.local/lib/python3.7/site-packages/airflow/example_dags/tutorial.py
[2023-04-10 12:45:42,552] {logging_mixin.py:109} INFO - [2023-04-10 12:45:42,552] {dag.py:2398} INFO - Sync 1 DAGs
[2023-04-10 12:45:42,578] {logging_mixin.py:109} INFO - [2023-04-10 12:45:42,578] {dag.py:2937} INFO - Setting next_dagrun for tutorial to 2023-04-09T12:45:42.577366+00:00
[2023-04-10 12:45:42,593] {processor.py:171} INFO - Processing /home/airflow/.local/lib/python3.7/site-packages/airflow/example_dags/tutorial.py took 0.134 seconds
[2023-04-10 12:46:13,722] {processor.py:163} INFO - Started process (PID=645) to work on /home/airflow/.local/lib/python3.7/site-packages/airflow/example_dags/tutorial.py
[2023-04-10 12:46:13,723] {processor.py:642} INFO - Processing file /home/airflow/.local/lib/python3.7/site-packages/airflow/example_dags/tutorial.py for tasks to queue
[2023-04-10 12:46:13,724] {logging_mixin.py:109} INFO - [2023-04-10 12:46:13,724] {dagbag.py:500} INFO - Filling up the DagBag from /home/airflow/.local/lib/python3.7/site-packages/airflow/example_dags/tutorial.py
[2023-04-10 12:46:13,737] {processor.py:652} INFO - DAG(s) dict_keys(['tutorial']) retrieved from /home/airflow/.local/lib/python3.7/site-packages/airflow/example_dags/tutorial.py
[2023-04-10 12:46:13,756] {logging_mixin.py:109} INFO - [2023-04-10 12:46:13,756] {dag.py:2398} INFO - Sync 1 DAGs
[2023-04-10 12:46:13,776] {logging_mixin.py:109} INFO - [2023-04-10 12:46:13,776] {dag.py:2937} INFO - Setting next_dagrun for tutorial to 2023-04-09T12:46:13.775709+00:00
[2023-04-10 12:46:13,786] {processor.py:171} INFO - Processing /home/airflow/.local/lib/python3.7/site-packages/airflow/example_dags/tutorial.py took 0.067 seconds
[2023-04-10 12:46:44,272] {processor.py:163} INFO - Started process (PID=707) to work on /home/airflow/.local/lib/python3.7/site-packages/airflow/example_dags/tutorial.py
[2023-04-10 12:46:44,274] {processor.py:642} INFO - Processing file /home/airflow/.local/lib/python3.7/site-packages/airflow/example_dags/tutorial.py for tasks to queue
[2023-04-10 12:46:44,275] {logging_mixin.py:109} INFO - [2023-04-10 12:46:44,275] {dagbag.py:500} INFO - Filling up the DagBag from /home/airflow/.local/lib/python3.7/site-packages/airflow/example_dags/tutorial.py
[2023-04-10 12:46:44,289] {processor.py:652} INFO - DAG(s) dict_keys(['tutorial']) retrieved from /home/airflow/.local/lib/python3.7/site-packages/airflow/example_dags/tutorial.py
[2023-04-10 12:46:44,310] {logging_mixin.py:109} INFO - [2023-04-10 12:46:44,310] {dag.py:2398} INFO - Sync 1 DAGs
[2023-04-10 12:46:44,327] {logging_mixin.py:109} INFO - [2023-04-10 12:46:44,327] {dag.py:2937} INFO - Setting next_dagrun for tutorial to 2023-04-09T12:46:44.327252+00:00
[2023-04-10 12:46:44,342] {processor.py:171} INFO - Processing /home/airflow/.local/lib/python3.7/site-packages/airflow/example_dags/tutorial.py took 0.072 seconds
[2023-04-10 12:47:15,460] {processor.py:163} INFO - Started process (PID=760) to work on /home/airflow/.local/lib/python3.7/site-packages/airflow/example_dags/tutorial.py
[2023-04-10 12:47:15,461] {processor.py:642} INFO - Processing file /home/airflow/.local/lib/python3.7/site-packages/airflow/example_dags/tutorial.py for tasks to queue
[2023-04-10 12:47:15,462] {logging_mixin.py:109} INFO - [2023-04-10 12:47:15,462] {dagbag.py:500} INFO - Filling up the DagBag from /home/airflow/.local/lib/python3.7/site-packages/airflow/example_dags/tutorial.py
[2023-04-10 12:47:15,476] {processor.py:652} INFO - DAG(s) dict_keys(['tutorial']) retrieved from /home/airflow/.local/lib/python3.7/site-packages/airflow/example_dags/tutorial.py
[2023-04-10 12:47:15,501] {logging_mixin.py:109} INFO - [2023-04-10 12:47:15,501] {dag.py:2398} INFO - Sync 1 DAGs
[2023-04-10 12:47:15,518] {logging_mixin.py:109} INFO - [2023-04-10 12:47:15,518] {dag.py:2937} INFO - Setting next_dagrun for tutorial to 2023-04-09T12:47:15.517702+00:00
[2023-04-10 12:47:15,529] {processor.py:171} INFO - Processing /home/airflow/.local/lib/python3.7/site-packages/airflow/example_dags/tutorial.py took 0.073 seconds
[2023-04-10 12:47:46,245] {processor.py:163} INFO - Started process (PID=821) to work on /home/airflow/.local/lib/python3.7/site-packages/airflow/example_dags/tutorial.py
[2023-04-10 12:47:46,247] {processor.py:642} INFO - Processing file /home/airflow/.local/lib/python3.7/site-packages/airflow/example_dags/tutorial.py for tasks to queue
[2023-04-10 12:47:46,248] {logging_mixin.py:109} INFO - [2023-04-10 12:47:46,248] {dagbag.py:500} INFO - Filling up the DagBag from /home/airflow/.local/lib/python3.7/site-packages/airflow/example_dags/tutorial.py
[2023-04-10 12:47:46,264] {processor.py:652} INFO - DAG(s) dict_keys(['tutorial']) retrieved from /home/airflow/.local/lib/python3.7/site-packages/airflow/example_dags/tutorial.py
[2023-04-10 12:47:46,285] {logging_mixin.py:109} INFO - [2023-04-10 12:47:46,285] {dag.py:2398} INFO - Sync 1 DAGs
[2023-04-10 12:47:46,307] {logging_mixin.py:109} INFO - [2023-04-10 12:47:46,306] {dag.py:2937} INFO - Setting next_dagrun for tutorial to 2023-04-09T12:47:46.306609+00:00
[2023-04-10 12:47:46,325] {processor.py:171} INFO - Processing /home/airflow/.local/lib/python3.7/site-packages/airflow/example_dags/tutorial.py took 0.084 seconds
[2023-04-10 12:48:17,421] {processor.py:163} INFO - Started process (PID=874) to work on /home/airflow/.local/lib/python3.7/site-packages/airflow/example_dags/tutorial.py
[2023-04-10 12:48:17,422] {processor.py:642} INFO - Processing file /home/airflow/.local/lib/python3.7/site-packages/airflow/example_dags/tutorial.py for tasks to queue
[2023-04-10 12:48:17,423] {logging_mixin.py:109} INFO - [2023-04-10 12:48:17,423] {dagbag.py:500} INFO - Filling up the DagBag from /home/airflow/.local/lib/python3.7/site-packages/airflow/example_dags/tutorial.py
[2023-04-10 12:48:17,435] {processor.py:652} INFO - DAG(s) dict_keys(['tutorial']) retrieved from /home/airflow/.local/lib/python3.7/site-packages/airflow/example_dags/tutorial.py
[2023-04-10 12:48:17,459] {logging_mixin.py:109} INFO - [2023-04-10 12:48:17,459] {dag.py:2398} INFO - Sync 1 DAGs
[2023-04-10 12:48:17,479] {logging_mixin.py:109} INFO - [2023-04-10 12:48:17,479] {dag.py:2937} INFO - Setting next_dagrun for tutorial to 2023-04-09T12:48:17.479378+00:00
[2023-04-10 12:48:17,495] {processor.py:171} INFO - Processing /home/airflow/.local/lib/python3.7/site-packages/airflow/example_dags/tutorial.py took 0.077 seconds
[2023-04-10 12:48:48,517] {processor.py:163} INFO - Started process (PID=935) to work on /home/airflow/.local/lib/python3.7/site-packages/airflow/example_dags/tutorial.py
[2023-04-10 12:48:48,518] {processor.py:642} INFO - Processing file /home/airflow/.local/lib/python3.7/site-packages/airflow/example_dags/tutorial.py for tasks to queue
[2023-04-10 12:48:48,519] {logging_mixin.py:109} INFO - [2023-04-10 12:48:48,519] {dagbag.py:500} INFO - Filling up the DagBag from /home/airflow/.local/lib/python3.7/site-packages/airflow/example_dags/tutorial.py
[2023-04-10 12:48:48,534] {processor.py:652} INFO - DAG(s) dict_keys(['tutorial']) retrieved from /home/airflow/.local/lib/python3.7/site-packages/airflow/example_dags/tutorial.py
[2023-04-10 12:48:48,550] {logging_mixin.py:109} INFO - [2023-04-10 12:48:48,550] {dag.py:2398} INFO - Sync 1 DAGs
[2023-04-10 12:48:48,563] {logging_mixin.py:109} INFO - [2023-04-10 12:48:48,563] {dag.py:2937} INFO - Setting next_dagrun for tutorial to 2023-04-09T12:48:48.563432+00:00
[2023-04-10 12:48:48,572] {processor.py:171} INFO - Processing /home/airflow/.local/lib/python3.7/site-packages/airflow/example_dags/tutorial.py took 0.058 seconds
[2023-04-10 12:49:19,084] {processor.py:163} INFO - Started process (PID=987) to work on /home/airflow/.local/lib/python3.7/site-packages/airflow/example_dags/tutorial.py
[2023-04-10 12:49:19,085] {processor.py:642} INFO - Processing file /home/airflow/.local/lib/python3.7/site-packages/airflow/example_dags/tutorial.py for tasks to queue
[2023-04-10 12:49:19,086] {logging_mixin.py:109} INFO - [2023-04-10 12:49:19,086] {dagbag.py:500} INFO - Filling up the DagBag from /home/airflow/.local/lib/python3.7/site-packages/airflow/example_dags/tutorial.py
[2023-04-10 12:49:19,098] {processor.py:652} INFO - DAG(s) dict_keys(['tutorial']) retrieved from /home/airflow/.local/lib/python3.7/site-packages/airflow/example_dags/tutorial.py
[2023-04-10 12:49:19,118] {logging_mixin.py:109} INFO - [2023-04-10 12:49:19,118] {dag.py:2398} INFO - Sync 1 DAGs
[2023-04-10 12:49:19,135] {logging_mixin.py:109} INFO - [2023-04-10 12:49:19,135] {dag.py:2937} INFO - Setting next_dagrun for tutorial to 2023-04-09T12:49:19.134848+00:00
[2023-04-10 12:49:19,149] {processor.py:171} INFO - Processing /home/airflow/.local/lib/python3.7/site-packages/airflow/example_dags/tutorial.py took 0.068 seconds
[2023-04-10 12:49:50,294] {processor.py:163} INFO - Started process (PID=1048) to work on /home/airflow/.local/lib/python3.7/site-packages/airflow/example_dags/tutorial.py
[2023-04-10 12:49:50,295] {processor.py:642} INFO - Processing file /home/airflow/.local/lib/python3.7/site-packages/airflow/example_dags/tutorial.py for tasks to queue
[2023-04-10 12:49:50,296] {logging_mixin.py:109} INFO - [2023-04-10 12:49:50,296] {dagbag.py:500} INFO - Filling up the DagBag from /home/airflow/.local/lib/python3.7/site-packages/airflow/example_dags/tutorial.py
[2023-04-10 12:49:50,307] {processor.py:652} INFO - DAG(s) dict_keys(['tutorial']) retrieved from /home/airflow/.local/lib/python3.7/site-packages/airflow/example_dags/tutorial.py
[2023-04-10 12:49:50,325] {logging_mixin.py:109} INFO - [2023-04-10 12:49:50,324] {dag.py:2398} INFO - Sync 1 DAGs
[2023-04-10 12:49:50,338] {logging_mixin.py:109} INFO - [2023-04-10 12:49:50,338] {dag.py:2937} INFO - Setting next_dagrun for tutorial to 2023-04-09T12:49:50.338271+00:00
[2023-04-10 12:49:50,428] {processor.py:171} INFO - Processing /home/airflow/.local/lib/python3.7/site-packages/airflow/example_dags/tutorial.py took 0.137 seconds
[2023-04-10 12:50:20,866] {processor.py:163} INFO - Started process (PID=1100) to work on /home/airflow/.local/lib/python3.7/site-packages/airflow/example_dags/tutorial.py
[2023-04-10 12:50:20,867] {processor.py:642} INFO - Processing file /home/airflow/.local/lib/python3.7/site-packages/airflow/example_dags/tutorial.py for tasks to queue
[2023-04-10 12:50:20,868] {logging_mixin.py:109} INFO - [2023-04-10 12:50:20,868] {dagbag.py:500} INFO - Filling up the DagBag from /home/airflow/.local/lib/python3.7/site-packages/airflow/example_dags/tutorial.py
[2023-04-10 12:50:20,881] {processor.py:652} INFO - DAG(s) dict_keys(['tutorial']) retrieved from /home/airflow/.local/lib/python3.7/site-packages/airflow/example_dags/tutorial.py
[2023-04-10 12:50:20,899] {logging_mixin.py:109} INFO - [2023-04-10 12:50:20,899] {dag.py:2398} INFO - Sync 1 DAGs
[2023-04-10 12:50:20,991] {logging_mixin.py:109} INFO - [2023-04-10 12:50:20,991] {dag.py:2937} INFO - Setting next_dagrun for tutorial to 2023-04-09T12:50:20.991374+00:00
[2023-04-10 12:50:21,000] {processor.py:171} INFO - Processing /home/airflow/.local/lib/python3.7/site-packages/airflow/example_dags/tutorial.py took 0.137 seconds
[2023-04-10 12:50:51,735] {processor.py:163} INFO - Started process (PID=1161) to work on /home/airflow/.local/lib/python3.7/site-packages/airflow/example_dags/tutorial.py
[2023-04-10 12:50:51,737] {processor.py:642} INFO - Processing file /home/airflow/.local/lib/python3.7/site-packages/airflow/example_dags/tutorial.py for tasks to queue
[2023-04-10 12:50:51,739] {logging_mixin.py:109} INFO - [2023-04-10 12:50:51,739] {dagbag.py:500} INFO - Filling up the DagBag from /home/airflow/.local/lib/python3.7/site-packages/airflow/example_dags/tutorial.py
[2023-04-10 12:50:51,758] {processor.py:652} INFO - DAG(s) dict_keys(['tutorial']) retrieved from /home/airflow/.local/lib/python3.7/site-packages/airflow/example_dags/tutorial.py
[2023-04-10 12:50:51,775] {logging_mixin.py:109} INFO - [2023-04-10 12:50:51,775] {dag.py:2398} INFO - Sync 1 DAGs
[2023-04-10 12:50:51,859] {logging_mixin.py:109} INFO - [2023-04-10 12:50:51,858] {dag.py:2937} INFO - Setting next_dagrun for tutorial to 2023-04-09T12:50:51.858835+00:00
[2023-04-10 12:50:51,868] {processor.py:171} INFO - Processing /home/airflow/.local/lib/python3.7/site-packages/airflow/example_dags/tutorial.py took 0.137 seconds
