[2023-04-10 12:44:23,166] {processor.py:163} INFO - Started process (PID=107) to work on /home/airflow/.local/lib/python3.7/site-packages/airflow/example_dags/tutorial_taskflow_api_etl_virtualenv.py
[2023-04-10 12:44:23,168] {processor.py:642} INFO - Processing file /home/airflow/.local/lib/python3.7/site-packages/airflow/example_dags/tutorial_taskflow_api_etl_virtualenv.py for tasks to queue
[2023-04-10 12:44:23,169] {logging_mixin.py:109} INFO - [2023-04-10 12:44:23,169] {dagbag.py:500} INFO - Filling up the DagBag from /home/airflow/.local/lib/python3.7/site-packages/airflow/example_dags/tutorial_taskflow_api_etl_virtualenv.py
[2023-04-10 12:44:23,193] {processor.py:652} INFO - DAG(s) dict_keys(['tutorial_taskflow_api_etl_virtualenv']) retrieved from /home/airflow/.local/lib/python3.7/site-packages/airflow/example_dags/tutorial_taskflow_api_etl_virtualenv.py
[2023-04-10 12:44:24,280] {logging_mixin.py:109} INFO - [2023-04-10 12:44:24,280] {providers_manager.py:702} WARNING - The field in_cluster from class KubernetesHook does not start with 'extra__'. Ignoring it.
[2023-04-10 12:44:24,281] {logging_mixin.py:109} INFO - [2023-04-10 12:44:24,281] {providers_manager.py:702} WARNING - The field kube_config_path from class KubernetesHook does not start with 'extra__'. Ignoring it.
[2023-04-10 12:44:24,281] {logging_mixin.py:109} INFO - [2023-04-10 12:44:24,281] {providers_manager.py:702} WARNING - The field kube_config from class KubernetesHook does not start with 'extra__'. Ignoring it.
[2023-04-10 12:44:24,282] {logging_mixin.py:109} INFO - [2023-04-10 12:44:24,282] {providers_manager.py:702} WARNING - The field namespace from class KubernetesHook does not start with 'extra__'. Ignoring it.
[2023-04-10 12:44:24,282] {logging_mixin.py:109} INFO - [2023-04-10 12:44:24,282] {providers_manager.py:702} WARNING - The field cluster_context from class KubernetesHook does not start with 'extra__'. Ignoring it.
[2023-04-10 12:44:24,282] {logging_mixin.py:109} INFO - [2023-04-10 12:44:24,282] {providers_manager.py:702} WARNING - The field disable_verify_ssl from class KubernetesHook does not start with 'extra__'. Ignoring it.
[2023-04-10 12:44:24,283] {logging_mixin.py:109} INFO - [2023-04-10 12:44:24,283] {providers_manager.py:702} WARNING - The field disable_tcp_keepalive from class KubernetesHook does not start with 'extra__'. Ignoring it.
[2023-04-10 12:44:24,283] {logging_mixin.py:109} INFO - [2023-04-10 12:44:24,283] {providers_manager.py:702} WARNING - The field xcom_sidecar_container_image from class KubernetesHook does not start with 'extra__'. Ignoring it.
[2023-04-10 12:44:24,337] {logging_mixin.py:109} INFO - [2023-04-10 12:44:24,337] {providers_manager.py:702} WARNING - The field reauth from class DockerHook does not start with 'extra__'. Ignoring it.
[2023-04-10 12:44:24,338] {logging_mixin.py:109} INFO - [2023-04-10 12:44:24,338] {providers_manager.py:702} WARNING - The field email from class DockerHook does not start with 'extra__'. Ignoring it.
[2023-04-10 12:44:24,814] {logging_mixin.py:109} INFO - [2023-04-10 12:44:24,814] {providers_manager.py:702} WARNING - The field project from class GoogleBaseHook does not start with 'extra__'. Ignoring it.
[2023-04-10 12:44:24,815] {logging_mixin.py:109} INFO - [2023-04-10 12:44:24,815] {providers_manager.py:702} WARNING - The field key_path from class GoogleBaseHook does not start with 'extra__'. Ignoring it.
[2023-04-10 12:44:24,815] {logging_mixin.py:109} INFO - [2023-04-10 12:44:24,815] {providers_manager.py:702} WARNING - The field keyfile_dict from class GoogleBaseHook does not start with 'extra__'. Ignoring it.
[2023-04-10 12:44:24,815] {logging_mixin.py:109} INFO - [2023-04-10 12:44:24,815] {providers_manager.py:702} WARNING - The field scope from class GoogleBaseHook does not start with 'extra__'. Ignoring it.
[2023-04-10 12:44:24,816] {logging_mixin.py:109} INFO - [2023-04-10 12:44:24,816] {providers_manager.py:702} WARNING - The field key_secret_name from class GoogleBaseHook does not start with 'extra__'. Ignoring it.
[2023-04-10 12:44:24,816] {logging_mixin.py:109} INFO - [2023-04-10 12:44:24,816] {providers_manager.py:702} WARNING - The field key_secret_project_id from class GoogleBaseHook does not start with 'extra__'. Ignoring it.
[2023-04-10 12:44:24,816] {logging_mixin.py:109} INFO - [2023-04-10 12:44:24,816] {providers_manager.py:702} WARNING - The field num_retries from class GoogleBaseHook does not start with 'extra__'. Ignoring it.
[2023-04-10 12:44:25,649] {logging_mixin.py:109} INFO - [2023-04-10 12:44:25,649] {providers_manager.py:702} WARNING - The field auth_type from class GrpcHook does not start with 'extra__'. Ignoring it.
[2023-04-10 12:44:25,650] {logging_mixin.py:109} INFO - [2023-04-10 12:44:25,650] {providers_manager.py:702} WARNING - The field credential_pem_file from class GrpcHook does not start with 'extra__'. Ignoring it.
[2023-04-10 12:44:25,650] {logging_mixin.py:109} INFO - [2023-04-10 12:44:25,650] {providers_manager.py:702} WARNING - The field scopes from class GrpcHook does not start with 'extra__'. Ignoring it.
[2023-04-10 12:44:25,733] {logging_mixin.py:109} INFO - [2023-04-10 12:44:25,733] {providers_manager.py:702} WARNING - The field tenant from class AzureDataExplorerHook does not start with 'extra__'. Ignoring it.
[2023-04-10 12:44:25,733] {logging_mixin.py:109} INFO - [2023-04-10 12:44:25,733] {providers_manager.py:702} WARNING - The field auth_method from class AzureDataExplorerHook does not start with 'extra__'. Ignoring it.
[2023-04-10 12:44:25,734] {logging_mixin.py:109} INFO - [2023-04-10 12:44:25,734] {providers_manager.py:702} WARNING - The field certificate from class AzureDataExplorerHook does not start with 'extra__'. Ignoring it.
[2023-04-10 12:44:25,734] {logging_mixin.py:109} INFO - [2023-04-10 12:44:25,734] {providers_manager.py:702} WARNING - The field thumbprint from class AzureDataExplorerHook does not start with 'extra__'. Ignoring it.
[2023-04-10 12:44:25,758] {logging_mixin.py:109} INFO - [2023-04-10 12:44:25,757] {providers_manager.py:702} WARNING - The field account_url from class AzureBatchHook does not start with 'extra__'. Ignoring it.
[2023-04-10 12:44:25,773] {logging_mixin.py:109} INFO - [2023-04-10 12:44:25,773] {providers_manager.py:702} WARNING - The field database_name from class AzureCosmosDBHook does not start with 'extra__'. Ignoring it.
[2023-04-10 12:44:25,774] {logging_mixin.py:109} INFO - [2023-04-10 12:44:25,774] {providers_manager.py:702} WARNING - The field collection_name from class AzureCosmosDBHook does not start with 'extra__'. Ignoring it.
[2023-04-10 12:44:25,825] {logging_mixin.py:109} INFO - [2023-04-10 12:44:25,825] {providers_manager.py:702} WARNING - The field sas_token from class AzureFileShareHook does not start with 'extra__'. Ignoring it.
[2023-04-10 12:44:25,826] {logging_mixin.py:109} INFO - [2023-04-10 12:44:25,825] {providers_manager.py:702} WARNING - The field connection_string from class AzureFileShareHook does not start with 'extra__'. Ignoring it.
[2023-04-10 12:44:25,826] {logging_mixin.py:109} INFO - [2023-04-10 12:44:25,826] {providers_manager.py:702} WARNING - The field protocol from class AzureFileShareHook does not start with 'extra__'. Ignoring it.
[2023-04-10 12:44:25,844] {logging_mixin.py:109} INFO - [2023-04-10 12:44:25,844] {providers_manager.py:702} WARNING - The field connection_string from class AzureContainerVolumeHook does not start with 'extra__'. Ignoring it.
[2023-04-10 12:44:25,927] {logging_mixin.py:109} INFO - [2023-04-10 12:44:25,926] {providers_manager.py:702} WARNING - The field tenantId from class AzureDataFactoryHook does not start with 'extra__'. Ignoring it.
[2023-04-10 12:44:25,927] {logging_mixin.py:109} INFO - [2023-04-10 12:44:25,927] {providers_manager.py:702} WARNING - The field subscriptionId from class AzureDataFactoryHook does not start with 'extra__'. Ignoring it.
[2023-04-10 12:44:25,927] {logging_mixin.py:109} INFO - [2023-04-10 12:44:25,927] {providers_manager.py:702} WARNING - The field resource_group_name from class AzureDataFactoryHook does not start with 'extra__'. Ignoring it.
[2023-04-10 12:44:25,928] {logging_mixin.py:109} INFO - [2023-04-10 12:44:25,928] {providers_manager.py:702} WARNING - The field factory_name from class AzureDataFactoryHook does not start with 'extra__'. Ignoring it.
[2023-04-10 12:44:25,978] {logging_mixin.py:109} INFO - [2023-04-10 12:44:25,978] {providers_manager.py:702} WARNING - The field tenantId from class AzureSynapseHook does not start with 'extra__'. Ignoring it.
[2023-04-10 12:44:25,979] {logging_mixin.py:109} INFO - [2023-04-10 12:44:25,978] {providers_manager.py:702} WARNING - The field subscriptionId from class AzureSynapseHook does not start with 'extra__'. Ignoring it.
[2023-04-10 12:44:26,053] {logging_mixin.py:109} WARNING - /home/airflow/.local/lib/python3.7/site-packages/snowflake/connector/options.py:99 UserWarning: You have an incompatible version of 'pyarrow' installed (9.0.0), please install a version that adheres to: 'pyarrow<6.1.0,>=6.0.0; extra == "pandas"'
[2023-04-10 12:44:26,435] {logging_mixin.py:109} INFO - [2023-04-10 12:44:26,435] {providers_manager.py:702} WARNING - The field in_cluster from class KubernetesHook does not start with 'extra__'. Ignoring it.
[2023-04-10 12:44:26,435] {logging_mixin.py:109} INFO - [2023-04-10 12:44:26,435] {providers_manager.py:702} WARNING - The field kube_config_path from class KubernetesHook does not start with 'extra__'. Ignoring it.
[2023-04-10 12:44:26,436] {logging_mixin.py:109} INFO - [2023-04-10 12:44:26,436] {providers_manager.py:702} WARNING - The field kube_config from class KubernetesHook does not start with 'extra__'. Ignoring it.
[2023-04-10 12:44:26,436] {logging_mixin.py:109} INFO - [2023-04-10 12:44:26,436] {providers_manager.py:702} WARNING - The field namespace from class KubernetesHook does not start with 'extra__'. Ignoring it.
[2023-04-10 12:44:26,436] {logging_mixin.py:109} INFO - [2023-04-10 12:44:26,436] {providers_manager.py:702} WARNING - The field cluster_context from class KubernetesHook does not start with 'extra__'. Ignoring it.
[2023-04-10 12:44:26,437] {logging_mixin.py:109} INFO - [2023-04-10 12:44:26,437] {providers_manager.py:702} WARNING - The field disable_verify_ssl from class KubernetesHook does not start with 'extra__'. Ignoring it.
[2023-04-10 12:44:26,437] {logging_mixin.py:109} INFO - [2023-04-10 12:44:26,437] {providers_manager.py:702} WARNING - The field disable_tcp_keepalive from class KubernetesHook does not start with 'extra__'. Ignoring it.
[2023-04-10 12:44:26,438] {logging_mixin.py:109} INFO - [2023-04-10 12:44:26,438] {providers_manager.py:702} WARNING - The field xcom_sidecar_container_image from class KubernetesHook does not start with 'extra__'. Ignoring it.
[2023-04-10 12:44:26,439] {logging_mixin.py:109} INFO - [2023-04-10 12:44:26,438] {providers_manager.py:702} WARNING - The field reauth from class DockerHook does not start with 'extra__'. Ignoring it.
[2023-04-10 12:44:26,439] {logging_mixin.py:109} INFO - [2023-04-10 12:44:26,439] {providers_manager.py:702} WARNING - The field email from class DockerHook does not start with 'extra__'. Ignoring it.
[2023-04-10 12:44:26,440] {logging_mixin.py:109} INFO - [2023-04-10 12:44:26,440] {providers_manager.py:702} WARNING - The field project from class GoogleBaseHook does not start with 'extra__'. Ignoring it.
[2023-04-10 12:44:26,440] {logging_mixin.py:109} INFO - [2023-04-10 12:44:26,440] {providers_manager.py:702} WARNING - The field key_path from class GoogleBaseHook does not start with 'extra__'. Ignoring it.
[2023-04-10 12:44:26,441] {logging_mixin.py:109} INFO - [2023-04-10 12:44:26,441] {providers_manager.py:702} WARNING - The field keyfile_dict from class GoogleBaseHook does not start with 'extra__'. Ignoring it.
[2023-04-10 12:44:26,441] {logging_mixin.py:109} INFO - [2023-04-10 12:44:26,441] {providers_manager.py:702} WARNING - The field scope from class GoogleBaseHook does not start with 'extra__'. Ignoring it.
[2023-04-10 12:44:26,442] {logging_mixin.py:109} INFO - [2023-04-10 12:44:26,442] {providers_manager.py:702} WARNING - The field key_secret_name from class GoogleBaseHook does not start with 'extra__'. Ignoring it.
[2023-04-10 12:44:26,442] {logging_mixin.py:109} INFO - [2023-04-10 12:44:26,442] {providers_manager.py:702} WARNING - The field key_secret_project_id from class GoogleBaseHook does not start with 'extra__'. Ignoring it.
[2023-04-10 12:44:26,443] {logging_mixin.py:109} INFO - [2023-04-10 12:44:26,443] {providers_manager.py:702} WARNING - The field num_retries from class GoogleBaseHook does not start with 'extra__'. Ignoring it.
[2023-04-10 12:44:26,445] {logging_mixin.py:109} INFO - [2023-04-10 12:44:26,445] {providers_manager.py:702} WARNING - The field auth_type from class GrpcHook does not start with 'extra__'. Ignoring it.
[2023-04-10 12:44:26,445] {logging_mixin.py:109} INFO - [2023-04-10 12:44:26,445] {providers_manager.py:702} WARNING - The field credential_pem_file from class GrpcHook does not start with 'extra__'. Ignoring it.
[2023-04-10 12:44:26,446] {logging_mixin.py:109} INFO - [2023-04-10 12:44:26,446] {providers_manager.py:702} WARNING - The field scopes from class GrpcHook does not start with 'extra__'. Ignoring it.
[2023-04-10 12:44:26,447] {logging_mixin.py:109} INFO - [2023-04-10 12:44:26,447] {providers_manager.py:702} WARNING - The field tenant from class AzureDataExplorerHook does not start with 'extra__'. Ignoring it.
[2023-04-10 12:44:26,447] {logging_mixin.py:109} INFO - [2023-04-10 12:44:26,447] {providers_manager.py:702} WARNING - The field auth_method from class AzureDataExplorerHook does not start with 'extra__'. Ignoring it.
[2023-04-10 12:44:26,448] {logging_mixin.py:109} INFO - [2023-04-10 12:44:26,448] {providers_manager.py:702} WARNING - The field certificate from class AzureDataExplorerHook does not start with 'extra__'. Ignoring it.
[2023-04-10 12:44:26,448] {logging_mixin.py:109} INFO - [2023-04-10 12:44:26,448] {providers_manager.py:702} WARNING - The field thumbprint from class AzureDataExplorerHook does not start with 'extra__'. Ignoring it.
[2023-04-10 12:44:26,449] {logging_mixin.py:109} INFO - [2023-04-10 12:44:26,449] {providers_manager.py:702} WARNING - The field account_url from class AzureBatchHook does not start with 'extra__'. Ignoring it.
[2023-04-10 12:44:26,450] {logging_mixin.py:109} INFO - [2023-04-10 12:44:26,450] {providers_manager.py:702} WARNING - The field database_name from class AzureCosmosDBHook does not start with 'extra__'. Ignoring it.
[2023-04-10 12:44:26,451] {logging_mixin.py:109} INFO - [2023-04-10 12:44:26,451] {providers_manager.py:702} WARNING - The field collection_name from class AzureCosmosDBHook does not start with 'extra__'. Ignoring it.
[2023-04-10 12:44:26,456] {logging_mixin.py:109} INFO - [2023-04-10 12:44:26,456] {providers_manager.py:702} WARNING - The field sas_token from class AzureFileShareHook does not start with 'extra__'. Ignoring it.
[2023-04-10 12:44:26,456] {logging_mixin.py:109} INFO - [2023-04-10 12:44:26,456] {providers_manager.py:702} WARNING - The field connection_string from class AzureFileShareHook does not start with 'extra__'. Ignoring it.
[2023-04-10 12:44:26,457] {logging_mixin.py:109} INFO - [2023-04-10 12:44:26,456] {providers_manager.py:702} WARNING - The field protocol from class AzureFileShareHook does not start with 'extra__'. Ignoring it.
[2023-04-10 12:44:26,457] {logging_mixin.py:109} INFO - [2023-04-10 12:44:26,457] {providers_manager.py:702} WARNING - The field connection_string from class AzureContainerVolumeHook does not start with 'extra__'. Ignoring it.
[2023-04-10 12:44:26,460] {logging_mixin.py:109} INFO - [2023-04-10 12:44:26,460] {providers_manager.py:702} WARNING - The field tenantId from class AzureDataFactoryHook does not start with 'extra__'. Ignoring it.
[2023-04-10 12:44:26,461] {logging_mixin.py:109} INFO - [2023-04-10 12:44:26,461] {providers_manager.py:702} WARNING - The field subscriptionId from class AzureDataFactoryHook does not start with 'extra__'. Ignoring it.
[2023-04-10 12:44:26,461] {logging_mixin.py:109} INFO - [2023-04-10 12:44:26,461] {providers_manager.py:702} WARNING - The field resource_group_name from class AzureDataFactoryHook does not start with 'extra__'. Ignoring it.
[2023-04-10 12:44:26,462] {logging_mixin.py:109} INFO - [2023-04-10 12:44:26,462] {providers_manager.py:702} WARNING - The field factory_name from class AzureDataFactoryHook does not start with 'extra__'. Ignoring it.
[2023-04-10 12:44:26,463] {logging_mixin.py:109} INFO - [2023-04-10 12:44:26,463] {providers_manager.py:702} WARNING - The field tenantId from class AzureSynapseHook does not start with 'extra__'. Ignoring it.
[2023-04-10 12:44:26,463] {logging_mixin.py:109} INFO - [2023-04-10 12:44:26,463] {providers_manager.py:702} WARNING - The field subscriptionId from class AzureSynapseHook does not start with 'extra__'. Ignoring it.
[2023-04-10 12:44:26,491] {logging_mixin.py:109} INFO - [2023-04-10 12:44:26,490] {manager.py:496} INFO - Created Permission View: can edit on DAG:tutorial_taskflow_api_etl_virtualenv
[2023-04-10 12:44:26,501] {logging_mixin.py:109} INFO - [2023-04-10 12:44:26,501] {manager.py:496} INFO - Created Permission View: can read on DAG:tutorial_taskflow_api_etl_virtualenv
[2023-04-10 12:44:26,502] {logging_mixin.py:109} INFO - [2023-04-10 12:44:26,501] {dag.py:2398} INFO - Sync 1 DAGs
[2023-04-10 12:44:26,511] {logging_mixin.py:109} INFO - [2023-04-10 12:44:26,510] {dag.py:2417} INFO - Creating ORM DAG for tutorial_taskflow_api_etl_virtualenv
[2023-04-10 12:44:26,519] {logging_mixin.py:109} INFO - [2023-04-10 12:44:26,519] {dag.py:2937} INFO - Setting next_dagrun for tutorial_taskflow_api_etl_virtualenv to None
[2023-04-10 12:44:26,537] {processor.py:171} INFO - Processing /home/airflow/.local/lib/python3.7/site-packages/airflow/example_dags/tutorial_taskflow_api_etl_virtualenv.py took 3.375 seconds
[2023-04-10 12:45:11,284] {processor.py:163} INFO - Started process (PID=533) to work on /home/airflow/.local/lib/python3.7/site-packages/airflow/example_dags/tutorial_taskflow_api_etl_virtualenv.py
[2023-04-10 12:45:11,285] {processor.py:642} INFO - Processing file /home/airflow/.local/lib/python3.7/site-packages/airflow/example_dags/tutorial_taskflow_api_etl_virtualenv.py for tasks to queue
[2023-04-10 12:45:11,286] {logging_mixin.py:109} INFO - [2023-04-10 12:45:11,286] {dagbag.py:500} INFO - Filling up the DagBag from /home/airflow/.local/lib/python3.7/site-packages/airflow/example_dags/tutorial_taskflow_api_etl_virtualenv.py
[2023-04-10 12:45:11,302] {processor.py:652} INFO - DAG(s) dict_keys(['tutorial_taskflow_api_etl_virtualenv']) retrieved from /home/airflow/.local/lib/python3.7/site-packages/airflow/example_dags/tutorial_taskflow_api_etl_virtualenv.py
[2023-04-10 12:45:11,662] {logging_mixin.py:109} INFO - [2023-04-10 12:45:11,661] {dag.py:2398} INFO - Sync 1 DAGs
[2023-04-10 12:45:11,673] {logging_mixin.py:109} INFO - [2023-04-10 12:45:11,673] {dag.py:2937} INFO - Setting next_dagrun for tutorial_taskflow_api_etl_virtualenv to None
[2023-04-10 12:45:11,689] {processor.py:171} INFO - Processing /home/airflow/.local/lib/python3.7/site-packages/airflow/example_dags/tutorial_taskflow_api_etl_virtualenv.py took 0.407 seconds
[2023-04-10 12:45:42,619] {processor.py:163} INFO - Started process (PID=594) to work on /home/airflow/.local/lib/python3.7/site-packages/airflow/example_dags/tutorial_taskflow_api_etl_virtualenv.py
[2023-04-10 12:45:42,620] {processor.py:642} INFO - Processing file /home/airflow/.local/lib/python3.7/site-packages/airflow/example_dags/tutorial_taskflow_api_etl_virtualenv.py for tasks to queue
[2023-04-10 12:45:42,621] {logging_mixin.py:109} INFO - [2023-04-10 12:45:42,621] {dagbag.py:500} INFO - Filling up the DagBag from /home/airflow/.local/lib/python3.7/site-packages/airflow/example_dags/tutorial_taskflow_api_etl_virtualenv.py
[2023-04-10 12:45:42,645] {processor.py:652} INFO - DAG(s) dict_keys(['tutorial_taskflow_api_etl_virtualenv']) retrieved from /home/airflow/.local/lib/python3.7/site-packages/airflow/example_dags/tutorial_taskflow_api_etl_virtualenv.py
[2023-04-10 12:45:43,014] {logging_mixin.py:109} INFO - [2023-04-10 12:45:43,014] {dag.py:2398} INFO - Sync 1 DAGs
[2023-04-10 12:45:43,029] {logging_mixin.py:109} INFO - [2023-04-10 12:45:43,029] {dag.py:2937} INFO - Setting next_dagrun for tutorial_taskflow_api_etl_virtualenv to None
[2023-04-10 12:45:43,043] {processor.py:171} INFO - Processing /home/airflow/.local/lib/python3.7/site-packages/airflow/example_dags/tutorial_taskflow_api_etl_virtualenv.py took 0.427 seconds
[2023-04-10 12:46:13,810] {processor.py:163} INFO - Started process (PID=646) to work on /home/airflow/.local/lib/python3.7/site-packages/airflow/example_dags/tutorial_taskflow_api_etl_virtualenv.py
[2023-04-10 12:46:13,812] {processor.py:642} INFO - Processing file /home/airflow/.local/lib/python3.7/site-packages/airflow/example_dags/tutorial_taskflow_api_etl_virtualenv.py for tasks to queue
[2023-04-10 12:46:13,813] {logging_mixin.py:109} INFO - [2023-04-10 12:46:13,813] {dagbag.py:500} INFO - Filling up the DagBag from /home/airflow/.local/lib/python3.7/site-packages/airflow/example_dags/tutorial_taskflow_api_etl_virtualenv.py
[2023-04-10 12:46:13,830] {processor.py:652} INFO - DAG(s) dict_keys(['tutorial_taskflow_api_etl_virtualenv']) retrieved from /home/airflow/.local/lib/python3.7/site-packages/airflow/example_dags/tutorial_taskflow_api_etl_virtualenv.py
[2023-04-10 12:46:14,179] {logging_mixin.py:109} INFO - [2023-04-10 12:46:14,179] {dag.py:2398} INFO - Sync 1 DAGs
[2023-04-10 12:46:14,194] {logging_mixin.py:109} INFO - [2023-04-10 12:46:14,193] {dag.py:2937} INFO - Setting next_dagrun for tutorial_taskflow_api_etl_virtualenv to None
[2023-04-10 12:46:14,204] {processor.py:171} INFO - Processing /home/airflow/.local/lib/python3.7/site-packages/airflow/example_dags/tutorial_taskflow_api_etl_virtualenv.py took 0.397 seconds
[2023-04-10 12:46:44,307] {processor.py:163} INFO - Started process (PID=708) to work on /home/airflow/.local/lib/python3.7/site-packages/airflow/example_dags/tutorial_taskflow_api_etl_virtualenv.py
[2023-04-10 12:46:44,308] {processor.py:642} INFO - Processing file /home/airflow/.local/lib/python3.7/site-packages/airflow/example_dags/tutorial_taskflow_api_etl_virtualenv.py for tasks to queue
[2023-04-10 12:46:44,309] {logging_mixin.py:109} INFO - [2023-04-10 12:46:44,309] {dagbag.py:500} INFO - Filling up the DagBag from /home/airflow/.local/lib/python3.7/site-packages/airflow/example_dags/tutorial_taskflow_api_etl_virtualenv.py
[2023-04-10 12:46:44,327] {processor.py:652} INFO - DAG(s) dict_keys(['tutorial_taskflow_api_etl_virtualenv']) retrieved from /home/airflow/.local/lib/python3.7/site-packages/airflow/example_dags/tutorial_taskflow_api_etl_virtualenv.py
[2023-04-10 12:46:44,727] {logging_mixin.py:109} INFO - [2023-04-10 12:46:44,727] {dag.py:2398} INFO - Sync 1 DAGs
[2023-04-10 12:46:44,741] {logging_mixin.py:109} INFO - [2023-04-10 12:46:44,740] {dag.py:2937} INFO - Setting next_dagrun for tutorial_taskflow_api_etl_virtualenv to None
[2023-04-10 12:46:44,754] {processor.py:171} INFO - Processing /home/airflow/.local/lib/python3.7/site-packages/airflow/example_dags/tutorial_taskflow_api_etl_virtualenv.py took 0.449 seconds
[2023-04-10 12:47:15,555] {processor.py:163} INFO - Started process (PID=761) to work on /home/airflow/.local/lib/python3.7/site-packages/airflow/example_dags/tutorial_taskflow_api_etl_virtualenv.py
[2023-04-10 12:47:15,557] {processor.py:642} INFO - Processing file /home/airflow/.local/lib/python3.7/site-packages/airflow/example_dags/tutorial_taskflow_api_etl_virtualenv.py for tasks to queue
[2023-04-10 12:47:15,558] {logging_mixin.py:109} INFO - [2023-04-10 12:47:15,558] {dagbag.py:500} INFO - Filling up the DagBag from /home/airflow/.local/lib/python3.7/site-packages/airflow/example_dags/tutorial_taskflow_api_etl_virtualenv.py
[2023-04-10 12:47:15,576] {processor.py:652} INFO - DAG(s) dict_keys(['tutorial_taskflow_api_etl_virtualenv']) retrieved from /home/airflow/.local/lib/python3.7/site-packages/airflow/example_dags/tutorial_taskflow_api_etl_virtualenv.py
[2023-04-10 12:47:15,944] {logging_mixin.py:109} INFO - [2023-04-10 12:47:15,943] {dag.py:2398} INFO - Sync 1 DAGs
[2023-04-10 12:47:15,957] {logging_mixin.py:109} INFO - [2023-04-10 12:47:15,956] {dag.py:2937} INFO - Setting next_dagrun for tutorial_taskflow_api_etl_virtualenv to None
[2023-04-10 12:47:15,967] {processor.py:171} INFO - Processing /home/airflow/.local/lib/python3.7/site-packages/airflow/example_dags/tutorial_taskflow_api_etl_virtualenv.py took 0.415 seconds
[2023-04-10 12:47:46,349] {processor.py:163} INFO - Started process (PID=823) to work on /home/airflow/.local/lib/python3.7/site-packages/airflow/example_dags/tutorial_taskflow_api_etl_virtualenv.py
[2023-04-10 12:47:46,351] {processor.py:642} INFO - Processing file /home/airflow/.local/lib/python3.7/site-packages/airflow/example_dags/tutorial_taskflow_api_etl_virtualenv.py for tasks to queue
[2023-04-10 12:47:46,352] {logging_mixin.py:109} INFO - [2023-04-10 12:47:46,352] {dagbag.py:500} INFO - Filling up the DagBag from /home/airflow/.local/lib/python3.7/site-packages/airflow/example_dags/tutorial_taskflow_api_etl_virtualenv.py
[2023-04-10 12:47:46,370] {processor.py:652} INFO - DAG(s) dict_keys(['tutorial_taskflow_api_etl_virtualenv']) retrieved from /home/airflow/.local/lib/python3.7/site-packages/airflow/example_dags/tutorial_taskflow_api_etl_virtualenv.py
[2023-04-10 12:47:46,821] {logging_mixin.py:109} INFO - [2023-04-10 12:47:46,821] {dag.py:2398} INFO - Sync 1 DAGs
[2023-04-10 12:47:46,836] {logging_mixin.py:109} INFO - [2023-04-10 12:47:46,836] {dag.py:2937} INFO - Setting next_dagrun for tutorial_taskflow_api_etl_virtualenv to None
[2023-04-10 12:47:46,850] {processor.py:171} INFO - Processing /home/airflow/.local/lib/python3.7/site-packages/airflow/example_dags/tutorial_taskflow_api_etl_virtualenv.py took 0.505 seconds
[2023-04-10 12:48:17,431] {processor.py:163} INFO - Started process (PID=875) to work on /home/airflow/.local/lib/python3.7/site-packages/airflow/example_dags/tutorial_taskflow_api_etl_virtualenv.py
[2023-04-10 12:48:17,432] {processor.py:642} INFO - Processing file /home/airflow/.local/lib/python3.7/site-packages/airflow/example_dags/tutorial_taskflow_api_etl_virtualenv.py for tasks to queue
[2023-04-10 12:48:17,433] {logging_mixin.py:109} INFO - [2023-04-10 12:48:17,433] {dagbag.py:500} INFO - Filling up the DagBag from /home/airflow/.local/lib/python3.7/site-packages/airflow/example_dags/tutorial_taskflow_api_etl_virtualenv.py
[2023-04-10 12:48:17,456] {processor.py:652} INFO - DAG(s) dict_keys(['tutorial_taskflow_api_etl_virtualenv']) retrieved from /home/airflow/.local/lib/python3.7/site-packages/airflow/example_dags/tutorial_taskflow_api_etl_virtualenv.py
[2023-04-10 12:48:17,872] {logging_mixin.py:109} INFO - [2023-04-10 12:48:17,871] {dag.py:2398} INFO - Sync 1 DAGs
[2023-04-10 12:48:17,885] {logging_mixin.py:109} INFO - [2023-04-10 12:48:17,885] {dag.py:2937} INFO - Setting next_dagrun for tutorial_taskflow_api_etl_virtualenv to None
[2023-04-10 12:48:17,896] {processor.py:171} INFO - Processing /home/airflow/.local/lib/python3.7/site-packages/airflow/example_dags/tutorial_taskflow_api_etl_virtualenv.py took 0.468 seconds
[2023-04-10 12:48:48,593] {processor.py:163} INFO - Started process (PID=936) to work on /home/airflow/.local/lib/python3.7/site-packages/airflow/example_dags/tutorial_taskflow_api_etl_virtualenv.py
[2023-04-10 12:48:48,594] {processor.py:642} INFO - Processing file /home/airflow/.local/lib/python3.7/site-packages/airflow/example_dags/tutorial_taskflow_api_etl_virtualenv.py for tasks to queue
[2023-04-10 12:48:48,595] {logging_mixin.py:109} INFO - [2023-04-10 12:48:48,595] {dagbag.py:500} INFO - Filling up the DagBag from /home/airflow/.local/lib/python3.7/site-packages/airflow/example_dags/tutorial_taskflow_api_etl_virtualenv.py
[2023-04-10 12:48:48,610] {processor.py:652} INFO - DAG(s) dict_keys(['tutorial_taskflow_api_etl_virtualenv']) retrieved from /home/airflow/.local/lib/python3.7/site-packages/airflow/example_dags/tutorial_taskflow_api_etl_virtualenv.py
[2023-04-10 12:48:48,931] {logging_mixin.py:109} INFO - [2023-04-10 12:48:48,931] {dag.py:2398} INFO - Sync 1 DAGs
[2023-04-10 12:48:48,943] {logging_mixin.py:109} INFO - [2023-04-10 12:48:48,942] {dag.py:2937} INFO - Setting next_dagrun for tutorial_taskflow_api_etl_virtualenv to None
[2023-04-10 12:48:48,952] {processor.py:171} INFO - Processing /home/airflow/.local/lib/python3.7/site-packages/airflow/example_dags/tutorial_taskflow_api_etl_virtualenv.py took 0.361 seconds
[2023-04-10 12:49:19,093] {processor.py:163} INFO - Started process (PID=988) to work on /home/airflow/.local/lib/python3.7/site-packages/airflow/example_dags/tutorial_taskflow_api_etl_virtualenv.py
[2023-04-10 12:49:19,094] {processor.py:642} INFO - Processing file /home/airflow/.local/lib/python3.7/site-packages/airflow/example_dags/tutorial_taskflow_api_etl_virtualenv.py for tasks to queue
[2023-04-10 12:49:19,095] {logging_mixin.py:109} INFO - [2023-04-10 12:49:19,095] {dagbag.py:500} INFO - Filling up the DagBag from /home/airflow/.local/lib/python3.7/site-packages/airflow/example_dags/tutorial_taskflow_api_etl_virtualenv.py
[2023-04-10 12:49:19,111] {processor.py:652} INFO - DAG(s) dict_keys(['tutorial_taskflow_api_etl_virtualenv']) retrieved from /home/airflow/.local/lib/python3.7/site-packages/airflow/example_dags/tutorial_taskflow_api_etl_virtualenv.py
[2023-04-10 12:49:19,460] {logging_mixin.py:109} INFO - [2023-04-10 12:49:19,460] {dag.py:2398} INFO - Sync 1 DAGs
[2023-04-10 12:49:19,476] {logging_mixin.py:109} INFO - [2023-04-10 12:49:19,476] {dag.py:2937} INFO - Setting next_dagrun for tutorial_taskflow_api_etl_virtualenv to None
[2023-04-10 12:49:19,487] {processor.py:171} INFO - Processing /home/airflow/.local/lib/python3.7/site-packages/airflow/example_dags/tutorial_taskflow_api_etl_virtualenv.py took 0.397 seconds
[2023-04-10 12:49:50,303] {processor.py:163} INFO - Started process (PID=1049) to work on /home/airflow/.local/lib/python3.7/site-packages/airflow/example_dags/tutorial_taskflow_api_etl_virtualenv.py
[2023-04-10 12:49:50,304] {processor.py:642} INFO - Processing file /home/airflow/.local/lib/python3.7/site-packages/airflow/example_dags/tutorial_taskflow_api_etl_virtualenv.py for tasks to queue
[2023-04-10 12:49:50,305] {logging_mixin.py:109} INFO - [2023-04-10 12:49:50,304] {dagbag.py:500} INFO - Filling up the DagBag from /home/airflow/.local/lib/python3.7/site-packages/airflow/example_dags/tutorial_taskflow_api_etl_virtualenv.py
[2023-04-10 12:49:50,319] {processor.py:652} INFO - DAG(s) dict_keys(['tutorial_taskflow_api_etl_virtualenv']) retrieved from /home/airflow/.local/lib/python3.7/site-packages/airflow/example_dags/tutorial_taskflow_api_etl_virtualenv.py
[2023-04-10 12:49:50,661] {logging_mixin.py:109} INFO - [2023-04-10 12:49:50,661] {dag.py:2398} INFO - Sync 1 DAGs
[2023-04-10 12:49:50,675] {logging_mixin.py:109} INFO - [2023-04-10 12:49:50,675] {dag.py:2937} INFO - Setting next_dagrun for tutorial_taskflow_api_etl_virtualenv to None
[2023-04-10 12:49:50,691] {processor.py:171} INFO - Processing /home/airflow/.local/lib/python3.7/site-packages/airflow/example_dags/tutorial_taskflow_api_etl_virtualenv.py took 0.390 seconds
[2023-04-10 12:50:21,028] {processor.py:163} INFO - Started process (PID=1101) to work on /home/airflow/.local/lib/python3.7/site-packages/airflow/example_dags/tutorial_taskflow_api_etl_virtualenv.py
[2023-04-10 12:50:21,030] {processor.py:642} INFO - Processing file /home/airflow/.local/lib/python3.7/site-packages/airflow/example_dags/tutorial_taskflow_api_etl_virtualenv.py for tasks to queue
[2023-04-10 12:50:21,031] {logging_mixin.py:109} INFO - [2023-04-10 12:50:21,031] {dagbag.py:500} INFO - Filling up the DagBag from /home/airflow/.local/lib/python3.7/site-packages/airflow/example_dags/tutorial_taskflow_api_etl_virtualenv.py
[2023-04-10 12:50:21,046] {processor.py:652} INFO - DAG(s) dict_keys(['tutorial_taskflow_api_etl_virtualenv']) retrieved from /home/airflow/.local/lib/python3.7/site-packages/airflow/example_dags/tutorial_taskflow_api_etl_virtualenv.py
[2023-04-10 12:50:21,540] {logging_mixin.py:109} INFO - [2023-04-10 12:50:21,540] {dag.py:2398} INFO - Sync 1 DAGs
[2023-04-10 12:50:21,554] {logging_mixin.py:109} INFO - [2023-04-10 12:50:21,554] {dag.py:2937} INFO - Setting next_dagrun for tutorial_taskflow_api_etl_virtualenv to None
[2023-04-10 12:50:21,565] {processor.py:171} INFO - Processing /home/airflow/.local/lib/python3.7/site-packages/airflow/example_dags/tutorial_taskflow_api_etl_virtualenv.py took 0.539 seconds
[2023-04-10 12:50:52,061] {processor.py:163} INFO - Started process (PID=1163) to work on /home/airflow/.local/lib/python3.7/site-packages/airflow/example_dags/tutorial_taskflow_api_etl_virtualenv.py
[2023-04-10 12:50:52,062] {processor.py:642} INFO - Processing file /home/airflow/.local/lib/python3.7/site-packages/airflow/example_dags/tutorial_taskflow_api_etl_virtualenv.py for tasks to queue
[2023-04-10 12:50:52,063] {logging_mixin.py:109} INFO - [2023-04-10 12:50:52,063] {dagbag.py:500} INFO - Filling up the DagBag from /home/airflow/.local/lib/python3.7/site-packages/airflow/example_dags/tutorial_taskflow_api_etl_virtualenv.py
[2023-04-10 12:50:52,083] {processor.py:652} INFO - DAG(s) dict_keys(['tutorial_taskflow_api_etl_virtualenv']) retrieved from /home/airflow/.local/lib/python3.7/site-packages/airflow/example_dags/tutorial_taskflow_api_etl_virtualenv.py
[2023-04-10 12:50:52,425] {logging_mixin.py:109} INFO - [2023-04-10 12:50:52,425] {dag.py:2398} INFO - Sync 1 DAGs
[2023-04-10 12:50:52,438] {logging_mixin.py:109} INFO - [2023-04-10 12:50:52,438] {dag.py:2937} INFO - Setting next_dagrun for tutorial_taskflow_api_etl_virtualenv to None
[2023-04-10 12:50:52,455] {processor.py:171} INFO - Processing /home/airflow/.local/lib/python3.7/site-packages/airflow/example_dags/tutorial_taskflow_api_etl_virtualenv.py took 0.398 seconds
