[2023-04-10 12:44:12,116] {processor.py:163} INFO - Started process (PID=43) to work on /home/airflow/.local/lib/python3.7/site-packages/airflow/example_dags/tutorial_etl_dag.py
[2023-04-10 12:44:12,117] {processor.py:642} INFO - Processing file /home/airflow/.local/lib/python3.7/site-packages/airflow/example_dags/tutorial_etl_dag.py for tasks to queue
[2023-04-10 12:44:12,118] {logging_mixin.py:109} INFO - [2023-04-10 12:44:12,118] {dagbag.py:500} INFO - Filling up the DagBag from /home/airflow/.local/lib/python3.7/site-packages/airflow/example_dags/tutorial_etl_dag.py
[2023-04-10 12:44:12,148] {processor.py:652} INFO - DAG(s) dict_keys(['tutorial_etl_dag']) retrieved from /home/airflow/.local/lib/python3.7/site-packages/airflow/example_dags/tutorial_etl_dag.py
[2023-04-10 12:44:14,640] {logging_mixin.py:109} INFO - [2023-04-10 12:44:14,640] {providers_manager.py:702} WARNING - The field in_cluster from class KubernetesHook does not start with 'extra__'. Ignoring it.
[2023-04-10 12:44:14,641] {logging_mixin.py:109} INFO - [2023-04-10 12:44:14,641] {providers_manager.py:702} WARNING - The field kube_config_path from class KubernetesHook does not start with 'extra__'. Ignoring it.
[2023-04-10 12:44:14,641] {logging_mixin.py:109} INFO - [2023-04-10 12:44:14,641] {providers_manager.py:702} WARNING - The field kube_config from class KubernetesHook does not start with 'extra__'. Ignoring it.
[2023-04-10 12:44:14,642] {logging_mixin.py:109} INFO - [2023-04-10 12:44:14,642] {providers_manager.py:702} WARNING - The field namespace from class KubernetesHook does not start with 'extra__'. Ignoring it.
[2023-04-10 12:44:14,642] {logging_mixin.py:109} INFO - [2023-04-10 12:44:14,642] {providers_manager.py:702} WARNING - The field cluster_context from class KubernetesHook does not start with 'extra__'. Ignoring it.
[2023-04-10 12:44:14,643] {logging_mixin.py:109} INFO - [2023-04-10 12:44:14,643] {providers_manager.py:702} WARNING - The field disable_verify_ssl from class KubernetesHook does not start with 'extra__'. Ignoring it.
[2023-04-10 12:44:14,643] {logging_mixin.py:109} INFO - [2023-04-10 12:44:14,643] {providers_manager.py:702} WARNING - The field disable_tcp_keepalive from class KubernetesHook does not start with 'extra__'. Ignoring it.
[2023-04-10 12:44:14,644] {logging_mixin.py:109} INFO - [2023-04-10 12:44:14,644] {providers_manager.py:702} WARNING - The field xcom_sidecar_container_image from class KubernetesHook does not start with 'extra__'. Ignoring it.
[2023-04-10 12:44:14,843] {logging_mixin.py:109} INFO - [2023-04-10 12:44:14,843] {providers_manager.py:702} WARNING - The field reauth from class DockerHook does not start with 'extra__'. Ignoring it.
[2023-04-10 12:44:14,843] {logging_mixin.py:109} INFO - [2023-04-10 12:44:14,843] {providers_manager.py:702} WARNING - The field email from class DockerHook does not start with 'extra__'. Ignoring it.
[2023-04-10 12:44:16,091] {logging_mixin.py:109} INFO - [2023-04-10 12:44:16,091] {providers_manager.py:702} WARNING - The field project from class GoogleBaseHook does not start with 'extra__'. Ignoring it.
[2023-04-10 12:44:16,092] {logging_mixin.py:109} INFO - [2023-04-10 12:44:16,092] {providers_manager.py:702} WARNING - The field key_path from class GoogleBaseHook does not start with 'extra__'. Ignoring it.
[2023-04-10 12:44:16,092] {logging_mixin.py:109} INFO - [2023-04-10 12:44:16,092] {providers_manager.py:702} WARNING - The field keyfile_dict from class GoogleBaseHook does not start with 'extra__'. Ignoring it.
[2023-04-10 12:44:16,092] {logging_mixin.py:109} INFO - [2023-04-10 12:44:16,092] {providers_manager.py:702} WARNING - The field scope from class GoogleBaseHook does not start with 'extra__'. Ignoring it.
[2023-04-10 12:44:16,093] {logging_mixin.py:109} INFO - [2023-04-10 12:44:16,093] {providers_manager.py:702} WARNING - The field key_secret_name from class GoogleBaseHook does not start with 'extra__'. Ignoring it.
[2023-04-10 12:44:16,093] {logging_mixin.py:109} INFO - [2023-04-10 12:44:16,093] {providers_manager.py:702} WARNING - The field key_secret_project_id from class GoogleBaseHook does not start with 'extra__'. Ignoring it.
[2023-04-10 12:44:16,094] {logging_mixin.py:109} INFO - [2023-04-10 12:44:16,094] {providers_manager.py:702} WARNING - The field num_retries from class GoogleBaseHook does not start with 'extra__'. Ignoring it.
[2023-04-10 12:44:17,683] {logging_mixin.py:109} INFO - [2023-04-10 12:44:17,683] {providers_manager.py:702} WARNING - The field auth_type from class GrpcHook does not start with 'extra__'. Ignoring it.
[2023-04-10 12:44:17,683] {logging_mixin.py:109} INFO - [2023-04-10 12:44:17,683] {providers_manager.py:702} WARNING - The field credential_pem_file from class GrpcHook does not start with 'extra__'. Ignoring it.
[2023-04-10 12:44:17,684] {logging_mixin.py:109} INFO - [2023-04-10 12:44:17,684] {providers_manager.py:702} WARNING - The field scopes from class GrpcHook does not start with 'extra__'. Ignoring it.
[2023-04-10 12:44:17,922] {logging_mixin.py:109} INFO - [2023-04-10 12:44:17,922] {providers_manager.py:702} WARNING - The field tenant from class AzureDataExplorerHook does not start with 'extra__'. Ignoring it.
[2023-04-10 12:44:17,922] {logging_mixin.py:109} INFO - [2023-04-10 12:44:17,922] {providers_manager.py:702} WARNING - The field auth_method from class AzureDataExplorerHook does not start with 'extra__'. Ignoring it.
[2023-04-10 12:44:17,923] {logging_mixin.py:109} INFO - [2023-04-10 12:44:17,923] {providers_manager.py:702} WARNING - The field certificate from class AzureDataExplorerHook does not start with 'extra__'. Ignoring it.
[2023-04-10 12:44:17,923] {logging_mixin.py:109} INFO - [2023-04-10 12:44:17,923] {providers_manager.py:702} WARNING - The field thumbprint from class AzureDataExplorerHook does not start with 'extra__'. Ignoring it.
[2023-04-10 12:44:18,031] {logging_mixin.py:109} INFO - [2023-04-10 12:44:18,031] {providers_manager.py:702} WARNING - The field account_url from class AzureBatchHook does not start with 'extra__'. Ignoring it.
[2023-04-10 12:44:18,099] {logging_mixin.py:109} INFO - [2023-04-10 12:44:18,099] {providers_manager.py:702} WARNING - The field database_name from class AzureCosmosDBHook does not start with 'extra__'. Ignoring it.
[2023-04-10 12:44:18,100] {logging_mixin.py:109} INFO - [2023-04-10 12:44:18,100] {providers_manager.py:702} WARNING - The field collection_name from class AzureCosmosDBHook does not start with 'extra__'. Ignoring it.
[2023-04-10 12:44:18,252] {logging_mixin.py:109} INFO - [2023-04-10 12:44:18,251] {providers_manager.py:702} WARNING - The field sas_token from class AzureFileShareHook does not start with 'extra__'. Ignoring it.
[2023-04-10 12:44:18,252] {logging_mixin.py:109} INFO - [2023-04-10 12:44:18,252] {providers_manager.py:702} WARNING - The field connection_string from class AzureFileShareHook does not start with 'extra__'. Ignoring it.
[2023-04-10 12:44:18,253] {logging_mixin.py:109} INFO - [2023-04-10 12:44:18,253] {providers_manager.py:702} WARNING - The field protocol from class AzureFileShareHook does not start with 'extra__'. Ignoring it.
[2023-04-10 12:44:18,307] {logging_mixin.py:109} INFO - [2023-04-10 12:44:18,307] {providers_manager.py:702} WARNING - The field connection_string from class AzureContainerVolumeHook does not start with 'extra__'. Ignoring it.
[2023-04-10 12:44:18,698] {logging_mixin.py:109} INFO - [2023-04-10 12:44:18,698] {providers_manager.py:702} WARNING - The field tenantId from class AzureDataFactoryHook does not start with 'extra__'. Ignoring it.
[2023-04-10 12:44:18,698] {logging_mixin.py:109} INFO - [2023-04-10 12:44:18,698] {providers_manager.py:702} WARNING - The field subscriptionId from class AzureDataFactoryHook does not start with 'extra__'. Ignoring it.
[2023-04-10 12:44:18,699] {logging_mixin.py:109} INFO - [2023-04-10 12:44:18,699] {providers_manager.py:702} WARNING - The field resource_group_name from class AzureDataFactoryHook does not start with 'extra__'. Ignoring it.
[2023-04-10 12:44:18,699] {logging_mixin.py:109} INFO - [2023-04-10 12:44:18,699] {providers_manager.py:702} WARNING - The field factory_name from class AzureDataFactoryHook does not start with 'extra__'. Ignoring it.
[2023-04-10 12:44:18,869] {logging_mixin.py:109} INFO - [2023-04-10 12:44:18,869] {providers_manager.py:702} WARNING - The field tenantId from class AzureSynapseHook does not start with 'extra__'. Ignoring it.
[2023-04-10 12:44:18,869] {logging_mixin.py:109} INFO - [2023-04-10 12:44:18,869] {providers_manager.py:702} WARNING - The field subscriptionId from class AzureSynapseHook does not start with 'extra__'. Ignoring it.
[2023-04-10 12:44:19,150] {logging_mixin.py:109} WARNING - /home/airflow/.local/lib/python3.7/site-packages/snowflake/connector/options.py:99 UserWarning: You have an incompatible version of 'pyarrow' installed (9.0.0), please install a version that adheres to: 'pyarrow<6.1.0,>=6.0.0; extra == "pandas"'
[2023-04-10 12:44:19,554] {logging_mixin.py:109} INFO - [2023-04-10 12:44:19,554] {providers_manager.py:702} WARNING - The field in_cluster from class KubernetesHook does not start with 'extra__'. Ignoring it.
[2023-04-10 12:44:19,555] {logging_mixin.py:109} INFO - [2023-04-10 12:44:19,555] {providers_manager.py:702} WARNING - The field kube_config_path from class KubernetesHook does not start with 'extra__'. Ignoring it.
[2023-04-10 12:44:19,555] {logging_mixin.py:109} INFO - [2023-04-10 12:44:19,555] {providers_manager.py:702} WARNING - The field kube_config from class KubernetesHook does not start with 'extra__'. Ignoring it.
[2023-04-10 12:44:19,555] {logging_mixin.py:109} INFO - [2023-04-10 12:44:19,555] {providers_manager.py:702} WARNING - The field namespace from class KubernetesHook does not start with 'extra__'. Ignoring it.
[2023-04-10 12:44:19,556] {logging_mixin.py:109} INFO - [2023-04-10 12:44:19,556] {providers_manager.py:702} WARNING - The field cluster_context from class KubernetesHook does not start with 'extra__'. Ignoring it.
[2023-04-10 12:44:19,556] {logging_mixin.py:109} INFO - [2023-04-10 12:44:19,556] {providers_manager.py:702} WARNING - The field disable_verify_ssl from class KubernetesHook does not start with 'extra__'. Ignoring it.
[2023-04-10 12:44:19,557] {logging_mixin.py:109} INFO - [2023-04-10 12:44:19,557] {providers_manager.py:702} WARNING - The field disable_tcp_keepalive from class KubernetesHook does not start with 'extra__'. Ignoring it.
[2023-04-10 12:44:19,557] {logging_mixin.py:109} INFO - [2023-04-10 12:44:19,557] {providers_manager.py:702} WARNING - The field xcom_sidecar_container_image from class KubernetesHook does not start with 'extra__'. Ignoring it.
[2023-04-10 12:44:19,558] {logging_mixin.py:109} INFO - [2023-04-10 12:44:19,558] {providers_manager.py:702} WARNING - The field reauth from class DockerHook does not start with 'extra__'. Ignoring it.
[2023-04-10 12:44:19,558] {logging_mixin.py:109} INFO - [2023-04-10 12:44:19,558] {providers_manager.py:702} WARNING - The field email from class DockerHook does not start with 'extra__'. Ignoring it.
[2023-04-10 12:44:19,559] {logging_mixin.py:109} INFO - [2023-04-10 12:44:19,559] {providers_manager.py:702} WARNING - The field project from class GoogleBaseHook does not start with 'extra__'. Ignoring it.
[2023-04-10 12:44:19,559] {logging_mixin.py:109} INFO - [2023-04-10 12:44:19,559] {providers_manager.py:702} WARNING - The field key_path from class GoogleBaseHook does not start with 'extra__'. Ignoring it.
[2023-04-10 12:44:19,560] {logging_mixin.py:109} INFO - [2023-04-10 12:44:19,560] {providers_manager.py:702} WARNING - The field keyfile_dict from class GoogleBaseHook does not start with 'extra__'. Ignoring it.
[2023-04-10 12:44:19,560] {logging_mixin.py:109} INFO - [2023-04-10 12:44:19,560] {providers_manager.py:702} WARNING - The field scope from class GoogleBaseHook does not start with 'extra__'. Ignoring it.
[2023-04-10 12:44:19,561] {logging_mixin.py:109} INFO - [2023-04-10 12:44:19,560] {providers_manager.py:702} WARNING - The field key_secret_name from class GoogleBaseHook does not start with 'extra__'. Ignoring it.
[2023-04-10 12:44:19,561] {logging_mixin.py:109} INFO - [2023-04-10 12:44:19,561] {providers_manager.py:702} WARNING - The field key_secret_project_id from class GoogleBaseHook does not start with 'extra__'. Ignoring it.
[2023-04-10 12:44:19,561] {logging_mixin.py:109} INFO - [2023-04-10 12:44:19,561] {providers_manager.py:702} WARNING - The field num_retries from class GoogleBaseHook does not start with 'extra__'. Ignoring it.
[2023-04-10 12:44:19,563] {logging_mixin.py:109} INFO - [2023-04-10 12:44:19,563] {providers_manager.py:702} WARNING - The field auth_type from class GrpcHook does not start with 'extra__'. Ignoring it.
[2023-04-10 12:44:19,563] {logging_mixin.py:109} INFO - [2023-04-10 12:44:19,563] {providers_manager.py:702} WARNING - The field credential_pem_file from class GrpcHook does not start with 'extra__'. Ignoring it.
[2023-04-10 12:44:19,563] {logging_mixin.py:109} INFO - [2023-04-10 12:44:19,563] {providers_manager.py:702} WARNING - The field scopes from class GrpcHook does not start with 'extra__'. Ignoring it.
[2023-04-10 12:44:19,564] {logging_mixin.py:109} INFO - [2023-04-10 12:44:19,564] {providers_manager.py:702} WARNING - The field tenant from class AzureDataExplorerHook does not start with 'extra__'. Ignoring it.
[2023-04-10 12:44:19,565] {logging_mixin.py:109} INFO - [2023-04-10 12:44:19,565] {providers_manager.py:702} WARNING - The field auth_method from class AzureDataExplorerHook does not start with 'extra__'. Ignoring it.
[2023-04-10 12:44:19,565] {logging_mixin.py:109} INFO - [2023-04-10 12:44:19,565] {providers_manager.py:702} WARNING - The field certificate from class AzureDataExplorerHook does not start with 'extra__'. Ignoring it.
[2023-04-10 12:44:19,565] {logging_mixin.py:109} INFO - [2023-04-10 12:44:19,565] {providers_manager.py:702} WARNING - The field thumbprint from class AzureDataExplorerHook does not start with 'extra__'. Ignoring it.
[2023-04-10 12:44:19,566] {logging_mixin.py:109} INFO - [2023-04-10 12:44:19,566] {providers_manager.py:702} WARNING - The field account_url from class AzureBatchHook does not start with 'extra__'. Ignoring it.
[2023-04-10 12:44:19,566] {logging_mixin.py:109} INFO - [2023-04-10 12:44:19,566] {providers_manager.py:702} WARNING - The field database_name from class AzureCosmosDBHook does not start with 'extra__'. Ignoring it.
[2023-04-10 12:44:19,567] {logging_mixin.py:109} INFO - [2023-04-10 12:44:19,567] {providers_manager.py:702} WARNING - The field collection_name from class AzureCosmosDBHook does not start with 'extra__'. Ignoring it.
[2023-04-10 12:44:19,570] {logging_mixin.py:109} INFO - [2023-04-10 12:44:19,570] {providers_manager.py:702} WARNING - The field sas_token from class AzureFileShareHook does not start with 'extra__'. Ignoring it.
[2023-04-10 12:44:19,570] {logging_mixin.py:109} INFO - [2023-04-10 12:44:19,570] {providers_manager.py:702} WARNING - The field connection_string from class AzureFileShareHook does not start with 'extra__'. Ignoring it.
[2023-04-10 12:44:19,571] {logging_mixin.py:109} INFO - [2023-04-10 12:44:19,571] {providers_manager.py:702} WARNING - The field protocol from class AzureFileShareHook does not start with 'extra__'. Ignoring it.
[2023-04-10 12:44:19,572] {logging_mixin.py:109} INFO - [2023-04-10 12:44:19,572] {providers_manager.py:702} WARNING - The field connection_string from class AzureContainerVolumeHook does not start with 'extra__'. Ignoring it.
[2023-04-10 12:44:19,574] {logging_mixin.py:109} INFO - [2023-04-10 12:44:19,574] {providers_manager.py:702} WARNING - The field tenantId from class AzureDataFactoryHook does not start with 'extra__'. Ignoring it.
[2023-04-10 12:44:19,574] {logging_mixin.py:109} INFO - [2023-04-10 12:44:19,574] {providers_manager.py:702} WARNING - The field subscriptionId from class AzureDataFactoryHook does not start with 'extra__'. Ignoring it.
[2023-04-10 12:44:19,574] {logging_mixin.py:109} INFO - [2023-04-10 12:44:19,574] {providers_manager.py:702} WARNING - The field resource_group_name from class AzureDataFactoryHook does not start with 'extra__'. Ignoring it.
[2023-04-10 12:44:19,575] {logging_mixin.py:109} INFO - [2023-04-10 12:44:19,575] {providers_manager.py:702} WARNING - The field factory_name from class AzureDataFactoryHook does not start with 'extra__'. Ignoring it.
[2023-04-10 12:44:19,576] {logging_mixin.py:109} INFO - [2023-04-10 12:44:19,576] {providers_manager.py:702} WARNING - The field tenantId from class AzureSynapseHook does not start with 'extra__'. Ignoring it.
[2023-04-10 12:44:19,576] {logging_mixin.py:109} INFO - [2023-04-10 12:44:19,576] {providers_manager.py:702} WARNING - The field subscriptionId from class AzureSynapseHook does not start with 'extra__'. Ignoring it.
[2023-04-10 12:44:19,597] {logging_mixin.py:109} INFO - [2023-04-10 12:44:19,597] {manager.py:496} INFO - Created Permission View: can edit on DAG:tutorial_etl_dag
[2023-04-10 12:44:19,605] {logging_mixin.py:109} INFO - [2023-04-10 12:44:19,605] {manager.py:496} INFO - Created Permission View: can read on DAG:tutorial_etl_dag
[2023-04-10 12:44:19,606] {logging_mixin.py:109} INFO - [2023-04-10 12:44:19,606] {dag.py:2398} INFO - Sync 1 DAGs
[2023-04-10 12:44:19,612] {logging_mixin.py:109} INFO - [2023-04-10 12:44:19,612] {dag.py:2417} INFO - Creating ORM DAG for tutorial_etl_dag
[2023-04-10 12:44:19,618] {logging_mixin.py:109} INFO - [2023-04-10 12:44:19,618] {dag.py:2937} INFO - Setting next_dagrun for tutorial_etl_dag to None
[2023-04-10 12:44:19,630] {processor.py:171} INFO - Processing /home/airflow/.local/lib/python3.7/site-packages/airflow/example_dags/tutorial_etl_dag.py took 7.518 seconds
[2023-04-10 12:45:10,835] {processor.py:163} INFO - Started process (PID=530) to work on /home/airflow/.local/lib/python3.7/site-packages/airflow/example_dags/tutorial_etl_dag.py
[2023-04-10 12:45:10,836] {processor.py:642} INFO - Processing file /home/airflow/.local/lib/python3.7/site-packages/airflow/example_dags/tutorial_etl_dag.py for tasks to queue
[2023-04-10 12:45:10,837] {logging_mixin.py:109} INFO - [2023-04-10 12:45:10,837] {dagbag.py:500} INFO - Filling up the DagBag from /home/airflow/.local/lib/python3.7/site-packages/airflow/example_dags/tutorial_etl_dag.py
[2023-04-10 12:45:10,850] {processor.py:652} INFO - DAG(s) dict_keys(['tutorial_etl_dag']) retrieved from /home/airflow/.local/lib/python3.7/site-packages/airflow/example_dags/tutorial_etl_dag.py
[2023-04-10 12:45:10,867] {logging_mixin.py:109} INFO - [2023-04-10 12:45:10,867] {dag.py:2398} INFO - Sync 1 DAGs
[2023-04-10 12:45:10,881] {logging_mixin.py:109} INFO - [2023-04-10 12:45:10,881] {dag.py:2937} INFO - Setting next_dagrun for tutorial_etl_dag to None
[2023-04-10 12:45:10,892] {processor.py:171} INFO - Processing /home/airflow/.local/lib/python3.7/site-packages/airflow/example_dags/tutorial_etl_dag.py took 0.060 seconds
[2023-04-10 12:45:40,923] {processor.py:163} INFO - Started process (PID=589) to work on /home/airflow/.local/lib/python3.7/site-packages/airflow/example_dags/tutorial_etl_dag.py
[2023-04-10 12:45:40,925] {processor.py:642} INFO - Processing file /home/airflow/.local/lib/python3.7/site-packages/airflow/example_dags/tutorial_etl_dag.py for tasks to queue
[2023-04-10 12:45:40,926] {logging_mixin.py:109} INFO - [2023-04-10 12:45:40,926] {dagbag.py:500} INFO - Filling up the DagBag from /home/airflow/.local/lib/python3.7/site-packages/airflow/example_dags/tutorial_etl_dag.py
[2023-04-10 12:45:40,943] {processor.py:652} INFO - DAG(s) dict_keys(['tutorial_etl_dag']) retrieved from /home/airflow/.local/lib/python3.7/site-packages/airflow/example_dags/tutorial_etl_dag.py
[2023-04-10 12:45:40,968] {logging_mixin.py:109} INFO - [2023-04-10 12:45:40,968] {dag.py:2398} INFO - Sync 1 DAGs
[2023-04-10 12:45:40,985] {logging_mixin.py:109} INFO - [2023-04-10 12:45:40,985] {dag.py:2937} INFO - Setting next_dagrun for tutorial_etl_dag to None
[2023-04-10 12:45:40,998] {processor.py:171} INFO - Processing /home/airflow/.local/lib/python3.7/site-packages/airflow/example_dags/tutorial_etl_dag.py took 0.078 seconds
[2023-04-10 12:46:11,119] {processor.py:163} INFO - Started process (PID=641) to work on /home/airflow/.local/lib/python3.7/site-packages/airflow/example_dags/tutorial_etl_dag.py
[2023-04-10 12:46:11,121] {processor.py:642} INFO - Processing file /home/airflow/.local/lib/python3.7/site-packages/airflow/example_dags/tutorial_etl_dag.py for tasks to queue
[2023-04-10 12:46:11,123] {logging_mixin.py:109} INFO - [2023-04-10 12:46:11,123] {dagbag.py:500} INFO - Filling up the DagBag from /home/airflow/.local/lib/python3.7/site-packages/airflow/example_dags/tutorial_etl_dag.py
[2023-04-10 12:46:11,141] {processor.py:652} INFO - DAG(s) dict_keys(['tutorial_etl_dag']) retrieved from /home/airflow/.local/lib/python3.7/site-packages/airflow/example_dags/tutorial_etl_dag.py
[2023-04-10 12:46:11,160] {logging_mixin.py:109} INFO - [2023-04-10 12:46:11,160] {dag.py:2398} INFO - Sync 1 DAGs
[2023-04-10 12:46:11,174] {logging_mixin.py:109} INFO - [2023-04-10 12:46:11,174] {dag.py:2937} INFO - Setting next_dagrun for tutorial_etl_dag to None
[2023-04-10 12:46:11,187] {processor.py:171} INFO - Processing /home/airflow/.local/lib/python3.7/site-packages/airflow/example_dags/tutorial_etl_dag.py took 0.072 seconds
[2023-04-10 12:46:41,578] {processor.py:163} INFO - Started process (PID=702) to work on /home/airflow/.local/lib/python3.7/site-packages/airflow/example_dags/tutorial_etl_dag.py
[2023-04-10 12:46:41,579] {processor.py:642} INFO - Processing file /home/airflow/.local/lib/python3.7/site-packages/airflow/example_dags/tutorial_etl_dag.py for tasks to queue
[2023-04-10 12:46:41,580] {logging_mixin.py:109} INFO - [2023-04-10 12:46:41,580] {dagbag.py:500} INFO - Filling up the DagBag from /home/airflow/.local/lib/python3.7/site-packages/airflow/example_dags/tutorial_etl_dag.py
[2023-04-10 12:46:41,597] {processor.py:652} INFO - DAG(s) dict_keys(['tutorial_etl_dag']) retrieved from /home/airflow/.local/lib/python3.7/site-packages/airflow/example_dags/tutorial_etl_dag.py
[2023-04-10 12:46:41,614] {logging_mixin.py:109} INFO - [2023-04-10 12:46:41,614] {dag.py:2398} INFO - Sync 1 DAGs
[2023-04-10 12:46:41,630] {logging_mixin.py:109} INFO - [2023-04-10 12:46:41,630] {dag.py:2937} INFO - Setting next_dagrun for tutorial_etl_dag to None
[2023-04-10 12:46:41,640] {processor.py:171} INFO - Processing /home/airflow/.local/lib/python3.7/site-packages/airflow/example_dags/tutorial_etl_dag.py took 0.065 seconds
[2023-04-10 12:47:11,900] {processor.py:163} INFO - Started process (PID=755) to work on /home/airflow/.local/lib/python3.7/site-packages/airflow/example_dags/tutorial_etl_dag.py
[2023-04-10 12:47:11,902] {processor.py:642} INFO - Processing file /home/airflow/.local/lib/python3.7/site-packages/airflow/example_dags/tutorial_etl_dag.py for tasks to queue
[2023-04-10 12:47:11,903] {logging_mixin.py:109} INFO - [2023-04-10 12:47:11,903] {dagbag.py:500} INFO - Filling up the DagBag from /home/airflow/.local/lib/python3.7/site-packages/airflow/example_dags/tutorial_etl_dag.py
[2023-04-10 12:47:11,925] {processor.py:652} INFO - DAG(s) dict_keys(['tutorial_etl_dag']) retrieved from /home/airflow/.local/lib/python3.7/site-packages/airflow/example_dags/tutorial_etl_dag.py
[2023-04-10 12:47:11,945] {logging_mixin.py:109} INFO - [2023-04-10 12:47:11,945] {dag.py:2398} INFO - Sync 1 DAGs
[2023-04-10 12:47:11,961] {logging_mixin.py:109} INFO - [2023-04-10 12:47:11,961] {dag.py:2937} INFO - Setting next_dagrun for tutorial_etl_dag to None
[2023-04-10 12:47:11,972] {processor.py:171} INFO - Processing /home/airflow/.local/lib/python3.7/site-packages/airflow/example_dags/tutorial_etl_dag.py took 0.075 seconds
[2023-04-10 12:47:42,488] {processor.py:163} INFO - Started process (PID=816) to work on /home/airflow/.local/lib/python3.7/site-packages/airflow/example_dags/tutorial_etl_dag.py
[2023-04-10 12:47:42,490] {processor.py:642} INFO - Processing file /home/airflow/.local/lib/python3.7/site-packages/airflow/example_dags/tutorial_etl_dag.py for tasks to queue
[2023-04-10 12:47:42,491] {logging_mixin.py:109} INFO - [2023-04-10 12:47:42,490] {dagbag.py:500} INFO - Filling up the DagBag from /home/airflow/.local/lib/python3.7/site-packages/airflow/example_dags/tutorial_etl_dag.py
[2023-04-10 12:47:42,515] {processor.py:652} INFO - DAG(s) dict_keys(['tutorial_etl_dag']) retrieved from /home/airflow/.local/lib/python3.7/site-packages/airflow/example_dags/tutorial_etl_dag.py
[2023-04-10 12:47:42,552] {logging_mixin.py:109} INFO - [2023-04-10 12:47:42,551] {dag.py:2398} INFO - Sync 1 DAGs
[2023-04-10 12:47:42,589] {logging_mixin.py:109} INFO - [2023-04-10 12:47:42,589] {dag.py:2937} INFO - Setting next_dagrun for tutorial_etl_dag to None
[2023-04-10 12:47:42,612] {processor.py:171} INFO - Processing /home/airflow/.local/lib/python3.7/site-packages/airflow/example_dags/tutorial_etl_dag.py took 0.128 seconds
[2023-04-10 12:48:12,862] {processor.py:163} INFO - Started process (PID=869) to work on /home/airflow/.local/lib/python3.7/site-packages/airflow/example_dags/tutorial_etl_dag.py
[2023-04-10 12:48:12,863] {processor.py:642} INFO - Processing file /home/airflow/.local/lib/python3.7/site-packages/airflow/example_dags/tutorial_etl_dag.py for tasks to queue
[2023-04-10 12:48:12,864] {logging_mixin.py:109} INFO - [2023-04-10 12:48:12,864] {dagbag.py:500} INFO - Filling up the DagBag from /home/airflow/.local/lib/python3.7/site-packages/airflow/example_dags/tutorial_etl_dag.py
[2023-04-10 12:48:12,883] {processor.py:652} INFO - DAG(s) dict_keys(['tutorial_etl_dag']) retrieved from /home/airflow/.local/lib/python3.7/site-packages/airflow/example_dags/tutorial_etl_dag.py
[2023-04-10 12:48:12,904] {logging_mixin.py:109} INFO - [2023-04-10 12:48:12,904] {dag.py:2398} INFO - Sync 1 DAGs
[2023-04-10 12:48:12,920] {logging_mixin.py:109} INFO - [2023-04-10 12:48:12,920] {dag.py:2937} INFO - Setting next_dagrun for tutorial_etl_dag to None
[2023-04-10 12:48:12,932] {processor.py:171} INFO - Processing /home/airflow/.local/lib/python3.7/site-packages/airflow/example_dags/tutorial_etl_dag.py took 0.073 seconds
[2023-04-10 12:48:42,975] {processor.py:163} INFO - Started process (PID=921) to work on /home/airflow/.local/lib/python3.7/site-packages/airflow/example_dags/tutorial_etl_dag.py
[2023-04-10 12:48:42,977] {processor.py:642} INFO - Processing file /home/airflow/.local/lib/python3.7/site-packages/airflow/example_dags/tutorial_etl_dag.py for tasks to queue
[2023-04-10 12:48:42,978] {logging_mixin.py:109} INFO - [2023-04-10 12:48:42,978] {dagbag.py:500} INFO - Filling up the DagBag from /home/airflow/.local/lib/python3.7/site-packages/airflow/example_dags/tutorial_etl_dag.py
[2023-04-10 12:48:42,996] {processor.py:652} INFO - DAG(s) dict_keys(['tutorial_etl_dag']) retrieved from /home/airflow/.local/lib/python3.7/site-packages/airflow/example_dags/tutorial_etl_dag.py
[2023-04-10 12:48:43,016] {logging_mixin.py:109} INFO - [2023-04-10 12:48:43,016] {dag.py:2398} INFO - Sync 1 DAGs
[2023-04-10 12:48:43,032] {logging_mixin.py:109} INFO - [2023-04-10 12:48:43,032] {dag.py:2937} INFO - Setting next_dagrun for tutorial_etl_dag to None
[2023-04-10 12:48:43,041] {processor.py:171} INFO - Processing /home/airflow/.local/lib/python3.7/site-packages/airflow/example_dags/tutorial_etl_dag.py took 0.071 seconds
[2023-04-10 12:49:13,496] {processor.py:163} INFO - Started process (PID=982) to work on /home/airflow/.local/lib/python3.7/site-packages/airflow/example_dags/tutorial_etl_dag.py
[2023-04-10 12:49:13,498] {processor.py:642} INFO - Processing file /home/airflow/.local/lib/python3.7/site-packages/airflow/example_dags/tutorial_etl_dag.py for tasks to queue
[2023-04-10 12:49:13,500] {logging_mixin.py:109} INFO - [2023-04-10 12:49:13,499] {dagbag.py:500} INFO - Filling up the DagBag from /home/airflow/.local/lib/python3.7/site-packages/airflow/example_dags/tutorial_etl_dag.py
[2023-04-10 12:49:13,519] {processor.py:652} INFO - DAG(s) dict_keys(['tutorial_etl_dag']) retrieved from /home/airflow/.local/lib/python3.7/site-packages/airflow/example_dags/tutorial_etl_dag.py
[2023-04-10 12:49:13,537] {logging_mixin.py:109} INFO - [2023-04-10 12:49:13,537] {dag.py:2398} INFO - Sync 1 DAGs
[2023-04-10 12:49:13,553] {logging_mixin.py:109} INFO - [2023-04-10 12:49:13,553] {dag.py:2937} INFO - Setting next_dagrun for tutorial_etl_dag to None
[2023-04-10 12:49:13,563] {processor.py:171} INFO - Processing /home/airflow/.local/lib/python3.7/site-packages/airflow/example_dags/tutorial_etl_dag.py took 0.070 seconds
[2023-04-10 12:49:43,767] {processor.py:163} INFO - Started process (PID=1034) to work on /home/airflow/.local/lib/python3.7/site-packages/airflow/example_dags/tutorial_etl_dag.py
[2023-04-10 12:49:43,768] {processor.py:642} INFO - Processing file /home/airflow/.local/lib/python3.7/site-packages/airflow/example_dags/tutorial_etl_dag.py for tasks to queue
[2023-04-10 12:49:43,769] {logging_mixin.py:109} INFO - [2023-04-10 12:49:43,769] {dagbag.py:500} INFO - Filling up the DagBag from /home/airflow/.local/lib/python3.7/site-packages/airflow/example_dags/tutorial_etl_dag.py
[2023-04-10 12:49:43,784] {processor.py:652} INFO - DAG(s) dict_keys(['tutorial_etl_dag']) retrieved from /home/airflow/.local/lib/python3.7/site-packages/airflow/example_dags/tutorial_etl_dag.py
[2023-04-10 12:49:43,802] {logging_mixin.py:109} INFO - [2023-04-10 12:49:43,802] {dag.py:2398} INFO - Sync 1 DAGs
[2023-04-10 12:49:43,821] {logging_mixin.py:109} INFO - [2023-04-10 12:49:43,821] {dag.py:2937} INFO - Setting next_dagrun for tutorial_etl_dag to None
[2023-04-10 12:49:43,835] {processor.py:171} INFO - Processing /home/airflow/.local/lib/python3.7/site-packages/airflow/example_dags/tutorial_etl_dag.py took 0.070 seconds
[2023-04-10 12:50:14,051] {processor.py:163} INFO - Started process (PID=1095) to work on /home/airflow/.local/lib/python3.7/site-packages/airflow/example_dags/tutorial_etl_dag.py
[2023-04-10 12:50:14,052] {processor.py:642} INFO - Processing file /home/airflow/.local/lib/python3.7/site-packages/airflow/example_dags/tutorial_etl_dag.py for tasks to queue
[2023-04-10 12:50:14,053] {logging_mixin.py:109} INFO - [2023-04-10 12:50:14,053] {dagbag.py:500} INFO - Filling up the DagBag from /home/airflow/.local/lib/python3.7/site-packages/airflow/example_dags/tutorial_etl_dag.py
[2023-04-10 12:50:14,071] {processor.py:652} INFO - DAG(s) dict_keys(['tutorial_etl_dag']) retrieved from /home/airflow/.local/lib/python3.7/site-packages/airflow/example_dags/tutorial_etl_dag.py
[2023-04-10 12:50:14,089] {logging_mixin.py:109} INFO - [2023-04-10 12:50:14,089] {dag.py:2398} INFO - Sync 1 DAGs
[2023-04-10 12:50:14,192] {logging_mixin.py:109} INFO - [2023-04-10 12:50:14,192] {dag.py:2937} INFO - Setting next_dagrun for tutorial_etl_dag to None
[2023-04-10 12:50:14,201] {processor.py:171} INFO - Processing /home/airflow/.local/lib/python3.7/site-packages/airflow/example_dags/tutorial_etl_dag.py took 0.153 seconds
[2023-04-10 12:50:45,003] {processor.py:163} INFO - Started process (PID=1147) to work on /home/airflow/.local/lib/python3.7/site-packages/airflow/example_dags/tutorial_etl_dag.py
[2023-04-10 12:50:45,004] {processor.py:642} INFO - Processing file /home/airflow/.local/lib/python3.7/site-packages/airflow/example_dags/tutorial_etl_dag.py for tasks to queue
[2023-04-10 12:50:45,005] {logging_mixin.py:109} INFO - [2023-04-10 12:50:45,005] {dagbag.py:500} INFO - Filling up the DagBag from /home/airflow/.local/lib/python3.7/site-packages/airflow/example_dags/tutorial_etl_dag.py
[2023-04-10 12:50:45,026] {processor.py:652} INFO - DAG(s) dict_keys(['tutorial_etl_dag']) retrieved from /home/airflow/.local/lib/python3.7/site-packages/airflow/example_dags/tutorial_etl_dag.py
[2023-04-10 12:50:45,102] {logging_mixin.py:109} INFO - [2023-04-10 12:50:45,102] {dag.py:2398} INFO - Sync 1 DAGs
[2023-04-10 12:50:45,226] {logging_mixin.py:109} INFO - [2023-04-10 12:50:45,225] {dag.py:2937} INFO - Setting next_dagrun for tutorial_etl_dag to None
[2023-04-10 12:50:45,234] {processor.py:171} INFO - Processing /home/airflow/.local/lib/python3.7/site-packages/airflow/example_dags/tutorial_etl_dag.py took 0.236 seconds
[2023-04-10 12:51:15,635] {processor.py:163} INFO - Started process (PID=1208) to work on /home/airflow/.local/lib/python3.7/site-packages/airflow/example_dags/tutorial_etl_dag.py
[2023-04-10 12:51:15,637] {processor.py:642} INFO - Processing file /home/airflow/.local/lib/python3.7/site-packages/airflow/example_dags/tutorial_etl_dag.py for tasks to queue
[2023-04-10 12:51:15,638] {logging_mixin.py:109} INFO - [2023-04-10 12:51:15,637] {dagbag.py:500} INFO - Filling up the DagBag from /home/airflow/.local/lib/python3.7/site-packages/airflow/example_dags/tutorial_etl_dag.py
[2023-04-10 12:51:15,651] {processor.py:652} INFO - DAG(s) dict_keys(['tutorial_etl_dag']) retrieved from /home/airflow/.local/lib/python3.7/site-packages/airflow/example_dags/tutorial_etl_dag.py
[2023-04-10 12:51:15,674] {logging_mixin.py:109} INFO - [2023-04-10 12:51:15,674] {dag.py:2398} INFO - Sync 1 DAGs
[2023-04-10 12:51:15,782] {logging_mixin.py:109} INFO - [2023-04-10 12:51:15,782] {dag.py:2937} INFO - Setting next_dagrun for tutorial_etl_dag to None
[2023-04-10 12:51:15,792] {processor.py:171} INFO - Processing /home/airflow/.local/lib/python3.7/site-packages/airflow/example_dags/tutorial_etl_dag.py took 0.159 seconds
