[2023-04-10 12:44:19,668] {processor.py:163} INFO - Started process (PID=70) to work on /home/airflow/.local/lib/python3.7/site-packages/airflow/example_dags/tutorial_taskflow_api_etl.py
[2023-04-10 12:44:19,669] {processor.py:642} INFO - Processing file /home/airflow/.local/lib/python3.7/site-packages/airflow/example_dags/tutorial_taskflow_api_etl.py for tasks to queue
[2023-04-10 12:44:19,670] {logging_mixin.py:109} INFO - [2023-04-10 12:44:19,670] {dagbag.py:500} INFO - Filling up the DagBag from /home/airflow/.local/lib/python3.7/site-packages/airflow/example_dags/tutorial_taskflow_api_etl.py
[2023-04-10 12:44:19,685] {processor.py:652} INFO - DAG(s) dict_keys(['tutorial_taskflow_api_etl']) retrieved from /home/airflow/.local/lib/python3.7/site-packages/airflow/example_dags/tutorial_taskflow_api_etl.py
[2023-04-10 12:44:20,821] {logging_mixin.py:109} INFO - [2023-04-10 12:44:20,821] {providers_manager.py:702} WARNING - The field in_cluster from class KubernetesHook does not start with 'extra__'. Ignoring it.
[2023-04-10 12:44:20,822] {logging_mixin.py:109} INFO - [2023-04-10 12:44:20,822] {providers_manager.py:702} WARNING - The field kube_config_path from class KubernetesHook does not start with 'extra__'. Ignoring it.
[2023-04-10 12:44:20,822] {logging_mixin.py:109} INFO - [2023-04-10 12:44:20,822] {providers_manager.py:702} WARNING - The field kube_config from class KubernetesHook does not start with 'extra__'. Ignoring it.
[2023-04-10 12:44:20,823] {logging_mixin.py:109} INFO - [2023-04-10 12:44:20,823] {providers_manager.py:702} WARNING - The field namespace from class KubernetesHook does not start with 'extra__'. Ignoring it.
[2023-04-10 12:44:20,823] {logging_mixin.py:109} INFO - [2023-04-10 12:44:20,823] {providers_manager.py:702} WARNING - The field cluster_context from class KubernetesHook does not start with 'extra__'. Ignoring it.
[2023-04-10 12:44:20,824] {logging_mixin.py:109} INFO - [2023-04-10 12:44:20,824] {providers_manager.py:702} WARNING - The field disable_verify_ssl from class KubernetesHook does not start with 'extra__'. Ignoring it.
[2023-04-10 12:44:20,824] {logging_mixin.py:109} INFO - [2023-04-10 12:44:20,824] {providers_manager.py:702} WARNING - The field disable_tcp_keepalive from class KubernetesHook does not start with 'extra__'. Ignoring it.
[2023-04-10 12:44:20,825] {logging_mixin.py:109} INFO - [2023-04-10 12:44:20,825] {providers_manager.py:702} WARNING - The field xcom_sidecar_container_image from class KubernetesHook does not start with 'extra__'. Ignoring it.
[2023-04-10 12:44:20,876] {logging_mixin.py:109} INFO - [2023-04-10 12:44:20,876] {providers_manager.py:702} WARNING - The field reauth from class DockerHook does not start with 'extra__'. Ignoring it.
[2023-04-10 12:44:20,877] {logging_mixin.py:109} INFO - [2023-04-10 12:44:20,877] {providers_manager.py:702} WARNING - The field email from class DockerHook does not start with 'extra__'. Ignoring it.
[2023-04-10 12:44:21,348] {logging_mixin.py:109} INFO - [2023-04-10 12:44:21,348] {providers_manager.py:702} WARNING - The field project from class GoogleBaseHook does not start with 'extra__'. Ignoring it.
[2023-04-10 12:44:21,349] {logging_mixin.py:109} INFO - [2023-04-10 12:44:21,349] {providers_manager.py:702} WARNING - The field key_path from class GoogleBaseHook does not start with 'extra__'. Ignoring it.
[2023-04-10 12:44:21,349] {logging_mixin.py:109} INFO - [2023-04-10 12:44:21,349] {providers_manager.py:702} WARNING - The field keyfile_dict from class GoogleBaseHook does not start with 'extra__'. Ignoring it.
[2023-04-10 12:44:21,349] {logging_mixin.py:109} INFO - [2023-04-10 12:44:21,349] {providers_manager.py:702} WARNING - The field scope from class GoogleBaseHook does not start with 'extra__'. Ignoring it.
[2023-04-10 12:44:21,350] {logging_mixin.py:109} INFO - [2023-04-10 12:44:21,350] {providers_manager.py:702} WARNING - The field key_secret_name from class GoogleBaseHook does not start with 'extra__'. Ignoring it.
[2023-04-10 12:44:21,350] {logging_mixin.py:109} INFO - [2023-04-10 12:44:21,350] {providers_manager.py:702} WARNING - The field key_secret_project_id from class GoogleBaseHook does not start with 'extra__'. Ignoring it.
[2023-04-10 12:44:21,351] {logging_mixin.py:109} INFO - [2023-04-10 12:44:21,351] {providers_manager.py:702} WARNING - The field num_retries from class GoogleBaseHook does not start with 'extra__'. Ignoring it.
[2023-04-10 12:44:22,186] {logging_mixin.py:109} INFO - [2023-04-10 12:44:22,186] {providers_manager.py:702} WARNING - The field auth_type from class GrpcHook does not start with 'extra__'. Ignoring it.
[2023-04-10 12:44:22,186] {logging_mixin.py:109} INFO - [2023-04-10 12:44:22,186] {providers_manager.py:702} WARNING - The field credential_pem_file from class GrpcHook does not start with 'extra__'. Ignoring it.
[2023-04-10 12:44:22,187] {logging_mixin.py:109} INFO - [2023-04-10 12:44:22,187] {providers_manager.py:702} WARNING - The field scopes from class GrpcHook does not start with 'extra__'. Ignoring it.
[2023-04-10 12:44:22,266] {logging_mixin.py:109} INFO - [2023-04-10 12:44:22,266] {providers_manager.py:702} WARNING - The field tenant from class AzureDataExplorerHook does not start with 'extra__'. Ignoring it.
[2023-04-10 12:44:22,267] {logging_mixin.py:109} INFO - [2023-04-10 12:44:22,267] {providers_manager.py:702} WARNING - The field auth_method from class AzureDataExplorerHook does not start with 'extra__'. Ignoring it.
[2023-04-10 12:44:22,267] {logging_mixin.py:109} INFO - [2023-04-10 12:44:22,267] {providers_manager.py:702} WARNING - The field certificate from class AzureDataExplorerHook does not start with 'extra__'. Ignoring it.
[2023-04-10 12:44:22,267] {logging_mixin.py:109} INFO - [2023-04-10 12:44:22,267] {providers_manager.py:702} WARNING - The field thumbprint from class AzureDataExplorerHook does not start with 'extra__'. Ignoring it.
[2023-04-10 12:44:22,289] {logging_mixin.py:109} INFO - [2023-04-10 12:44:22,289] {providers_manager.py:702} WARNING - The field account_url from class AzureBatchHook does not start with 'extra__'. Ignoring it.
[2023-04-10 12:44:22,304] {logging_mixin.py:109} INFO - [2023-04-10 12:44:22,304] {providers_manager.py:702} WARNING - The field database_name from class AzureCosmosDBHook does not start with 'extra__'. Ignoring it.
[2023-04-10 12:44:22,304] {logging_mixin.py:109} INFO - [2023-04-10 12:44:22,304] {providers_manager.py:702} WARNING - The field collection_name from class AzureCosmosDBHook does not start with 'extra__'. Ignoring it.
[2023-04-10 12:44:22,347] {logging_mixin.py:109} INFO - [2023-04-10 12:44:22,347] {providers_manager.py:702} WARNING - The field sas_token from class AzureFileShareHook does not start with 'extra__'. Ignoring it.
[2023-04-10 12:44:22,347] {logging_mixin.py:109} INFO - [2023-04-10 12:44:22,347] {providers_manager.py:702} WARNING - The field connection_string from class AzureFileShareHook does not start with 'extra__'. Ignoring it.
[2023-04-10 12:44:22,348] {logging_mixin.py:109} INFO - [2023-04-10 12:44:22,348] {providers_manager.py:702} WARNING - The field protocol from class AzureFileShareHook does not start with 'extra__'. Ignoring it.
[2023-04-10 12:44:22,362] {logging_mixin.py:109} INFO - [2023-04-10 12:44:22,362] {providers_manager.py:702} WARNING - The field connection_string from class AzureContainerVolumeHook does not start with 'extra__'. Ignoring it.
[2023-04-10 12:44:22,438] {logging_mixin.py:109} INFO - [2023-04-10 12:44:22,438] {providers_manager.py:702} WARNING - The field tenantId from class AzureDataFactoryHook does not start with 'extra__'. Ignoring it.
[2023-04-10 12:44:22,438] {logging_mixin.py:109} INFO - [2023-04-10 12:44:22,438] {providers_manager.py:702} WARNING - The field subscriptionId from class AzureDataFactoryHook does not start with 'extra__'. Ignoring it.
[2023-04-10 12:44:22,438] {logging_mixin.py:109} INFO - [2023-04-10 12:44:22,438] {providers_manager.py:702} WARNING - The field resource_group_name from class AzureDataFactoryHook does not start with 'extra__'. Ignoring it.
[2023-04-10 12:44:22,439] {logging_mixin.py:109} INFO - [2023-04-10 12:44:22,439] {providers_manager.py:702} WARNING - The field factory_name from class AzureDataFactoryHook does not start with 'extra__'. Ignoring it.
[2023-04-10 12:44:22,489] {logging_mixin.py:109} INFO - [2023-04-10 12:44:22,489] {providers_manager.py:702} WARNING - The field tenantId from class AzureSynapseHook does not start with 'extra__'. Ignoring it.
[2023-04-10 12:44:22,490] {logging_mixin.py:109} INFO - [2023-04-10 12:44:22,490] {providers_manager.py:702} WARNING - The field subscriptionId from class AzureSynapseHook does not start with 'extra__'. Ignoring it.
[2023-04-10 12:44:22,563] {logging_mixin.py:109} WARNING - /home/airflow/.local/lib/python3.7/site-packages/snowflake/connector/options.py:99 UserWarning: You have an incompatible version of 'pyarrow' installed (9.0.0), please install a version that adheres to: 'pyarrow<6.1.0,>=6.0.0; extra == "pandas"'
[2023-04-10 12:44:22,888] {logging_mixin.py:109} INFO - [2023-04-10 12:44:22,887] {providers_manager.py:702} WARNING - The field in_cluster from class KubernetesHook does not start with 'extra__'. Ignoring it.
[2023-04-10 12:44:22,888] {logging_mixin.py:109} INFO - [2023-04-10 12:44:22,888] {providers_manager.py:702} WARNING - The field kube_config_path from class KubernetesHook does not start with 'extra__'. Ignoring it.
[2023-04-10 12:44:22,888] {logging_mixin.py:109} INFO - [2023-04-10 12:44:22,888] {providers_manager.py:702} WARNING - The field kube_config from class KubernetesHook does not start with 'extra__'. Ignoring it.
[2023-04-10 12:44:22,889] {logging_mixin.py:109} INFO - [2023-04-10 12:44:22,889] {providers_manager.py:702} WARNING - The field namespace from class KubernetesHook does not start with 'extra__'. Ignoring it.
[2023-04-10 12:44:22,889] {logging_mixin.py:109} INFO - [2023-04-10 12:44:22,889] {providers_manager.py:702} WARNING - The field cluster_context from class KubernetesHook does not start with 'extra__'. Ignoring it.
[2023-04-10 12:44:22,890] {logging_mixin.py:109} INFO - [2023-04-10 12:44:22,890] {providers_manager.py:702} WARNING - The field disable_verify_ssl from class KubernetesHook does not start with 'extra__'. Ignoring it.
[2023-04-10 12:44:22,890] {logging_mixin.py:109} INFO - [2023-04-10 12:44:22,890] {providers_manager.py:702} WARNING - The field disable_tcp_keepalive from class KubernetesHook does not start with 'extra__'. Ignoring it.
[2023-04-10 12:44:22,891] {logging_mixin.py:109} INFO - [2023-04-10 12:44:22,891] {providers_manager.py:702} WARNING - The field xcom_sidecar_container_image from class KubernetesHook does not start with 'extra__'. Ignoring it.
[2023-04-10 12:44:22,892] {logging_mixin.py:109} INFO - [2023-04-10 12:44:22,892] {providers_manager.py:702} WARNING - The field reauth from class DockerHook does not start with 'extra__'. Ignoring it.
[2023-04-10 12:44:22,892] {logging_mixin.py:109} INFO - [2023-04-10 12:44:22,892] {providers_manager.py:702} WARNING - The field email from class DockerHook does not start with 'extra__'. Ignoring it.
[2023-04-10 12:44:22,893] {logging_mixin.py:109} INFO - [2023-04-10 12:44:22,893] {providers_manager.py:702} WARNING - The field project from class GoogleBaseHook does not start with 'extra__'. Ignoring it.
[2023-04-10 12:44:22,894] {logging_mixin.py:109} INFO - [2023-04-10 12:44:22,894] {providers_manager.py:702} WARNING - The field key_path from class GoogleBaseHook does not start with 'extra__'. Ignoring it.
[2023-04-10 12:44:22,894] {logging_mixin.py:109} INFO - [2023-04-10 12:44:22,894] {providers_manager.py:702} WARNING - The field keyfile_dict from class GoogleBaseHook does not start with 'extra__'. Ignoring it.
[2023-04-10 12:44:22,895] {logging_mixin.py:109} INFO - [2023-04-10 12:44:22,895] {providers_manager.py:702} WARNING - The field scope from class GoogleBaseHook does not start with 'extra__'. Ignoring it.
[2023-04-10 12:44:22,895] {logging_mixin.py:109} INFO - [2023-04-10 12:44:22,895] {providers_manager.py:702} WARNING - The field key_secret_name from class GoogleBaseHook does not start with 'extra__'. Ignoring it.
[2023-04-10 12:44:22,895] {logging_mixin.py:109} INFO - [2023-04-10 12:44:22,895] {providers_manager.py:702} WARNING - The field key_secret_project_id from class GoogleBaseHook does not start with 'extra__'. Ignoring it.
[2023-04-10 12:44:22,896] {logging_mixin.py:109} INFO - [2023-04-10 12:44:22,896] {providers_manager.py:702} WARNING - The field num_retries from class GoogleBaseHook does not start with 'extra__'. Ignoring it.
[2023-04-10 12:44:22,898] {logging_mixin.py:109} INFO - [2023-04-10 12:44:22,898] {providers_manager.py:702} WARNING - The field auth_type from class GrpcHook does not start with 'extra__'. Ignoring it.
[2023-04-10 12:44:22,899] {logging_mixin.py:109} INFO - [2023-04-10 12:44:22,899] {providers_manager.py:702} WARNING - The field credential_pem_file from class GrpcHook does not start with 'extra__'. Ignoring it.
[2023-04-10 12:44:22,899] {logging_mixin.py:109} INFO - [2023-04-10 12:44:22,899] {providers_manager.py:702} WARNING - The field scopes from class GrpcHook does not start with 'extra__'. Ignoring it.
[2023-04-10 12:44:22,900] {logging_mixin.py:109} INFO - [2023-04-10 12:44:22,900] {providers_manager.py:702} WARNING - The field tenant from class AzureDataExplorerHook does not start with 'extra__'. Ignoring it.
[2023-04-10 12:44:22,901] {logging_mixin.py:109} INFO - [2023-04-10 12:44:22,900] {providers_manager.py:702} WARNING - The field auth_method from class AzureDataExplorerHook does not start with 'extra__'. Ignoring it.
[2023-04-10 12:44:22,901] {logging_mixin.py:109} INFO - [2023-04-10 12:44:22,901] {providers_manager.py:702} WARNING - The field certificate from class AzureDataExplorerHook does not start with 'extra__'. Ignoring it.
[2023-04-10 12:44:22,901] {logging_mixin.py:109} INFO - [2023-04-10 12:44:22,901] {providers_manager.py:702} WARNING - The field thumbprint from class AzureDataExplorerHook does not start with 'extra__'. Ignoring it.
[2023-04-10 12:44:22,903] {logging_mixin.py:109} INFO - [2023-04-10 12:44:22,902] {providers_manager.py:702} WARNING - The field account_url from class AzureBatchHook does not start with 'extra__'. Ignoring it.
[2023-04-10 12:44:22,903] {logging_mixin.py:109} INFO - [2023-04-10 12:44:22,903] {providers_manager.py:702} WARNING - The field database_name from class AzureCosmosDBHook does not start with 'extra__'. Ignoring it.
[2023-04-10 12:44:22,904] {logging_mixin.py:109} INFO - [2023-04-10 12:44:22,904] {providers_manager.py:702} WARNING - The field collection_name from class AzureCosmosDBHook does not start with 'extra__'. Ignoring it.
[2023-04-10 12:44:22,907] {logging_mixin.py:109} INFO - [2023-04-10 12:44:22,907] {providers_manager.py:702} WARNING - The field sas_token from class AzureFileShareHook does not start with 'extra__'. Ignoring it.
[2023-04-10 12:44:22,908] {logging_mixin.py:109} INFO - [2023-04-10 12:44:22,908] {providers_manager.py:702} WARNING - The field connection_string from class AzureFileShareHook does not start with 'extra__'. Ignoring it.
[2023-04-10 12:44:22,908] {logging_mixin.py:109} INFO - [2023-04-10 12:44:22,908] {providers_manager.py:702} WARNING - The field protocol from class AzureFileShareHook does not start with 'extra__'. Ignoring it.
[2023-04-10 12:44:22,909] {logging_mixin.py:109} INFO - [2023-04-10 12:44:22,909] {providers_manager.py:702} WARNING - The field connection_string from class AzureContainerVolumeHook does not start with 'extra__'. Ignoring it.
[2023-04-10 12:44:22,911] {logging_mixin.py:109} INFO - [2023-04-10 12:44:22,911] {providers_manager.py:702} WARNING - The field tenantId from class AzureDataFactoryHook does not start with 'extra__'. Ignoring it.
[2023-04-10 12:44:22,912] {logging_mixin.py:109} INFO - [2023-04-10 12:44:22,912] {providers_manager.py:702} WARNING - The field subscriptionId from class AzureDataFactoryHook does not start with 'extra__'. Ignoring it.
[2023-04-10 12:44:22,912] {logging_mixin.py:109} INFO - [2023-04-10 12:44:22,912] {providers_manager.py:702} WARNING - The field resource_group_name from class AzureDataFactoryHook does not start with 'extra__'. Ignoring it.
[2023-04-10 12:44:22,913] {logging_mixin.py:109} INFO - [2023-04-10 12:44:22,912] {providers_manager.py:702} WARNING - The field factory_name from class AzureDataFactoryHook does not start with 'extra__'. Ignoring it.
[2023-04-10 12:44:22,914] {logging_mixin.py:109} INFO - [2023-04-10 12:44:22,914] {providers_manager.py:702} WARNING - The field tenantId from class AzureSynapseHook does not start with 'extra__'. Ignoring it.
[2023-04-10 12:44:22,914] {logging_mixin.py:109} INFO - [2023-04-10 12:44:22,914] {providers_manager.py:702} WARNING - The field subscriptionId from class AzureSynapseHook does not start with 'extra__'. Ignoring it.
[2023-04-10 12:44:22,948] {logging_mixin.py:109} INFO - [2023-04-10 12:44:22,948] {manager.py:496} INFO - Created Permission View: can edit on DAG:tutorial_taskflow_api_etl
[2023-04-10 12:44:22,960] {logging_mixin.py:109} INFO - [2023-04-10 12:44:22,959] {manager.py:496} INFO - Created Permission View: can read on DAG:tutorial_taskflow_api_etl
[2023-04-10 12:44:22,961] {logging_mixin.py:109} INFO - [2023-04-10 12:44:22,960] {dag.py:2398} INFO - Sync 1 DAGs
[2023-04-10 12:44:23,110] {logging_mixin.py:109} INFO - [2023-04-10 12:44:23,110] {dag.py:2417} INFO - Creating ORM DAG for tutorial_taskflow_api_etl
[2023-04-10 12:44:23,117] {logging_mixin.py:109} INFO - [2023-04-10 12:44:23,117] {dag.py:2937} INFO - Setting next_dagrun for tutorial_taskflow_api_etl to None
[2023-04-10 12:44:23,132] {processor.py:171} INFO - Processing /home/airflow/.local/lib/python3.7/site-packages/airflow/example_dags/tutorial_taskflow_api_etl.py took 3.466 seconds
[2023-04-10 12:45:10,911] {processor.py:163} INFO - Started process (PID=531) to work on /home/airflow/.local/lib/python3.7/site-packages/airflow/example_dags/tutorial_taskflow_api_etl.py
[2023-04-10 12:45:10,912] {processor.py:642} INFO - Processing file /home/airflow/.local/lib/python3.7/site-packages/airflow/example_dags/tutorial_taskflow_api_etl.py for tasks to queue
[2023-04-10 12:45:10,913] {logging_mixin.py:109} INFO - [2023-04-10 12:45:10,913] {dagbag.py:500} INFO - Filling up the DagBag from /home/airflow/.local/lib/python3.7/site-packages/airflow/example_dags/tutorial_taskflow_api_etl.py
[2023-04-10 12:45:10,929] {processor.py:652} INFO - DAG(s) dict_keys(['tutorial_taskflow_api_etl']) retrieved from /home/airflow/.local/lib/python3.7/site-packages/airflow/example_dags/tutorial_taskflow_api_etl.py
[2023-04-10 12:45:11,279] {logging_mixin.py:109} INFO - [2023-04-10 12:45:11,279] {dag.py:2398} INFO - Sync 1 DAGs
[2023-04-10 12:45:11,292] {logging_mixin.py:109} INFO - [2023-04-10 12:45:11,291] {dag.py:2937} INFO - Setting next_dagrun for tutorial_taskflow_api_etl to None
[2023-04-10 12:45:11,303] {processor.py:171} INFO - Processing /home/airflow/.local/lib/python3.7/site-packages/airflow/example_dags/tutorial_taskflow_api_etl.py took 0.395 seconds
[2023-04-10 12:45:41,936] {processor.py:163} INFO - Started process (PID=592) to work on /home/airflow/.local/lib/python3.7/site-packages/airflow/example_dags/tutorial_taskflow_api_etl.py
[2023-04-10 12:45:41,938] {processor.py:642} INFO - Processing file /home/airflow/.local/lib/python3.7/site-packages/airflow/example_dags/tutorial_taskflow_api_etl.py for tasks to queue
[2023-04-10 12:45:41,938] {logging_mixin.py:109} INFO - [2023-04-10 12:45:41,938] {dagbag.py:500} INFO - Filling up the DagBag from /home/airflow/.local/lib/python3.7/site-packages/airflow/example_dags/tutorial_taskflow_api_etl.py
[2023-04-10 12:45:41,953] {processor.py:652} INFO - DAG(s) dict_keys(['tutorial_taskflow_api_etl']) retrieved from /home/airflow/.local/lib/python3.7/site-packages/airflow/example_dags/tutorial_taskflow_api_etl.py
[2023-04-10 12:45:42,380] {logging_mixin.py:109} INFO - [2023-04-10 12:45:42,379] {dag.py:2398} INFO - Sync 1 DAGs
[2023-04-10 12:45:42,399] {logging_mixin.py:109} INFO - [2023-04-10 12:45:42,399] {dag.py:2937} INFO - Setting next_dagrun for tutorial_taskflow_api_etl to None
[2023-04-10 12:45:42,415] {processor.py:171} INFO - Processing /home/airflow/.local/lib/python3.7/site-packages/airflow/example_dags/tutorial_taskflow_api_etl.py took 0.481 seconds
[2023-04-10 12:46:13,136] {processor.py:163} INFO - Started process (PID=644) to work on /home/airflow/.local/lib/python3.7/site-packages/airflow/example_dags/tutorial_taskflow_api_etl.py
[2023-04-10 12:46:13,138] {processor.py:642} INFO - Processing file /home/airflow/.local/lib/python3.7/site-packages/airflow/example_dags/tutorial_taskflow_api_etl.py for tasks to queue
[2023-04-10 12:46:13,139] {logging_mixin.py:109} INFO - [2023-04-10 12:46:13,139] {dagbag.py:500} INFO - Filling up the DagBag from /home/airflow/.local/lib/python3.7/site-packages/airflow/example_dags/tutorial_taskflow_api_etl.py
[2023-04-10 12:46:13,158] {processor.py:652} INFO - DAG(s) dict_keys(['tutorial_taskflow_api_etl']) retrieved from /home/airflow/.local/lib/python3.7/site-packages/airflow/example_dags/tutorial_taskflow_api_etl.py
[2023-04-10 12:46:13,668] {logging_mixin.py:109} INFO - [2023-04-10 12:46:13,668] {dag.py:2398} INFO - Sync 1 DAGs
[2023-04-10 12:46:13,682] {logging_mixin.py:109} INFO - [2023-04-10 12:46:13,682] {dag.py:2937} INFO - Setting next_dagrun for tutorial_taskflow_api_etl to None
[2023-04-10 12:46:13,693] {processor.py:171} INFO - Processing /home/airflow/.local/lib/python3.7/site-packages/airflow/example_dags/tutorial_taskflow_api_etl.py took 0.560 seconds
[2023-04-10 12:46:43,772] {processor.py:163} INFO - Started process (PID=706) to work on /home/airflow/.local/lib/python3.7/site-packages/airflow/example_dags/tutorial_taskflow_api_etl.py
[2023-04-10 12:46:43,774] {processor.py:642} INFO - Processing file /home/airflow/.local/lib/python3.7/site-packages/airflow/example_dags/tutorial_taskflow_api_etl.py for tasks to queue
[2023-04-10 12:46:43,774] {logging_mixin.py:109} INFO - [2023-04-10 12:46:43,774] {dagbag.py:500} INFO - Filling up the DagBag from /home/airflow/.local/lib/python3.7/site-packages/airflow/example_dags/tutorial_taskflow_api_etl.py
[2023-04-10 12:46:43,789] {processor.py:652} INFO - DAG(s) dict_keys(['tutorial_taskflow_api_etl']) retrieved from /home/airflow/.local/lib/python3.7/site-packages/airflow/example_dags/tutorial_taskflow_api_etl.py
[2023-04-10 12:46:44,222] {logging_mixin.py:109} INFO - [2023-04-10 12:46:44,222] {dag.py:2398} INFO - Sync 1 DAGs
[2023-04-10 12:46:44,237] {logging_mixin.py:109} INFO - [2023-04-10 12:46:44,236] {dag.py:2937} INFO - Setting next_dagrun for tutorial_taskflow_api_etl to None
[2023-04-10 12:46:44,248] {processor.py:171} INFO - Processing /home/airflow/.local/lib/python3.7/site-packages/airflow/example_dags/tutorial_taskflow_api_etl.py took 0.478 seconds
[2023-04-10 12:47:15,039] {processor.py:163} INFO - Started process (PID=759) to work on /home/airflow/.local/lib/python3.7/site-packages/airflow/example_dags/tutorial_taskflow_api_etl.py
[2023-04-10 12:47:15,041] {processor.py:642} INFO - Processing file /home/airflow/.local/lib/python3.7/site-packages/airflow/example_dags/tutorial_taskflow_api_etl.py for tasks to queue
[2023-04-10 12:47:15,042] {logging_mixin.py:109} INFO - [2023-04-10 12:47:15,042] {dagbag.py:500} INFO - Filling up the DagBag from /home/airflow/.local/lib/python3.7/site-packages/airflow/example_dags/tutorial_taskflow_api_etl.py
[2023-04-10 12:47:15,064] {processor.py:652} INFO - DAG(s) dict_keys(['tutorial_taskflow_api_etl']) retrieved from /home/airflow/.local/lib/python3.7/site-packages/airflow/example_dags/tutorial_taskflow_api_etl.py
[2023-04-10 12:47:15,405] {logging_mixin.py:109} INFO - [2023-04-10 12:47:15,405] {dag.py:2398} INFO - Sync 1 DAGs
[2023-04-10 12:47:15,418] {logging_mixin.py:109} INFO - [2023-04-10 12:47:15,418] {dag.py:2937} INFO - Setting next_dagrun for tutorial_taskflow_api_etl to None
[2023-04-10 12:47:15,428] {processor.py:171} INFO - Processing /home/airflow/.local/lib/python3.7/site-packages/airflow/example_dags/tutorial_taskflow_api_etl.py took 0.393 seconds
[2023-04-10 12:47:45,677] {processor.py:163} INFO - Started process (PID=820) to work on /home/airflow/.local/lib/python3.7/site-packages/airflow/example_dags/tutorial_taskflow_api_etl.py
[2023-04-10 12:47:45,679] {processor.py:642} INFO - Processing file /home/airflow/.local/lib/python3.7/site-packages/airflow/example_dags/tutorial_taskflow_api_etl.py for tasks to queue
[2023-04-10 12:47:45,680] {logging_mixin.py:109} INFO - [2023-04-10 12:47:45,680] {dagbag.py:500} INFO - Filling up the DagBag from /home/airflow/.local/lib/python3.7/site-packages/airflow/example_dags/tutorial_taskflow_api_etl.py
[2023-04-10 12:47:45,720] {processor.py:652} INFO - DAG(s) dict_keys(['tutorial_taskflow_api_etl']) retrieved from /home/airflow/.local/lib/python3.7/site-packages/airflow/example_dags/tutorial_taskflow_api_etl.py
[2023-04-10 12:47:46,186] {logging_mixin.py:109} INFO - [2023-04-10 12:47:46,186] {dag.py:2398} INFO - Sync 1 DAGs
[2023-04-10 12:47:46,204] {logging_mixin.py:109} INFO - [2023-04-10 12:47:46,204] {dag.py:2937} INFO - Setting next_dagrun for tutorial_taskflow_api_etl to None
[2023-04-10 12:47:46,220] {processor.py:171} INFO - Processing /home/airflow/.local/lib/python3.7/site-packages/airflow/example_dags/tutorial_taskflow_api_etl.py took 0.546 seconds
[2023-04-10 12:48:16,996] {processor.py:163} INFO - Started process (PID=873) to work on /home/airflow/.local/lib/python3.7/site-packages/airflow/example_dags/tutorial_taskflow_api_etl.py
[2023-04-10 12:48:16,998] {processor.py:642} INFO - Processing file /home/airflow/.local/lib/python3.7/site-packages/airflow/example_dags/tutorial_taskflow_api_etl.py for tasks to queue
[2023-04-10 12:48:16,999] {logging_mixin.py:109} INFO - [2023-04-10 12:48:16,999] {dagbag.py:500} INFO - Filling up the DagBag from /home/airflow/.local/lib/python3.7/site-packages/airflow/example_dags/tutorial_taskflow_api_etl.py
[2023-04-10 12:48:17,014] {processor.py:652} INFO - DAG(s) dict_keys(['tutorial_taskflow_api_etl']) retrieved from /home/airflow/.local/lib/python3.7/site-packages/airflow/example_dags/tutorial_taskflow_api_etl.py
[2023-04-10 12:48:17,374] {logging_mixin.py:109} INFO - [2023-04-10 12:48:17,373] {dag.py:2398} INFO - Sync 1 DAGs
[2023-04-10 12:48:17,387] {logging_mixin.py:109} INFO - [2023-04-10 12:48:17,387] {dag.py:2937} INFO - Setting next_dagrun for tutorial_taskflow_api_etl to None
[2023-04-10 12:48:17,400] {processor.py:171} INFO - Processing /home/airflow/.local/lib/python3.7/site-packages/airflow/example_dags/tutorial_taskflow_api_etl.py took 0.407 seconds
[2023-04-10 12:48:48,112] {processor.py:163} INFO - Started process (PID=934) to work on /home/airflow/.local/lib/python3.7/site-packages/airflow/example_dags/tutorial_taskflow_api_etl.py
[2023-04-10 12:48:48,113] {processor.py:642} INFO - Processing file /home/airflow/.local/lib/python3.7/site-packages/airflow/example_dags/tutorial_taskflow_api_etl.py for tasks to queue
[2023-04-10 12:48:48,114] {logging_mixin.py:109} INFO - [2023-04-10 12:48:48,114] {dagbag.py:500} INFO - Filling up the DagBag from /home/airflow/.local/lib/python3.7/site-packages/airflow/example_dags/tutorial_taskflow_api_etl.py
[2023-04-10 12:48:48,128] {processor.py:652} INFO - DAG(s) dict_keys(['tutorial_taskflow_api_etl']) retrieved from /home/airflow/.local/lib/python3.7/site-packages/airflow/example_dags/tutorial_taskflow_api_etl.py
[2023-04-10 12:48:48,455] {logging_mixin.py:109} INFO - [2023-04-10 12:48:48,454] {dag.py:2398} INFO - Sync 1 DAGs
[2023-04-10 12:48:48,471] {logging_mixin.py:109} INFO - [2023-04-10 12:48:48,471] {dag.py:2937} INFO - Setting next_dagrun for tutorial_taskflow_api_etl to None
[2023-04-10 12:48:48,484] {processor.py:171} INFO - Processing /home/airflow/.local/lib/python3.7/site-packages/airflow/example_dags/tutorial_taskflow_api_etl.py took 0.374 seconds
[2023-04-10 12:49:18,660] {processor.py:163} INFO - Started process (PID=986) to work on /home/airflow/.local/lib/python3.7/site-packages/airflow/example_dags/tutorial_taskflow_api_etl.py
[2023-04-10 12:49:18,661] {processor.py:642} INFO - Processing file /home/airflow/.local/lib/python3.7/site-packages/airflow/example_dags/tutorial_taskflow_api_etl.py for tasks to queue
[2023-04-10 12:49:18,662] {logging_mixin.py:109} INFO - [2023-04-10 12:49:18,662] {dagbag.py:500} INFO - Filling up the DagBag from /home/airflow/.local/lib/python3.7/site-packages/airflow/example_dags/tutorial_taskflow_api_etl.py
[2023-04-10 12:49:18,676] {processor.py:652} INFO - DAG(s) dict_keys(['tutorial_taskflow_api_etl']) retrieved from /home/airflow/.local/lib/python3.7/site-packages/airflow/example_dags/tutorial_taskflow_api_etl.py
[2023-04-10 12:49:19,042] {logging_mixin.py:109} INFO - [2023-04-10 12:49:19,042] {dag.py:2398} INFO - Sync 1 DAGs
[2023-04-10 12:49:19,053] {logging_mixin.py:109} INFO - [2023-04-10 12:49:19,053] {dag.py:2937} INFO - Setting next_dagrun for tutorial_taskflow_api_etl to None
[2023-04-10 12:49:19,063] {processor.py:171} INFO - Processing /home/airflow/.local/lib/python3.7/site-packages/airflow/example_dags/tutorial_taskflow_api_etl.py took 0.406 seconds
[2023-04-10 12:49:49,917] {processor.py:163} INFO - Started process (PID=1047) to work on /home/airflow/.local/lib/python3.7/site-packages/airflow/example_dags/tutorial_taskflow_api_etl.py
[2023-04-10 12:49:49,918] {processor.py:642} INFO - Processing file /home/airflow/.local/lib/python3.7/site-packages/airflow/example_dags/tutorial_taskflow_api_etl.py for tasks to queue
[2023-04-10 12:49:49,919] {logging_mixin.py:109} INFO - [2023-04-10 12:49:49,919] {dagbag.py:500} INFO - Filling up the DagBag from /home/airflow/.local/lib/python3.7/site-packages/airflow/example_dags/tutorial_taskflow_api_etl.py
[2023-04-10 12:49:49,934] {processor.py:652} INFO - DAG(s) dict_keys(['tutorial_taskflow_api_etl']) retrieved from /home/airflow/.local/lib/python3.7/site-packages/airflow/example_dags/tutorial_taskflow_api_etl.py
[2023-04-10 12:49:50,258] {logging_mixin.py:109} INFO - [2023-04-10 12:49:50,258] {dag.py:2398} INFO - Sync 1 DAGs
[2023-04-10 12:49:50,269] {logging_mixin.py:109} INFO - [2023-04-10 12:49:50,269] {dag.py:2937} INFO - Setting next_dagrun for tutorial_taskflow_api_etl to None
[2023-04-10 12:49:50,282] {processor.py:171} INFO - Processing /home/airflow/.local/lib/python3.7/site-packages/airflow/example_dags/tutorial_taskflow_api_etl.py took 0.368 seconds
[2023-04-10 12:50:20,448] {processor.py:163} INFO - Started process (PID=1099) to work on /home/airflow/.local/lib/python3.7/site-packages/airflow/example_dags/tutorial_taskflow_api_etl.py
[2023-04-10 12:50:20,449] {processor.py:642} INFO - Processing file /home/airflow/.local/lib/python3.7/site-packages/airflow/example_dags/tutorial_taskflow_api_etl.py for tasks to queue
[2023-04-10 12:50:20,450] {logging_mixin.py:109} INFO - [2023-04-10 12:50:20,450] {dagbag.py:500} INFO - Filling up the DagBag from /home/airflow/.local/lib/python3.7/site-packages/airflow/example_dags/tutorial_taskflow_api_etl.py
[2023-04-10 12:50:20,466] {processor.py:652} INFO - DAG(s) dict_keys(['tutorial_taskflow_api_etl']) retrieved from /home/airflow/.local/lib/python3.7/site-packages/airflow/example_dags/tutorial_taskflow_api_etl.py
[2023-04-10 12:50:20,809] {logging_mixin.py:109} INFO - [2023-04-10 12:50:20,808] {dag.py:2398} INFO - Sync 1 DAGs
[2023-04-10 12:50:20,820] {logging_mixin.py:109} INFO - [2023-04-10 12:50:20,820] {dag.py:2937} INFO - Setting next_dagrun for tutorial_taskflow_api_etl to None
[2023-04-10 12:50:20,833] {processor.py:171} INFO - Processing /home/airflow/.local/lib/python3.7/site-packages/airflow/example_dags/tutorial_taskflow_api_etl.py took 0.388 seconds
[2023-04-10 12:50:51,296] {processor.py:163} INFO - Started process (PID=1160) to work on /home/airflow/.local/lib/python3.7/site-packages/airflow/example_dags/tutorial_taskflow_api_etl.py
[2023-04-10 12:50:51,297] {processor.py:642} INFO - Processing file /home/airflow/.local/lib/python3.7/site-packages/airflow/example_dags/tutorial_taskflow_api_etl.py for tasks to queue
[2023-04-10 12:50:51,299] {logging_mixin.py:109} INFO - [2023-04-10 12:50:51,299] {dagbag.py:500} INFO - Filling up the DagBag from /home/airflow/.local/lib/python3.7/site-packages/airflow/example_dags/tutorial_taskflow_api_etl.py
[2023-04-10 12:50:51,314] {processor.py:652} INFO - DAG(s) dict_keys(['tutorial_taskflow_api_etl']) retrieved from /home/airflow/.local/lib/python3.7/site-packages/airflow/example_dags/tutorial_taskflow_api_etl.py
[2023-04-10 12:50:51,666] {logging_mixin.py:109} INFO - [2023-04-10 12:50:51,666] {dag.py:2398} INFO - Sync 1 DAGs
[2023-04-10 12:50:51,680] {logging_mixin.py:109} INFO - [2023-04-10 12:50:51,679] {dag.py:2937} INFO - Setting next_dagrun for tutorial_taskflow_api_etl to None
[2023-04-10 12:50:51,691] {processor.py:171} INFO - Processing /home/airflow/.local/lib/python3.7/site-packages/airflow/example_dags/tutorial_taskflow_api_etl.py took 0.397 seconds
